#
# A fatal error has been detected by the Java Runtime Environment:
#
#  SIGBUS (0xa) at pc=0x000000010a63d4f0, pid=8596, tid=29711
#
# JRE version: OpenJDK Runtime Environment Corretto-17.0.4.9.1 (17.0.4.1+9) (build 17.0.4.1+9-LTS)
# Java VM: OpenJDK 64-Bit Server VM Corretto-17.0.4.9.1 (17.0.4.1+9-LTS, mixed mode, sharing, tiered, compressed oops, compressed class ptrs, g1 gc, bsd-aarch64)
# Problematic frame:
# v  ~StubRoutines::SafeFetchN
#
# No core dump will be written. Core dumps have been disabled. To enable core dumping, try "ulimit -c unlimited" before starting Java again
#
# If you would like to submit a bug report, please visit:
#   https://github.com/corretto/corretto-17/issues/
# The crash happened outside the Java Virtual Machine in native code.
# See problematic frame for where to report the bug.
#

---------------  S U M M A R Y ------------

Command Line: --module-path=/Users/jonathan/.m2/repository/org/openjfx/javafx-base/17.0.1/javafx-base-17.0.1-mac-aarch64.jar:/Users/jonathan/.m2/repository/org/openjfx/javafx-base/17.0.1/javafx-base-17.0.1.jar:/Users/jonathan/.m2/repository/org/openjfx/javafx-controls/17.0.1/javafx-controls-17.0.1-mac-aarch64.jar:/Users/jonathan/.m2/repository/org/openjfx/javafx-controls/17.0.1/javafx-controls-17.0.1.jar:/Users/jonathan/.m2/repository/org/openjfx/javafx-fxml/17.0.1/javafx-fxml-17.0.1-mac-aarch64.jar:/Users/jonathan/.m2/repository/org/openjfx/javafx-fxml/17.0.1/javafx-fxml-17.0.1.jar:/Users/jonathan/.m2/repository/org/openjfx/javafx-graphics/17.0.1/javafx-graphics-17.0.1-mac-aarch64.jar:/Users/jonathan/.m2/repository/org/openjfx/javafx-graphics/17.0.1/javafx-graphics-17.0.1.jar --add-modules=javafx.base,javafx.controls,javafx.fxml,javafx.graphics FXBaseTestScreen

Host: "MacBookAir10,1" arm64, 8 cores, 8G, Darwin 21.3.0, macOS 12.2.1 (21D62)
Time: Thu Sep 15 11:14:38 2022 CEST elapsed time: 4.147919 seconds (0d 0h 0m 4s)

---------------  T H R E A D  ---------------

Current thread (0x000000014694fc00):  JavaThread "InvokeLaterDispatcher" daemon [_thread_in_native, id=29711, stack(0x0000000171e88000,0x000000017208b000)]

Stack: [0x0000000171e88000,0x000000017208b000],  sp=0x000000017208a790,  free space=2057k
Native frames: (J=compiled Java code, j=interpreted, Vv=VM code, C=native code)
v  ~StubRoutines::SafeFetchN
V  [libjvm.dylib+0x7b8240]  _ZN10OopStorage7releaseEPKP7oopDesc+0x20
V  [libjvm.dylib+0x4c92e0]  jni_DeleteGlobalRef+0xd8
C  [libglass.dylib+0xab08]  -[GlassRunnable dealloc]+0x34
C  [Foundation+0x84c7c]  -[_NSThreadPerformInfo dealloc]+0x30
C  [Foundation+0x51578]  -[NSObject(NSThreadPerformAdditions) performSelectorOnMainThread:withObject:waitUntilDone:]+0x88
C  0x120080010a6458ac
j  com.sun.glass.ui.mac.MacApplication.submitForLaterInvocation(Ljava/lang/Runnable;)V+2 javafx.graphics
j  com.sun.glass.ui.InvokeLaterDispatcher.run()V+82 javafx.graphics
v  ~StubRoutines::call_stub
V  [libjvm.dylib+0x46e49c]  _ZN9JavaCalls11call_helperEP9JavaValueRK12methodHandleP17JavaCallArgumentsP10JavaThread+0x390
V  [libjvm.dylib+0x46d508]  _ZN9JavaCalls12call_virtualEP9JavaValueP5KlassP6SymbolS5_P17JavaCallArgumentsP10JavaThread+0xf8
V  [libjvm.dylib+0x46d5d0]  _ZN9JavaCalls12call_virtualEP9JavaValue6HandleP5KlassP6SymbolS6_P10JavaThread+0x64
V  [libjvm.dylib+0x5227d4]  _ZL12thread_entryP10JavaThreadS0_+0xc4
V  [libjvm.dylib+0x9a3054]  _ZN10JavaThread17thread_main_innerEv+0x14c
V  [libjvm.dylib+0x9a16e0]  _ZN6Thread8call_runEv+0x128
V  [libjvm.dylib+0x7bf218]  _ZL19thread_native_entryP6Thread+0x158
C  [libsystem_pthread.dylib+0x7240]  _pthread_start+0x94

Java frames: (J=compiled Java code, j=interpreted, Vv=VM code)
j  com.sun.glass.ui.mac.MacApplication._submitForLaterInvocation(Ljava/lang/Runnable;)V+0 javafx.graphics
j  com.sun.glass.ui.mac.MacApplication.submitForLaterInvocation(Ljava/lang/Runnable;)V+2 javafx.graphics
j  com.sun.glass.ui.InvokeLaterDispatcher.run()V+82 javafx.graphics
v  ~StubRoutines::call_stub

siginfo: si_signo: 10 (SIGBUS), si_code: 1 (BUS_ADRALN), si_addr: 0x000000010a63d4f0

Register to memory mapping:

 x0=0x0000000147010888 points into unknown readable memory: 0x0000000000000000 | 00 00 00 00 00 00 00 00
 x1=0x0 is NULL
 x2=0x00000007869ddc98 is an oop: com.sun.glass.ui.InvokeLaterDispatcher$Future 
{0x00000007869ddc98} - klass: 'com/sun/glass/ui/InvokeLaterDispatcher$Future'
 - ---- fields (total size 3 words):
 - private 'done' 'Z' @12  true
 - private final 'runnable' 'Ljava/lang/Runnable;' @16  a 'com/sun/javafx/application/PlatformImpl$$Lambda$101+0x0000000800c84658'{0x00000007865cc620} (f0cb98c4)
 - final synthetic 'this$0' 'Lcom/sun/glass/ui/InvokeLaterDispatcher;' @20  a 'com/sun/glass/ui/InvokeLaterDispatcher'{0x000000078680b6a8} (f0d016d5)
 x3=0x0 is NULL
 x4=0x00000000000130a8 is an unknown value
 x5=0x0 is NULL
 x6=0x0 is NULL
 x7=0x0 is NULL
 x8=0x000000010a63d4ec is at begin+0 in a stub
StubRoutines::SafeFetchN [0x000000010a63d4ec, 0x000000010a63d4f8] (12 bytes)
 x9=0x0 is NULL
x10=0x2010000030300000 is an unknown value
x11=0x0000000000000007 is an unknown value
x12=0x0000000000000007 is an unknown value
x13=0x0000600003881260 points into unknown readable memory: 0xfa3400018d555738 | 38 57 55 8d 01 00 34 fa
x14=0x0000000000000001 is an unknown value
x15=0x000000011f735f98: OBJC_CLASS_$_GlassRunnable+0 in /Users/jonathan/.openjfx/cache/17.0.1/libglass.dylib at 0x000000011f6f0000
x16=0x000000018c5c4094: pthread_getspecific+0 in /usr/lib/system/libsystem_pthread.dylib at 0x000000018c5c2000
x17=0x0000600003d943f0 points into unknown readable memory: 0xfffffffffffffffe | fe ff ff ff ff ff ff ff
x18=0x0 is NULL
x19=0x0000600003d90770 points into unknown readable memory: 0x00006000014958a0 | a0 58 49 01 00 60 00 00
x20=0x0000000147010680 points into unknown readable memory: 0x0000000000000000 | 00 00 00 00 00 00 00 00
x21=0x0000000147010888 points into unknown readable memory: 0x0000000000000000 | 00 00 00 00 00 00 00 00
x22=0x000000014694fc00 is a thread
x23=0x0000000000000001 is an unknown value
x24=0x0000000147010840 is a global jni handle
x25=0x0000000102810ae8: _ZN12StubRoutines17_safefetchN_entryE+0 in /Users/jonathan/Library/Java/JavaVirtualMachines/corretto-17.0.4.1/Contents/Home/lib/server/libjvm.dylib at 0x0000000101bac000
x26=0x000000011fd14ab0 is pointing into metadata
x27=0x0 is NULL
x28=0x000000014694fc00 is a thread


Registers:
 x0=0x0000000147010888  x1=0x0000000000000000  x2=0x00000007869ddc98  x3=0x0000000000000000
 x4=0x00000000000130a8  x5=0x0000000000000000  x6=0x0000000000000000  x7=0x0000000000000000
 x8=0x000000010a63d4ec  x9=0x0000000000000000 x10=0x2010000030300000 x11=0x0000000000000007
x12=0x0000000000000007 x13=0x0000600003881260 x14=0x0000000000000001 x15=0x000000011f735f98
x16=0x000000018c5c4094 x17=0x0000600003d943f0 x18=0x0000000000000000 x19=0x0000600003d90770
x20=0x0000000147010680 x21=0x0000000147010888 x22=0x000000014694fc00 x23=0x0000000000000001
x24=0x0000000147010840 x25=0x0000000102810ae8 x26=0x000000011fd14ab0 x27=0x0000000000000000
x28=0x000000014694fc00  fp=0x000000017208a7d0  lr=0x000000010236301c  sp=0x000000017208a790
pc=0x000000010a63d4f0 cpsr=0x0000000060001000
Top of Stack: (sp=0x000000017208a790)
0x000000017208a790:   000000011fd14ab0 0000000000000001
0x000000017208a7a0:   0000000146279b38 0000000000000000
0x000000017208a7b0:   0000000146279aa8 0000000147010840
0x000000017208a7c0:   0000000147010840 0000600003d90770
0x000000017208a7d0:   000000017208a810 0000000102364240
0x000000017208a7e0:   0000000000000001 0000000147010840
0x000000017208a7f0:   0000000146279aa8 0000000147010840
0x000000017208a800:   0000000000000001 0000000146279800
0x000000017208a810:   000000017208a850 00000001020752e0
0x000000017208a820:   000000017208a998 00006000014dc680
0x000000017208a830:   00006000014dc670 00000001d6b3e9e3
0x000000017208a840:   0000000000000000 00006000014dc670
0x000000017208a850:   000000017208a880 000000011f6fab08
0x000000017208a860:   847de407ccae0006 0000000000000000
0x000000017208a870:   0000000000000000 00006000003313c0
0x000000017208a880:   000000017208a8c0 000000018d588c7c
0x000000017208a890:   000000017208a998 00006000014dc680
0x000000017208a8a0:   00006000014dc670 847de407ccae0006
0x000000017208a8b0:   0000000000000000 0000000000000000
0x000000017208a8c0:   000000017208a900 9a1e80018d555578
0x000000017208a8d0:   000000017208a998 000000010a6447c0
0x000000017208a8e0:   0000000000000000 00000001028184a8
0x000000017208a8f0:   000000017208a910 000000010a643730
0x000000017208a900:   000000017208a970 120080010a6458ac
0x000000017208a910:   000000017208a910 000000080098fc45
0x000000017208a920:   000000017208a920 0000000000000000
0x000000017208a930:   000000017208a998 000000011fd14ab0
0x000000017208a940:   0000000786784030 0000000000000000
0x000000017208a950:   0000000000000000 000000011fcf08e0
0x000000017208a960:   0000000000000000 000000017208a970
0x000000017208a970:   000000017208a9f0 000000010a641fc8
0x000000017208a980:   0000000000000000 0000000000000000 

Instructions: (pc=0x000000010a63d4f0)
0x000000010a63d3f0:   f2a04fa9 f2c00029 6d425935 1e640886
0x000000010a63d400:   0c402d31 1e6408c7 1f5654d0 1e6c1017
0x000000010a63d410:   1f5050d0 1f504cd0 1f5048d0 1e650af6
0x000000010a63d420:   1f50d8f6 1f5694d6 1f5158f6 1e762880
0x000000010a63d430:   36000501 1e614000 14000026 2e251ca5
0x000000010a63d440:   d29a3009 f2a04fa9 f2c00029 6d425d36
0x000000010a63d450:   1e600806 0c402d32 1f5758c7 1e6c101a
0x000000010a63d460:   1f4754c7 1e650805 1f4750c7 d2866668
0x000000010a63d470:   f2a7fa68 1f474cc7 1e6608c0 1f4748c7
0x000000010a63d480:   1e6e1019 eb08007f 540000ac 1f479400
0x000000010a63d490:   1f460340 1e603b20 1400000e d2a7fd29
0x000000010a63d4a0:   eb09007f 540000ac 51480069 d3607d29
0x000000010a63d4b0:   9e670121 14000002 1e6a5001 1f679417
0x000000010a63d4c0:   1f668742 1e613b23 1e773857 1e773860
0x000000010a63d4d0:   a8c17ff3 910003bf a8c17bfd d65f03c0
0x000000010a63d4e0:   b9400001 aa0103e0 d65f03c0 f9400001
0x000000010a63d4f0:   aa0103e0 d65f03c0 00000000 00000000
0x000000010a63d500:   00000000 00000000 00000000 00000000
0x000000010a63d510:   00000000 00000000 00000000 00000000
0x000000010a63d520:   00000000 00000000 00000000 00000000
0x000000010a63d530:   00000000 00000000 00000000 00000000
0x000000010a63d540:   00000000 00000000 00000000 00000000
0x000000010a63d550:   00000000 00000000 00000000 00000000
0x000000010a63d560:   00000000 00000000 00000000 00000000
0x000000010a63d570:   00000000 00000000 00000000 00000000
0x000000010a63d580:   00000000 00000000 00000000 00000000
0x000000010a63d590:   00000000 00000000 00000000 00000000
0x000000010a63d5a0:   00000000 00000000 00000000 00000000
0x000000010a63d5b0:   00000000 00000000 00000000 00000000
0x000000010a63d5c0:   00000000 00000000 00000000 00000000
0x000000010a63d5d0:   00000000 00000000 00000000 00000000
0x000000010a63d5e0:   00000000 00000000 00000000 00000000 


Stack slot to memory mapping:
stack at sp + 0 slots: 0x000000011fd14ab0 is pointing into metadata
stack at sp + 1 slots: 0x0000000000000001 is an unknown value
stack at sp + 2 slots: 0x0000000146279b38 points into unknown readable memory: 0x0000000000000004 | 04 00 00 00 00 00 00 00
stack at sp + 3 slots: 0x0 is NULL
stack at sp + 4 slots: 0x0000000146279aa8 points into unknown readable memory: 0x00000001027ca8d0 | d0 a8 7c 02 01 00 00 00
stack at sp + 5 slots: 0x0000000147010840 is a global jni handle
stack at sp + 6 slots: 0x0000000147010840 is a global jni handle
stack at sp + 7 slots: 0x0000600003d90770 points into unknown readable memory: 0x00006000014958a0 | a0 58 49 01 00 60 00 00

StubRoutines::SafeFetchN [0x000000010a63d4ec, 0x000000010a63d4f8] (12 bytes)
[MachCode]
  0x000000010a63d4ec: 0100 40f9 | e003 01aa | c003 5fd6 
[/MachCode]

---------------  P R O C E S S  ---------------

Threads class SMR info:
_java_thread_list=0x00006000016ee1c0, length=18, elements={
0x0000000146008200, 0x00000001468c6200, 0x00000001468c8a00, 0x00000001468c6e00,
0x00000001468c7400, 0x00000001468c7a00, 0x00000001468ce600, 0x00000001468cec00,
0x00000001468cf200, 0x00000001468bec00, 0x00000001468bf200, 0x0000000146808800,
0x000000014694fc00, 0x0000000146279800, 0x00000001469f5000, 0x0000000146afc000,
0x0000000146c03800, 0x0000000140821000
}

Java Threads: ( => current thread )
  0x0000000146008200 JavaThread "main" [_thread_blocked, id=10499, stack(0x000000016f600000,0x000000016f803000)]
  0x00000001468c6200 JavaThread "Reference Handler" daemon [_thread_blocked, id=15363, stack(0x0000000170454000,0x0000000170657000)]
  0x00000001468c8a00 JavaThread "Finalizer" daemon [_thread_blocked, id=15107, stack(0x0000000170660000,0x0000000170863000)]
  0x00000001468c6e00 JavaThread "Signal Dispatcher" daemon [_thread_blocked, id=41731, stack(0x0000000170a10000,0x0000000170c13000)]
  0x00000001468c7400 JavaThread "Service Thread" daemon [_thread_blocked, id=41475, stack(0x0000000170c1c000,0x0000000170e1f000)]
  0x00000001468c7a00 JavaThread "Monitor Deflation Thread" daemon [_thread_blocked, id=40963, stack(0x0000000170e28000,0x000000017102b000)]
  0x00000001468ce600 JavaThread "C2 CompilerThread0" daemon [_thread_blocked, id=22787, stack(0x0000000171034000,0x0000000171237000)]
  0x00000001468cec00 JavaThread "C1 CompilerThread0" daemon [_thread_blocked, id=23043, stack(0x0000000171240000,0x0000000171443000)]
  0x00000001468cf200 JavaThread "Sweeper thread" daemon [_thread_blocked, id=23555, stack(0x000000017144c000,0x000000017164f000)]
  0x00000001468bec00 JavaThread "Common-Cleaner" daemon [_thread_blocked, id=40451, stack(0x0000000171658000,0x000000017185b000)]
  0x00000001468bf200 JavaThread "Notification Thread" daemon [_thread_blocked, id=39939, stack(0x0000000171864000,0x0000000171a67000)]
  0x0000000146808800 JavaThread "QuantumRenderer-0" daemon [_thread_blocked, id=39427, stack(0x0000000171c7c000,0x0000000171e7f000)]
=>0x000000014694fc00 JavaThread "InvokeLaterDispatcher" daemon [_thread_in_native, id=29711, stack(0x0000000171e88000,0x000000017208b000)]
  0x0000000146279800 JavaThread "JavaFX Application Thread" [_thread_in_native, id=259, stack(0x000000016ed78000,0x000000016f574000)]
  0x00000001469f5000 JavaThread "JavaFX-Launcher" [_thread_blocked, id=53251, stack(0x0000000172120000,0x0000000172323000)]
  0x0000000146afc000 JavaThread "Prism Font Disposer" daemon [_thread_blocked, id=74183, stack(0x0000000172df4000,0x0000000172ff7000)]
  0x0000000146c03800 JavaThread "Cleaner-0" daemon [_thread_blocked, id=73219, stack(0x0000000173000000,0x0000000173203000)]
  0x0000000140821000 JavaThread "PulseTimer-CVDisplayLink thread" daemon [_thread_in_native, id=80651, stack(0x0000000172094000,0x0000000172117000)]

Other Threads:
  0x000000014700e060 VMThread "VM Thread" [stack: 0x0000000170248000,0x000000017044b000] [id=15875]
  0x0000000147028720 WatcherThread [stack: 0x0000000171a70000,0x0000000171c73000] [id=39683]
  0x0000000147007130 GCTaskThread "GC Thread#0" [stack: 0x000000016f80c000,0x000000016fa0f000] [id=18691]
  0x000000012560c060 GCTaskThread "GC Thread#1" [stack: 0x00000001723b8000,0x00000001725bb000] [id=55811]
  0x0000000147056f20 GCTaskThread "GC Thread#2" [stack: 0x00000001725c4000,0x00000001727c7000] [id=76547]
  0x0000000147057790 GCTaskThread "GC Thread#3" [stack: 0x00000001727d0000,0x00000001729d3000] [id=76035]
  0x0000000147058000 GCTaskThread "GC Thread#4" [stack: 0x00000001729dc000,0x0000000172bdf000] [id=75523]
  0x0000000147058870 GCTaskThread "GC Thread#5" [stack: 0x0000000172be8000,0x0000000172deb000] [id=56323]
  0x00000001470077e0 ConcurrentGCThread "G1 Main Marker" [stack: 0x000000016fa18000,0x000000016fc1b000] [id=18435]
  0x0000000147008060 ConcurrentGCThread "G1 Conc#0" [stack: 0x000000016fc24000,0x000000016fe27000] [id=12035]
  0x0000000147009d90 ConcurrentGCThread "G1 Refine#0" [stack: 0x000000016fe30000,0x0000000170033000] [id=12803]
  0x000000014700a630 ConcurrentGCThread "G1 Service" [stack: 0x000000017003c000,0x000000017023f000] [id=17667]

Threads with active compile tasks:

VM state: not at safepoint (normal execution)

VM Mutex/Monitor currently owned by a thread: None

Heap address: 0x0000000780000000, size: 2048 MB, Compressed Oops mode: Zero based, Oop shift amount: 3

CDS archive(s) mapped at: [0x0000000800000000-0x0000000800bd8000-0x0000000800bd8000), size 12419072, SharedBaseAddress: 0x0000000800000000, ArchiveRelocationMode: 0.
Compressed class space mapped at: 0x0000000800c00000-0x0000000840c00000, reserved size: 1073741824
Narrow klass base: 0x0000000800000000, Narrow klass shift: 0, Narrow klass range: 0x100000000

GC Precious Log:
 CPUs: 8 total, 8 available
 Memory: 8192M
 Large Page Support: Disabled
 NUMA Support: Disabled
 Compressed Oops: Enabled (Zero based)
 Heap Region Size: 1M
 Heap Min Capacity: 8M
 Heap Initial Capacity: 128M
 Heap Max Capacity: 2G
 Pre-touch: Disabled
 Parallel Workers: 8
 Concurrent Workers: 2
 Concurrent Refinement Workers: 8
 Periodic GC: Disabled

Heap:
 garbage-first heap   total 133120K, used 55974K [0x0000000780000000, 0x0000000800000000)
  region size 1024K, 28 young (28672K), 3 survivors (3072K)
 Metaspace       used 13295K, committed 13504K, reserved 1064960K
  class space    used 1828K, committed 1920K, reserved 1048576K

Heap Regions: E=young(eden), S=young(survivor), O=old, HS=humongous(starts), HC=humongous(continues), CS=collection set, F=free, OA=open archive, CA=closed archive, TAMS=top-at-mark-start (previous, next)
|   0|0x0000000780000000, 0x00000007800b1a00, 0x0000000780100000| 69%| O|  |TAMS 0x0000000780000000, 0x0000000780000000| Untracked 
|   1|0x0000000780100000, 0x0000000780200000, 0x0000000780200000|100%|HS|  |TAMS 0x0000000780100000, 0x0000000780100000| Complete 
|   2|0x0000000780200000, 0x0000000780300000, 0x0000000780300000|100%|HC|  |TAMS 0x0000000780200000, 0x0000000780200000| Complete 
|   3|0x0000000780300000, 0x0000000780400000, 0x0000000780400000|100%|HC|  |TAMS 0x0000000780300000, 0x0000000780300000| Complete 
|   4|0x0000000780400000, 0x0000000780500000, 0x0000000780500000|100%|HC|  |TAMS 0x0000000780400000, 0x0000000780400000| Complete 
|   5|0x0000000780500000, 0x0000000780600000, 0x0000000780600000|100%|HC|  |TAMS 0x0000000780500000, 0x0000000780500000| Complete 
|   6|0x0000000780600000, 0x0000000780700000, 0x0000000780700000|100%|HC|  |TAMS 0x0000000780600000, 0x0000000780600000| Complete 
|   7|0x0000000780700000, 0x0000000780800000, 0x0000000780800000|100%|HC|  |TAMS 0x0000000780700000, 0x0000000780700000| Complete 
|   8|0x0000000780800000, 0x0000000780900000, 0x0000000780900000|100%|HC|  |TAMS 0x0000000780800000, 0x0000000780800000| Complete 
|   9|0x0000000780900000, 0x0000000780a00000, 0x0000000780a00000|100%|HS|  |TAMS 0x0000000780900000, 0x0000000780900000| Complete 
|  10|0x0000000780a00000, 0x0000000780b00000, 0x0000000780b00000|100%|HC|  |TAMS 0x0000000780a00000, 0x0000000780a00000| Complete 
|  11|0x0000000780b00000, 0x0000000780c00000, 0x0000000780c00000|100%|HS|  |TAMS 0x0000000780b00000, 0x0000000780b00000| Complete 
|  12|0x0000000780c00000, 0x0000000780d00000, 0x0000000780d00000|100%|HS|  |TAMS 0x0000000780c00000, 0x0000000780c00000| Complete 
|  13|0x0000000780d00000, 0x0000000780e00000, 0x0000000780e00000|100%|HS|  |TAMS 0x0000000780d00000, 0x0000000780d00000| Complete 
|  14|0x0000000780e00000, 0x0000000780f00000, 0x0000000780f00000|100%|HC|  |TAMS 0x0000000780e00000, 0x0000000780e00000| Complete 
|  15|0x0000000780f00000, 0x0000000781000000, 0x0000000781000000|100%|HS|  |TAMS 0x0000000780f00000, 0x0000000780f00000| Complete 
|  16|0x0000000781000000, 0x0000000781100000, 0x0000000781100000|100%|HC|  |TAMS 0x0000000781000000, 0x0000000781000000| Complete 
|  17|0x0000000781100000, 0x0000000781200000, 0x0000000781200000|100%|HS|  |TAMS 0x0000000781100000, 0x0000000781100000| Complete 
|  18|0x0000000781200000, 0x0000000781300000, 0x0000000781300000|100%|HC|  |TAMS 0x0000000781200000, 0x0000000781200000| Complete 
|  19|0x0000000781300000, 0x0000000781400000, 0x0000000781400000|100%|HS|  |TAMS 0x0000000781300000, 0x0000000781300000| Complete 
|  20|0x0000000781400000, 0x0000000781500000, 0x0000000781500000|100%|HC|  |TAMS 0x0000000781400000, 0x0000000781400000| Complete 
|  21|0x0000000781500000, 0x0000000781600000, 0x0000000781600000|100%|HS|  |TAMS 0x0000000781500000, 0x0000000781500000| Complete 
|  22|0x0000000781600000, 0x0000000781700000, 0x0000000781700000|100%|HC|  |TAMS 0x0000000781600000, 0x0000000781600000| Complete 
|  23|0x0000000781700000, 0x0000000781800000, 0x0000000781800000|100%|HS|  |TAMS 0x0000000781700000, 0x0000000781700000| Complete 
|  24|0x0000000781800000, 0x0000000781900000, 0x0000000781900000|100%|HC|  |TAMS 0x0000000781800000, 0x0000000781800000| Complete 
|  25|0x0000000781900000, 0x0000000781a00000, 0x0000000781a00000|100%|HS|  |TAMS 0x0000000781900000, 0x0000000781900000| Complete 
|  26|0x0000000781a00000, 0x0000000781b00000, 0x0000000781b00000|100%|HC|  |TAMS 0x0000000781a00000, 0x0000000781a00000| Complete 
|  27|0x0000000781b00000, 0x0000000781b00000, 0x0000000781c00000|  0%| F|  |TAMS 0x0000000781b00000, 0x0000000781b00000| Untracked 
|  28|0x0000000781c00000, 0x0000000781c00000, 0x0000000781d00000|  0%| F|  |TAMS 0x0000000781c00000, 0x0000000781c00000| Untracked 
|  29|0x0000000781d00000, 0x0000000781d00000, 0x0000000781e00000|  0%| F|  |TAMS 0x0000000781d00000, 0x0000000781d00000| Untracked 
|  30|0x0000000781e00000, 0x0000000781e00000, 0x0000000781f00000|  0%| F|  |TAMS 0x0000000781e00000, 0x0000000781e00000| Untracked 
|  31|0x0000000781f00000, 0x0000000781f00000, 0x0000000782000000|  0%| F|  |TAMS 0x0000000781f00000, 0x0000000781f00000| Untracked 
|  32|0x0000000782000000, 0x0000000782000000, 0x0000000782100000|  0%| F|  |TAMS 0x0000000782000000, 0x0000000782000000| Untracked 
|  33|0x0000000782100000, 0x0000000782100000, 0x0000000782200000|  0%| F|  |TAMS 0x0000000782100000, 0x0000000782100000| Untracked 
|  34|0x0000000782200000, 0x0000000782200000, 0x0000000782300000|  0%| F|  |TAMS 0x0000000782200000, 0x0000000782200000| Untracked 
|  35|0x0000000782300000, 0x0000000782300000, 0x0000000782400000|  0%| F|  |TAMS 0x0000000782300000, 0x0000000782300000| Untracked 
|  36|0x0000000782400000, 0x0000000782400000, 0x0000000782500000|  0%| F|  |TAMS 0x0000000782400000, 0x0000000782400000| Untracked 
|  37|0x0000000782500000, 0x0000000782500000, 0x0000000782600000|  0%| F|  |TAMS 0x0000000782500000, 0x0000000782500000| Untracked 
|  38|0x0000000782600000, 0x0000000782600000, 0x0000000782700000|  0%| F|  |TAMS 0x0000000782600000, 0x0000000782600000| Untracked 
|  39|0x0000000782700000, 0x0000000782700000, 0x0000000782800000|  0%| F|  |TAMS 0x0000000782700000, 0x0000000782700000| Untracked 
|  40|0x0000000782800000, 0x0000000782800000, 0x0000000782900000|  0%| F|  |TAMS 0x0000000782800000, 0x0000000782800000| Untracked 
|  41|0x0000000782900000, 0x0000000782900000, 0x0000000782a00000|  0%| F|  |TAMS 0x0000000782900000, 0x0000000782900000| Untracked 
|  42|0x0000000782a00000, 0x0000000782a00000, 0x0000000782b00000|  0%| F|  |TAMS 0x0000000782a00000, 0x0000000782a00000| Untracked 
|  43|0x0000000782b00000, 0x0000000782b00000, 0x0000000782c00000|  0%| F|  |TAMS 0x0000000782b00000, 0x0000000782b00000| Untracked 
|  44|0x0000000782c00000, 0x0000000782c00000, 0x0000000782d00000|  0%| F|  |TAMS 0x0000000782c00000, 0x0000000782c00000| Untracked 
|  45|0x0000000782d00000, 0x0000000782d00000, 0x0000000782e00000|  0%| F|  |TAMS 0x0000000782d00000, 0x0000000782d00000| Untracked 
|  46|0x0000000782e00000, 0x0000000782e00000, 0x0000000782f00000|  0%| F|  |TAMS 0x0000000782e00000, 0x0000000782e00000| Untracked 
|  47|0x0000000782f00000, 0x0000000782f00000, 0x0000000783000000|  0%| F|  |TAMS 0x0000000782f00000, 0x0000000782f00000| Untracked 
|  48|0x0000000783000000, 0x0000000783000000, 0x0000000783100000|  0%| F|  |TAMS 0x0000000783000000, 0x0000000783000000| Untracked 
|  49|0x0000000783100000, 0x0000000783100000, 0x0000000783200000|  0%| F|  |TAMS 0x0000000783100000, 0x0000000783100000| Untracked 
|  50|0x0000000783200000, 0x0000000783200000, 0x0000000783300000|  0%| F|  |TAMS 0x0000000783200000, 0x0000000783200000| Untracked 
|  51|0x0000000783300000, 0x0000000783300000, 0x0000000783400000|  0%| F|  |TAMS 0x0000000783300000, 0x0000000783300000| Untracked 
|  52|0x0000000783400000, 0x0000000783400000, 0x0000000783500000|  0%| F|  |TAMS 0x0000000783400000, 0x0000000783400000| Untracked 
|  53|0x0000000783500000, 0x0000000783500000, 0x0000000783600000|  0%| F|  |TAMS 0x0000000783500000, 0x0000000783500000| Untracked 
|  54|0x0000000783600000, 0x0000000783600000, 0x0000000783700000|  0%| F|  |TAMS 0x0000000783600000, 0x0000000783600000| Untracked 
|  55|0x0000000783700000, 0x0000000783700000, 0x0000000783800000|  0%| F|  |TAMS 0x0000000783700000, 0x0000000783700000| Untracked 
|  56|0x0000000783800000, 0x0000000783800000, 0x0000000783900000|  0%| F|  |TAMS 0x0000000783800000, 0x0000000783800000| Untracked 
|  57|0x0000000783900000, 0x0000000783900000, 0x0000000783a00000|  0%| F|  |TAMS 0x0000000783900000, 0x0000000783900000| Untracked 
|  58|0x0000000783a00000, 0x0000000783a00000, 0x0000000783b00000|  0%| F|  |TAMS 0x0000000783a00000, 0x0000000783a00000| Untracked 
|  59|0x0000000783b00000, 0x0000000783b00000, 0x0000000783c00000|  0%| F|  |TAMS 0x0000000783b00000, 0x0000000783b00000| Untracked 
|  60|0x0000000783c00000, 0x0000000783c00000, 0x0000000783d00000|  0%| F|  |TAMS 0x0000000783c00000, 0x0000000783c00000| Untracked 
|  61|0x0000000783d00000, 0x0000000783d00000, 0x0000000783e00000|  0%| F|  |TAMS 0x0000000783d00000, 0x0000000783d00000| Untracked 
|  62|0x0000000783e00000, 0x0000000783e00000, 0x0000000783f00000|  0%| F|  |TAMS 0x0000000783e00000, 0x0000000783e00000| Untracked 
|  63|0x0000000783f00000, 0x0000000783f00000, 0x0000000784000000|  0%| F|  |TAMS 0x0000000783f00000, 0x0000000783f00000| Untracked 
|  64|0x0000000784000000, 0x0000000784000000, 0x0000000784100000|  0%| F|  |TAMS 0x0000000784000000, 0x0000000784000000| Untracked 
|  65|0x0000000784100000, 0x0000000784100000, 0x0000000784200000|  0%| F|  |TAMS 0x0000000784100000, 0x0000000784100000| Untracked 
|  66|0x0000000784200000, 0x0000000784200000, 0x0000000784300000|  0%| F|  |TAMS 0x0000000784200000, 0x0000000784200000| Untracked 
|  67|0x0000000784300000, 0x0000000784300000, 0x0000000784400000|  0%| F|  |TAMS 0x0000000784300000, 0x0000000784300000| Untracked 
|  68|0x0000000784400000, 0x0000000784400000, 0x0000000784500000|  0%| F|  |TAMS 0x0000000784400000, 0x0000000784400000| Untracked 
|  69|0x0000000784500000, 0x0000000784500000, 0x0000000784600000|  0%| F|  |TAMS 0x0000000784500000, 0x0000000784500000| Untracked 
|  70|0x0000000784600000, 0x0000000784600000, 0x0000000784700000|  0%| F|  |TAMS 0x0000000784600000, 0x0000000784600000| Untracked 
|  71|0x0000000784700000, 0x0000000784700000, 0x0000000784800000|  0%| F|  |TAMS 0x0000000784700000, 0x0000000784700000| Untracked 
|  72|0x0000000784800000, 0x0000000784800000, 0x0000000784900000|  0%| F|  |TAMS 0x0000000784800000, 0x0000000784800000| Untracked 
|  73|0x0000000784900000, 0x0000000784900000, 0x0000000784a00000|  0%| F|  |TAMS 0x0000000784900000, 0x0000000784900000| Untracked 
|  74|0x0000000784a00000, 0x0000000784a00000, 0x0000000784b00000|  0%| F|  |TAMS 0x0000000784a00000, 0x0000000784a00000| Untracked 
|  75|0x0000000784b00000, 0x0000000784b00000, 0x0000000784c00000|  0%| F|  |TAMS 0x0000000784b00000, 0x0000000784b00000| Untracked 
|  76|0x0000000784c00000, 0x0000000784c00000, 0x0000000784d00000|  0%| F|  |TAMS 0x0000000784c00000, 0x0000000784c00000| Untracked 
|  77|0x0000000784d00000, 0x0000000784d00000, 0x0000000784e00000|  0%| F|  |TAMS 0x0000000784d00000, 0x0000000784d00000| Untracked 
|  78|0x0000000784e00000, 0x0000000784e00000, 0x0000000784f00000|  0%| F|  |TAMS 0x0000000784e00000, 0x0000000784e00000| Untracked 
|  79|0x0000000784f00000, 0x0000000784f00000, 0x0000000785000000|  0%| F|  |TAMS 0x0000000784f00000, 0x0000000784f00000| Untracked 
|  80|0x0000000785000000, 0x0000000785000000, 0x0000000785100000|  0%| F|  |TAMS 0x0000000785000000, 0x0000000785000000| Untracked 
|  81|0x0000000785100000, 0x0000000785100000, 0x0000000785200000|  0%| F|  |TAMS 0x0000000785100000, 0x0000000785100000| Untracked 
|  82|0x0000000785200000, 0x0000000785200000, 0x0000000785300000|  0%| F|  |TAMS 0x0000000785200000, 0x0000000785200000| Untracked 
|  83|0x0000000785300000, 0x0000000785300000, 0x0000000785400000|  0%| F|  |TAMS 0x0000000785300000, 0x0000000785300000| Untracked 
|  84|0x0000000785400000, 0x0000000785400000, 0x0000000785500000|  0%| F|  |TAMS 0x0000000785400000, 0x0000000785400000| Untracked 
|  85|0x0000000785500000, 0x0000000785500000, 0x0000000785600000|  0%| F|  |TAMS 0x0000000785500000, 0x0000000785500000| Untracked 
|  86|0x0000000785600000, 0x0000000785600000, 0x0000000785700000|  0%| F|  |TAMS 0x0000000785600000, 0x0000000785600000| Untracked 
|  87|0x0000000785700000, 0x0000000785700000, 0x0000000785800000|  0%| F|  |TAMS 0x0000000785700000, 0x0000000785700000| Untracked 
|  88|0x0000000785800000, 0x0000000785800000, 0x0000000785900000|  0%| F|  |TAMS 0x0000000785800000, 0x0000000785800000| Untracked 
|  89|0x0000000785900000, 0x0000000785900000, 0x0000000785a00000|  0%| F|  |TAMS 0x0000000785900000, 0x0000000785900000| Untracked 
|  90|0x0000000785a00000, 0x0000000785a00000, 0x0000000785b00000|  0%| F|  |TAMS 0x0000000785a00000, 0x0000000785a00000| Untracked 
|  91|0x0000000785b00000, 0x0000000785b00000, 0x0000000785c00000|  0%| F|  |TAMS 0x0000000785b00000, 0x0000000785b00000| Untracked 
|  92|0x0000000785c00000, 0x0000000785c00000, 0x0000000785d00000|  0%| F|  |TAMS 0x0000000785c00000, 0x0000000785c00000| Untracked 
|  93|0x0000000785d00000, 0x0000000785d00000, 0x0000000785e00000|  0%| F|  |TAMS 0x0000000785d00000, 0x0000000785d00000| Untracked 
|  94|0x0000000785e00000, 0x0000000785e00000, 0x0000000785f00000|  0%| F|  |TAMS 0x0000000785e00000, 0x0000000785e00000| Untracked 
|  95|0x0000000785f00000, 0x0000000785f00000, 0x0000000786000000|  0%| F|  |TAMS 0x0000000785f00000, 0x0000000785f00000| Untracked 
|  96|0x0000000786000000, 0x0000000786000000, 0x0000000786100000|  0%| F|  |TAMS 0x0000000786000000, 0x0000000786000000| Untracked 
|  97|0x0000000786100000, 0x0000000786100000, 0x0000000786200000|  0%| F|  |TAMS 0x0000000786100000, 0x0000000786100000| Untracked 
|  98|0x0000000786200000, 0x0000000786200000, 0x0000000786300000|  0%| F|  |TAMS 0x0000000786200000, 0x0000000786200000| Untracked 
|  99|0x0000000786300000, 0x0000000786300000, 0x0000000786400000|  0%| F|  |TAMS 0x0000000786300000, 0x0000000786300000| Untracked 
| 100|0x0000000786400000, 0x0000000786400800, 0x0000000786500000|  0%| E|  |TAMS 0x0000000786400000, 0x0000000786400000| Complete 
| 101|0x0000000786500000, 0x0000000786600000, 0x0000000786600000|100%| E|CS|TAMS 0x0000000786500000, 0x0000000786500000| Complete 
| 102|0x0000000786600000, 0x0000000786700000, 0x0000000786700000|100%| S|CS|TAMS 0x0000000786600000, 0x0000000786600000| Complete 
| 103|0x0000000786700000, 0x0000000786800000, 0x0000000786800000|100%| S|CS|TAMS 0x0000000786700000, 0x0000000786700000| Complete 
| 104|0x0000000786800000, 0x0000000786900000, 0x0000000786900000|100%| S|CS|TAMS 0x0000000786800000, 0x0000000786800000| Complete 
| 105|0x0000000786900000, 0x0000000786a00000, 0x0000000786a00000|100%| E|CS|TAMS 0x0000000786900000, 0x0000000786900000| Complete 
| 106|0x0000000786a00000, 0x0000000786b00000, 0x0000000786b00000|100%| E|CS|TAMS 0x0000000786a00000, 0x0000000786a00000| Complete 
| 107|0x0000000786b00000, 0x0000000786c00000, 0x0000000786c00000|100%| E|CS|TAMS 0x0000000786b00000, 0x0000000786b00000| Complete 
| 108|0x0000000786c00000, 0x0000000786d00000, 0x0000000786d00000|100%| E|CS|TAMS 0x0000000786c00000, 0x0000000786c00000| Complete 
| 109|0x0000000786d00000, 0x0000000786e00000, 0x0000000786e00000|100%| E|CS|TAMS 0x0000000786d00000, 0x0000000786d00000| Complete 
| 110|0x0000000786e00000, 0x0000000786f00000, 0x0000000786f00000|100%| E|CS|TAMS 0x0000000786e00000, 0x0000000786e00000| Complete 
| 111|0x0000000786f00000, 0x0000000787000000, 0x0000000787000000|100%| E|CS|TAMS 0x0000000786f00000, 0x0000000786f00000| Complete 
| 112|0x0000000787000000, 0x0000000787100000, 0x0000000787100000|100%| E|CS|TAMS 0x0000000787000000, 0x0000000787000000| Complete 
| 113|0x0000000787100000, 0x0000000787200000, 0x0000000787200000|100%| E|CS|TAMS 0x0000000787100000, 0x0000000787100000| Complete 
| 114|0x0000000787200000, 0x0000000787300000, 0x0000000787300000|100%| E|CS|TAMS 0x0000000787200000, 0x0000000787200000| Complete 
| 115|0x0000000787300000, 0x0000000787400000, 0x0000000787400000|100%| E|CS|TAMS 0x0000000787300000, 0x0000000787300000| Complete 
| 116|0x0000000787400000, 0x0000000787500000, 0x0000000787500000|100%| E|CS|TAMS 0x0000000787400000, 0x0000000787400000| Complete 
| 117|0x0000000787500000, 0x0000000787600000, 0x0000000787600000|100%| E|CS|TAMS 0x0000000787500000, 0x0000000787500000| Complete 
| 118|0x0000000787600000, 0x0000000787700000, 0x0000000787700000|100%| E|CS|TAMS 0x0000000787600000, 0x0000000787600000| Complete 
| 119|0x0000000787700000, 0x0000000787800000, 0x0000000787800000|100%| E|CS|TAMS 0x0000000787700000, 0x0000000787700000| Complete 
| 120|0x0000000787800000, 0x0000000787900000, 0x0000000787900000|100%| E|CS|TAMS 0x0000000787800000, 0x0000000787800000| Complete 
| 121|0x0000000787900000, 0x0000000787a00000, 0x0000000787a00000|100%| E|CS|TAMS 0x0000000787900000, 0x0000000787900000| Complete 
| 122|0x0000000787a00000, 0x0000000787b00000, 0x0000000787b00000|100%| E|CS|TAMS 0x0000000787a00000, 0x0000000787a00000| Complete 
| 123|0x0000000787b00000, 0x0000000787c00000, 0x0000000787c00000|100%| E|CS|TAMS 0x0000000787b00000, 0x0000000787b00000| Complete 
| 124|0x0000000787c00000, 0x0000000787d00000, 0x0000000787d00000|100%| E|CS|TAMS 0x0000000787c00000, 0x0000000787c00000| Complete 
| 125|0x0000000787d00000, 0x0000000787e00000, 0x0000000787e00000|100%| E|CS|TAMS 0x0000000787d00000, 0x0000000787d00000| Complete 
| 126|0x0000000787e00000, 0x0000000787f00000, 0x0000000787f00000|100%| E|CS|TAMS 0x0000000787e00000, 0x0000000787e00000| Complete 
| 127|0x0000000787f00000, 0x0000000788000000, 0x0000000788000000|100%| E|CS|TAMS 0x0000000787f00000, 0x0000000787f00000| Complete 
|2046|0x00000007ffe00000, 0x00000007ffe78000, 0x00000007fff00000| 46%|OA|  |TAMS 0x00000007ffe00000, 0x00000007ffe00000| Untracked 
|2047|0x00000007fff00000, 0x00000007fff80000, 0x0000000800000000| 50%|CA|  |TAMS 0x00000007fff00000, 0x00000007fff00000| Untracked 

Card table byte_map: [0x000000010117c000,0x000000010157c000] _byte_map_base: 0x00000000fd57c000

Marking Bits (Prev, Next): (CMBitMap*) 0x000000014683a410, (CMBitMap*) 0x000000014683a450
 Prev Bits: [0x000000011963c000, 0x000000011b63c000)
 Next Bits: [0x000000011b63c000, 0x000000011d63c000)

Polling page: 0x0000000100a18000

Metaspace:

Usage:
  Non-class:     11.20 MB used.
      Class:      1.79 MB used.
       Both:     12.98 MB used.

Virtual space:
  Non-class space:       16.00 MB reserved,      11.31 MB ( 71%) committed,  2 nodes.
      Class space:        1.00 GB reserved,       1.88 MB ( <1%) committed,  1 nodes.
             Both:        1.02 GB reserved,      13.19 MB (  1%) committed. 

Chunk freelists:
   Non-Class:  288.00 KB
       Class:  2.03 MB
        Both:  2.31 MB

MaxMetaspaceSize: unlimited
CompressedClassSpaceSize: 1.00 GB
Initial GC threshold: 21.00 MB
Current GC threshold: 21.00 MB
CDS: on
MetaspaceReclaimPolicy: balanced
 - commit_granule_bytes: 65536.
 - commit_granule_words: 8192.
 - virtual_space_node_default_size: 1048576.
 - enlarge_chunks_in_place: 1.
 - new_chunks_are_fully_committed: 0.
 - uncommit_free_chunks: 1.
 - use_allocation_guard: 0.
 - handle_deallocations: 1.


Internal statistics:

num_allocs_failed_limit: 0.
num_arena_births: 188.
num_arena_deaths: 0.
num_vsnodes_births: 3.
num_vsnodes_deaths: 0.
num_space_committed: 211.
num_space_uncommitted: 0.
num_chunks_returned_to_freelist: 0.
num_chunks_taken_from_freelist: 605.
num_chunk_merges: 0.
num_chunk_splits: 416.
num_chunks_enlarged: 326.
num_purges: 0.
num_inconsistent_stats: 0.

CodeHeap 'non-profiled nmethods': size=120032Kb used=862Kb max_used=862Kb free=119169Kb
 bounds [0x0000000112104000, 0x0000000112374000, 0x000000011963c000]
CodeHeap 'profiled nmethods': size=120016Kb used=3897Kb max_used=3897Kb free=116118Kb
 bounds [0x000000010abd0000, 0x000000010afa0000, 0x0000000112104000]
CodeHeap 'non-nmethods': size=5712Kb used=1394Kb max_used=1420Kb free=4317Kb
 bounds [0x000000010a63c000, 0x000000010a8ac000, 0x000000010abd0000]
 total_blobs=2867 nmethods=2097 adapters=686
 compilation: enabled
              stopped_count=0, restarted_count=0
 full_count=0

Compilation events (20 events):
Event: 4.144 Thread 0x00000001468cec00 2197       3       javafx.beans.property.ObjectPropertyBase::isBound (13 bytes)
Event: 4.144 Thread 0x00000001468cec00 nmethod 2197 0x000000010af90910 code [0x000000010af90ac0, 0x000000010af90c68]
Event: 4.144 Thread 0x00000001468cec00 2198       1       javafx.css.Declaration::getParsedValue (5 bytes)
Event: 4.145 Thread 0x00000001468cec00 nmethod 2198 0x00000001121d8490 code [0x00000001121d8600, 0x00000001121d86e8]
Event: 4.145 Thread 0x00000001468cec00 2199       1       com.sun.javafx.css.ParsedValueImpl::isLookup (5 bytes)
Event: 4.145 Thread 0x00000001468cec00 nmethod 2199 0x00000001121d8790 code [0x00000001121d8900, 0x00000001121d89e8]
Event: 4.145 Thread 0x00000001468cec00 2201       3       com.sun.javafx.css.ParsedValueImpl::containsFontRelativeSize (231 bytes)
Event: 4.145 Thread 0x00000001468ce600 nmethod 2196 0x00000001121d8a90 code [0x00000001121d8c40, 0x00000001121d8d00]
Event: 4.145 Thread 0x00000001468ce600 2200       4       java.util.ArrayList::elementData (7 bytes)
Event: 4.145 Thread 0x00000001468ce600 nmethod 2200 0x00000001121d8d90 code [0x00000001121d8f40, 0x00000001121d9040]
Event: 4.145 Thread 0x00000001468cec00 nmethod 2201 0x000000010af90d10 code [0x000000010af91040, 0x000000010af921b8]
Event: 4.146 Thread 0x00000001468cec00 2206       1       javafx.css.Size::getUnits (5 bytes)
Event: 4.146 Thread 0x00000001468cec00 nmethod 2206 0x00000001121d9110 code [0x00000001121d9280, 0x00000001121d9368]
Event: 4.146 Thread 0x00000001468cec00 2202       1       com.sun.javafx.css.CalculatedValue::getOrigin (5 bytes)
Event: 4.146 Thread 0x00000001468cec00 nmethod 2202 0x00000001121d9410 code [0x00000001121d9580, 0x00000001121d9668]
Event: 4.146 Thread 0x00000001468cec00 2203       1       javafx.css.Declaration::getRule (5 bytes)
Event: 4.146 Thread 0x00000001468cec00 nmethod 2203 0x00000001121d9710 code [0x00000001121d9880, 0x00000001121d9968]
Event: 4.146 Thread 0x00000001468cec00 2204       1       javafx.css.Stylesheet::getOrigin (5 bytes)
Event: 4.146 Thread 0x00000001468cec00 nmethod 2204 0x00000001121d9a10 code [0x00000001121d9b80, 0x00000001121d9c68]
Event: 4.146 Thread 0x00000001468cec00 2205       1       com.sun.javafx.css.ParsedValueImpl::isContainsLookups (5 bytes)

GC Heap History (2 events):
Event: 0.410 GC heap before
{Heap before GC invocations=0 (full 0):
 garbage-first heap   total 133120K, used 23520K [0x0000000780000000, 0x0000000800000000)
  region size 1024K, 23 young (23552K), 0 survivors (0K)
 Metaspace       used 6078K, committed 6272K, reserved 1056768K
  class space    used 775K, committed 896K, reserved 1048576K
}
Event: 0.413 GC heap after
{Heap after GC invocations=1 (full 0):
 garbage-first heap   total 133120K, used 4774K [0x0000000780000000, 0x0000000800000000)
  region size 1024K, 3 young (3072K), 3 survivors (3072K)
 Metaspace       used 6078K, committed 6272K, reserved 1056768K
  class space    used 775K, committed 896K, reserved 1048576K
}

Deoptimization events (20 events):
Event: 0.833 Thread 0x0000000146279800 DEOPT PACKING pc=0x000000011217d48c sp=0x000000016f56d990
Event: 0.833 Thread 0x0000000146279800 DEOPT UNPACKING pc=0x000000010a67ad1c sp=0x000000016f56d8a0 mode 2
Event: 0.871 Thread 0x0000000146279800 Uncommon trap: trap_request=0xffffff45 fr.pc=0x000000011211a644 relative=0x0000000000000104
Event: 0.871 Thread 0x0000000146279800 Uncommon trap: reason=unstable_if action=reinterpret pc=0x000000011211a644 method=java.lang.StringLatin1.lastIndexOf([BI[BII)I @ 86 c2
Event: 0.871 Thread 0x0000000146279800 DEOPT PACKING pc=0x000000011211a644 sp=0x000000016f56d3e0
Event: 0.871 Thread 0x0000000146279800 DEOPT UNPACKING pc=0x000000010a67ad1c sp=0x000000016f56d340 mode 2
Event: 1.034 Thread 0x0000000146808800 DEOPT PACKING pc=0x000000010aec84ec sp=0x0000000171e7d2e0
Event: 1.034 Thread 0x0000000146808800 DEOPT UNPACKING pc=0x000000010a67ab7c sp=0x0000000171e7cf40 mode 0
Event: 1.034 Thread 0x0000000146808800 DEOPT PACKING pc=0x000000010aec84ec sp=0x0000000171e7d2e0
Event: 1.034 Thread 0x0000000146808800 DEOPT UNPACKING pc=0x000000010a67ab7c sp=0x0000000171e7cf40 mode 0
Event: 1.060 Thread 0x0000000146808800 Uncommon trap: trap_request=0xffffff45 fr.pc=0x00000001121a3d6c relative=0x000000000000066c
Event: 1.060 Thread 0x0000000146808800 Uncommon trap: reason=unstable_if action=reinterpret pc=0x00000001121a3d6c method=com.sun.marlin.MaskMarlinAlphaConsumer.setAndClearRelativeAlphas([I[IIII)V @ 369 c2
Event: 1.060 Thread 0x0000000146808800 DEOPT PACKING pc=0x00000001121a3d6c sp=0x0000000171e7d330
Event: 1.060 Thread 0x0000000146808800 DEOPT UNPACKING pc=0x000000010a67ad1c sp=0x0000000171e7d230 mode 2
Event: 1.233 Thread 0x0000000146808800 DEOPT PACKING pc=0x000000010aefb300 sp=0x0000000171e7d500
Event: 1.233 Thread 0x0000000146808800 DEOPT UNPACKING pc=0x000000010a67ab7c sp=0x0000000171e7d100 mode 0
Event: 1.266 Thread 0x0000000146808800 DEOPT PACKING pc=0x000000010af068a4 sp=0x0000000171e7d550
Event: 1.266 Thread 0x0000000146808800 DEOPT UNPACKING pc=0x000000010a67ab7c sp=0x0000000171e7d220 mode 0
Event: 1.327 Thread 0x0000000146808800 DEOPT PACKING pc=0x000000010af068a4 sp=0x0000000171e7d250
Event: 1.327 Thread 0x0000000146808800 DEOPT UNPACKING pc=0x000000010a67ab7c sp=0x0000000171e7cf20 mode 0

Classes unloaded (0 events):
No events

Classes redefined (0 events):
No events

Internal exceptions (20 events):
Event: 0.328 Thread 0x0000000146279800 Exception <a 'java/lang/NoSuchMethodError'{0x00000007873a79b8}: 'void java.lang.invoke.DirectMethodHandle$Holder.invokeStaticInit(java.lang.Object)'> (0x00000007873a79b8) 
thrown [src/hotspot/share/interpreter/linkResolver.cpp, line 759]
Event: 0.329 Thread 0x0000000146008200 Exception <a 'java/lang/NoSuchMethodError'{0x0000000787695050}: 'java.lang.Object java.lang.invoke.DirectMethodHandle$Holder.newInvokeSpecial(java.lang.Object, java.lang.Object, java.lang.Object, java.lang.Object, java.lang.Object, java.lang.Object)'> (0x0000000787695050) 
thrown [src/hotspot/share/interpreter/linkResolver.cpp, line 759]
Event: 0.331 Thread 0x0000000146008200 Exception <a 'java/lang/NoSuchMethodError'{0x00000007876c5468}: 'java.lang.Object java.lang.invoke.DirectMethodHandle$Holder.newInvokeSpecial(java.lang.Object, java.lang.Object, java.lang.Object, java.lang.Object, java.lang.Object)'> (0x00000007876c5468) 
thrown [src/hotspot/share/interpreter/linkResolver.cpp, line 759]
Event: 0.332 Thread 0x00000001469f5000 Exception <a 'java/lang/NoSuchMethodError'{0x00000007873f5b00}: 'void java.lang.invoke.DirectMethodHandle$Holder.invokeStatic(java.lang.Object, java.lang.Object, java.lang.Object, java.lang.Object)'> (0x00000007873f5b00) 
thrown [src/hotspot/share/interpreter/linkResolver.cpp, line 759]
Event: 0.363 Thread 0x0000000146279800 Exception <a 'java/lang/NoSuchMethodError'{0x0000000786fc4fc8}: 'java.lang.Object java.lang.invoke.DirectMethodHandle$Holder.invokeStaticInit(java.lang.Object, java.lang.Object, java.lang.Object, java.lang.Object)'> (0x0000000786fc4fc8) 
thrown [src/hotspot/share/interpreter/linkResolver.cpp, line 759]
Event: 0.363 Thread 0x0000000146279800 Exception <a 'java/lang/NullPointerException'{0x0000000786fd0a88}> (0x0000000786fd0a88) 
thrown [src/hotspot/share/interpreter/linkResolver.cpp, line 1350]
Event: 0.407 Thread 0x0000000146279800 Exception <a 'java/lang/NoSuchMethodError'{0x00000007869aa208}: 'void java.lang.invoke.DirectMethodHandle$Holder.invokeStaticInit(java.lang.Object, java.lang.Object)'> (0x00000007869aa208) 
thrown [src/hotspot/share/interpreter/linkResolver.cpp, line 759]
Event: 0.415 Thread 0x0000000146279800 Exception <a 'java/lang/NoSuchMethodError'{0x0000000787f21018}: 'void java.lang.invoke.DirectMethodHandle$Holder.invokeSpecial(java.lang.Object, java.lang.Object, java.lang.Object, java.lang.Object, java.lang.Object)'> (0x0000000787f21018) 
thrown [src/hotspot/share/interpreter/linkResolver.cpp, line 759]
Event: 0.465 Thread 0x0000000146279800 Exception <a 'java/lang/NoSuchMethodError'{0x0000000787d699b8}: 'java.lang.Object java.lang.invoke.DirectMethodHandle$Holder.invokeSpecial(java.lang.Object, java.lang.Object, java.lang.Object, int, java.lang.Object)'> (0x0000000787d699b8) 
thrown [src/hotspot/share/interpreter/linkResolver.cpp, line 759]
Event: 0.473 Thread 0x0000000146279800 Exception <a 'java/io/FileNotFoundException'{0x0000000787c1e560}> (0x0000000787c1e560) 
thrown [src/hotspot/share/prims/jni.cpp, line 516]
Event: 0.628 Thread 0x0000000146279800 Exception <a 'java/io/FileNotFoundException'{0x0000000787a2bb88}> (0x0000000787a2bb88) 
thrown [src/hotspot/share/prims/jni.cpp, line 516]
Event: 0.672 Thread 0x0000000146279800 Implicit null exception at 0x0000000112149bf8 to 0x0000000112149c88
Event: 0.675 Thread 0x0000000146279800 Exception <a 'java/io/FileNotFoundException'{0x000000078760d588}> (0x000000078760d588) 
thrown [src/hotspot/share/prims/jni.cpp, line 516]
Event: 0.693 Thread 0x0000000146279800 Implicit null exception at 0x000000011214ab54 to 0x000000011214acf0
Event: 0.834 Thread 0x0000000146279800 Exception <a 'java/lang/NoSuchMethodError'{0x00000007871a7920}: 'java.lang.Object java.lang.invoke.DirectMethodHandle$Holder.invokeInterface(java.lang.Object, java.lang.Object, java.lang.Object)'> (0x00000007871a7920) 
thrown [src/hotspot/share/interpreter/linkResolver.cpp, line 759]
Event: 0.834 Thread 0x0000000146279800 Exception <a 'java/lang/IncompatibleClassChangeError'{0x00000007871ab2a8}: Found class java.lang.Object, but interface was expected> (0x00000007871ab2a8) 
thrown [src/hotspot/share/interpreter/linkResolver.cpp, line 826]
Event: 0.878 Thread 0x0000000146279800 Exception <a 'java/lang/NoSuchMethodError'{0x0000000786fa7930}: 'java.lang.Object java.lang.invoke.DirectMethodHandle$Holder.newInvokeSpecial(java.lang.Object, java.lang.Object, int)'> (0x0000000786fa7930) 
thrown [src/hotspot/share/interpreter/linkResolver.cpp, line 759]
Event: 0.898 Thread 0x0000000146808800 Exception <a 'java/lang/NoSuchMethodError'{0x0000000786ee8610}: 'int java.lang.invoke.DirectMethodHandle$Holder.invokeStaticInit(java.lang.Object, java.lang.Object)'> (0x0000000786ee8610) 
thrown [src/hotspot/share/interpreter/linkResolver.cpp, line 759]
Event: 0.925 Thread 0x0000000146808800 Exception <a 'java/lang/NoSuchMethodError'{0x0000000786d7b730}: 'java.lang.Object java.lang.invoke.DirectMethodHandle$Holder.invokeStaticInit(java.lang.Object, int)'> (0x0000000786d7b730) 
thrown [src/hotspot/share/interpreter/linkResolver.cpp, line 759]
Event: 2.714 Thread 0x0000000146279800 Exception <a 'java/lang/NoSuchMethodError'{0x000000078658d8c8}: 'java.lang.Object java.lang.invoke.DirectMethodHandle$Holder.newInvokeSpecial(java.lang.Object, java.lang.Object, int, java.lang.Object, double, double, double, double, double, double, int, int, int, int, int, int, int, int)'> (0x000000078658d8c8) 
thrown [src/hotspot/share/interpreter/linkResolver.cpp, line 759]

VM Operations (20 events):
Event: 0.383 Executing VM operation: HandshakeAllThreads
Event: 0.383 Executing VM operation: HandshakeAllThreads done
Event: 0.391 Executing VM operation: ICBufferFull
Event: 0.391 Executing VM operation: ICBufferFull done
Event: 0.410 Executing VM operation: G1CollectForAllocation
Event: 0.413 Executing VM operation: G1CollectForAllocation done
Event: 0.466 Executing VM operation: HandshakeAllThreads
Event: 0.466 Executing VM operation: HandshakeAllThreads done
Event: 0.813 Executing VM operation: ICBufferFull
Event: 0.813 Executing VM operation: ICBufferFull done
Event: 0.813 Executing VM operation: HandshakeAllThreads
Event: 0.813 Executing VM operation: HandshakeAllThreads done
Event: 1.095 Executing VM operation: ICBufferFull
Event: 1.095 Executing VM operation: ICBufferFull done
Event: 2.100 Executing VM operation: Cleanup
Event: 2.101 Executing VM operation: Cleanup done
Event: 3.106 Executing VM operation: Cleanup
Event: 3.106 Executing VM operation: Cleanup done
Event: 4.111 Executing VM operation: Cleanup
Event: 4.111 Executing VM operation: Cleanup done

Events (20 events):
Event: 0.957 loading class sun/misc/Unsafe
Event: 0.958 loading class sun/misc/Unsafe done
Event: 0.958 loading class jdk/internal/reflect/UnsafeFieldAccessorFactory
Event: 0.958 loading class jdk/internal/reflect/UnsafeFieldAccessorFactory done
Event: 0.958 loading class jdk/internal/reflect/UnsafeQualifiedStaticObjectFieldAccessorImpl
Event: 0.958 loading class jdk/internal/reflect/UnsafeQualifiedStaticFieldAccessorImpl
Event: 0.958 loading class jdk/internal/reflect/UnsafeQualifiedStaticFieldAccessorImpl done
Event: 0.959 loading class jdk/internal/reflect/UnsafeQualifiedStaticObjectFieldAccessorImpl done
Event: 0.970 loading class java/lang/FdLibm$Cbrt
Event: 0.971 loading class java/lang/FdLibm$Cbrt done
Event: 1.325 loading class java/util/EnumMap$Values
Event: 1.326 loading class java/util/EnumMap$Values done
Event: 1.326 loading class java/util/EnumMap$ValueIterator
Event: 1.326 loading class java/util/EnumMap$EnumMapIterator
Event: 1.326 loading class java/util/EnumMap$EnumMapIterator done
Event: 1.326 loading class java/util/EnumMap$ValueIterator done
Event: 1.577 Protecting memory [0x0000000172094000,0x00000001720a0000] with protection modes 3
Event: 1.577 Thread 0x00000001258d5200 Thread exited: 0x00000001258d5200
Event: 4.143 Protecting memory [0x0000000172094000,0x00000001720a0000] with protection modes 0
Event: 4.143 Thread 0x0000000140821000 Thread added: 0x0000000140821000


Dynamic libraries:
0x00000001009c8000 	/Users/jonathan/Library/Java/JavaVirtualMachines/corretto-17.0.4.1/Contents/Home/lib/libjli.dylib
0x00000001a2c2e000 	/System/Library/Frameworks/Cocoa.framework/Versions/A/Cocoa
0x000000018f1a7000 	/System/Library/Frameworks/AppKit.framework/Versions/C/AppKit
0x00000001926dd000 	/System/Library/Frameworks/CoreData.framework/Versions/A/CoreData
0x000000018d504000 	/System/Library/Frameworks/Foundation.framework/Versions/C/Foundation
0x0000000197029000 	/usr/lib/libSystem.B.dylib
0x000000019005e000 	/System/Library/PrivateFrameworks/UIFoundation.framework/Versions/A/UIFoundation
0x000000019cf27000 	/System/Library/PrivateFrameworks/RemoteViewServices.framework/Versions/A/RemoteViewServices
0x0000000195540000 	/System/Library/PrivateFrameworks/XCTTargetBootstrap.framework/Versions/A/XCTTargetBootstrap
0x0000000198d2a000 	/System/Library/PrivateFrameworks/InternationalSupport.framework/Versions/A/InternationalSupport
0x0000000198db3000 	/System/Library/PrivateFrameworks/UserActivity.framework/Versions/A/UserActivity
0x0000000198258000 	/usr/lib/libspindump.dylib
0x00000001902ce000 	/System/Library/Frameworks/UniformTypeIdentifiers.framework/Versions/A/UniformTypeIdentifiers
0x0000000193acd000 	/usr/lib/libapp_launch_measurement.dylib
0x0000000193045000 	/System/Library/PrivateFrameworks/CoreAnalytics.framework/Versions/A/CoreAnalytics
0x0000000193ad0000 	/System/Library/PrivateFrameworks/CoreAutoLayout.framework/Versions/A/CoreAutoLayout
0x0000000194e43000 	/System/Library/Frameworks/Metal.framework/Versions/A/Metal
0x0000000195b92000 	/usr/lib/liblangid.dylib
0x0000000195544000 	/System/Library/PrivateFrameworks/CoreSVG.framework/Versions/A/CoreSVG
0x0000000191795000 	/System/Library/PrivateFrameworks/SkyLight.framework/Versions/A/SkyLight
0x0000000191b62000 	/System/Library/Frameworks/CoreGraphics.framework/Versions/A/CoreGraphics
0x000000019d5a5000 	/System/Library/Frameworks/Accelerate.framework/Versions/A/Accelerate
0x0000000197ccc000 	/System/Library/PrivateFrameworks/IconServices.framework/Versions/A/IconServices
0x0000000194e25000 	/System/Library/Frameworks/IOSurface.framework/Versions/A/IOSurface
0x0000000193075000 	/usr/lib/libDiagnosticMessagesClient.dylib
0x0000000196f79000 	/usr/lib/libz.1.dylib
0x00000001a09ee000 	/System/Library/Frameworks/ApplicationServices.framework/Versions/A/ApplicationServices
0x0000000195528000 	/System/Library/PrivateFrameworks/DFRFoundation.framework/Versions/A/DFRFoundation
0x000000018ea48000 	/usr/lib/libicucore.A.dylib
0x0000000199b2b000 	/System/Library/Frameworks/AudioToolbox.framework/Versions/A/AudioToolbox
0x0000000198d36000 	/System/Library/PrivateFrameworks/DataDetectorsCore.framework/Versions/A/DataDetectorsCore
0x00000001aee84000 	/System/Library/PrivateFrameworks/TextInput.framework/Versions/A/TextInput
0x000000019170c000 	/usr/lib/libMobileGestalt.dylib
0x00000001951f8000 	/System/Library/Frameworks/Carbon.framework/Versions/A/Frameworks/HIToolbox.framework/Versions/A/HIToolbox
0x00000001934d6000 	/System/Library/Frameworks/QuartzCore.framework/Versions/A/QuartzCore
0x000000018e6c5000 	/System/Library/Frameworks/Security.framework/Versions/A/Security
0x000000019cf67000 	/System/Library/Frameworks/Carbon.framework/Versions/A/Frameworks/SpeechRecognition.framework/Versions/A/SpeechRecognition
0x0000000193824000 	/System/Library/PrivateFrameworks/CoreUI.framework/Versions/A/CoreUI
0x000000018df96000 	/System/Library/Frameworks/CoreAudio.framework/Versions/A/CoreAudio
0x0000000193169000 	/System/Library/Frameworks/DiskArbitration.framework/Versions/A/DiskArbitration
0x000000019863d000 	/System/Library/PrivateFrameworks/MultitouchSupport.framework/Versions/A/MultitouchSupport
0x000000019170a000 	/usr/lib/libenergytrace.dylib
0x000000018f071000 	/System/Library/Frameworks/IOKit.framework/Versions/A/IOKit
0x000000019d350000 	/System/Library/Frameworks/CoreServices.framework/Versions/A/CoreServices
0x0000000193a5d000 	/System/Library/PrivateFrameworks/PerformanceAnalysis.framework/Versions/A/PerformanceAnalysis
0x00000001eda31000 	/System/Library/Frameworks/OpenGL.framework/Versions/A/OpenGL
0x00000001965e3000 	/System/Library/PrivateFrameworks/MobileKeyBag.framework/Versions/A/MobileKeyBag
0x000000018c44e000 	/usr/lib/libobjc.A.dylib
0x0000000192172000 	/System/Library/Frameworks/ColorSync.framework/Versions/A/ColorSync
0x000000018c610000 	/System/Library/Frameworks/CoreFoundation.framework/Versions/A/CoreFoundation
0x00000001957c5000 	/System/Library/Frameworks/CoreImage.framework/Versions/A/CoreImage
0x000000018ddb9000 	/System/Library/Frameworks/CoreText.framework/Versions/A/CoreText
0x0000000195574000 	/System/Library/Frameworks/ImageIO.framework/Versions/A/ImageIO
0x000000019702f000 	/System/Library/PrivateFrameworks/SoftLinking.framework/Versions/A/SoftLinking
0x0000000193b1a000 	/usr/lib/libxml2.2.dylib
0x000000018c50e000 	/usr/lib/libc++.1.dylib
0x00000001972c8000 	/usr/lib/libcompression.dylib
0x0000000198c83000 	/System/Library/PrivateFrameworks/TextureIO.framework/Versions/A/TextureIO
0x00000001979e6000 	/usr/lib/libate.dylib
0x0000000197023000 	/usr/lib/system/libcache.dylib
0x0000000196fe1000 	/usr/lib/system/libcommonCrypto.dylib
0x000000019700a000 	/usr/lib/system/libcompiler_rt.dylib
0x0000000197001000 	/usr/lib/system/libcopyfile.dylib
0x000000018c362000 	/usr/lib/system/libcorecrypto.dylib
0x000000018c407000 	/usr/lib/system/libdispatch.dylib
0x000000018c5cf000 	/usr/lib/system/libdyld.dylib
0x0000000197019000 	/usr/lib/system/libkeymgr.dylib
0x0000000196fc3000 	/usr/lib/system/libmacho.dylib
0x00000001966c3000 	/usr/lib/system/libquarantine.dylib
0x0000000197016000 	/usr/lib/system/libremovefile.dylib
0x0000000191761000 	/usr/lib/system/libsystem_asl.dylib
0x000000018c30c000 	/usr/lib/system/libsystem_blocks.dylib
0x000000018c48d000 	/usr/lib/system/libsystem_c.dylib
0x000000019700e000 	/usr/lib/system/libsystem_collections.dylib
0x0000000195b82000 	/usr/lib/system/libsystem_configuration.dylib
0x0000000194e06000 	/usr/lib/system/libsystem_containermanager.dylib
0x0000000196d2a000 	/usr/lib/system/libsystem_coreservices.dylib
0x000000018ecf3000 	/usr/lib/system/libsystem_darwin.dylib
0x000000019701a000 	/usr/lib/system/libsystem_dnssd.dylib
0x000000018c48a000 	/usr/lib/system/libsystem_featureflags.dylib
0x000000018c5e4000 	/usr/lib/system/libsystem_info.dylib
0x0000000196f8b000 	/usr/lib/system/libsystem_m.dylib
0x000000018c3dc000 	/usr/lib/system/libsystem_malloc.dylib
0x00000001916f2000 	/usr/lib/system/libsystem_networkextension.dylib
0x000000018f147000 	/usr/lib/system/libsystem_notify.dylib
0x000000019d22d000 	/usr/lib/system/libsystem_product_info_filter.dylib
0x0000000195b87000 	/usr/lib/system/libsystem_sandbox.dylib
0x0000000197013000 	/usr/lib/system/libsystem_secinit.dylib
0x000000018c58c000 	/usr/lib/system/libsystem_kernel.dylib
0x000000018c5dc000 	/usr/lib/system/libsystem_platform.dylib
0x000000018c5c2000 	/usr/lib/system/libsystem_pthread.dylib
0x0000000192e9e000 	/usr/lib/system/libsystem_symptoms.dylib
0x000000018c348000 	/usr/lib/system/libsystem_trace.dylib
0x0000000196fee000 	/usr/lib/system/libunwind.dylib
0x000000018c30e000 	/usr/lib/system/libxpc.dylib
0x000000018c572000 	/usr/lib/libc++abi.dylib
0x0000000196ff9000 	/usr/lib/liboah.dylib
0x00000001978ae000 	/usr/lib/liblzma.5.dylib
0x000000018d1f8000 	/System/Library/Frameworks/SystemConfiguration.framework/Versions/A/SystemConfiguration
0x000000019702b000 	/usr/lib/libfakelink.dylib
0x0000000191239000 	/System/Library/Frameworks/CFNetwork.framework/Versions/A/CFNetwork
0x0000000197172000 	/usr/lib/libarchive.2.dylib
0x0000000195b8e000 	/System/Library/PrivateFrameworks/AppleSystemInfo.framework/Versions/A/AppleSystemInfo
0x00000001966ee000 	/usr/lib/libbsm.0.dylib
0x0000000190771000 	/usr/lib/libnetwork.dylib
0x0000000196fc9000 	/usr/lib/system/libkxld.dylib
0x0000000196305000 	/System/Library/PrivateFrameworks/IOMobileFramebuffer.framework/Versions/A/IOMobileFramebuffer
0x0000000209862000 	/usr/lib/libCoreEntitlements.dylib
0x0000000196d0c000 	/System/Library/PrivateFrameworks/AppleFSCompression.framework/Versions/A/AppleFSCompression
0x00000001966d6000 	/usr/lib/libcoretls.dylib
0x00000001978c7000 	/usr/lib/libcoretls_cfhelpers.dylib
0x00000001972c3000 	/usr/lib/libpam.2.dylib
0x0000000192ac6000 	/usr/lib/libsqlite3.dylib
0x000000019792f000 	/usr/lib/libxar.1.dylib
0x0000000196d1d000 	/usr/lib/libbz2.1.0.dylib
0x0000000197030000 	/usr/lib/libpcap.A.dylib
0x0000000192e95000 	/usr/lib/libdns_services.dylib
0x0000000197296000 	/usr/lib/libapple_nghttp2.dylib
0x000000019706d000 	/usr/lib/libiconv.2.dylib
0x0000000196fc2000 	/usr/lib/libcharset.1.dylib
0x0000000193a99000 	/System/Library/Frameworks/CoreServices.framework/Versions/A/Frameworks/FSEvents.framework/Versions/A/FSEvents
0x000000018ecfe000 	/System/Library/Frameworks/CoreServices.framework/Versions/A/Frameworks/CarbonCore.framework/Versions/A/CarbonCore
0x00000001930cc000 	/System/Library/Frameworks/CoreServices.framework/Versions/A/Frameworks/Metadata.framework/Versions/A/Metadata
0x0000000196d30000 	/System/Library/Frameworks/CoreServices.framework/Versions/A/Frameworks/OSServices.framework/Versions/A/OSServices
0x00000001971f8000 	/System/Library/Frameworks/CoreServices.framework/Versions/A/Frameworks/SearchKit.framework/Versions/A/SearchKit
0x0000000192e23000 	/System/Library/Frameworks/CoreServices.framework/Versions/A/Frameworks/AE.framework/Versions/A/AE
0x000000018cb54000 	/System/Library/Frameworks/CoreServices.framework/Versions/A/Frameworks/LaunchServices.framework/Versions/A/LaunchServices
0x0000000197857000 	/System/Library/Frameworks/CoreServices.framework/Versions/A/Frameworks/DictionaryServices.framework/Versions/A/DictionaryServices
0x0000000193aa6000 	/System/Library/Frameworks/CoreServices.framework/Versions/A/Frameworks/SharedFileList.framework/Versions/A/SharedFileList
0x00000001966c6000 	/usr/lib/libCheckFix.dylib
0x0000000191779000 	/System/Library/PrivateFrameworks/TCC.framework/Versions/A/TCC
0x0000000195b94000 	/System/Library/PrivateFrameworks/CoreNLP.framework/Versions/A/CoreNLP
0x0000000193078000 	/System/Library/PrivateFrameworks/MetadataUtilities.framework/Versions/A/MetadataUtilities
0x000000018d2b1000 	/usr/lib/libmecabra.dylib
0x00000001966ff000 	/usr/lib/libmecab.dylib
0x000000018d27d000 	/usr/lib/libCRFSuite.dylib
0x000000019675d000 	/usr/lib/libgermantok.dylib
0x000000019726f000 	/usr/lib/libThaiTokenizer.dylib
0x0000000193171000 	/System/Library/Frameworks/Accelerate.framework/Versions/A/Frameworks/vImage.framework/Versions/A/vImage
0x000000019d327000 	/System/Library/Frameworks/Accelerate.framework/Versions/A/Frameworks/vecLib.framework/Versions/A/vecLib
0x0000000197973000 	/System/Library/Frameworks/Accelerate.framework/Versions/A/Frameworks/vecLib.framework/Versions/A/libvMisc.dylib
0x000000019620f000 	/System/Library/Frameworks/Accelerate.framework/Versions/A/Frameworks/vecLib.framework/Versions/A/libvDSP.dylib
0x000000018ced7000 	/System/Library/Frameworks/Accelerate.framework/Versions/A/Frameworks/vecLib.framework/Versions/A/libBLAS.dylib
0x0000000197397000 	/System/Library/Frameworks/Accelerate.framework/Versions/A/Frameworks/vecLib.framework/Versions/A/libLAPACK.dylib
0x0000000196760000 	/System/Library/Frameworks/Accelerate.framework/Versions/A/Frameworks/vecLib.framework/Versions/A/libLinearAlgebra.dylib
0x00000001972ae000 	/System/Library/Frameworks/Accelerate.framework/Versions/A/Frameworks/vecLib.framework/Versions/A/libSparseBLAS.dylib
0x0000000197392000 	/System/Library/Frameworks/Accelerate.framework/Versions/A/Frameworks/vecLib.framework/Versions/A/libQuadrature.dylib
0x0000000195c8b000 	/System/Library/Frameworks/Accelerate.framework/Versions/A/Frameworks/vecLib.framework/Versions/A/libBNNS.dylib
0x000000018d195000 	/System/Library/Frameworks/Accelerate.framework/Versions/A/Frameworks/vecLib.framework/Versions/A/libSparse.dylib
0x0000000195c83000 	/System/Library/PrivateFrameworks/LinguisticData.framework/Versions/A/LinguisticData
0x000000018d14b000 	/System/Library/PrivateFrameworks/Lexicon.framework/Versions/A/Lexicon
0x000000019796b000 	/usr/lib/libChineseTokenizer.dylib
0x000000018d8f2000 	/System/Library/PrivateFrameworks/LanguageModeling.framework/Versions/A/LanguageModeling
0x0000000197271000 	/System/Library/PrivateFrameworks/AppleSauce.framework/Versions/A/AppleSauce
0x00000001962f2000 	/System/Library/PrivateFrameworks/CoreEmoji.framework/Versions/A/CoreEmoji
0x0000000197160000 	/usr/lib/libcmph.dylib
0x0000000193a79000 	/System/Library/Frameworks/OpenDirectory.framework/Versions/A/Frameworks/CFOpenDirectory.framework/Versions/A/CFOpenDirectory
0x0000000193a69000 	/System/Library/Frameworks/OpenDirectory.framework/Versions/A/OpenDirectory
0x00000001978c9000 	/System/Library/PrivateFrameworks/APFS.framework/Versions/A/APFS
0x000000019661e000 	/System/Library/Frameworks/SecurityFoundation.framework/Versions/A/SecurityFoundation
0x000000019793d000 	/usr/lib/libutil.dylib
0x000000018f033000 	/System/Library/PrivateFrameworks/CoreServicesStore.framework/Versions/A/CoreServicesStore
0x0000000197941000 	/usr/lib/libxslt.1.dylib
0x00000001966b2000 	/System/Library/PrivateFrameworks/BackgroundTaskManagement.framework/Versions/A/BackgroundTaskManagement
0x0000000198ba4000 	/System/Library/Frameworks/ImageIO.framework/Versions/A/Resources/libRadiance.dylib
0x0000000198bad000 	/System/Library/Frameworks/ImageIO.framework/Versions/A/Resources/libJPEG.dylib
0x0000000198aff000 	/System/Library/Frameworks/ImageIO.framework/Versions/A/Resources/libPng.dylib
0x0000000198b21000 	/System/Library/Frameworks/ImageIO.framework/Versions/A/Resources/libTIFF.dylib
0x0000000198c08000 	/System/Library/Frameworks/ImageIO.framework/Versions/A/Resources/libGIF.dylib
0x000000019854d000 	/System/Library/Frameworks/ImageIO.framework/Versions/A/Resources/libJP2.dylib
0x0000000197c92000 	/usr/lib/libexpat.1.dylib
0x0000000198508000 	/System/Library/PrivateFrameworks/AppleJPEG.framework/Versions/A/AppleJPEG
0x00000001950b7000 	/System/Library/PrivateFrameworks/FontServices.framework/libFontParser.dylib
0x0000000192dc8000 	/System/Library/PrivateFrameworks/RunningBoardServices.framework/Versions/A/RunningBoardServices
0x00000001a32a4000 	/System/Library/PrivateFrameworks/IOSurfaceAccelerator.framework/Versions/A/IOSurfaceAccelerator
0x0000000198639000 	/System/Library/PrivateFrameworks/WatchdogClient.framework/Versions/A/WatchdogClient
0x000000018d9f6000 	/System/Library/Frameworks/CoreDisplay.framework/Versions/A/CoreDisplay
0x0000000194fa5000 	/System/Library/Frameworks/CoreMedia.framework/Versions/A/CoreMedia
0x0000000194e39000 	/System/Library/PrivateFrameworks/IOAccelerator.framework/Versions/A/IOAccelerator
0x0000000193c07000 	/System/Library/Frameworks/CoreVideo.framework/Versions/A/CoreVideo
0x00000001972c1000 	/System/Library/Frameworks/MetalPerformanceShaders.framework/Versions/A/MetalPerformanceShaders
0x0000000198676000 	/System/Library/Frameworks/VideoToolbox.framework/Versions/A/VideoToolbox
0x0000000192d0c000 	/System/Library/PrivateFrameworks/BaseBoard.framework/Versions/A/BaseBoard
0x0000000192aab000 	/System/Library/PrivateFrameworks/ProtocolBuffer.framework/Versions/A/ProtocolBuffer
0x0000000198b9f000 	/System/Library/PrivateFrameworks/GPUWrangler.framework/Versions/A/GPUWrangler
0x0000000198b7e000 	/System/Library/PrivateFrameworks/IOPresentment.framework/Versions/A/IOPresentment
0x0000000198ba7000 	/System/Library/PrivateFrameworks/DSExternalDisplay.framework/Versions/A/DSExternalDisplay
0x00000001eda24000 	/System/Library/Frameworks/OpenGL.framework/Versions/A/Libraries/libCoreFSCache.dylib
0x00000001f720f000 	/System/Library/PrivateFrameworks/GPUCompiler.framework/Versions/31001/Libraries/libGPUCompilerUtils.dylib
0x0000000198c0d000 	/System/Library/PrivateFrameworks/CMCaptureCore.framework/Versions/A/CMCaptureCore
0x0000000198246000 	/System/Library/PrivateFrameworks/AppServerSupport.framework/Versions/A/AppServerSupport
0x000000019a3e6000 	/System/Library/PrivateFrameworks/perfdata.framework/Versions/A/perfdata
0x000000018db16000 	/System/Library/PrivateFrameworks/AudioToolboxCore.framework/Versions/A/AudioToolboxCore
0x0000000194f7d000 	/System/Library/PrivateFrameworks/caulk.framework/Versions/A/caulk
0x0000000199cdb000 	/usr/lib/libAudioStatistics.dylib
0x00000001ab5f8000 	/System/Library/PrivateFrameworks/SystemPolicy.framework/Versions/A/SystemPolicy
0x0000000199f3b000 	/usr/lib/libSMC.dylib
0x00000001a2b10000 	/System/Library/Frameworks/CoreMIDI.framework/Versions/A/CoreMIDI
0x0000000198acd000 	/usr/lib/libAudioToolboxUtility.dylib
0x00000001a7a25000 	/System/Library/PrivateFrameworks/OSAServicesClient.framework/Versions/A/OSAServicesClient
0x000000019a3f3000 	/usr/lib/libperfcheck.dylib
0x00000001ac0ff000 	/usr/lib/libmis.dylib
0x00000001eda85000 	/System/Library/Frameworks/OpenGL.framework/Versions/A/Libraries/libGLU.dylib
0x00000001eda44000 	/System/Library/Frameworks/OpenGL.framework/Versions/A/Libraries/libGFXShared.dylib
0x00000001edc2e000 	/System/Library/Frameworks/OpenGL.framework/Versions/A/Libraries/libGL.dylib
0x00000001eda4d000 	/System/Library/Frameworks/OpenGL.framework/Versions/A/Libraries/libGLImage.dylib
0x00000001eda41000 	/System/Library/Frameworks/OpenGL.framework/Versions/A/Libraries/libCVMSPluginSupport.dylib
0x00000001eda2b000 	/System/Library/Frameworks/OpenGL.framework/Versions/A/Libraries/libCoreVMClient.dylib
0x0000000195b0f000 	/System/Library/Frameworks/MetalPerformanceShaders.framework/Versions/A/Frameworks/MPSCore.framework/Versions/A/MPSCore
0x0000000196c7f000 	/System/Library/Frameworks/MetalPerformanceShaders.framework/Versions/A/Frameworks/MPSImage.framework/Versions/A/MPSImage
0x0000000196775000 	/System/Library/Frameworks/MetalPerformanceShaders.framework/Versions/A/Frameworks/MPSNeuralNetwork.framework/Versions/A/MPSNeuralNetwork
0x0000000196bb2000 	/System/Library/Frameworks/MetalPerformanceShaders.framework/Versions/A/Frameworks/MPSMatrix.framework/Versions/A/MPSMatrix
0x000000019698d000 	/System/Library/Frameworks/MetalPerformanceShaders.framework/Versions/A/Frameworks/MPSRayIntersector.framework/Versions/A/MPSRayIntersector
0x0000000196be3000 	/System/Library/Frameworks/MetalPerformanceShaders.framework/Versions/A/Frameworks/MPSNDArray.framework/Versions/A/MPSNDArray
0x00000001ef75c000 	/System/Library/Frameworks/MetalPerformanceShaders.framework/Versions/A/Frameworks/MPSFunctions.framework/Versions/A/MPSFunctions
0x000000018cdb5000 	/System/Library/PrivateFrameworks/MetalTools.framework/Versions/A/MetalTools
0x0000000195b8c000 	/System/Library/PrivateFrameworks/AggregateDictionary.framework/Versions/A/AggregateDictionary
0x0000000197a78000 	/usr/lib/libIOReport.dylib
0x00000001a1af7000 	/System/Library/PrivateFrameworks/ASEProcessing.framework/Versions/A/ASEProcessing
0x0000000197deb000 	/System/Library/PrivateFrameworks/FaceCore.framework/Versions/A/FaceCore
0x0000000197ddd000 	/System/Library/PrivateFrameworks/GraphVisualizer.framework/Versions/A/GraphVisualizer
0x00000001f7126000 	/System/Library/PrivateFrameworks/FontServices.framework/Versions/A/FontServices
0x0000000198200000 	/System/Library/PrivateFrameworks/OTSVG.framework/Versions/A/OTSVG
0x00000001937d5000 	/System/Library/Frameworks/ApplicationServices.framework/Versions/A/Frameworks/ATS.framework/Versions/A/Resources/libFontRegistry.dylib
0x000000019824f000 	/System/Library/PrivateFrameworks/FontServices.framework/libhvf.dylib
0x00000001f7127000 	/System/Library/PrivateFrameworks/FontServices.framework/libXTFontStaticRegistryData.dylib
0x00000001eddd0000 	/System/Library/Frameworks/OpenCL.framework/Versions/A/OpenCL
0x0000000197c46000 	/System/Library/PrivateFrameworks/AppleVA.framework/Versions/A/AppleVA
0x0000000199d03000 	/System/Library/Frameworks/ApplicationServices.framework/Versions/A/Frameworks/ATS.framework/Versions/A/ATS
0x000000019226f000 	/System/Library/Frameworks/ApplicationServices.framework/Versions/A/Frameworks/HIServices.framework/Versions/A/HIServices
0x0000000198c17000 	/System/Library/Frameworks/ApplicationServices.framework/Versions/A/Frameworks/PrintCore.framework/Versions/A/PrintCore
0x000000019a08e000 	/System/Library/Frameworks/ApplicationServices.framework/Versions/A/Frameworks/QD.framework/Versions/A/QD
0x000000019a086000 	/System/Library/Frameworks/ApplicationServices.framework/Versions/A/Frameworks/ColorSyncLegacy.framework/Versions/A/ColorSyncLegacy
0x0000000199cef000 	/System/Library/Frameworks/ApplicationServices.framework/Versions/A/Frameworks/SpeechSynthesis.framework/Versions/A/SpeechSynthesis
0x0000000198bd8000 	/System/Library/Frameworks/ApplicationServices.framework/Versions/A/Frameworks/ATSUI.framework/Versions/A/ATSUI
0x000000019a01b000 	/usr/lib/libcups.2.dylib
0x000000019a401000 	/System/Library/Frameworks/Kerberos.framework/Versions/A/Kerberos
0x000000019a412000 	/System/Library/Frameworks/GSS.framework/Versions/A/GSS
0x0000000199d72000 	/usr/lib/libresolv.9.dylib
0x000000019825d000 	/System/Library/PrivateFrameworks/Heimdal.framework/Versions/A/Heimdal
0x00000001a0d66000 	/System/Library/Frameworks/Kerberos.framework/Versions/A/Libraries/libHeimdalProxy.dylib
0x0000000192ea7000 	/System/Library/Frameworks/Network.framework/Versions/A/Network
0x0000000197cad000 	/usr/lib/libheimdal-asn1.dylib
0x000000019a458000 	/System/Library/PrivateFrameworks/CommonAuth.framework/Versions/A/CommonAuth
0x0000000199c69000 	/System/Library/PrivateFrameworks/AudioSession.framework/Versions/A/AudioSession
0x0000000197d3e000 	/System/Library/PrivateFrameworks/MediaExperience.framework/Versions/A/MediaExperience
0x0000000199af1000 	/System/Library/PrivateFrameworks/AudioSession.framework/libSessionUtility.dylib
0x000000019a09a000 	/System/Library/PrivateFrameworks/AudioResourceArbitration.framework/Versions/A/AudioResourceArbitration
0x000000019e1a5000 	/System/Library/PrivateFrameworks/PowerLog.framework/Versions/A/PowerLog
0x0000000197cb6000 	/System/Library/PrivateFrameworks/IconFoundation.framework/Versions/A/IconFoundation
0x000000019cf53000 	/System/Library/PrivateFrameworks/SpeechRecognitionCore.framework/Versions/A/SpeechRecognitionCore
0x0000000101bac000 	/Users/jonathan/Library/Java/JavaVirtualMachines/corretto-17.0.4.1/Contents/Home/lib/server/libjvm.dylib
0x0000000100a2c000 	/Users/jonathan/Library/Java/JavaVirtualMachines/corretto-17.0.4.1/Contents/Home/lib/libjimage.dylib
0x0000000100ab4000 	/Users/jonathan/Library/Java/JavaVirtualMachines/corretto-17.0.4.1/Contents/Home/lib/libjava.dylib
0x0000000101a04000 	/Users/jonathan/Library/Java/JavaVirtualMachines/corretto-17.0.4.1/Contents/Home/lib/libnio.dylib
0x0000000101a48000 	/Users/jonathan/Library/Java/JavaVirtualMachines/corretto-17.0.4.1/Contents/Home/lib/libnet.dylib
0x0000000101a94000 	/Users/jonathan/Library/Java/JavaVirtualMachines/corretto-17.0.4.1/Contents/Home/lib/libzip.dylib
0x00000001019e4000 	/Users/jonathan/.openjfx/cache/17.0.1/libprism_es2.dylib
0x000000018eff6000 	/System/Library/PrivateFrameworks/CoreServicesInternal.framework/Versions/A/CoreServicesInternal
0x00000001edc38000 	/System/Library/Frameworks/OpenGL.framework/Versions/A/Resources/GLEngine.bundle/GLEngine
0x00000001edabf000 	/System/Library/Frameworks/OpenGL.framework/Versions/A/Libraries/libGLProgrammability.dylib
0x0000000122248000 	/System/Library/Extensions/AppleMetalOpenGLRenderer.bundle/Contents/MacOS/AppleMetalOpenGLRenderer
0x00000001edda7000 	/System/Library/Frameworks/OpenGL.framework/Versions/A/Resources/GLRendererFloat.bundle/GLRendererFloat
0x00000001ede48000 	/System/Library/Extensions/AGXMetal13_3.bundle/Contents/MacOS/AGXMetal13_3
0x00000001ac11b000 	/System/Library/PrivateFrameworks/GPURawCounter.framework/Versions/A/GPURawCounter
0x00000001a6ba9000 	/System/Library/PrivateFrameworks/IOGPU.framework/Versions/A/IOGPU
0x000000011f6f0000 	/Users/jonathan/.openjfx/cache/17.0.1/libglass.dylib
0x000000019e3f9000 	/System/Library/Frameworks/FileProvider.framework/Versions/A/FileProvider
0x0000000192c74000 	/System/Library/Frameworks/Accounts.framework/Versions/A/Accounts
0x000000019e579000 	/System/Library/PrivateFrameworks/GenerationalStorage.framework/Versions/A/GenerationalStorage
0x000000019f12f000 	/System/Library/PrivateFrameworks/CoreSymbolication.framework/Versions/A/CoreSymbolication
0x000000019e199000 	/System/Library/PrivateFrameworks/SymptomDiagnosticReporter.framework/Versions/A/SymptomDiagnosticReporter
0x00000001902e2000 	/System/Library/PrivateFrameworks/DesktopServicesPriv.framework/Versions/A/DesktopServicesPriv
0x000000018f156000 	/usr/lib/libsandbox.1.dylib
0x0000000193c94000 	/System/Library/PrivateFrameworks/UserManagement.framework/Versions/A/UserManagement
0x000000019f0f0000 	/System/Library/PrivateFrameworks/DebugSymbols.framework/Versions/A/DebugSymbols
0x000000019a079000 	/System/Library/PrivateFrameworks/NetAuth.framework/Versions/A/NetAuth
0x000000019af7c000 	/System/Library/PrivateFrameworks/Sharing.framework/Versions/A/Sharing
0x0000000193c64000 	/System/Library/PrivateFrameworks/login.framework/Versions/A/Frameworks/loginsupport.framework/Versions/A/loginsupport
0x00000001a02a8000 	/System/Library/PrivateFrameworks/Apple80211.framework/Versions/A/Apple80211
0x0000000196d63000 	/System/Library/PrivateFrameworks/AuthKit.framework/Versions/A/AuthKit
0x00000001963f1000 	/System/Library/PrivateFrameworks/CoreUtils.framework/Versions/A/CoreUtils
0x0000000196311000 	/System/Library/Frameworks/CoreWLAN.framework/Versions/A/CoreWLAN
0x000000019b0e6000 	/System/Library/Frameworks/IOBluetooth.framework/Versions/A/IOBluetooth
0x00000001a0308000 	/System/Library/PrivateFrameworks/CoreWiFi.framework/Versions/A/CoreWiFi
0x000000019ecd7000 	/System/Library/PrivateFrameworks/FrontBoardServices.framework/Versions/A/FrontBoardServices
0x000000019ed6f000 	/System/Library/PrivateFrameworks/BoardServices.framework/Versions/A/BoardServices
0x000000019660c000 	/System/Library/PrivateFrameworks/AssertionServices.framework/Versions/A/AssertionServices
0x00000001a0476000 	/System/Library/PrivateFrameworks/BackBoardServices.framework/Versions/A/BackBoardServices
0x000000019a4eb000 	/System/Library/PrivateFrameworks/CorePhoneNumbers.framework/Versions/A/CorePhoneNumbers
0x000000019e2c9000 	/System/Library/PrivateFrameworks/DiskManagement.framework/Versions/A/DiskManagement
0x000000019e1cc000 	/System/Library/PrivateFrameworks/AppleIDAuthSupport.framework/Versions/A/AppleIDAuthSupport
0x00000001f1a46000 	/System/Library/PrivateFrameworks/AAAFoundation.framework/Versions/A/AAAFoundation
0x000000019a4ca000 	/System/Library/PrivateFrameworks/KeychainCircle.framework/Versions/A/KeychainCircle
0x000000019e295000 	/System/Library/PrivateFrameworks/MediaKit.framework/Versions/A/MediaKit
0x000000019e1d9000 	/System/Library/Frameworks/DiscRecording.framework/Versions/A/DiscRecording
0x0000000197bc2000 	/usr/lib/libCoreStorage.dylib
0x00000001a0772000 	/usr/lib/libcsfde.dylib
0x000000019b1bb000 	/System/Library/PrivateFrameworks/ProtectedCloudStorage.framework/Versions/A/ProtectedCloudStorage
0x00000001a076a000 	/System/Library/PrivateFrameworks/EFILogin.framework/Versions/A/EFILogin
0x000000019e5a0000 	/System/Library/PrivateFrameworks/OctagonTrust.framework/Versions/A/OctagonTrust
0x00000001f6372000 	/System/Library/PrivateFrameworks/CoreUtilsExtras.framework/Versions/A/CoreUtilsExtras
0x000000019e10e000 	/System/Library/Frameworks/CoreBluetooth.framework/Versions/A/CoreBluetooth
0x00000001a0deb000 	/System/Library/Frameworks/AudioUnit.framework/Versions/A/AudioUnit
0x0000000197bba000 	/usr/lib/libMatch.1.dylib
0x00000001b0411000 	/System/Library/Frameworks/Accelerate.framework/Versions/A/Frameworks/vImage.framework/Versions/A/Libraries/libCGInterfaces.dylib
0x00000001234fc000 	/usr/lib/libobjc-trampolines.dylib
0x0000000193961000 	/System/Library/PrivateFrameworks/ViewBridge.framework/Versions/A/ViewBridge
0x0000000125138000 	/Users/jonathan/.openjfx/cache/17.0.1/libjavafx_font.dylib
0x000000019830b000 	/System/Library/PrivateFrameworks/login.framework/Versions/A/login
0x00000002099dc000 	/usr/lib/libRosetta.dylib


VM Arguments:
jvm_args: --module-path=/Users/jonathan/.m2/repository/org/openjfx/javafx-base/17.0.1/javafx-base-17.0.1-mac-aarch64.jar:/Users/jonathan/.m2/repository/org/openjfx/javafx-base/17.0.1/javafx-base-17.0.1.jar:/Users/jonathan/.m2/repository/org/openjfx/javafx-controls/17.0.1/javafx-controls-17.0.1-mac-aarch64.jar:/Users/jonathan/.m2/repository/org/openjfx/javafx-controls/17.0.1/javafx-controls-17.0.1.jar:/Users/jonathan/.m2/repository/org/openjfx/javafx-fxml/17.0.1/javafx-fxml-17.0.1-mac-aarch64.jar:/Users/jonathan/.m2/repository/org/openjfx/javafx-fxml/17.0.1/javafx-fxml-17.0.1.jar:/Users/jonathan/.m2/repository/org/openjfx/javafx-graphics/17.0.1/javafx-graphics-17.0.1-mac-aarch64.jar:/Users/jonathan/.m2/repository/org/openjfx/javafx-graphics/17.0.1/javafx-graphics-17.0.1.jar --add-modules=javafx.base,javafx.controls,javafx.fxml,javafx.graphics 
java_command: FXBaseTestScreen
java_class_path (initial): /Users/jonathan/Documents/CavesAndCarnevores/target/classes:/Users/jonathan/.m2/repository/commons-io/commons-io/2.1/commons-io-2.1.jar:/Users/jonathan/.m2/repository/org/json/json/20160810/json-20160810.jar
Launcher Type: SUN_STANDARD

[Global flags]
     intx CICompilerCount                          = 4                                         {product} {ergonomic}
     uint ConcGCThreads                            = 2                                         {product} {ergonomic}
     uint G1ConcRefinementThreads                  = 8                                         {product} {ergonomic}
   size_t G1HeapRegionSize                         = 1048576                                   {product} {ergonomic}
    uintx GCDrainStackTargetSize                   = 64                                        {product} {ergonomic}
   size_t InitialHeapSize                          = 134217728                                 {product} {ergonomic}
   size_t MarkStackSize                            = 4194304                                   {product} {ergonomic}
   size_t MaxHeapSize                              = 2147483648                                {product} {ergonomic}
   size_t MaxNewSize                               = 1287651328                                {product} {ergonomic}
   size_t MinHeapDeltaBytes                        = 1048576                                   {product} {ergonomic}
   size_t MinHeapSize                              = 8388608                                   {product} {ergonomic}
    uintx NonNMethodCodeHeapSize                   = 5839564                                {pd product} {ergonomic}
    uintx NonProfiledCodeHeapSize                  = 122909338                              {pd product} {ergonomic}
    uintx ProfiledCodeHeapSize                     = 122909338                              {pd product} {ergonomic}
    uintx ReservedCodeCacheSize                    = 251658240                              {pd product} {ergonomic}
     bool SegmentedCodeCache                       = true                                      {product} {ergonomic}
   size_t SoftMaxHeapSize                          = 2147483648                             {manageable} {ergonomic}
     bool UseCompressedClassPointers               = true                           {product lp64_product} {ergonomic}
     bool UseCompressedOops                        = true                           {product lp64_product} {ergonomic}
     bool UseG1GC                                  = true                                      {product} {ergonomic}
     bool UseNUMA                                  = false                                     {product} {ergonomic}
     bool UseNUMAInterleaving                      = false                                     {product} {ergonomic}

Logging:
Log output configuration:
 #0: stdout all=warning uptime,level,tags
 #1: stderr all=off uptime,level,tags

Environment Variables:
PATH=/usr/local/bin:/usr/bin:/bin:/usr/sbin:/sbin
SHELL=/bin/zsh
LC_CTYPE=en_SE.UTF-8
TMPDIR=/var/folders/p5/jq56pr1j0lv2mqrz1z8nftch0000gn/T/

Signal Handlers:
   SIGSEGV: _ZL13crash_handleriP9__siginfoPv in libjvm.dylib, mask=11100110000111110111111111111111, flags=SA_RESTART|SA_SIGINFO
    SIGBUS: _ZL13crash_handleriP9__siginfoPv in libjvm.dylib, mask=11100110000111110111111111111111, flags=SA_RESTART|SA_SIGINFO
    SIGFPE: _ZL13crash_handleriP9__siginfoPv in libjvm.dylib, mask=11100110000111110111111111111111, flags=SA_RESTART|SA_SIGINFO
   SIGPIPE: _ZL17javaSignalHandleriP9__siginfoPv in libjvm.dylib, mask=11100110000111110111111111111111, flags=SA_RESTART|SA_SIGINFO
   SIGXFSZ: _ZL17javaSignalHandleriP9__siginfoPv in libjvm.dylib, mask=11100110000111110111111111111111, flags=SA_RESTART|SA_SIGINFO
    SIGILL: _ZL13crash_handleriP9__siginfoPv in libjvm.dylib, mask=11100110000111110111111111111111, flags=SA_RESTART|SA_SIGINFO
   SIGUSR2: _ZL10SR_handleriP9__siginfoP17__darwin_ucontext in libjvm.dylib, mask=00100000000000000000000000000000, flags=SA_RESTART|SA_SIGINFO
    SIGHUP: _ZL11UserHandleriPvS_ in libjvm.dylib, mask=11100110000111110111111111111111, flags=SA_RESTART|SA_SIGINFO
    SIGINT: _ZL11UserHandleriPvS_ in libjvm.dylib, mask=11100110000111110111111111111111, flags=SA_RESTART|SA_SIGINFO
   SIGTERM: _ZL11UserHandleriPvS_ in libjvm.dylib, mask=11100110000111110111111111111111, flags=SA_RESTART|SA_SIGINFO
   SIGQUIT: _ZL11UserHandleriPvS_ in libjvm.dylib, mask=11100110000111110111111111111111, flags=SA_RESTART|SA_SIGINFO
  *** Handler was modified!
  *** Expected: _ZL17javaSignalHandleriP9__siginfoPv in libjvm.dylib, mask=11100110100111111111111111111111, flags=SA_RESTART|SA_SIGINFO
   SIGTRAP: _ZL13crash_handleriP9__siginfoPv in libjvm.dylib, mask=11100110000111110111111111111111, flags=SA_RESTART|SA_SIGINFO


---------------  S Y S T E M  ---------------

OS:
uname: Darwin 21.3.0 Darwin Kernel Version 21.3.0: Wed Jan  5 21:37:58 PST 2022; root:xnu-8019.80.24~20/RELEASE_ARM64_T8101 arm64
OS uptime: 1 days 20:06 hours
rlimit (soft/hard): STACK 8176k/65520k , CORE 0k/infinity , NPROC 1333/2000 , NOFILE 10240/infinity , AS infinity/infinity , CPU infinity/infinity , DATA infinity/infinity , FSIZE infinity/infinity , MEMLOCK infinity/infinity , RSS infinity/infinity
load average: 1.47 1.51 1.59

CPU: total 8 (initial active 8) 0x61:0x0:0x1b588bb3:0, fp, simd, crc, lse

Memory: 16k page, physical 8388608k(92736k free), swap 1048576k(881920k free)

vm_info: OpenJDK 64-Bit Server VM (17.0.4.1+9-LTS) for bsd-aarch64 JRE (17.0.4.1+9-LTS), built on Aug 12 2022 17:23:37 by "ec2user" with clang Apple LLVM 13.0.0 (clang-1300.0.29.30)

END.
