#
# A fatal error has been detected by the Java Runtime Environment:
#
#  SIGBUS (0xa) at pc=0x000000010c9714f0, pid=89937, tid=36623
#
# JRE version: OpenJDK Runtime Environment Corretto-17.0.4.9.1 (17.0.4.1+9) (build 17.0.4.1+9-LTS)
# Java VM: OpenJDK 64-Bit Server VM Corretto-17.0.4.9.1 (17.0.4.1+9-LTS, mixed mode, sharing, tiered, compressed oops, compressed class ptrs, g1 gc, bsd-aarch64)
# Problematic frame:
# v  ~StubRoutines::SafeFetchN
#
# No core dump will be written. Core dumps have been disabled. To enable core dumping, try "ulimit -c unlimited" before starting Java again
#
# If you would like to submit a bug report, please visit:
#   https://github.com/corretto/corretto-17/issues/
# The crash happened outside the Java Virtual Machine in native code.
# See problematic frame for where to report the bug.
#

---------------  S U M M A R Y ------------

Command Line: --module-path=/Users/jonathan/.m2/repository/org/openjfx/javafx-base/17.0.1/javafx-base-17.0.1-mac-aarch64.jar:/Users/jonathan/.m2/repository/org/openjfx/javafx-base/17.0.1/javafx-base-17.0.1.jar:/Users/jonathan/.m2/repository/org/openjfx/javafx-controls/17.0.1/javafx-controls-17.0.1-mac-aarch64.jar:/Users/jonathan/.m2/repository/org/openjfx/javafx-controls/17.0.1/javafx-controls-17.0.1.jar:/Users/jonathan/.m2/repository/org/openjfx/javafx-fxml/17.0.1/javafx-fxml-17.0.1-mac-aarch64.jar:/Users/jonathan/.m2/repository/org/openjfx/javafx-fxml/17.0.1/javafx-fxml-17.0.1.jar:/Users/jonathan/.m2/repository/org/openjfx/javafx-graphics/17.0.1/javafx-graphics-17.0.1-mac-aarch64.jar:/Users/jonathan/.m2/repository/org/openjfx/javafx-graphics/17.0.1/javafx-graphics-17.0.1.jar --add-modules=javafx.base,javafx.controls,javafx.fxml,javafx.graphics FXBaseTestScreen

Host: "MacBookAir10,1" arm64, 8 cores, 8G, Darwin 21.3.0, macOS 12.2.1 (21D62)
Time: Fri Oct 14 09:28:35 2022 CEST elapsed time: 13.917642 seconds (0d 0h 0m 13s)

---------------  T H R E A D  ---------------

Current thread (0x00000001259a2200):  JavaThread "InvokeLaterDispatcher" daemon [_thread_in_native, id=36623, stack(0x000000016fb30000,0x000000016fd33000)]

Stack: [0x000000016fb30000,0x000000016fd33000],  sp=0x000000016fd32790,  free space=2057k
Native frames: (J=compiled Java code, j=interpreted, Vv=VM code, C=native code)
v  ~StubRoutines::SafeFetchN
V  [libjvm.dylib+0x7b8240]  _ZN10OopStorage7releaseEPKP7oopDesc+0x20
V  [libjvm.dylib+0x4c92e0]  jni_DeleteGlobalRef+0xd8
C  [libglass.dylib+0xab08]  -[GlassRunnable dealloc]+0x34
C  [Foundation+0x84c7c]  -[_NSThreadPerformInfo dealloc]+0x30
C  [Foundation+0x51578]  -[NSObject(NSThreadPerformAdditions) performSelectorOnMainThread:withObject:waitUntilDone:]+0x88
C  0xf45f80010c9798ac
j  com.sun.glass.ui.mac.MacApplication.submitForLaterInvocation(Ljava/lang/Runnable;)V+2 javafx.graphics
j  com.sun.glass.ui.InvokeLaterDispatcher.run()V+82 javafx.graphics
v  ~StubRoutines::call_stub
V  [libjvm.dylib+0x46e49c]  _ZN9JavaCalls11call_helperEP9JavaValueRK12methodHandleP17JavaCallArgumentsP10JavaThread+0x390
V  [libjvm.dylib+0x46d508]  _ZN9JavaCalls12call_virtualEP9JavaValueP5KlassP6SymbolS5_P17JavaCallArgumentsP10JavaThread+0xf8
V  [libjvm.dylib+0x46d5d0]  _ZN9JavaCalls12call_virtualEP9JavaValue6HandleP5KlassP6SymbolS6_P10JavaThread+0x64
V  [libjvm.dylib+0x5227d4]  _ZL12thread_entryP10JavaThreadS0_+0xc4
V  [libjvm.dylib+0x9a3054]  _ZN10JavaThread17thread_main_innerEv+0x14c
V  [libjvm.dylib+0x9a16e0]  _ZN6Thread8call_runEv+0x128
V  [libjvm.dylib+0x7bf218]  _ZL19thread_native_entryP6Thread+0x158
C  [libsystem_pthread.dylib+0x7240]  _pthread_start+0x94

Java frames: (J=compiled Java code, j=interpreted, Vv=VM code)
j  com.sun.glass.ui.mac.MacApplication._submitForLaterInvocation(Ljava/lang/Runnable;)V+0 javafx.graphics
j  com.sun.glass.ui.mac.MacApplication.submitForLaterInvocation(Ljava/lang/Runnable;)V+2 javafx.graphics
j  com.sun.glass.ui.InvokeLaterDispatcher.run()V+82 javafx.graphics
v  ~StubRoutines::call_stub

siginfo: si_signo: 10 (SIGBUS), si_code: 1 (BUS_ADRALN), si_addr: 0x000000010c9714f0

Register to memory mapping:

 x0=0x000000012560fc08 is a global jni handle
 x1=0x0 is NULL
 x2=0x0000000786f020a0 is an oop: com.sun.glass.ui.InvokeLaterDispatcher$Future 
{0x0000000786f020a0} - klass: 'com/sun/glass/ui/InvokeLaterDispatcher$Future'
 - ---- fields (total size 3 words):
 - private 'done' 'Z' @12  true
 - private final 'runnable' 'Ljava/lang/Runnable;' @16  a 'com/sun/javafx/application/PlatformImpl$$Lambda$101+0x0000000800c84e48'{0x00000007866ed988} (f0cddb31)
 - final synthetic 'this$0' 'Lcom/sun/glass/ui/InvokeLaterDispatcher;' @20  a 'com/sun/glass/ui/InvokeLaterDispatcher'{0x0000000785451630} (f0a8a2c6)
 x3=0x0 is NULL
 x4=0x00000000000130a8 is an unknown value
 x5=0x0 is NULL
 x6=0x0 is NULL
 x7=0x0 is NULL
 x8=0x000000010c9714ec is at begin+0 in a stub
StubRoutines::SafeFetchN [0x000000010c9714ec, 0x000000010c9714f8] (12 bytes)
 x9=0x0 is NULL
x10=0x2010000030300000 is an unknown value
x11=0x0000000000000007 is an unknown value
x12=0x0000000000000007 is an unknown value
x13=0x0000600000b26060 points into unknown readable memory: 0x56738001b4289738 | 38 97 28 b4 01 80 73 56
x14=0x0000000000000001 is an unknown value
x15=0x0000000122545f98: OBJC_CLASS_$_GlassRunnable+0 in /Users/jonathan/.openjfx/cache/17.0.1/libglass.dylib at 0x0000000122500000
x16=0x00000001b32f8094: pthread_getspecific+0 in /usr/lib/system/libsystem_pthread.dylib at 0x00000001b32f6000
x17=0x0000600000e21420 points into unknown readable memory: 0xfffffffffffffffe | fe ff ff ff ff ff ff ff
x18=0x0 is NULL
x19=0x0000600000e29880 points into unknown readable memory: 0x000060000272dab0 | b0 da 72 02 00 60 00 00
x20=0x000000012560fa00 points into unknown readable memory: 0x0000000000000000 | 00 00 00 00 00 00 00 00
x21=0x000000012560fc08 is a global jni handle
x22=0x00000001259a2200 is a thread
x23=0x0000000000000001 is an unknown value
x24=0x000000012560fbc0 is a global jni handle
x25=0x0000000104b44ae8: _ZN12StubRoutines17_safefetchN_entryE+0 in /Users/jonathan/Library/Java/JavaVirtualMachines/corretto-17.0.4.1/Contents/Home/lib/server/libjvm.dylib at 0x0000000103ee0000
x26=0x0000000122114b58 is pointing into metadata
x27=0x0 is NULL
x28=0x00000001259a2200 is a thread


Registers:
 x0=0x000000012560fc08  x1=0x0000000000000000  x2=0x0000000786f020a0  x3=0x0000000000000000
 x4=0x00000000000130a8  x5=0x0000000000000000  x6=0x0000000000000000  x7=0x0000000000000000
 x8=0x000000010c9714ec  x9=0x0000000000000000 x10=0x2010000030300000 x11=0x0000000000000007
x12=0x0000000000000007 x13=0x0000600000b26060 x14=0x0000000000000001 x15=0x0000000122545f98
x16=0x00000001b32f8094 x17=0x0000600000e21420 x18=0x0000000000000000 x19=0x0000600000e29880
x20=0x000000012560fa00 x21=0x000000012560fc08 x22=0x00000001259a2200 x23=0x0000000000000001
x24=0x000000012560fbc0 x25=0x0000000104b44ae8 x26=0x0000000122114b58 x27=0x0000000000000000
x28=0x00000001259a2200  fp=0x000000016fd327d0  lr=0x000000010469701c  sp=0x000000016fd32790
pc=0x000000010c9714f0 cpsr=0x0000000060001000
Top of Stack: (sp=0x000000016fd32790)
0x000000016fd32790:   0000000122114b58 0000000000000001
0x000000016fd327a0:   00000001268f0738 0000000000000000
0x000000016fd327b0:   00000001268f06a8 000000012560fbc0
0x000000016fd327c0:   000000012560fbc0 0000600000e29880
0x000000016fd327d0:   000000016fd32810 0000000104698240
0x000000016fd327e0:   0000000000000001 000000012560fbc0
0x000000016fd327f0:   00000001268f06a8 000000012560fbc0
0x000000016fd32800:   0000000000000001 00000001268f0400
0x000000016fd32810:   000000016fd32850 00000001043a92e0
0x000000016fd32820:   000000016fd32998 0000600002731820
0x000000016fd32830:   0000600002731860 00000001fd8729e3
0x000000016fd32840:   0000000000000000 0000600002731860
0x000000016fd32850:   000000016fd32880 000000012250ab08
0x000000016fd32860:   6d80519c2b5c000c 0000000000000000
0x000000016fd32870:   0000000000000000 000060000300ac40
0x000000016fd32880:   000000016fd328c0 00000001b42bcc7c
0x000000016fd32890:   000000016fd32998 0000600002731820
0x000000016fd328a0:   0000600002731860 6d80519c2b5c000c
0x000000016fd328b0:   0000000000000000 0000000000000000
0x000000016fd328c0:   000000016fd32900 fa6c0001b4289578
0x000000016fd328d0:   000000016fd32998 000000010c9787c0
0x000000016fd328e0:   0000000000000000 0000000104b4c4a8
0x000000016fd328f0:   000000016fd32910 000000010c977730
0x000000016fd32900:   000000016fd32970 f45f80010c9798ac
0x000000016fd32910:   0000000000000000 00000007814fc0c8
0x000000016fd32920:   000000016fd32920 0000000000000000
0x000000016fd32930:   000000016fd32998 0000000122114b58
0x000000016fd32940:   0000000785421b40 0000000000000000
0x000000016fd32950:   0000000000000000 00000001220f0848
0x000000016fd32960:   0000000000000000 000000016fd32970
0x000000016fd32970:   000000016fd329f0 000000010c975fc8
0x000000016fd32980:   0000000000000000 0000000000000000 

Instructions: (pc=0x000000010c9714f0)
0x000000010c9713f0:   f2a09629 f2c00029 6d425935 1e640886
0x000000010c971400:   0c402d31 1e6408c7 1f5654d0 1e6c1017
0x000000010c971410:   1f5050d0 1f504cd0 1f5048d0 1e650af6
0x000000010c971420:   1f50d8f6 1f5694d6 1f5158f6 1e762880
0x000000010c971430:   36000501 1e614000 14000026 2e251ca5
0x000000010c971440:   d2823009 f2a09629 f2c00029 6d425d36
0x000000010c971450:   1e600806 0c402d32 1f5758c7 1e6c101a
0x000000010c971460:   1f4754c7 1e650805 1f4750c7 d2866668
0x000000010c971470:   f2a7fa68 1f474cc7 1e6608c0 1f4748c7
0x000000010c971480:   1e6e1019 eb08007f 540000ac 1f479400
0x000000010c971490:   1f460340 1e603b20 1400000e d2a7fd29
0x000000010c9714a0:   eb09007f 540000ac 51480069 d3607d29
0x000000010c9714b0:   9e670121 14000002 1e6a5001 1f679417
0x000000010c9714c0:   1f668742 1e613b23 1e773857 1e773860
0x000000010c9714d0:   a8c17ff3 910003bf a8c17bfd d65f03c0
0x000000010c9714e0:   b9400001 aa0103e0 d65f03c0 f9400001
0x000000010c9714f0:   aa0103e0 d65f03c0 00000000 00000000
0x000000010c971500:   00000000 00000000 00000000 00000000
0x000000010c971510:   00000000 00000000 00000000 00000000
0x000000010c971520:   00000000 00000000 00000000 00000000
0x000000010c971530:   00000000 00000000 00000000 00000000
0x000000010c971540:   00000000 00000000 00000000 00000000
0x000000010c971550:   00000000 00000000 00000000 00000000
0x000000010c971560:   00000000 00000000 00000000 00000000
0x000000010c971570:   00000000 00000000 00000000 00000000
0x000000010c971580:   00000000 00000000 00000000 00000000
0x000000010c971590:   00000000 00000000 00000000 00000000
0x000000010c9715a0:   00000000 00000000 00000000 00000000
0x000000010c9715b0:   00000000 00000000 00000000 00000000
0x000000010c9715c0:   00000000 00000000 00000000 00000000
0x000000010c9715d0:   00000000 00000000 00000000 00000000
0x000000010c9715e0:   00000000 00000000 00000000 00000000 


Stack slot to memory mapping:
stack at sp + 0 slots: 0x0000000122114b58 is pointing into metadata
stack at sp + 1 slots: 0x0000000000000001 is an unknown value
stack at sp + 2 slots: 0x00000001268f0738 points into unknown readable memory: 0x0000006d00000004 | 04 00 00 00 6d 00 00 00
stack at sp + 3 slots: 0x0 is NULL
stack at sp + 4 slots: 0x00000001268f06a8 points into unknown readable memory: 0x0000000104afe8d0 | d0 e8 af 04 01 00 00 00
stack at sp + 5 slots: 0x000000012560fbc0 is a global jni handle
stack at sp + 6 slots: 0x000000012560fbc0 is a global jni handle
stack at sp + 7 slots: 0x0000600000e29880 points into unknown readable memory: 0x000060000272dab0 | b0 da 72 02 00 60 00 00

StubRoutines::SafeFetchN [0x000000010c9714ec, 0x000000010c9714f8] (12 bytes)
[MachCode]
  0x000000010c9714ec: 0100 40f9 | e003 01aa | c003 5fd6 
[/MachCode]

---------------  P R O C E S S  ---------------

Threads class SMR info:
_java_thread_list=0x0000600002428b60, length=18, elements={
0x0000000126008800, 0x000000012680ce00, 0x000000012680d400, 0x0000000126811000,
0x0000000126811600, 0x0000000126009c00, 0x000000012600b400, 0x000000012600ba00,
0x0000000122808200, 0x0000000126887200, 0x0000000122896800, 0x000000012580e600,
0x00000001259a2200, 0x00000001268f0400, 0x00000001229d4400, 0x00000001229cba00,
0x0000000125c6da00, 0x0000000127813a00
}

Java Threads: ( => current thread )
  0x0000000126008800 JavaThread "main" [_thread_blocked, id=5891, stack(0x000000016d334000,0x000000016d537000)]
  0x000000012680ce00 JavaThread "Reference Handler" daemon [_thread_blocked, id=16387, stack(0x000000016e188000,0x000000016e38b000)]
  0x000000012680d400 JavaThread "Finalizer" daemon [_thread_blocked, id=15875, stack(0x000000016e394000,0x000000016e597000)]
  0x0000000126811000 JavaThread "Signal Dispatcher" daemon [_thread_blocked, id=23299, stack(0x000000016e6b8000,0x000000016e8bb000)]
  0x0000000126811600 JavaThread "Service Thread" daemon [_thread_blocked, id=42755, stack(0x000000016e8c4000,0x000000016eac7000)]
  0x0000000126009c00 JavaThread "Monitor Deflation Thread" daemon [_thread_blocked, id=24067, stack(0x000000016ead0000,0x000000016ecd3000)]
  0x000000012600b400 JavaThread "C2 CompilerThread0" daemon [_thread_in_native, id=24579, stack(0x000000016ecdc000,0x000000016eedf000)]
  0x000000012600ba00 JavaThread "C1 CompilerThread0" daemon [_thread_blocked, id=25091, stack(0x000000016eee8000,0x000000016f0eb000)]
  0x0000000122808200 JavaThread "Sweeper thread" daemon [_thread_blocked, id=25347, stack(0x000000016f0f4000,0x000000016f2f7000)]
  0x0000000126887200 JavaThread "Common-Cleaner" daemon [_thread_blocked, id=42243, stack(0x000000016f300000,0x000000016f503000)]
  0x0000000122896800 JavaThread "Notification Thread" daemon [_thread_blocked, id=41731, stack(0x000000016f50c000,0x000000016f70f000)]
  0x000000012580e600 JavaThread "QuantumRenderer-0" daemon [_thread_in_Java, id=41475, stack(0x000000016f924000,0x000000016fb27000)]
=>0x00000001259a2200 JavaThread "InvokeLaterDispatcher" daemon [_thread_in_native, id=36623, stack(0x000000016fb30000,0x000000016fd33000)]
  0x00000001268f0400 JavaThread "JavaFX Application Thread" [_thread_in_native, id=259, stack(0x000000016caac000,0x000000016d2a8000)]
  0x00000001229d4400 JavaThread "JavaFX-Launcher" [_thread_blocked, id=78619, stack(0x000000016ffd4000,0x00000001701d7000)]
  0x00000001229cba00 JavaThread "Prism Font Disposer" daemon [_thread_blocked, id=57923, stack(0x0000000170c1c000,0x0000000170e1f000)]
  0x0000000125c6da00 JavaThread "Cleaner-0" daemon [_thread_blocked, id=58115, stack(0x0000000170e28000,0x000000017102b000)]
  0x0000000127813a00 JavaThread "PulseTimer-CVDisplayLink thread" daemon [_thread_in_native, id=79055, stack(0x000000016fd3c000,0x000000016fdbf000)]

Other Threads:
  0x000000012560e640 VMThread "VM Thread" [stack: 0x000000016df7c000,0x000000016e17f000] [id=16899]
  0x0000000103d227f0 WatcherThread [stack: 0x000000016f718000,0x000000016f91b000] [id=26115]
  0x0000000125607f20 GCTaskThread "GC Thread#0" [stack: 0x000000016d540000,0x000000016d743000] [id=19715]
  0x0000000127019030 GCTaskThread "GC Thread#1" [stack: 0x00000001701e0000,0x00000001703e3000] [id=54535]
  0x00000001270192e0 GCTaskThread "GC Thread#2" [stack: 0x00000001703ec000,0x00000001705ef000] [id=75011]
  0x0000000127019b50 GCTaskThread "GC Thread#3" [stack: 0x00000001705f8000,0x00000001707fb000] [id=55555]
  0x000000012701a3c0 GCTaskThread "GC Thread#4" [stack: 0x0000000170804000,0x0000000170a07000] [id=55811]
  0x000000012701ac30 GCTaskThread "GC Thread#5" [stack: 0x0000000170a10000,0x0000000170c13000] [id=74499]
  0x000000012566b660 GCTaskThread "GC Thread#6" [stack: 0x0000000173280000,0x0000000173483000] [id=63251]
  0x000000012566bae0 GCTaskThread "GC Thread#7" [stack: 0x000000017348c000,0x000000017368f000] [id=66315]
  0x00000001256085d0 ConcurrentGCThread "G1 Main Marker" [stack: 0x000000016d74c000,0x000000016d94f000] [id=12291]
  0x0000000125608e50 ConcurrentGCThread "G1 Conc#0" [stack: 0x000000016d958000,0x000000016db5b000] [id=13059]
  0x000000012560acc0 ConcurrentGCThread "G1 Refine#0" [stack: 0x000000016db64000,0x000000016dd67000] [id=13571]
  0x0000000127042ad0 ConcurrentGCThread "G1 Refine#1" [stack: 0x0000000173698000,0x000000017389b000] [id=64003]
  0x00000001226048e0 ConcurrentGCThread "G1 Refine#2" [stack: 0x00000001738a4000,0x0000000173aa7000] [id=64771]
  0x000000014b604390 ConcurrentGCThread "G1 Refine#3" [stack: 0x0000000173ab0000,0x0000000173cb3000] [id=65539]
  0x0000000103d4ab80 ConcurrentGCThread "G1 Refine#4" [stack: 0x0000000173cbc000,0x0000000173ebf000] [id=174339]
  0x000000012560b560 ConcurrentGCThread "G1 Service" [stack: 0x000000016dd70000,0x000000016df73000] [id=13827]

Threads with active compile tasks:
C2 CompilerThread0    13932 4681       4       com.sun.javafx.geom.AreaOp::pruneEdges (981 bytes)
C1 CompilerThread0    13932 4685       3       com.sun.javafx.sg.prism.NGText::renderText (523 bytes)

VM state: not at safepoint (normal execution)

VM Mutex/Monitor currently owned by a thread: None

Heap address: 0x0000000780000000, size: 2048 MB, Compressed Oops mode: Zero based, Oop shift amount: 3

CDS archive(s) mapped at: [0x0000000800000000-0x0000000800bd8000-0x0000000800bd8000), size 12419072, SharedBaseAddress: 0x0000000800000000, ArchiveRelocationMode: 0.
Compressed class space mapped at: 0x0000000800c00000-0x0000000840c00000, reserved size: 1073741824
Narrow klass base: 0x0000000800000000, Narrow klass shift: 0, Narrow klass range: 0x100000000

GC Precious Log:
 CPUs: 8 total, 8 available
 Memory: 8192M
 Large Page Support: Disabled
 NUMA Support: Disabled
 Compressed Oops: Enabled (Zero based)
 Heap Region Size: 1M
 Heap Min Capacity: 8M
 Heap Initial Capacity: 128M
 Heap Max Capacity: 2G
 Pre-touch: Disabled
 Parallel Workers: 8
 Concurrent Workers: 2
 Concurrent Refinement Workers: 8
 Periodic GC: Disabled

Heap:
 garbage-first heap   total 133120K, used 57073K [0x0000000780000000, 0x0000000800000000)
  region size 1024K, 35 young (35840K), 6 survivors (6144K)
 Metaspace       used 18256K, committed 18496K, reserved 1064960K
  class space    used 2639K, committed 2752K, reserved 1048576K

Heap Regions: E=young(eden), S=young(survivor), O=old, HS=humongous(starts), HC=humongous(continues), CS=collection set, F=free, OA=open archive, CA=closed archive, TAMS=top-at-mark-start (previous, next)
|   0|0x0000000780000000, 0x0000000780100000, 0x0000000780100000|100%| O|  |TAMS 0x0000000780000000, 0x0000000780000000| Untracked 
|   1|0x0000000780100000, 0x0000000780200000, 0x0000000780200000|100%|HS|  |TAMS 0x0000000780100000, 0x0000000780100000| Complete 
|   2|0x0000000780200000, 0x0000000780300000, 0x0000000780300000|100%|HC|  |TAMS 0x0000000780200000, 0x0000000780200000| Complete 
|   3|0x0000000780300000, 0x0000000780400000, 0x0000000780400000|100%|HC|  |TAMS 0x0000000780300000, 0x0000000780300000| Complete 
|   4|0x0000000780400000, 0x0000000780500000, 0x0000000780500000|100%|HC|  |TAMS 0x0000000780400000, 0x0000000780400000| Complete 
|   5|0x0000000780500000, 0x0000000780600000, 0x0000000780600000|100%|HC|  |TAMS 0x0000000780500000, 0x0000000780500000| Complete 
|   6|0x0000000780600000, 0x0000000780700000, 0x0000000780700000|100%|HC|  |TAMS 0x0000000780600000, 0x0000000780600000| Complete 
|   7|0x0000000780700000, 0x0000000780800000, 0x0000000780800000|100%|HS|  |TAMS 0x0000000780700000, 0x0000000780700000| Complete 
|   8|0x0000000780800000, 0x0000000780900000, 0x0000000780900000|100%|HC|  |TAMS 0x0000000780800000, 0x0000000780800000| Complete 
|   9|0x0000000780900000, 0x0000000780a00000, 0x0000000780a00000|100%|HS|  |TAMS 0x0000000780900000, 0x0000000780900000| Complete 
|  10|0x0000000780a00000, 0x0000000780b00000, 0x0000000780b00000|100%|HC|  |TAMS 0x0000000780a00000, 0x0000000780a00000| Complete 
|  11|0x0000000780b00000, 0x0000000780c00000, 0x0000000780c00000|100%|HS|  |TAMS 0x0000000780b00000, 0x0000000780b00000| Complete 
|  12|0x0000000780c00000, 0x0000000780d00000, 0x0000000780d00000|100%|HC|  |TAMS 0x0000000780c00000, 0x0000000780c00000| Complete 
|  13|0x0000000780d00000, 0x0000000780e00000, 0x0000000780e00000|100%|HS|  |TAMS 0x0000000780d00000, 0x0000000780d00000| Complete 
|  14|0x0000000780e00000, 0x0000000780f00000, 0x0000000780f00000|100%|HC|  |TAMS 0x0000000780e00000, 0x0000000780e00000| Complete 
|  15|0x0000000780f00000, 0x0000000780f00000, 0x0000000781000000|  0%| F|  |TAMS 0x0000000780f00000, 0x0000000780f00000| Untracked 
|  16|0x0000000781000000, 0x0000000781100000, 0x0000000781100000|100%|HS|  |TAMS 0x0000000781000000, 0x0000000781000000| Complete 
|  17|0x0000000781100000, 0x0000000781200000, 0x0000000781200000|100%|HC|  |TAMS 0x0000000781100000, 0x0000000781100000| Complete 
|  18|0x0000000781200000, 0x0000000781300000, 0x0000000781300000|100%|HS|  |TAMS 0x0000000781200000, 0x0000000781200000| Complete 
|  19|0x0000000781300000, 0x0000000781400000, 0x0000000781400000|100%|HC|  |TAMS 0x0000000781300000, 0x0000000781300000| Complete 
|  20|0x0000000781400000, 0x0000000781500000, 0x0000000781500000|100%| O|  |TAMS 0x0000000781400000, 0x0000000781400000| Untracked 
|  21|0x0000000781500000, 0x00000007815c4400, 0x0000000781600000| 76%| O|  |TAMS 0x0000000781500000, 0x0000000781500000| Untracked 
|  22|0x0000000781600000, 0x0000000781600000, 0x0000000781700000|  0%| F|  |TAMS 0x0000000781600000, 0x0000000781600000| Untracked 
|  23|0x0000000781700000, 0x0000000781700000, 0x0000000781800000|  0%| F|  |TAMS 0x0000000781700000, 0x0000000781700000| Untracked 
|  24|0x0000000781800000, 0x0000000781800000, 0x0000000781900000|  0%| F|  |TAMS 0x0000000781800000, 0x0000000781800000| Untracked 
|  25|0x0000000781900000, 0x0000000781900000, 0x0000000781a00000|  0%| F|  |TAMS 0x0000000781900000, 0x0000000781900000| Untracked 
|  26|0x0000000781a00000, 0x0000000781a00000, 0x0000000781b00000|  0%| F|  |TAMS 0x0000000781a00000, 0x0000000781a00000| Untracked 
|  27|0x0000000781b00000, 0x0000000781b00000, 0x0000000781c00000|  0%| F|  |TAMS 0x0000000781b00000, 0x0000000781b00000| Untracked 
|  28|0x0000000781c00000, 0x0000000781c00000, 0x0000000781d00000|  0%| F|  |TAMS 0x0000000781c00000, 0x0000000781c00000| Untracked 
|  29|0x0000000781d00000, 0x0000000781d00000, 0x0000000781e00000|  0%| F|  |TAMS 0x0000000781d00000, 0x0000000781d00000| Untracked 
|  30|0x0000000781e00000, 0x0000000781e00000, 0x0000000781f00000|  0%| F|  |TAMS 0x0000000781e00000, 0x0000000781e00000| Untracked 
|  31|0x0000000781f00000, 0x0000000781f00000, 0x0000000782000000|  0%| F|  |TAMS 0x0000000781f00000, 0x0000000781f00000| Untracked 
|  32|0x0000000782000000, 0x0000000782000000, 0x0000000782100000|  0%| F|  |TAMS 0x0000000782000000, 0x0000000782000000| Untracked 
|  33|0x0000000782100000, 0x0000000782100000, 0x0000000782200000|  0%| F|  |TAMS 0x0000000782100000, 0x0000000782100000| Untracked 
|  34|0x0000000782200000, 0x0000000782200000, 0x0000000782300000|  0%| F|  |TAMS 0x0000000782200000, 0x0000000782200000| Untracked 
|  35|0x0000000782300000, 0x0000000782300000, 0x0000000782400000|  0%| F|  |TAMS 0x0000000782300000, 0x0000000782300000| Untracked 
|  36|0x0000000782400000, 0x0000000782400000, 0x0000000782500000|  0%| F|  |TAMS 0x0000000782400000, 0x0000000782400000| Untracked 
|  37|0x0000000782500000, 0x0000000782500000, 0x0000000782600000|  0%| F|  |TAMS 0x0000000782500000, 0x0000000782500000| Untracked 
|  38|0x0000000782600000, 0x0000000782600000, 0x0000000782700000|  0%| F|  |TAMS 0x0000000782600000, 0x0000000782600000| Untracked 
|  39|0x0000000782700000, 0x0000000782700000, 0x0000000782800000|  0%| F|  |TAMS 0x0000000782700000, 0x0000000782700000| Untracked 
|  40|0x0000000782800000, 0x0000000782800000, 0x0000000782900000|  0%| F|  |TAMS 0x0000000782800000, 0x0000000782800000| Untracked 
|  41|0x0000000782900000, 0x0000000782900000, 0x0000000782a00000|  0%| F|  |TAMS 0x0000000782900000, 0x0000000782900000| Untracked 
|  42|0x0000000782a00000, 0x0000000782a00000, 0x0000000782b00000|  0%| F|  |TAMS 0x0000000782a00000, 0x0000000782a00000| Untracked 
|  43|0x0000000782b00000, 0x0000000782b00000, 0x0000000782c00000|  0%| F|  |TAMS 0x0000000782b00000, 0x0000000782b00000| Untracked 
|  44|0x0000000782c00000, 0x0000000782c00000, 0x0000000782d00000|  0%| F|  |TAMS 0x0000000782c00000, 0x0000000782c00000| Untracked 
|  45|0x0000000782d00000, 0x0000000782d00000, 0x0000000782e00000|  0%| F|  |TAMS 0x0000000782d00000, 0x0000000782d00000| Untracked 
|  46|0x0000000782e00000, 0x0000000782e00000, 0x0000000782f00000|  0%| F|  |TAMS 0x0000000782e00000, 0x0000000782e00000| Untracked 
|  47|0x0000000782f00000, 0x0000000782f00000, 0x0000000783000000|  0%| F|  |TAMS 0x0000000782f00000, 0x0000000782f00000| Untracked 
|  48|0x0000000783000000, 0x0000000783000000, 0x0000000783100000|  0%| F|  |TAMS 0x0000000783000000, 0x0000000783000000| Untracked 
|  49|0x0000000783100000, 0x0000000783100000, 0x0000000783200000|  0%| F|  |TAMS 0x0000000783100000, 0x0000000783100000| Untracked 
|  50|0x0000000783200000, 0x0000000783200000, 0x0000000783300000|  0%| F|  |TAMS 0x0000000783200000, 0x0000000783200000| Untracked 
|  51|0x0000000783300000, 0x0000000783300000, 0x0000000783400000|  0%| F|  |TAMS 0x0000000783300000, 0x0000000783300000| Untracked 
|  52|0x0000000783400000, 0x0000000783400000, 0x0000000783500000|  0%| F|  |TAMS 0x0000000783400000, 0x0000000783400000| Untracked 
|  53|0x0000000783500000, 0x0000000783500000, 0x0000000783600000|  0%| F|  |TAMS 0x0000000783500000, 0x0000000783500000| Untracked 
|  54|0x0000000783600000, 0x0000000783600000, 0x0000000783700000|  0%| F|  |TAMS 0x0000000783600000, 0x0000000783600000| Untracked 
|  55|0x0000000783700000, 0x0000000783700000, 0x0000000783800000|  0%| F|  |TAMS 0x0000000783700000, 0x0000000783700000| Untracked 
|  56|0x0000000783800000, 0x0000000783800000, 0x0000000783900000|  0%| F|  |TAMS 0x0000000783800000, 0x0000000783800000| Untracked 
|  57|0x0000000783900000, 0x0000000783900000, 0x0000000783a00000|  0%| F|  |TAMS 0x0000000783900000, 0x0000000783900000| Untracked 
|  58|0x0000000783a00000, 0x0000000783a00000, 0x0000000783b00000|  0%| F|  |TAMS 0x0000000783a00000, 0x0000000783a00000| Untracked 
|  59|0x0000000783b00000, 0x0000000783b00000, 0x0000000783c00000|  0%| F|  |TAMS 0x0000000783b00000, 0x0000000783b00000| Untracked 
|  60|0x0000000783c00000, 0x0000000783c00000, 0x0000000783d00000|  0%| F|  |TAMS 0x0000000783c00000, 0x0000000783c00000| Untracked 
|  61|0x0000000783d00000, 0x0000000783d00000, 0x0000000783e00000|  0%| F|  |TAMS 0x0000000783d00000, 0x0000000783d00000| Untracked 
|  62|0x0000000783e00000, 0x0000000783e00000, 0x0000000783f00000|  0%| F|  |TAMS 0x0000000783e00000, 0x0000000783e00000| Untracked 
|  63|0x0000000783f00000, 0x0000000783f00000, 0x0000000784000000|  0%| F|  |TAMS 0x0000000783f00000, 0x0000000783f00000| Untracked 
|  64|0x0000000784000000, 0x0000000784000000, 0x0000000784100000|  0%| F|  |TAMS 0x0000000784000000, 0x0000000784000000| Untracked 
|  65|0x0000000784100000, 0x0000000784100000, 0x0000000784200000|  0%| F|  |TAMS 0x0000000784100000, 0x0000000784100000| Untracked 
|  66|0x0000000784200000, 0x0000000784200000, 0x0000000784300000|  0%| F|  |TAMS 0x0000000784200000, 0x0000000784200000| Untracked 
|  67|0x0000000784300000, 0x0000000784300000, 0x0000000784400000|  0%| F|  |TAMS 0x0000000784300000, 0x0000000784300000| Untracked 
|  68|0x0000000784400000, 0x0000000784400000, 0x0000000784500000|  0%| F|  |TAMS 0x0000000784400000, 0x0000000784400000| Untracked 
|  69|0x0000000784500000, 0x0000000784500000, 0x0000000784600000|  0%| F|  |TAMS 0x0000000784500000, 0x0000000784500000| Untracked 
|  70|0x0000000784600000, 0x0000000784600000, 0x0000000784700000|  0%| F|  |TAMS 0x0000000784600000, 0x0000000784600000| Untracked 
|  71|0x0000000784700000, 0x0000000784700000, 0x0000000784800000|  0%| F|  |TAMS 0x0000000784700000, 0x0000000784700000| Untracked 
|  72|0x0000000784800000, 0x0000000784800000, 0x0000000784900000|  0%| F|  |TAMS 0x0000000784800000, 0x0000000784800000| Untracked 
|  73|0x0000000784900000, 0x0000000784900000, 0x0000000784a00000|  0%| F|  |TAMS 0x0000000784900000, 0x0000000784900000| Untracked 
|  74|0x0000000784a00000, 0x0000000784a00000, 0x0000000784b00000|  0%| F|  |TAMS 0x0000000784a00000, 0x0000000784a00000| Untracked 
|  75|0x0000000784b00000, 0x0000000784b00000, 0x0000000784c00000|  0%| F|  |TAMS 0x0000000784b00000, 0x0000000784b00000| Untracked 
|  76|0x0000000784c00000, 0x0000000784c00000, 0x0000000784d00000|  0%| F|  |TAMS 0x0000000784c00000, 0x0000000784c00000| Untracked 
|  77|0x0000000784d00000, 0x0000000784d00000, 0x0000000784e00000|  0%| F|  |TAMS 0x0000000784d00000, 0x0000000784d00000| Untracked 
|  78|0x0000000784e00000, 0x0000000784e00000, 0x0000000784f00000|  0%| F|  |TAMS 0x0000000784e00000, 0x0000000784e00000| Untracked 
|  79|0x0000000784f00000, 0x0000000785000000, 0x0000000785000000|100%| S|CS|TAMS 0x0000000784f00000, 0x0000000784f00000| Complete 
|  80|0x0000000785000000, 0x0000000785100000, 0x0000000785100000|100%| S|CS|TAMS 0x0000000785000000, 0x0000000785000000| Complete 
|  81|0x0000000785100000, 0x0000000785200000, 0x0000000785200000|100%| S|CS|TAMS 0x0000000785100000, 0x0000000785100000| Complete 
|  82|0x0000000785200000, 0x0000000785300000, 0x0000000785300000|100%| S|CS|TAMS 0x0000000785200000, 0x0000000785200000| Complete 
|  83|0x0000000785300000, 0x0000000785400000, 0x0000000785400000|100%| S|CS|TAMS 0x0000000785300000, 0x0000000785300000| Complete 
|  84|0x0000000785400000, 0x0000000785500000, 0x0000000785500000|100%| S|CS|TAMS 0x0000000785400000, 0x0000000785400000| Complete 
|  85|0x0000000785500000, 0x0000000785500000, 0x0000000785600000|  0%| F|  |TAMS 0x0000000785500000, 0x0000000785500000| Untracked 
|  86|0x0000000785600000, 0x0000000785600000, 0x0000000785700000|  0%| F|  |TAMS 0x0000000785600000, 0x0000000785600000| Untracked 
|  87|0x0000000785700000, 0x0000000785700000, 0x0000000785800000|  0%| F|  |TAMS 0x0000000785700000, 0x0000000785700000| Untracked 
|  88|0x0000000785800000, 0x0000000785800000, 0x0000000785900000|  0%| F|  |TAMS 0x0000000785800000, 0x0000000785800000| Untracked 
|  89|0x0000000785900000, 0x0000000785900000, 0x0000000785a00000|  0%| F|  |TAMS 0x0000000785900000, 0x0000000785900000| Untracked 
|  90|0x0000000785a00000, 0x0000000785a00000, 0x0000000785b00000|  0%| F|  |TAMS 0x0000000785a00000, 0x0000000785a00000| Untracked 
|  91|0x0000000785b00000, 0x0000000785b00000, 0x0000000785c00000|  0%| F|  |TAMS 0x0000000785b00000, 0x0000000785b00000| Untracked 
|  92|0x0000000785c00000, 0x0000000785c00000, 0x0000000785d00000|  0%| F|  |TAMS 0x0000000785c00000, 0x0000000785c00000| Untracked 
|  93|0x0000000785d00000, 0x0000000785d00000, 0x0000000785e00000|  0%| F|  |TAMS 0x0000000785d00000, 0x0000000785d00000| Untracked 
|  94|0x0000000785e00000, 0x0000000785e00000, 0x0000000785f00000|  0%| F|  |TAMS 0x0000000785e00000, 0x0000000785e00000| Untracked 
|  95|0x0000000785f00000, 0x0000000785f00000, 0x0000000786000000|  0%| F|  |TAMS 0x0000000785f00000, 0x0000000785f00000| Untracked 
|  96|0x0000000786000000, 0x0000000786000000, 0x0000000786100000|  0%| F|  |TAMS 0x0000000786000000, 0x0000000786000000| Untracked 
|  97|0x0000000786100000, 0x0000000786100000, 0x0000000786200000|  0%| F|  |TAMS 0x0000000786100000, 0x0000000786100000| Untracked 
|  98|0x0000000786200000, 0x0000000786200000, 0x0000000786300000|  0%| F|  |TAMS 0x0000000786200000, 0x0000000786200000| Untracked 
|  99|0x0000000786300000, 0x00000007863c5328, 0x0000000786400000| 77%| E|  |TAMS 0x0000000786300000, 0x0000000786300000| Complete 
| 100|0x0000000786400000, 0x0000000786500000, 0x0000000786500000|100%| E|CS|TAMS 0x0000000786400000, 0x0000000786400000| Complete 
| 101|0x0000000786500000, 0x0000000786600000, 0x0000000786600000|100%| E|CS|TAMS 0x0000000786500000, 0x0000000786500000| Complete 
| 102|0x0000000786600000, 0x0000000786700000, 0x0000000786700000|100%| E|CS|TAMS 0x0000000786600000, 0x0000000786600000| Complete 
| 103|0x0000000786700000, 0x0000000786800000, 0x0000000786800000|100%| E|CS|TAMS 0x0000000786700000, 0x0000000786700000| Complete 
| 104|0x0000000786800000, 0x0000000786900000, 0x0000000786900000|100%| E|CS|TAMS 0x0000000786800000, 0x0000000786800000| Complete 
| 105|0x0000000786900000, 0x0000000786a00000, 0x0000000786a00000|100%| E|CS|TAMS 0x0000000786900000, 0x0000000786900000| Complete 
| 106|0x0000000786a00000, 0x0000000786b00000, 0x0000000786b00000|100%| E|CS|TAMS 0x0000000786a00000, 0x0000000786a00000| Complete 
| 107|0x0000000786b00000, 0x0000000786c00000, 0x0000000786c00000|100%| E|CS|TAMS 0x0000000786b00000, 0x0000000786b00000| Complete 
| 108|0x0000000786c00000, 0x0000000786d00000, 0x0000000786d00000|100%| E|CS|TAMS 0x0000000786c00000, 0x0000000786c00000| Complete 
| 109|0x0000000786d00000, 0x0000000786e00000, 0x0000000786e00000|100%| E|CS|TAMS 0x0000000786d00000, 0x0000000786d00000| Complete 
| 110|0x0000000786e00000, 0x0000000786f00000, 0x0000000786f00000|100%| E|CS|TAMS 0x0000000786e00000, 0x0000000786e00000| Complete 
| 111|0x0000000786f00000, 0x0000000787000000, 0x0000000787000000|100%| E|CS|TAMS 0x0000000786f00000, 0x0000000786f00000| Complete 
| 112|0x0000000787000000, 0x0000000787100000, 0x0000000787100000|100%| E|CS|TAMS 0x0000000787000000, 0x0000000787000000| Complete 
| 113|0x0000000787100000, 0x0000000787200000, 0x0000000787200000|100%| E|CS|TAMS 0x0000000787100000, 0x0000000787100000| Complete 
| 114|0x0000000787200000, 0x0000000787300000, 0x0000000787300000|100%| E|CS|TAMS 0x0000000787200000, 0x0000000787200000| Complete 
| 115|0x0000000787300000, 0x0000000787400000, 0x0000000787400000|100%| E|CS|TAMS 0x0000000787300000, 0x0000000787300000| Complete 
| 116|0x0000000787400000, 0x0000000787500000, 0x0000000787500000|100%| E|CS|TAMS 0x0000000787400000, 0x0000000787400000| Complete 
| 117|0x0000000787500000, 0x0000000787600000, 0x0000000787600000|100%| E|CS|TAMS 0x0000000787500000, 0x0000000787500000| Complete 
| 118|0x0000000787600000, 0x0000000787700000, 0x0000000787700000|100%| E|CS|TAMS 0x0000000787600000, 0x0000000787600000| Complete 
| 119|0x0000000787700000, 0x0000000787800000, 0x0000000787800000|100%| E|CS|TAMS 0x0000000787700000, 0x0000000787700000| Complete 
| 120|0x0000000787800000, 0x0000000787900000, 0x0000000787900000|100%| E|CS|TAMS 0x0000000787800000, 0x0000000787800000| Complete 
| 121|0x0000000787900000, 0x0000000787a00000, 0x0000000787a00000|100%| E|CS|TAMS 0x0000000787900000, 0x0000000787900000| Complete 
| 122|0x0000000787a00000, 0x0000000787b00000, 0x0000000787b00000|100%| E|CS|TAMS 0x0000000787a00000, 0x0000000787a00000| Complete 
| 123|0x0000000787b00000, 0x0000000787c00000, 0x0000000787c00000|100%| E|CS|TAMS 0x0000000787b00000, 0x0000000787b00000| Complete 
| 124|0x0000000787c00000, 0x0000000787d00000, 0x0000000787d00000|100%| E|CS|TAMS 0x0000000787c00000, 0x0000000787c00000| Complete 
| 125|0x0000000787d00000, 0x0000000787e00000, 0x0000000787e00000|100%| E|CS|TAMS 0x0000000787d00000, 0x0000000787d00000| Complete 
| 126|0x0000000787e00000, 0x0000000787f00000, 0x0000000787f00000|100%| E|CS|TAMS 0x0000000787e00000, 0x0000000787e00000| Complete 
| 127|0x0000000787f00000, 0x0000000788000000, 0x0000000788000000|100%| E|CS|TAMS 0x0000000787f00000, 0x0000000787f00000| Complete 
|2046|0x00000007ffe00000, 0x00000007ffe78000, 0x00000007fff00000| 46%|OA|  |TAMS 0x00000007ffe00000, 0x00000007ffe00000| Untracked 
|2047|0x00000007fff00000, 0x00000007fff80000, 0x0000000800000000| 50%|CA|  |TAMS 0x00000007fff00000, 0x00000007fff00000| Untracked 

Card table byte_map: [0x00000001034b0000,0x00000001038b0000] _byte_map_base: 0x00000000ff8b0000

Marking Bits (Prev, Next): (CMBitMap*) 0x000000012583a410, (CMBitMap*) 0x000000012583a450
 Prev Bits: [0x000000011b970000, 0x000000011d970000)
 Next Bits: [0x000000011d970000, 0x000000011f970000)

Polling page: 0x0000000102ce4000

Metaspace:

Usage:
  Non-class:     15.25 MB used.
      Class:      2.58 MB used.
       Both:     17.83 MB used.

Virtual space:
  Non-class space:       16.00 MB reserved,      15.38 MB ( 96%) committed,  2 nodes.
      Class space:        1.00 GB reserved,       2.69 MB ( <1%) committed,  1 nodes.
             Both:        1.02 GB reserved,      18.06 MB (  2%) committed. 

Chunk freelists:
   Non-Class:  592.00 KB
       Class:  1.20 MB
        Both:  1.78 MB

MaxMetaspaceSize: unlimited
CompressedClassSpaceSize: 1.00 GB
Initial GC threshold: 21.00 MB
Current GC threshold: 21.00 MB
CDS: on
MetaspaceReclaimPolicy: balanced
 - commit_granule_bytes: 65536.
 - commit_granule_words: 8192.
 - virtual_space_node_default_size: 1048576.
 - enlarge_chunks_in_place: 1.
 - new_chunks_are_fully_committed: 0.
 - uncommit_free_chunks: 1.
 - use_allocation_guard: 0.
 - handle_deallocations: 1.


Internal statistics:

num_allocs_failed_limit: 0.
num_arena_births: 266.
num_arena_deaths: 0.
num_vsnodes_births: 3.
num_vsnodes_deaths: 0.
num_space_committed: 289.
num_space_uncommitted: 0.
num_chunks_returned_to_freelist: 0.
num_chunks_taken_from_freelist: 910.
num_chunk_merges: 0.
num_chunk_splits: 615.
num_chunks_enlarged: 467.
num_purges: 0.
num_inconsistent_stats: 0.

CodeHeap 'non-profiled nmethods': size=120032Kb used=2215Kb max_used=2215Kb free=117816Kb
 bounds [0x0000000114438000, 0x00000001146a8000, 0x000000011b970000]
CodeHeap 'profiled nmethods': size=120016Kb used=9652Kb max_used=9652Kb free=110363Kb
 bounds [0x000000010cf04000, 0x000000010d874000, 0x0000000114438000]
CodeHeap 'non-nmethods': size=5712Kb used=1403Kb max_used=1541Kb free=4308Kb
 bounds [0x000000010c970000, 0x000000010cbe0000, 0x000000010cf04000]
 total_blobs=5225 nmethods=4447 adapters=691
 compilation: enabled
              stopped_count=0, restarted_count=0
 full_count=0

Compilation events (20 events):
Event: 13.804 Thread 0x000000012600ba00 nmethod 4668 0x000000010d85c910 code [0x000000010d85cb00, 0x000000010d85cf58]
Event: 13.804 Thread 0x000000012600ba00 4669       3       javafx.scene.shape.Rectangle::getY (19 bytes)
Event: 13.805 Thread 0x000000012600ba00 nmethod 4669 0x000000010d85d090 code [0x000000010d85d280, 0x000000010d85d6d8]
Event: 13.811 Thread 0x000000012600ba00 4670       3       com.sun.javafx.geom.RoundRectangle2D::setRoundRect (34 bytes)
Event: 13.812 Thread 0x000000012600ba00 nmethod 4670 0x000000010d85d810 code [0x000000010d85d9c0, 0x000000010d85db28]
Event: 13.892 Thread 0x000000012600ba00 4671       3       com.sun.javafx.geom.PickRay::computeParallelPickRay (66 bytes)
Event: 13.894 Thread 0x000000012600ba00 nmethod 4671 0x000000010d85dc10 code [0x000000010d85de80, 0x000000010d85e368]
Event: 13.894 Thread 0x000000012600ba00 4672       3       com.sun.javafx.geom.PickRay::set (30 bytes)
Event: 13.894 Thread 0x000000012600ba00 nmethod 4672 0x000000010d85e690 code [0x000000010d85e840, 0x000000010d85ea88]
Event: 13.894 Thread 0x000000012600ba00 4673       3       com.sun.javafx.geom.PickRay::transform (27 bytes)
Event: 13.894 Thread 0x000000012600ba00 nmethod 4673 0x000000010d85eb90 code [0x000000010d85ed40, 0x000000010d85f088]
Event: 13.894 Thread 0x000000012600ba00 4674       3       com.sun.javafx.geom.transform.Affine3D::deltaTransform (126 bytes)
Event: 13.895 Thread 0x000000012600ba00 nmethod 4674 0x000000010d85f190 code [0x000000010d85f380, 0x000000010d85f758]
Event: 13.895 Thread 0x000000012600ba00 4675       3       com.sun.javafx.geom.transform.AffineBase::deltaTransform (204 bytes)
Event: 13.896 Thread 0x000000012600ba00 nmethod 4675 0x000000010d85f910 code [0x000000010d85fb00, 0x000000010d860118]
Event: 13.896 Thread 0x000000012600ba00 4676       3       com.sun.javafx.geom.Vec3d::normalize (38 bytes)
Event: 13.896 Thread 0x000000012600ba00 nmethod 4676 0x000000010d860390 code [0x000000010d860540, 0x000000010d860718]
Event: 13.908 Thread 0x000000012600b400 4677       4       java.lang.Math::round (56 bytes)
Event: 13.909 Thread 0x000000012600b400 nmethod 4677 0x0000000114661b10 code [0x0000000114661c80, 0x0000000114661d70]
Event: 13.914 Thread 0x000000012600ba00 4678       3       javafx.scene.layout.Background::computeOpaqueInsets (1450 bytes)

GC Heap History (4 events):
Event: 0.400 GC heap before
{Heap before GC invocations=0 (full 0):
 garbage-first heap   total 133120K, used 23520K [0x0000000780000000, 0x0000000800000000)
  region size 1024K, 23 young (23552K), 0 survivors (0K)
 Metaspace       used 5986K, committed 6144K, reserved 1056768K
  class space    used 759K, committed 832K, reserved 1048576K
}
Event: 0.401 GC heap after
{Heap after GC invocations=1 (full 0):
 garbage-first heap   total 133120K, used 4576K [0x0000000780000000, 0x0000000800000000)
  region size 1024K, 3 young (3072K), 3 survivors (3072K)
 Metaspace       used 5986K, committed 6144K, reserved 1056768K
  class space    used 759K, committed 832K, reserved 1048576K
}
Event: 2.496 GC heap before
{Heap before GC invocations=1 (full 0):
 garbage-first heap   total 133120K, used 63968K [0x0000000780000000, 0x0000000800000000)
  region size 1024K, 43 young (44032K), 3 survivors (3072K)
 Metaspace       used 15607K, committed 15872K, reserved 1064960K
  class space    used 2314K, committed 2432K, reserved 1048576K
}
Event: 2.501 GC heap after
{Heap after GC invocations=2 (full 0):
 garbage-first heap   total 133120K, used 20209K [0x0000000780000000, 0x0000000800000000)
  region size 1024K, 6 young (6144K), 6 survivors (6144K)
 Metaspace       used 15607K, committed 15872K, reserved 1064960K
  class space    used 2314K, committed 2432K, reserved 1048576K
}

Deoptimization events (20 events):
Event: 5.211 Thread 0x000000012580e600 DEOPT PACKING pc=0x000000010d4de420 sp=0x000000016fb23970
Event: 5.211 Thread 0x000000012580e600 DEOPT UNPACKING pc=0x000000010c9aeb7c sp=0x000000016fb23610 mode 0
Event: 5.886 Thread 0x000000012580e600 DEOPT PACKING pc=0x000000010d70a218 sp=0x000000016fb23bc0
Event: 5.886 Thread 0x000000012580e600 DEOPT UNPACKING pc=0x000000010c9aeb7c sp=0x000000016fb239a0 mode 0
Event: 10.132 Thread 0x000000012580e600 Uncommon trap: trap_request=0xffffffbe fr.pc=0x0000000114645e88 relative=0x0000000000004808
Event: 10.132 Thread 0x000000012580e600 Uncommon trap: reason=profile_predicate action=maybe_recompile pc=0x0000000114645e88 method=com.sun.javafx.geom.AreaOp.pruneEdges(Ljava/util/Vector;)Ljava/util/Vector; @ 468 c2
Event: 10.132 Thread 0x000000012580e600 DEOPT PACKING pc=0x0000000114645e88 sp=0x000000016fb23ba0
Event: 10.132 Thread 0x000000012580e600 DEOPT UNPACKING pc=0x000000010c9aed1c sp=0x000000016fb23ac0 mode 2
Event: 10.133 Thread 0x000000012580e600 Uncommon trap: trap_request=0xffffffbe fr.pc=0x0000000114645e88 relative=0x0000000000004808
Event: 10.133 Thread 0x000000012580e600 Uncommon trap: reason=profile_predicate action=maybe_recompile pc=0x0000000114645e88 method=com.sun.javafx.geom.AreaOp.pruneEdges(Ljava/util/Vector;)Ljava/util/Vector; @ 468 c2
Event: 10.133 Thread 0x000000012580e600 DEOPT PACKING pc=0x0000000114645e88 sp=0x000000016fb23ba0
Event: 10.133 Thread 0x000000012580e600 DEOPT UNPACKING pc=0x000000010c9aed1c sp=0x000000016fb23ac0 mode 2
Event: 10.136 Thread 0x000000012580e600 Uncommon trap: trap_request=0xffffffbe fr.pc=0x0000000114645e88 relative=0x0000000000004808
Event: 10.136 Thread 0x000000012580e600 Uncommon trap: reason=profile_predicate action=maybe_recompile pc=0x0000000114645e88 method=com.sun.javafx.geom.AreaOp.pruneEdges(Ljava/util/Vector;)Ljava/util/Vector; @ 468 c2
Event: 10.136 Thread 0x000000012580e600 DEOPT PACKING pc=0x0000000114645e88 sp=0x000000016fb23ba0
Event: 10.136 Thread 0x000000012580e600 DEOPT UNPACKING pc=0x000000010c9aed1c sp=0x000000016fb23ac0 mode 2
Event: 10.136 Thread 0x000000012580e600 Uncommon trap: trap_request=0xffffffbe fr.pc=0x0000000114645e88 relative=0x0000000000004808
Event: 10.136 Thread 0x000000012580e600 Uncommon trap: reason=profile_predicate action=maybe_recompile pc=0x0000000114645e88 method=com.sun.javafx.geom.AreaOp.pruneEdges(Ljava/util/Vector;)Ljava/util/Vector; @ 468 c2
Event: 10.136 Thread 0x000000012580e600 DEOPT PACKING pc=0x0000000114645e88 sp=0x000000016fb23ba0
Event: 10.136 Thread 0x000000012580e600 DEOPT UNPACKING pc=0x000000010c9aed1c sp=0x000000016fb23ac0 mode 2

Classes unloaded (0 events):
No events

Classes redefined (0 events):
No events

Internal exceptions (20 events):
Event: 2.296 Thread 0x00000001268f0400 Exception <a 'java/lang/NoSuchMethodError'{0x0000000786112310}: 'java.lang.Object java.lang.invoke.Invokers$Holder.linkToTargetMethod(java.lang.Object, long, java.lang.Object)'> (0x0000000786112310) 
thrown [src/hotspot/share/interpreter/linkResolver.cpp, line 759]
Event: 2.397 Thread 0x00000001268f0400 Exception <a 'java/io/FileNotFoundException'{0x00000007860f6f10}> (0x00000007860f6f10) 
thrown [src/hotspot/share/prims/jni.cpp, line 516]
Event: 2.399 Thread 0x00000001268f0400 Exception <a 'java/io/FileNotFoundException'{0x0000000785f05680}> (0x0000000785f05680) 
thrown [src/hotspot/share/prims/jni.cpp, line 516]
Event: 2.400 Thread 0x00000001268f0400 Exception <a 'java/io/FileNotFoundException'{0x0000000785f130f8}> (0x0000000785f130f8) 
thrown [src/hotspot/share/prims/jni.cpp, line 516]
Event: 2.401 Thread 0x00000001268f0400 Exception <a 'java/io/FileNotFoundException'{0x0000000785f20b00}> (0x0000000785f20b00) 
thrown [src/hotspot/share/prims/jni.cpp, line 516]
Event: 2.402 Thread 0x00000001268f0400 Exception <a 'java/io/FileNotFoundException'{0x0000000785f398e0}> (0x0000000785f398e0) 
thrown [src/hotspot/share/prims/jni.cpp, line 516]
Event: 2.404 Thread 0x00000001268f0400 Exception <a 'java/io/FileNotFoundException'{0x0000000785f57228}> (0x0000000785f57228) 
thrown [src/hotspot/share/prims/jni.cpp, line 516]
Event: 2.405 Thread 0x00000001268f0400 Exception <a 'java/io/FileNotFoundException'{0x0000000785f64c38}> (0x0000000785f64c38) 
thrown [src/hotspot/share/prims/jni.cpp, line 516]
Event: 2.406 Thread 0x00000001268f0400 Exception <a 'java/io/FileNotFoundException'{0x0000000785f72648}> (0x0000000785f72648) 
thrown [src/hotspot/share/prims/jni.cpp, line 516]
Event: 2.406 Thread 0x00000001268f0400 Exception <a 'java/io/FileNotFoundException'{0x0000000785f80058}> (0x0000000785f80058) 
thrown [src/hotspot/share/prims/jni.cpp, line 516]
Event: 2.407 Thread 0x00000001268f0400 Exception <a 'java/io/FileNotFoundException'{0x0000000785f8ecc0}> (0x0000000785f8ecc0) 
thrown [src/hotspot/share/prims/jni.cpp, line 516]
Event: 2.413 Thread 0x00000001268f0400 Exception <a 'java/io/FileNotFoundException'{0x0000000785e208a8}> (0x0000000785e208a8) 
thrown [src/hotspot/share/prims/jni.cpp, line 516]
Event: 2.414 Thread 0x00000001268f0400 Exception <a 'java/io/FileNotFoundException'{0x0000000785e33be0}> (0x0000000785e33be0) 
thrown [src/hotspot/share/prims/jni.cpp, line 516]
Event: 2.476 Thread 0x00000001268f0400 Exception <a 'java/lang/ClassNotFoundException'{0x00000007858822c8}: com/sun/javafx/scene/control/skin/resources/controls> (0x00000007858822c8) 
thrown [src/hotspot/share/prims/jni.cpp, line 535]
Event: 2.477 Thread 0x00000001268f0400 Exception <a 'java/lang/ClassNotFoundException'{0x0000000785890690}: com/sun/javafx/scene/control/skin/resources/controls_en> (0x0000000785890690) 
thrown [src/hotspot/share/prims/jni.cpp, line 535]
Event: 2.477 Thread 0x00000001268f0400 Exception <a 'java/lang/ClassNotFoundException'{0x0000000785891d18}: com/sun/javafx/scene/control/skin/resources/controls_en_SE> (0x0000000785891d18) 
thrown [src/hotspot/share/prims/jni.cpp, line 535]
Event: 2.487 Thread 0x00000001268f0400 Exception <a 'java/lang/NoSuchMethodError'{0x0000000785608968}: 'void java.lang.invoke.DirectMethodHandle$Holder.invokeSpecial(java.lang.Object, java.lang.Object, java.lang.Object, java.lang.Object, java.lang.Object, java.lang.Object)'> (0x0000000785608968) 
thrown [src/hotspot/share/interpreter/linkResolver.cpp, line 759]
Event: 2.557 Thread 0x00000001268f0400 Exception <a 'java/lang/NoSuchMethodError'{0x0000000787818808}: 'void java.lang.invoke.DirectMethodHandle$Holder.invokeSpecialIFC(java.lang.Object, java.lang.Object, java.lang.Object, java.lang.Object)'> (0x0000000787818808) 
thrown [src/hotspot/share/interpreter/linkResolver.cpp, line 759]
Event: 2.565 Thread 0x00000001268f0400 Exception <a 'java/lang/NoSuchMethodError'{0x00000007877a7498}: 'int java.lang.invoke.DirectMethodHandle$Holder.invokeSpecial(java.lang.Object, java.lang.Object, int)'> (0x00000007877a7498) 
thrown [src/hotspot/share/interpreter/linkResolver.cpp, line 759]
Event: 2.607 Thread 0x00000001268f0400 Exception <a 'java/lang/NoSuchMethodError'{0x00000007871fe2e8}: 'java.lang.Object java.lang.invoke.DirectMethodHandle$Holder.newInvokeSpecial(java.lang.Object, java.lang.Object, int, int)'> (0x00000007871fe2e8) 
thrown [src/hotspot/share/interpreter/linkResolver.cpp, line 759]

VM Operations (20 events):
Event: 2.672 Executing VM operation: ICBufferFull
Event: 2.672 Executing VM operation: ICBufferFull done
Event: 3.677 Executing VM operation: Cleanup
Event: 3.677 Executing VM operation: Cleanup done
Event: 3.795 Executing VM operation: ICBufferFull
Event: 3.796 Executing VM operation: ICBufferFull done
Event: 3.942 Executing VM operation: ICBufferFull
Event: 3.942 Executing VM operation: ICBufferFull done
Event: 4.864 Executing VM operation: HandshakeAllThreads
Event: 4.864 Executing VM operation: HandshakeAllThreads done
Event: 4.866 Executing VM operation: ICBufferFull
Event: 4.867 Executing VM operation: ICBufferFull done
Event: 5.100 Executing VM operation: ICBufferFull
Event: 5.100 Executing VM operation: ICBufferFull done
Event: 5.745 Executing VM operation: ICBufferFull
Event: 5.745 Executing VM operation: ICBufferFull done
Event: 6.750 Executing VM operation: Cleanup
Event: 6.751 Executing VM operation: Cleanup done
Event: 10.757 Executing VM operation: Cleanup
Event: 10.757 Executing VM operation: Cleanup done

Events (20 events):
Event: 2.554 loading class java/util/stream/IntPipeline$1
Event: 2.554 loading class java/util/stream/IntPipeline$1 done
Event: 2.554 loading class java/util/stream/IntPipeline$1$1
Event: 2.554 loading class java/util/stream/IntPipeline$1$1 done
Event: 3.128 Protecting memory [0x000000016fd3c000,0x000000016fd48000] with protection modes 3
Event: 3.128 Thread 0x00000001259d5e00 Thread exited: 0x00000001259d5e00
Event: 3.678 Protecting memory [0x000000016fd3c000,0x000000016fd48000] with protection modes 0
Event: 3.678 Thread 0x000000014c009c00 Thread added: 0x000000014c009c00
Event: 5.461 Protecting memory [0x000000016fd3c000,0x000000016fd48000] with protection modes 3
Event: 5.461 Thread 0x000000014c009c00 Thread exited: 0x000000014c009c00
Event: 5.594 Protecting memory [0x000000016fd3c000,0x000000016fd48000] with protection modes 0
Event: 5.594 Thread 0x000000014a008c00 Thread added: 0x000000014a008c00
Event: 6.528 Protecting memory [0x000000016fd3c000,0x000000016fd48000] with protection modes 3
Event: 6.528 Thread 0x000000014a008c00 Thread exited: 0x000000014a008c00
Event: 10.128 Protecting memory [0x000000016fd3c000,0x000000016fd48000] with protection modes 0
Event: 10.128 Thread 0x0000000127813a00 Thread added: 0x0000000127813a00
Event: 10.478 Protecting memory [0x000000016fd3c000,0x000000016fd48000] with protection modes 3
Event: 10.478 Thread 0x0000000127813a00 Thread exited: 0x0000000127813a00
Event: 13.911 Protecting memory [0x000000016fd3c000,0x000000016fd48000] with protection modes 0
Event: 13.911 Thread 0x0000000127813a00 Thread added: 0x0000000127813a00


Dynamic libraries:
0x0000000102c94000 	/Users/jonathan/Library/Java/JavaVirtualMachines/corretto-17.0.4.1/Contents/Home/lib/libjli.dylib
0x00000001c9962000 	/System/Library/Frameworks/Cocoa.framework/Versions/A/Cocoa
0x00000001b5edb000 	/System/Library/Frameworks/AppKit.framework/Versions/C/AppKit
0x00000001b9411000 	/System/Library/Frameworks/CoreData.framework/Versions/A/CoreData
0x00000001b4238000 	/System/Library/Frameworks/Foundation.framework/Versions/C/Foundation
0x00000001bdd5d000 	/usr/lib/libSystem.B.dylib
0x00000001b6d92000 	/System/Library/PrivateFrameworks/UIFoundation.framework/Versions/A/UIFoundation
0x00000001c3c5b000 	/System/Library/PrivateFrameworks/RemoteViewServices.framework/Versions/A/RemoteViewServices
0x00000001bc274000 	/System/Library/PrivateFrameworks/XCTTargetBootstrap.framework/Versions/A/XCTTargetBootstrap
0x00000001bfa5e000 	/System/Library/PrivateFrameworks/InternationalSupport.framework/Versions/A/InternationalSupport
0x00000001bfae7000 	/System/Library/PrivateFrameworks/UserActivity.framework/Versions/A/UserActivity
0x00000001bef8c000 	/usr/lib/libspindump.dylib
0x00000001b7002000 	/System/Library/Frameworks/UniformTypeIdentifiers.framework/Versions/A/UniformTypeIdentifiers
0x00000001ba801000 	/usr/lib/libapp_launch_measurement.dylib
0x00000001b9d79000 	/System/Library/PrivateFrameworks/CoreAnalytics.framework/Versions/A/CoreAnalytics
0x00000001ba804000 	/System/Library/PrivateFrameworks/CoreAutoLayout.framework/Versions/A/CoreAutoLayout
0x00000001bbb77000 	/System/Library/Frameworks/Metal.framework/Versions/A/Metal
0x00000001bc8c6000 	/usr/lib/liblangid.dylib
0x00000001bc278000 	/System/Library/PrivateFrameworks/CoreSVG.framework/Versions/A/CoreSVG
0x00000001b84c9000 	/System/Library/PrivateFrameworks/SkyLight.framework/Versions/A/SkyLight
0x00000001b8896000 	/System/Library/Frameworks/CoreGraphics.framework/Versions/A/CoreGraphics
0x00000001c42d9000 	/System/Library/Frameworks/Accelerate.framework/Versions/A/Accelerate
0x00000001bea00000 	/System/Library/PrivateFrameworks/IconServices.framework/Versions/A/IconServices
0x00000001bbb59000 	/System/Library/Frameworks/IOSurface.framework/Versions/A/IOSurface
0x00000001b9da9000 	/usr/lib/libDiagnosticMessagesClient.dylib
0x00000001bdcad000 	/usr/lib/libz.1.dylib
0x00000001c7722000 	/System/Library/Frameworks/ApplicationServices.framework/Versions/A/ApplicationServices
0x00000001bc25c000 	/System/Library/PrivateFrameworks/DFRFoundation.framework/Versions/A/DFRFoundation
0x00000001b577c000 	/usr/lib/libicucore.A.dylib
0x00000001c085f000 	/System/Library/Frameworks/AudioToolbox.framework/Versions/A/AudioToolbox
0x00000001bfa6a000 	/System/Library/PrivateFrameworks/DataDetectorsCore.framework/Versions/A/DataDetectorsCore
0x00000001d5bb8000 	/System/Library/PrivateFrameworks/TextInput.framework/Versions/A/TextInput
0x00000001b8440000 	/usr/lib/libMobileGestalt.dylib
0x00000001bbf2c000 	/System/Library/Frameworks/Carbon.framework/Versions/A/Frameworks/HIToolbox.framework/Versions/A/HIToolbox
0x00000001ba20a000 	/System/Library/Frameworks/QuartzCore.framework/Versions/A/QuartzCore
0x00000001b53f9000 	/System/Library/Frameworks/Security.framework/Versions/A/Security
0x00000001c3c9b000 	/System/Library/Frameworks/Carbon.framework/Versions/A/Frameworks/SpeechRecognition.framework/Versions/A/SpeechRecognition
0x00000001ba558000 	/System/Library/PrivateFrameworks/CoreUI.framework/Versions/A/CoreUI
0x00000001b4cca000 	/System/Library/Frameworks/CoreAudio.framework/Versions/A/CoreAudio
0x00000001b9e9d000 	/System/Library/Frameworks/DiskArbitration.framework/Versions/A/DiskArbitration
0x00000001bf371000 	/System/Library/PrivateFrameworks/MultitouchSupport.framework/Versions/A/MultitouchSupport
0x00000001b843e000 	/usr/lib/libenergytrace.dylib
0x00000001b5da5000 	/System/Library/Frameworks/IOKit.framework/Versions/A/IOKit
0x00000001c4084000 	/System/Library/Frameworks/CoreServices.framework/Versions/A/CoreServices
0x00000001ba791000 	/System/Library/PrivateFrameworks/PerformanceAnalysis.framework/Versions/A/PerformanceAnalysis
0x0000000214765000 	/System/Library/Frameworks/OpenGL.framework/Versions/A/OpenGL
0x00000001bd317000 	/System/Library/PrivateFrameworks/MobileKeyBag.framework/Versions/A/MobileKeyBag
0x00000001b3182000 	/usr/lib/libobjc.A.dylib
0x00000001b8ea6000 	/System/Library/Frameworks/ColorSync.framework/Versions/A/ColorSync
0x00000001b3344000 	/System/Library/Frameworks/CoreFoundation.framework/Versions/A/CoreFoundation
0x00000001bc4f9000 	/System/Library/Frameworks/CoreImage.framework/Versions/A/CoreImage
0x00000001b4aed000 	/System/Library/Frameworks/CoreText.framework/Versions/A/CoreText
0x00000001bc2a8000 	/System/Library/Frameworks/ImageIO.framework/Versions/A/ImageIO
0x00000001bdd63000 	/System/Library/PrivateFrameworks/SoftLinking.framework/Versions/A/SoftLinking
0x00000001ba84e000 	/usr/lib/libxml2.2.dylib
0x00000001b3242000 	/usr/lib/libc++.1.dylib
0x00000001bdffc000 	/usr/lib/libcompression.dylib
0x00000001bf9b7000 	/System/Library/PrivateFrameworks/TextureIO.framework/Versions/A/TextureIO
0x00000001be71a000 	/usr/lib/libate.dylib
0x00000001bdd57000 	/usr/lib/system/libcache.dylib
0x00000001bdd15000 	/usr/lib/system/libcommonCrypto.dylib
0x00000001bdd3e000 	/usr/lib/system/libcompiler_rt.dylib
0x00000001bdd35000 	/usr/lib/system/libcopyfile.dylib
0x00000001b3096000 	/usr/lib/system/libcorecrypto.dylib
0x00000001b313b000 	/usr/lib/system/libdispatch.dylib
0x00000001b3303000 	/usr/lib/system/libdyld.dylib
0x00000001bdd4d000 	/usr/lib/system/libkeymgr.dylib
0x00000001bdcf7000 	/usr/lib/system/libmacho.dylib
0x00000001bd3f7000 	/usr/lib/system/libquarantine.dylib
0x00000001bdd4a000 	/usr/lib/system/libremovefile.dylib
0x00000001b8495000 	/usr/lib/system/libsystem_asl.dylib
0x00000001b3040000 	/usr/lib/system/libsystem_blocks.dylib
0x00000001b31c1000 	/usr/lib/system/libsystem_c.dylib
0x00000001bdd42000 	/usr/lib/system/libsystem_collections.dylib
0x00000001bc8b6000 	/usr/lib/system/libsystem_configuration.dylib
0x00000001bbb3a000 	/usr/lib/system/libsystem_containermanager.dylib
0x00000001bda5e000 	/usr/lib/system/libsystem_coreservices.dylib
0x00000001b5a27000 	/usr/lib/system/libsystem_darwin.dylib
0x00000001bdd4e000 	/usr/lib/system/libsystem_dnssd.dylib
0x00000001b31be000 	/usr/lib/system/libsystem_featureflags.dylib
0x00000001b3318000 	/usr/lib/system/libsystem_info.dylib
0x00000001bdcbf000 	/usr/lib/system/libsystem_m.dylib
0x00000001b3110000 	/usr/lib/system/libsystem_malloc.dylib
0x00000001b8426000 	/usr/lib/system/libsystem_networkextension.dylib
0x00000001b5e7b000 	/usr/lib/system/libsystem_notify.dylib
0x00000001c3f61000 	/usr/lib/system/libsystem_product_info_filter.dylib
0x00000001bc8bb000 	/usr/lib/system/libsystem_sandbox.dylib
0x00000001bdd47000 	/usr/lib/system/libsystem_secinit.dylib
0x00000001b32c0000 	/usr/lib/system/libsystem_kernel.dylib
0x00000001b3310000 	/usr/lib/system/libsystem_platform.dylib
0x00000001b32f6000 	/usr/lib/system/libsystem_pthread.dylib
0x00000001b9bd2000 	/usr/lib/system/libsystem_symptoms.dylib
0x00000001b307c000 	/usr/lib/system/libsystem_trace.dylib
0x00000001bdd22000 	/usr/lib/system/libunwind.dylib
0x00000001b3042000 	/usr/lib/system/libxpc.dylib
0x00000001b32a6000 	/usr/lib/libc++abi.dylib
0x00000001bdd2d000 	/usr/lib/liboah.dylib
0x00000001be5e2000 	/usr/lib/liblzma.5.dylib
0x00000001b3f2c000 	/System/Library/Frameworks/SystemConfiguration.framework/Versions/A/SystemConfiguration
0x00000001bdd5f000 	/usr/lib/libfakelink.dylib
0x00000001b7f6d000 	/System/Library/Frameworks/CFNetwork.framework/Versions/A/CFNetwork
0x00000001bdea6000 	/usr/lib/libarchive.2.dylib
0x00000001bc8c2000 	/System/Library/PrivateFrameworks/AppleSystemInfo.framework/Versions/A/AppleSystemInfo
0x00000001bd422000 	/usr/lib/libbsm.0.dylib
0x00000001b74a5000 	/usr/lib/libnetwork.dylib
0x00000001bdcfd000 	/usr/lib/system/libkxld.dylib
0x00000001bd039000 	/System/Library/PrivateFrameworks/IOMobileFramebuffer.framework/Versions/A/IOMobileFramebuffer
0x0000000230596000 	/usr/lib/libCoreEntitlements.dylib
0x00000001bda40000 	/System/Library/PrivateFrameworks/AppleFSCompression.framework/Versions/A/AppleFSCompression
0x00000001bd40a000 	/usr/lib/libcoretls.dylib
0x00000001be5fb000 	/usr/lib/libcoretls_cfhelpers.dylib
0x00000001bdff7000 	/usr/lib/libpam.2.dylib
0x00000001b97fa000 	/usr/lib/libsqlite3.dylib
0x00000001be663000 	/usr/lib/libxar.1.dylib
0x00000001bda51000 	/usr/lib/libbz2.1.0.dylib
0x00000001bdd64000 	/usr/lib/libpcap.A.dylib
0x00000001b9bc9000 	/usr/lib/libdns_services.dylib
0x00000001bdfca000 	/usr/lib/libapple_nghttp2.dylib
0x00000001bdda1000 	/usr/lib/libiconv.2.dylib
0x00000001bdcf6000 	/usr/lib/libcharset.1.dylib
0x00000001ba7cd000 	/System/Library/Frameworks/CoreServices.framework/Versions/A/Frameworks/FSEvents.framework/Versions/A/FSEvents
0x00000001b5a32000 	/System/Library/Frameworks/CoreServices.framework/Versions/A/Frameworks/CarbonCore.framework/Versions/A/CarbonCore
0x00000001b9e00000 	/System/Library/Frameworks/CoreServices.framework/Versions/A/Frameworks/Metadata.framework/Versions/A/Metadata
0x00000001bda64000 	/System/Library/Frameworks/CoreServices.framework/Versions/A/Frameworks/OSServices.framework/Versions/A/OSServices
0x00000001bdf2c000 	/System/Library/Frameworks/CoreServices.framework/Versions/A/Frameworks/SearchKit.framework/Versions/A/SearchKit
0x00000001b9b57000 	/System/Library/Frameworks/CoreServices.framework/Versions/A/Frameworks/AE.framework/Versions/A/AE
0x00000001b3888000 	/System/Library/Frameworks/CoreServices.framework/Versions/A/Frameworks/LaunchServices.framework/Versions/A/LaunchServices
0x00000001be58b000 	/System/Library/Frameworks/CoreServices.framework/Versions/A/Frameworks/DictionaryServices.framework/Versions/A/DictionaryServices
0x00000001ba7da000 	/System/Library/Frameworks/CoreServices.framework/Versions/A/Frameworks/SharedFileList.framework/Versions/A/SharedFileList
0x00000001bd3fa000 	/usr/lib/libCheckFix.dylib
0x00000001b84ad000 	/System/Library/PrivateFrameworks/TCC.framework/Versions/A/TCC
0x00000001bc8c8000 	/System/Library/PrivateFrameworks/CoreNLP.framework/Versions/A/CoreNLP
0x00000001b9dac000 	/System/Library/PrivateFrameworks/MetadataUtilities.framework/Versions/A/MetadataUtilities
0x00000001b3fe5000 	/usr/lib/libmecabra.dylib
0x00000001bd433000 	/usr/lib/libmecab.dylib
0x00000001b3fb1000 	/usr/lib/libCRFSuite.dylib
0x00000001bd491000 	/usr/lib/libgermantok.dylib
0x00000001bdfa3000 	/usr/lib/libThaiTokenizer.dylib
0x00000001b9ea5000 	/System/Library/Frameworks/Accelerate.framework/Versions/A/Frameworks/vImage.framework/Versions/A/vImage
0x00000001c405b000 	/System/Library/Frameworks/Accelerate.framework/Versions/A/Frameworks/vecLib.framework/Versions/A/vecLib
0x00000001be6a7000 	/System/Library/Frameworks/Accelerate.framework/Versions/A/Frameworks/vecLib.framework/Versions/A/libvMisc.dylib
0x00000001bcf43000 	/System/Library/Frameworks/Accelerate.framework/Versions/A/Frameworks/vecLib.framework/Versions/A/libvDSP.dylib
0x00000001b3c0b000 	/System/Library/Frameworks/Accelerate.framework/Versions/A/Frameworks/vecLib.framework/Versions/A/libBLAS.dylib
0x00000001be0cb000 	/System/Library/Frameworks/Accelerate.framework/Versions/A/Frameworks/vecLib.framework/Versions/A/libLAPACK.dylib
0x00000001bd494000 	/System/Library/Frameworks/Accelerate.framework/Versions/A/Frameworks/vecLib.framework/Versions/A/libLinearAlgebra.dylib
0x00000001bdfe2000 	/System/Library/Frameworks/Accelerate.framework/Versions/A/Frameworks/vecLib.framework/Versions/A/libSparseBLAS.dylib
0x00000001be0c6000 	/System/Library/Frameworks/Accelerate.framework/Versions/A/Frameworks/vecLib.framework/Versions/A/libQuadrature.dylib
0x00000001bc9bf000 	/System/Library/Frameworks/Accelerate.framework/Versions/A/Frameworks/vecLib.framework/Versions/A/libBNNS.dylib
0x00000001b3ec9000 	/System/Library/Frameworks/Accelerate.framework/Versions/A/Frameworks/vecLib.framework/Versions/A/libSparse.dylib
0x00000001bc9b7000 	/System/Library/PrivateFrameworks/LinguisticData.framework/Versions/A/LinguisticData
0x00000001b3e7f000 	/System/Library/PrivateFrameworks/Lexicon.framework/Versions/A/Lexicon
0x00000001be69f000 	/usr/lib/libChineseTokenizer.dylib
0x00000001b4626000 	/System/Library/PrivateFrameworks/LanguageModeling.framework/Versions/A/LanguageModeling
0x00000001bdfa5000 	/System/Library/PrivateFrameworks/AppleSauce.framework/Versions/A/AppleSauce
0x00000001bd026000 	/System/Library/PrivateFrameworks/CoreEmoji.framework/Versions/A/CoreEmoji
0x00000001bde94000 	/usr/lib/libcmph.dylib
0x00000001ba7ad000 	/System/Library/Frameworks/OpenDirectory.framework/Versions/A/Frameworks/CFOpenDirectory.framework/Versions/A/CFOpenDirectory
0x00000001ba79d000 	/System/Library/Frameworks/OpenDirectory.framework/Versions/A/OpenDirectory
0x00000001be5fd000 	/System/Library/PrivateFrameworks/APFS.framework/Versions/A/APFS
0x00000001bd352000 	/System/Library/Frameworks/SecurityFoundation.framework/Versions/A/SecurityFoundation
0x00000001be671000 	/usr/lib/libutil.dylib
0x00000001b5d67000 	/System/Library/PrivateFrameworks/CoreServicesStore.framework/Versions/A/CoreServicesStore
0x00000001be675000 	/usr/lib/libxslt.1.dylib
0x00000001bd3e6000 	/System/Library/PrivateFrameworks/BackgroundTaskManagement.framework/Versions/A/BackgroundTaskManagement
0x00000001bf8d8000 	/System/Library/Frameworks/ImageIO.framework/Versions/A/Resources/libRadiance.dylib
0x00000001bf8e1000 	/System/Library/Frameworks/ImageIO.framework/Versions/A/Resources/libJPEG.dylib
0x00000001bf833000 	/System/Library/Frameworks/ImageIO.framework/Versions/A/Resources/libPng.dylib
0x00000001bf855000 	/System/Library/Frameworks/ImageIO.framework/Versions/A/Resources/libTIFF.dylib
0x00000001bf93c000 	/System/Library/Frameworks/ImageIO.framework/Versions/A/Resources/libGIF.dylib
0x00000001bf281000 	/System/Library/Frameworks/ImageIO.framework/Versions/A/Resources/libJP2.dylib
0x00000001be9c6000 	/usr/lib/libexpat.1.dylib
0x00000001bf23c000 	/System/Library/PrivateFrameworks/AppleJPEG.framework/Versions/A/AppleJPEG
0x00000001bbdeb000 	/System/Library/PrivateFrameworks/FontServices.framework/libFontParser.dylib
0x00000001b9afc000 	/System/Library/PrivateFrameworks/RunningBoardServices.framework/Versions/A/RunningBoardServices
0x00000001c9fd8000 	/System/Library/PrivateFrameworks/IOSurfaceAccelerator.framework/Versions/A/IOSurfaceAccelerator
0x00000001bf36d000 	/System/Library/PrivateFrameworks/WatchdogClient.framework/Versions/A/WatchdogClient
0x00000001b472a000 	/System/Library/Frameworks/CoreDisplay.framework/Versions/A/CoreDisplay
0x00000001bbcd9000 	/System/Library/Frameworks/CoreMedia.framework/Versions/A/CoreMedia
0x00000001bbb6d000 	/System/Library/PrivateFrameworks/IOAccelerator.framework/Versions/A/IOAccelerator
0x00000001ba93b000 	/System/Library/Frameworks/CoreVideo.framework/Versions/A/CoreVideo
0x00000001bdff5000 	/System/Library/Frameworks/MetalPerformanceShaders.framework/Versions/A/MetalPerformanceShaders
0x00000001bf3aa000 	/System/Library/Frameworks/VideoToolbox.framework/Versions/A/VideoToolbox
0x00000001b9a40000 	/System/Library/PrivateFrameworks/BaseBoard.framework/Versions/A/BaseBoard
0x00000001b97df000 	/System/Library/PrivateFrameworks/ProtocolBuffer.framework/Versions/A/ProtocolBuffer
0x00000001bf8d3000 	/System/Library/PrivateFrameworks/GPUWrangler.framework/Versions/A/GPUWrangler
0x00000001bf8b2000 	/System/Library/PrivateFrameworks/IOPresentment.framework/Versions/A/IOPresentment
0x00000001bf8db000 	/System/Library/PrivateFrameworks/DSExternalDisplay.framework/Versions/A/DSExternalDisplay
0x0000000214758000 	/System/Library/Frameworks/OpenGL.framework/Versions/A/Libraries/libCoreFSCache.dylib
0x000000021df43000 	/System/Library/PrivateFrameworks/GPUCompiler.framework/Versions/31001/Libraries/libGPUCompilerUtils.dylib
0x00000001bf941000 	/System/Library/PrivateFrameworks/CMCaptureCore.framework/Versions/A/CMCaptureCore
0x00000001bef7a000 	/System/Library/PrivateFrameworks/AppServerSupport.framework/Versions/A/AppServerSupport
0x00000001c111a000 	/System/Library/PrivateFrameworks/perfdata.framework/Versions/A/perfdata
0x00000001b484a000 	/System/Library/PrivateFrameworks/AudioToolboxCore.framework/Versions/A/AudioToolboxCore
0x00000001bbcb1000 	/System/Library/PrivateFrameworks/caulk.framework/Versions/A/caulk
0x00000001c0a0f000 	/usr/lib/libAudioStatistics.dylib
0x00000001d232c000 	/System/Library/PrivateFrameworks/SystemPolicy.framework/Versions/A/SystemPolicy
0x00000001c0c6f000 	/usr/lib/libSMC.dylib
0x00000001c9844000 	/System/Library/Frameworks/CoreMIDI.framework/Versions/A/CoreMIDI
0x00000001bf801000 	/usr/lib/libAudioToolboxUtility.dylib
0x00000001ce759000 	/System/Library/PrivateFrameworks/OSAServicesClient.framework/Versions/A/OSAServicesClient
0x00000001c1127000 	/usr/lib/libperfcheck.dylib
0x00000001d2e33000 	/usr/lib/libmis.dylib
0x00000002147b9000 	/System/Library/Frameworks/OpenGL.framework/Versions/A/Libraries/libGLU.dylib
0x0000000214778000 	/System/Library/Frameworks/OpenGL.framework/Versions/A/Libraries/libGFXShared.dylib
0x0000000214962000 	/System/Library/Frameworks/OpenGL.framework/Versions/A/Libraries/libGL.dylib
0x0000000214781000 	/System/Library/Frameworks/OpenGL.framework/Versions/A/Libraries/libGLImage.dylib
0x0000000214775000 	/System/Library/Frameworks/OpenGL.framework/Versions/A/Libraries/libCVMSPluginSupport.dylib
0x000000021475f000 	/System/Library/Frameworks/OpenGL.framework/Versions/A/Libraries/libCoreVMClient.dylib
0x00000001bc843000 	/System/Library/Frameworks/MetalPerformanceShaders.framework/Versions/A/Frameworks/MPSCore.framework/Versions/A/MPSCore
0x00000001bd9b3000 	/System/Library/Frameworks/MetalPerformanceShaders.framework/Versions/A/Frameworks/MPSImage.framework/Versions/A/MPSImage
0x00000001bd4a9000 	/System/Library/Frameworks/MetalPerformanceShaders.framework/Versions/A/Frameworks/MPSNeuralNetwork.framework/Versions/A/MPSNeuralNetwork
0x00000001bd8e6000 	/System/Library/Frameworks/MetalPerformanceShaders.framework/Versions/A/Frameworks/MPSMatrix.framework/Versions/A/MPSMatrix
0x00000001bd6c1000 	/System/Library/Frameworks/MetalPerformanceShaders.framework/Versions/A/Frameworks/MPSRayIntersector.framework/Versions/A/MPSRayIntersector
0x00000001bd917000 	/System/Library/Frameworks/MetalPerformanceShaders.framework/Versions/A/Frameworks/MPSNDArray.framework/Versions/A/MPSNDArray
0x0000000216490000 	/System/Library/Frameworks/MetalPerformanceShaders.framework/Versions/A/Frameworks/MPSFunctions.framework/Versions/A/MPSFunctions
0x00000001b3ae9000 	/System/Library/PrivateFrameworks/MetalTools.framework/Versions/A/MetalTools
0x00000001bc8c0000 	/System/Library/PrivateFrameworks/AggregateDictionary.framework/Versions/A/AggregateDictionary
0x00000001be7ac000 	/usr/lib/libIOReport.dylib
0x00000001c882b000 	/System/Library/PrivateFrameworks/ASEProcessing.framework/Versions/A/ASEProcessing
0x00000001beb1f000 	/System/Library/PrivateFrameworks/FaceCore.framework/Versions/A/FaceCore
0x00000001beb11000 	/System/Library/PrivateFrameworks/GraphVisualizer.framework/Versions/A/GraphVisualizer
0x000000021de5a000 	/System/Library/PrivateFrameworks/FontServices.framework/Versions/A/FontServices
0x00000001bef34000 	/System/Library/PrivateFrameworks/OTSVG.framework/Versions/A/OTSVG
0x00000001ba509000 	/System/Library/Frameworks/ApplicationServices.framework/Versions/A/Frameworks/ATS.framework/Versions/A/Resources/libFontRegistry.dylib
0x00000001bef83000 	/System/Library/PrivateFrameworks/FontServices.framework/libhvf.dylib
0x000000021de5b000 	/System/Library/PrivateFrameworks/FontServices.framework/libXTFontStaticRegistryData.dylib
0x0000000214b04000 	/System/Library/Frameworks/OpenCL.framework/Versions/A/OpenCL
0x00000001be97a000 	/System/Library/PrivateFrameworks/AppleVA.framework/Versions/A/AppleVA
0x00000001c0a37000 	/System/Library/Frameworks/ApplicationServices.framework/Versions/A/Frameworks/ATS.framework/Versions/A/ATS
0x00000001b8fa3000 	/System/Library/Frameworks/ApplicationServices.framework/Versions/A/Frameworks/HIServices.framework/Versions/A/HIServices
0x00000001bf94b000 	/System/Library/Frameworks/ApplicationServices.framework/Versions/A/Frameworks/PrintCore.framework/Versions/A/PrintCore
0x00000001c0dc2000 	/System/Library/Frameworks/ApplicationServices.framework/Versions/A/Frameworks/QD.framework/Versions/A/QD
0x00000001c0dba000 	/System/Library/Frameworks/ApplicationServices.framework/Versions/A/Frameworks/ColorSyncLegacy.framework/Versions/A/ColorSyncLegacy
0x00000001c0a23000 	/System/Library/Frameworks/ApplicationServices.framework/Versions/A/Frameworks/SpeechSynthesis.framework/Versions/A/SpeechSynthesis
0x00000001bf90c000 	/System/Library/Frameworks/ApplicationServices.framework/Versions/A/Frameworks/ATSUI.framework/Versions/A/ATSUI
0x00000001c0d4f000 	/usr/lib/libcups.2.dylib
0x00000001c1135000 	/System/Library/Frameworks/Kerberos.framework/Versions/A/Kerberos
0x00000001c1146000 	/System/Library/Frameworks/GSS.framework/Versions/A/GSS
0x00000001c0aa6000 	/usr/lib/libresolv.9.dylib
0x00000001bef91000 	/System/Library/PrivateFrameworks/Heimdal.framework/Versions/A/Heimdal
0x00000001c7a9a000 	/System/Library/Frameworks/Kerberos.framework/Versions/A/Libraries/libHeimdalProxy.dylib
0x00000001b9bdb000 	/System/Library/Frameworks/Network.framework/Versions/A/Network
0x00000001be9e1000 	/usr/lib/libheimdal-asn1.dylib
0x00000001c118c000 	/System/Library/PrivateFrameworks/CommonAuth.framework/Versions/A/CommonAuth
0x00000001c099d000 	/System/Library/PrivateFrameworks/AudioSession.framework/Versions/A/AudioSession
0x00000001bea72000 	/System/Library/PrivateFrameworks/MediaExperience.framework/Versions/A/MediaExperience
0x00000001c0825000 	/System/Library/PrivateFrameworks/AudioSession.framework/libSessionUtility.dylib
0x00000001c0dce000 	/System/Library/PrivateFrameworks/AudioResourceArbitration.framework/Versions/A/AudioResourceArbitration
0x00000001c4ed9000 	/System/Library/PrivateFrameworks/PowerLog.framework/Versions/A/PowerLog
0x00000001be9ea000 	/System/Library/PrivateFrameworks/IconFoundation.framework/Versions/A/IconFoundation
0x00000001c3c87000 	/System/Library/PrivateFrameworks/SpeechRecognitionCore.framework/Versions/A/SpeechRecognitionCore
0x0000000103ee0000 	/Users/jonathan/Library/Java/JavaVirtualMachines/corretto-17.0.4.1/Contents/Home/lib/server/libjvm.dylib
0x0000000102cf8000 	/Users/jonathan/Library/Java/JavaVirtualMachines/corretto-17.0.4.1/Contents/Home/lib/libjimage.dylib
0x0000000102d80000 	/Users/jonathan/Library/Java/JavaVirtualMachines/corretto-17.0.4.1/Contents/Home/lib/libjava.dylib
0x0000000103cd0000 	/Users/jonathan/Library/Java/JavaVirtualMachines/corretto-17.0.4.1/Contents/Home/lib/libnio.dylib
0x0000000103e24000 	/Users/jonathan/Library/Java/JavaVirtualMachines/corretto-17.0.4.1/Contents/Home/lib/libnet.dylib
0x0000000103e70000 	/Users/jonathan/Library/Java/JavaVirtualMachines/corretto-17.0.4.1/Contents/Home/lib/libzip.dylib
0x0000000103cb0000 	/Users/jonathan/.openjfx/cache/17.0.1/libprism_es2.dylib
0x00000001b5d2a000 	/System/Library/PrivateFrameworks/CoreServicesInternal.framework/Versions/A/CoreServicesInternal
0x000000021496c000 	/System/Library/Frameworks/OpenGL.framework/Versions/A/Resources/GLEngine.bundle/GLEngine
0x00000002147f3000 	/System/Library/Frameworks/OpenGL.framework/Versions/A/Libraries/libGLProgrammability.dylib
0x0000000121b2c000 	/System/Library/Extensions/AppleMetalOpenGLRenderer.bundle/Contents/MacOS/AppleMetalOpenGLRenderer
0x0000000214adb000 	/System/Library/Frameworks/OpenGL.framework/Versions/A/Resources/GLRendererFloat.bundle/GLRendererFloat
0x0000000214b7c000 	/System/Library/Extensions/AGXMetal13_3.bundle/Contents/MacOS/AGXMetal13_3
0x00000001d2e4f000 	/System/Library/PrivateFrameworks/GPURawCounter.framework/Versions/A/GPURawCounter
0x00000001cd8dd000 	/System/Library/PrivateFrameworks/IOGPU.framework/Versions/A/IOGPU
0x0000000122500000 	/Users/jonathan/.openjfx/cache/17.0.1/libglass.dylib
0x00000001c512d000 	/System/Library/Frameworks/FileProvider.framework/Versions/A/FileProvider
0x00000001b99a8000 	/System/Library/Frameworks/Accounts.framework/Versions/A/Accounts
0x00000001c52ad000 	/System/Library/PrivateFrameworks/GenerationalStorage.framework/Versions/A/GenerationalStorage
0x00000001c5e63000 	/System/Library/PrivateFrameworks/CoreSymbolication.framework/Versions/A/CoreSymbolication
0x00000001c4ecd000 	/System/Library/PrivateFrameworks/SymptomDiagnosticReporter.framework/Versions/A/SymptomDiagnosticReporter
0x00000001b7016000 	/System/Library/PrivateFrameworks/DesktopServicesPriv.framework/Versions/A/DesktopServicesPriv
0x00000001b5e8a000 	/usr/lib/libsandbox.1.dylib
0x00000001ba9c8000 	/System/Library/PrivateFrameworks/UserManagement.framework/Versions/A/UserManagement
0x00000001c5e24000 	/System/Library/PrivateFrameworks/DebugSymbols.framework/Versions/A/DebugSymbols
0x00000001c0dad000 	/System/Library/PrivateFrameworks/NetAuth.framework/Versions/A/NetAuth
0x00000001c1cb0000 	/System/Library/PrivateFrameworks/Sharing.framework/Versions/A/Sharing
0x00000001ba998000 	/System/Library/PrivateFrameworks/login.framework/Versions/A/Frameworks/loginsupport.framework/Versions/A/loginsupport
0x00000001c6fdc000 	/System/Library/PrivateFrameworks/Apple80211.framework/Versions/A/Apple80211
0x00000001bda97000 	/System/Library/PrivateFrameworks/AuthKit.framework/Versions/A/AuthKit
0x00000001bd125000 	/System/Library/PrivateFrameworks/CoreUtils.framework/Versions/A/CoreUtils
0x00000001bd045000 	/System/Library/Frameworks/CoreWLAN.framework/Versions/A/CoreWLAN
0x00000001c1e1a000 	/System/Library/Frameworks/IOBluetooth.framework/Versions/A/IOBluetooth
0x00000001c703c000 	/System/Library/PrivateFrameworks/CoreWiFi.framework/Versions/A/CoreWiFi
0x00000001c5a0b000 	/System/Library/PrivateFrameworks/FrontBoardServices.framework/Versions/A/FrontBoardServices
0x00000001c5aa3000 	/System/Library/PrivateFrameworks/BoardServices.framework/Versions/A/BoardServices
0x00000001bd340000 	/System/Library/PrivateFrameworks/AssertionServices.framework/Versions/A/AssertionServices
0x00000001c71aa000 	/System/Library/PrivateFrameworks/BackBoardServices.framework/Versions/A/BackBoardServices
0x00000001c121f000 	/System/Library/PrivateFrameworks/CorePhoneNumbers.framework/Versions/A/CorePhoneNumbers
0x00000001c4ffd000 	/System/Library/PrivateFrameworks/DiskManagement.framework/Versions/A/DiskManagement
0x00000001c4f00000 	/System/Library/PrivateFrameworks/AppleIDAuthSupport.framework/Versions/A/AppleIDAuthSupport
0x000000021877a000 	/System/Library/PrivateFrameworks/AAAFoundation.framework/Versions/A/AAAFoundation
0x00000001c11fe000 	/System/Library/PrivateFrameworks/KeychainCircle.framework/Versions/A/KeychainCircle
0x00000001c4fc9000 	/System/Library/PrivateFrameworks/MediaKit.framework/Versions/A/MediaKit
0x00000001c4f0d000 	/System/Library/Frameworks/DiscRecording.framework/Versions/A/DiscRecording
0x00000001be8f6000 	/usr/lib/libCoreStorage.dylib
0x00000001c74a6000 	/usr/lib/libcsfde.dylib
0x00000001c1eef000 	/System/Library/PrivateFrameworks/ProtectedCloudStorage.framework/Versions/A/ProtectedCloudStorage
0x00000001c749e000 	/System/Library/PrivateFrameworks/EFILogin.framework/Versions/A/EFILogin
0x00000001c52d4000 	/System/Library/PrivateFrameworks/OctagonTrust.framework/Versions/A/OctagonTrust
0x000000021d0a6000 	/System/Library/PrivateFrameworks/CoreUtilsExtras.framework/Versions/A/CoreUtilsExtras
0x00000001c4e42000 	/System/Library/Frameworks/CoreBluetooth.framework/Versions/A/CoreBluetooth
0x00000001c7b1f000 	/System/Library/Frameworks/AudioUnit.framework/Versions/A/AudioUnit
0x00000001be8ee000 	/usr/lib/libMatch.1.dylib
0x00000001d7145000 	/System/Library/Frameworks/Accelerate.framework/Versions/A/Frameworks/vImage.framework/Versions/A/Libraries/libCGInterfaces.dylib
0x00000001255c8000 	/usr/lib/libobjc-trampolines.dylib
0x0000000230710000 	/usr/lib/libRosetta.dylib
0x00000001ba695000 	/System/Library/PrivateFrameworks/ViewBridge.framework/Versions/A/ViewBridge
0x00000001be7b5000 	/System/Library/PrivateFrameworks/CrashReporterSupport.framework/Versions/A/CrashReporterSupport
0x00000001deb0e000 	/System/Library/PrivateFrameworks/OSAnalytics.framework/Versions/A/OSAnalytics
0x00000001e9b4f000 	/System/Library/PrivateFrameworks/Symbolication.framework/Versions/A/Symbolication
0x00000001d2e10000 	/System/Library/PrivateFrameworks/MallocStackLogging.framework/Versions/A/MallocStackLogging
0x000000014b4b0000 	/Users/jonathan/.openjfx/cache/17.0.1/libjavafx_font.dylib
0x00000001bf03f000 	/System/Library/PrivateFrameworks/login.framework/Versions/A/login


VM Arguments:
jvm_args: --module-path=/Users/jonathan/.m2/repository/org/openjfx/javafx-base/17.0.1/javafx-base-17.0.1-mac-aarch64.jar:/Users/jonathan/.m2/repository/org/openjfx/javafx-base/17.0.1/javafx-base-17.0.1.jar:/Users/jonathan/.m2/repository/org/openjfx/javafx-controls/17.0.1/javafx-controls-17.0.1-mac-aarch64.jar:/Users/jonathan/.m2/repository/org/openjfx/javafx-controls/17.0.1/javafx-controls-17.0.1.jar:/Users/jonathan/.m2/repository/org/openjfx/javafx-fxml/17.0.1/javafx-fxml-17.0.1-mac-aarch64.jar:/Users/jonathan/.m2/repository/org/openjfx/javafx-fxml/17.0.1/javafx-fxml-17.0.1.jar:/Users/jonathan/.m2/repository/org/openjfx/javafx-graphics/17.0.1/javafx-graphics-17.0.1-mac-aarch64.jar:/Users/jonathan/.m2/repository/org/openjfx/javafx-graphics/17.0.1/javafx-graphics-17.0.1.jar --add-modules=javafx.base,javafx.controls,javafx.fxml,javafx.graphics 
java_command: FXBaseTestScreen
java_class_path (initial): /Users/jonathan/Documents/CavesAndCarnevores/target/classes:/Users/jonathan/.m2/repository/commons-io/commons-io/2.1/commons-io-2.1.jar:/Users/jonathan/.m2/repository/org/json/json/20220320/json-20220320.jar
Launcher Type: SUN_STANDARD

[Global flags]
     intx CICompilerCount                          = 4                                         {product} {ergonomic}
     uint ConcGCThreads                            = 2                                         {product} {ergonomic}
     uint G1ConcRefinementThreads                  = 8                                         {product} {ergonomic}
   size_t G1HeapRegionSize                         = 1048576                                   {product} {ergonomic}
    uintx GCDrainStackTargetSize                   = 64                                        {product} {ergonomic}
   size_t InitialHeapSize                          = 134217728                                 {product} {ergonomic}
   size_t MarkStackSize                            = 4194304                                   {product} {ergonomic}
   size_t MaxHeapSize                              = 2147483648                                {product} {ergonomic}
   size_t MaxNewSize                               = 1287651328                                {product} {ergonomic}
   size_t MinHeapDeltaBytes                        = 1048576                                   {product} {ergonomic}
   size_t MinHeapSize                              = 8388608                                   {product} {ergonomic}
    uintx NonNMethodCodeHeapSize                   = 5839564                                {pd product} {ergonomic}
    uintx NonProfiledCodeHeapSize                  = 122909338                              {pd product} {ergonomic}
    uintx ProfiledCodeHeapSize                     = 122909338                              {pd product} {ergonomic}
    uintx ReservedCodeCacheSize                    = 251658240                              {pd product} {ergonomic}
     bool SegmentedCodeCache                       = true                                      {product} {ergonomic}
   size_t SoftMaxHeapSize                          = 2147483648                             {manageable} {ergonomic}
     bool UseCompressedClassPointers               = true                           {product lp64_product} {ergonomic}
     bool UseCompressedOops                        = true                           {product lp64_product} {ergonomic}
     bool UseG1GC                                  = true                                      {product} {ergonomic}
     bool UseNUMA                                  = false                                     {product} {ergonomic}
     bool UseNUMAInterleaving                      = false                                     {product} {ergonomic}

Logging:
Log output configuration:
 #0: stdout all=warning uptime,level,tags
 #1: stderr all=off uptime,level,tags

Environment Variables:
PATH=/usr/local/bin:/usr/bin:/bin:/usr/sbin:/sbin
SHELL=/bin/zsh
LC_CTYPE=en_SE.UTF-8
TMPDIR=/var/folders/p5/jq56pr1j0lv2mqrz1z8nftch0000gn/T/

Signal Handlers:
   SIGSEGV: _ZL13crash_handleriP9__siginfoPv in libjvm.dylib, mask=11100110000111110111111111111111, flags=SA_RESTART|SA_SIGINFO
    SIGBUS: _ZL13crash_handleriP9__siginfoPv in libjvm.dylib, mask=11100110000111110111111111111111, flags=SA_RESTART|SA_SIGINFO
    SIGFPE: _ZL13crash_handleriP9__siginfoPv in libjvm.dylib, mask=11100110000111110111111111111111, flags=SA_RESTART|SA_SIGINFO
   SIGPIPE: _ZL17javaSignalHandleriP9__siginfoPv in libjvm.dylib, mask=11100110000111110111111111111111, flags=SA_RESTART|SA_SIGINFO
   SIGXFSZ: _ZL17javaSignalHandleriP9__siginfoPv in libjvm.dylib, mask=11100110000111110111111111111111, flags=SA_RESTART|SA_SIGINFO
    SIGILL: _ZL13crash_handleriP9__siginfoPv in libjvm.dylib, mask=11100110000111110111111111111111, flags=SA_RESTART|SA_SIGINFO
   SIGUSR2: _ZL10SR_handleriP9__siginfoP17__darwin_ucontext in libjvm.dylib, mask=00100000000000000000000000000000, flags=SA_RESTART|SA_SIGINFO
    SIGHUP: _ZL11UserHandleriPvS_ in libjvm.dylib, mask=11100110000111110111111111111111, flags=SA_RESTART|SA_SIGINFO
    SIGINT: _ZL11UserHandleriPvS_ in libjvm.dylib, mask=11100110000111110111111111111111, flags=SA_RESTART|SA_SIGINFO
   SIGTERM: _ZL11UserHandleriPvS_ in libjvm.dylib, mask=11100110000111110111111111111111, flags=SA_RESTART|SA_SIGINFO
   SIGQUIT: _ZL11UserHandleriPvS_ in libjvm.dylib, mask=11100110000111110111111111111111, flags=SA_RESTART|SA_SIGINFO
  *** Handler was modified!
  *** Expected: _ZL17javaSignalHandleriP9__siginfoPv in libjvm.dylib, mask=11100110100111111111111111111111, flags=SA_RESTART|SA_SIGINFO
   SIGTRAP: _ZL13crash_handleriP9__siginfoPv in libjvm.dylib, mask=11100110000111110111111111111111, flags=SA_RESTART|SA_SIGINFO


---------------  S Y S T E M  ---------------

OS:
uname: Darwin 21.3.0 Darwin Kernel Version 21.3.0: Wed Jan  5 21:37:58 PST 2022; root:xnu-8019.80.24~20/RELEASE_ARM64_T8101 arm64
OS uptime: 27 days 13:47 hours
rlimit (soft/hard): STACK 8176k/65520k , CORE 0k/infinity , NPROC 1333/2000 , NOFILE 10240/infinity , AS infinity/infinity , CPU infinity/infinity , DATA infinity/infinity , FSIZE infinity/infinity , MEMLOCK infinity/infinity , RSS infinity/infinity
load average: 1.94 1.77 1.87

CPU: total 8 (initial active 8) 0x61:0x0:0x1b588bb3:0, fp, simd, crc, lse

Memory: 16k page, physical 8388608k(88880k free), swap 2097152k(1711360k free)

vm_info: OpenJDK 64-Bit Server VM (17.0.4.1+9-LTS) for bsd-aarch64 JRE (17.0.4.1+9-LTS), built on Aug 12 2022 17:23:37 by "ec2user" with clang Apple LLVM 13.0.0 (clang-1300.0.29.30)

END.
