#
# A fatal error has been detected by the Java Runtime Environment:
#
#  SIGBUS (0xa) at pc=0x000000010dff94f0, pid=15354, tid=34571
#
# JRE version: OpenJDK Runtime Environment Corretto-17.0.4.9.1 (17.0.4.1+9) (build 17.0.4.1+9-LTS)
# Java VM: OpenJDK 64-Bit Server VM Corretto-17.0.4.9.1 (17.0.4.1+9-LTS, mixed mode, sharing, tiered, compressed oops, compressed class ptrs, g1 gc, bsd-aarch64)
# Problematic frame:
# v  ~StubRoutines::SafeFetchN
#
# No core dump will be written. Core dumps have been disabled. To enable core dumping, try "ulimit -c unlimited" before starting Java again
#
# If you would like to submit a bug report, please visit:
#   https://github.com/corretto/corretto-17/issues/
# The crash happened outside the Java Virtual Machine in native code.
# See problematic frame for where to report the bug.
#

---------------  S U M M A R Y ------------

Command Line: --module-path=/Users/jonathan/.m2/repository/org/openjfx/javafx-base/17.0.1/javafx-base-17.0.1-mac-aarch64.jar:/Users/jonathan/.m2/repository/org/openjfx/javafx-base/17.0.1/javafx-base-17.0.1.jar:/Users/jonathan/.m2/repository/org/openjfx/javafx-controls/17.0.1/javafx-controls-17.0.1-mac-aarch64.jar:/Users/jonathan/.m2/repository/org/openjfx/javafx-controls/17.0.1/javafx-controls-17.0.1.jar:/Users/jonathan/.m2/repository/org/openjfx/javafx-fxml/17.0.1/javafx-fxml-17.0.1-mac-aarch64.jar:/Users/jonathan/.m2/repository/org/openjfx/javafx-fxml/17.0.1/javafx-fxml-17.0.1.jar:/Users/jonathan/.m2/repository/org/openjfx/javafx-graphics/17.0.1/javafx-graphics-17.0.1-mac-aarch64.jar:/Users/jonathan/.m2/repository/org/openjfx/javafx-graphics/17.0.1/javafx-graphics-17.0.1.jar --add-modules=javafx.base,javafx.controls,javafx.fxml,javafx.graphics FXBaseTestScreen

Host: "MacBookAir10,1" arm64, 8 cores, 8G, Darwin 21.3.0, macOS 12.2.1 (21D62)
Time: Tue Oct 18 21:12:32 2022 CEST elapsed time: 15.097646 seconds (0d 0h 0m 15s)

---------------  T H R E A D  ---------------

Current thread (0x0000000132012600):  JavaThread "InvokeLaterDispatcher" daemon [_thread_in_native, id=34571, stack(0x000000016e3d4000,0x000000016e5d7000)]

Stack: [0x000000016e3d4000,0x000000016e5d7000],  sp=0x000000016e5d67b0,  free space=2057k
Native frames: (J=compiled Java code, j=interpreted, Vv=VM code, C=native code)
v  ~StubRoutines::SafeFetchN
V  [libjvm.dylib+0x7b8240]  _ZN10OopStorage7releaseEPKP7oopDesc+0x20
V  [libjvm.dylib+0x4c92e0]  jni_DeleteGlobalRef+0xd8
C  [libglass.dylib+0xab08]  -[GlassRunnable dealloc]+0x34
C  [Foundation+0x84c7c]  -[_NSThreadPerformInfo dealloc]+0x30
C  [Foundation+0x51578]  -[NSObject(NSThreadPerformAdditions) performSelectorOnMainThread:withObject:waitUntilDone:]+0x88
C  0xae55000115cda44c
J 4691 c1 com.sun.glass.ui.mac.MacApplication.submitForLaterInvocation(Ljava/lang/Runnable;)V javafx.graphics (6 bytes) @ 0x000000010ef4f658 [0x000000010ef4f5c0+0x0000000000000098]
C  0x0000000785500aa0

Java frames: (J=compiled Java code, j=interpreted, Vv=VM code)
J 4700  com.sun.glass.ui.mac.MacApplication._submitForLaterInvocation(Ljava/lang/Runnable;)V javafx.graphics (0 bytes) @ 0x0000000115cda44c [0x0000000115cda3c0+0x000000000000008c]
J 4691 c1 com.sun.glass.ui.mac.MacApplication.submitForLaterInvocation(Ljava/lang/Runnable;)V javafx.graphics (6 bytes) @ 0x000000010ef4f658 [0x000000010ef4f5c0+0x0000000000000098]
j  com.sun.glass.ui.InvokeLaterDispatcher.run()V+82 javafx.graphics
v  ~StubRoutines::call_stub

siginfo: si_signo: 10 (SIGBUS), si_code: 1 (BUS_ADRALN), si_addr: 0x000000010dff94f0

Register to memory mapping:

 x0=0x0000000131e09f48 is a global jni handle
 x1=0x0 is NULL
 x2=0x0000000785dc7050 is an oop: com.sun.glass.ui.InvokeLaterDispatcher$Future 
{0x0000000785dc7050} - klass: 'com/sun/glass/ui/InvokeLaterDispatcher$Future'
 - ---- fields (total size 3 words):
 - private 'done' 'Z' @12  true
 - private final 'runnable' 'Ljava/lang/Runnable;' @16  a 'com/sun/javafx/application/PlatformImpl$$Lambda$101+0x0000000800c84650'{0x00000007839498e8} (f072931d)
 - final synthetic 'this$0' 'Lcom/sun/glass/ui/InvokeLaterDispatcher;' @20  a 'com/sun/glass/ui/InvokeLaterDispatcher'{0x0000000785500aa0} (f0aa0154)
 x3=0x0 is NULL
 x4=0x00000000000130a8 is an unknown value
 x5=0x0 is NULL
 x6=0x0 is NULL
 x7=0x0 is NULL
 x8=0x000000010dff94ec is at begin+0 in a stub
StubRoutines::SafeFetchN [0x000000010dff94ec, 0x000000010dff94f8] (12 bytes)
 x9=0x0 is NULL
x10=0x2010000030300000 is an unknown value
x11=0x0000000000000007 is an unknown value
x12=0x0000000000000007 is an unknown value
x13=0x00006000015bfa60 points into unknown readable memory: 0x8f158001b4289738 | 38 97 28 b4 01 80 15 8f
x14=0x0000000000000001 is an unknown value
x15=0x00000001260a9f98: OBJC_CLASS_$_GlassRunnable+0 in /Users/jonathan/.openjfx/cache/17.0.1/libglass.dylib at 0x0000000126064000
x16=0x00000001b32f8094: pthread_getspecific+0 in /usr/lib/system/libsystem_pthread.dylib at 0x00000001b32f6000
x17=0x00006000010bce70 points into unknown readable memory: 0xfffffffffffffffe | fe ff ff ff ff ff ff ff
x18=0x0 is NULL
x19=0x00006000010b57a0 points into unknown readable memory: 0x00006000039b0300 | 00 03 9b 03 00 60 00 00
x20=0x0000000131e09d40 points into unknown readable memory: 0x000060000398bc20 | 20 bc 98 03 00 60 00 00
x21=0x0000000131e09f48 is a global jni handle
x22=0x0000000132012600 is a thread
x23=0x0000000000000001 is an unknown value
x24=0x0000000131e09f00 is a global jni handle
x25=0x00000001061ccae8: _ZN12StubRoutines17_safefetchN_entryE+0 in /Users/jonathan/Library/Java/JavaVirtualMachines/corretto-17.0.4.1/Contents/Home/lib/server/libjvm.dylib at 0x0000000105568000
x26=0x00000001235171b8 is pointing into metadata
x27=0x0 is NULL
x28=0x0000000132012600 is a thread


Registers:
 x0=0x0000000131e09f48  x1=0x0000000000000000  x2=0x0000000785dc7050  x3=0x0000000000000000
 x4=0x00000000000130a8  x5=0x0000000000000000  x6=0x0000000000000000  x7=0x0000000000000000
 x8=0x000000010dff94ec  x9=0x0000000000000000 x10=0x2010000030300000 x11=0x0000000000000007
x12=0x0000000000000007 x13=0x00006000015bfa60 x14=0x0000000000000001 x15=0x00000001260a9f98
x16=0x00000001b32f8094 x17=0x00006000010bce70 x18=0x0000000000000000 x19=0x00006000010b57a0
x20=0x0000000131e09d40 x21=0x0000000131e09f48 x22=0x0000000132012600 x23=0x0000000000000001
x24=0x0000000131e09f00 x25=0x00000001061ccae8 x26=0x00000001235171b8 x27=0x0000000000000000
x28=0x0000000132012600  fp=0x000000016e5d67f0  lr=0x0000000105d1f01c  sp=0x000000016e5d67b0
pc=0x000000010dff94f0 cpsr=0x0000000060001000
Top of Stack: (sp=0x000000016e5d67b0)
0x000000016e5d67b0:   00000001235171b8 0000000000000001
0x000000016e5d67c0:   000000013293f738 0000000000000000
0x000000016e5d67d0:   000000013293f6a8 0000000131e09f00
0x000000016e5d67e0:   0000000131e09f00 00006000010b57a0
0x000000016e5d67f0:   000000016e5d6830 0000000105d20240
0x000000016e5d6800:   0000000000000001 0000000131e09f00
0x000000016e5d6810:   000000013293f6a8 0000000131e09f00
0x000000016e5d6820:   0000000000000001 000000013293f400
0x000000016e5d6830:   000000016e5d6870 0000000105a312e0
0x000000016e5d6840:   0000000800c2abc0 00006000039ac630
0x000000016e5d6850:   00006000039ac6c0 00000001fd8729e3
0x000000016e5d6860:   0000000000000000 00006000039ac6c0
0x000000016e5d6870:   000000016e5d68a0 000000012606eb08
0x000000016e5d6880:   51317e645b440070 0000000000000000
0x000000016e5d6890:   0000000000000000 0000600002ef6480
0x000000016e5d68a0:   000000016e5d68e0 00000001b42bcc7c
0x000000016e5d68b0:   0000000800c2abc0 00006000039ac630
0x000000016e5d68c0:   00006000039ac6c0 51317e645b440070
0x000000016e5d68d0:   0000000000000000 0000000000000000
0x000000016e5d68e0:   000000016e5d6920 443e8001b4289578
0x000000016e5d68f0:   0000000800c2abc0 000000010e0007c0
0x000000016e5d6900:   000000012350ff2a 00000001061d44a8
0x000000016e5d6910:   000000016e5d6a00 00000000000000b9
0x000000016e5d6920:   000000016e5d6980 ae55000115cda44c
0x000000016e5d6930:   0000000785520488 0000000785dc7050
0x000000016e5d6940:   000000016e5d6aa8 00000001b3304530
0x000000016e5d6950:   0000000132012600 00000001061b1198
0x000000016e5d6960:   000000016e5d6a10 0000000000000001
0x000000016e5d6970:   000000016e5d69b0 000000078557b7d8
0x000000016e5d6980:   000000016e5d6a70 000000010ef4f658
0x000000016e5d6990:   0000000785dc7050 00000007839498e8
0x000000016e5d69a0:   000000016e5d6a08 00000000000000b6 

Instructions: (pc=0x000000010dff94f0)
0x000000010dff93f0:   f2a0c329 f2c00029 6d425935 1e640886
0x000000010dff9400:   0c402d31 1e6408c7 1f5654d0 1e6c1017
0x000000010dff9410:   1f5050d0 1f504cd0 1f5048d0 1e650af6
0x000000010dff9420:   1f50d8f6 1f5694d6 1f5158f6 1e762880
0x000000010dff9430:   36000501 1e614000 14000026 2e251ca5
0x000000010dff9440:   d2923009 f2a0c329 f2c00029 6d425d36
0x000000010dff9450:   1e600806 0c402d32 1f5758c7 1e6c101a
0x000000010dff9460:   1f4754c7 1e650805 1f4750c7 d2866668
0x000000010dff9470:   f2a7fa68 1f474cc7 1e6608c0 1f4748c7
0x000000010dff9480:   1e6e1019 eb08007f 540000ac 1f479400
0x000000010dff9490:   1f460340 1e603b20 1400000e d2a7fd29
0x000000010dff94a0:   eb09007f 540000ac 51480069 d3607d29
0x000000010dff94b0:   9e670121 14000002 1e6a5001 1f679417
0x000000010dff94c0:   1f668742 1e613b23 1e773857 1e773860
0x000000010dff94d0:   a8c17ff3 910003bf a8c17bfd d65f03c0
0x000000010dff94e0:   b9400001 aa0103e0 d65f03c0 f9400001
0x000000010dff94f0:   aa0103e0 d65f03c0 00000000 00000000
0x000000010dff9500:   00000000 00000000 00000000 00000000
0x000000010dff9510:   00000000 00000000 00000000 00000000
0x000000010dff9520:   00000000 00000000 00000000 00000000
0x000000010dff9530:   00000000 00000000 00000000 00000000
0x000000010dff9540:   00000000 00000000 00000000 00000000
0x000000010dff9550:   00000000 00000000 00000000 00000000
0x000000010dff9560:   00000000 00000000 00000000 00000000
0x000000010dff9570:   00000000 00000000 00000000 00000000
0x000000010dff9580:   00000000 00000000 00000000 00000000
0x000000010dff9590:   00000000 00000000 00000000 00000000
0x000000010dff95a0:   00000000 00000000 00000000 00000000
0x000000010dff95b0:   00000000 00000000 00000000 00000000
0x000000010dff95c0:   00000000 00000000 00000000 00000000
0x000000010dff95d0:   00000000 00000000 00000000 00000000
0x000000010dff95e0:   00000000 00000000 00000000 00000000 


Stack slot to memory mapping:
stack at sp + 0 slots: 0x00000001235171b8 is pointing into metadata
stack at sp + 1 slots: 0x0000000000000001 is an unknown value
stack at sp + 2 slots: 0x000000013293f738 points into unknown readable memory: 0x1a00190000000006 | 06 00 00 00 00 19 00 1a
stack at sp + 3 slots: 0x0 is NULL
stack at sp + 4 slots: 0x000000013293f6a8 points into unknown readable memory: 0x00000001061868d0 | d0 68 18 06 01 00 00 00
stack at sp + 5 slots: 0x0000000131e09f00 is a global jni handle
stack at sp + 6 slots: 0x0000000131e09f00 is a global jni handle
stack at sp + 7 slots: 0x00006000010b57a0 points into unknown readable memory: 0x00006000039b0300 | 00 03 9b 03 00 60 00 00

StubRoutines::SafeFetchN [0x000000010dff94ec, 0x000000010dff94f8] (12 bytes)
[MachCode]
  0x000000010dff94ec: 0100 40f9 | e003 01aa | c003 5fd6 
[/MachCode]

---------------  P R O C E S S  ---------------

Threads class SMR info:
_java_thread_list=0x0000600003a928a0, length=18, elements={
0x000000013200dc00, 0x000000013200f800, 0x000000013200d400, 0x0000000132016600,
0x0000000132016c00, 0x0000000132018a00, 0x0000000132019000, 0x0000000132809e00,
0x000000013280a400, 0x000000013280aa00, 0x00000001330bf600, 0x000000013280c800,
0x0000000132012600, 0x000000013293f400, 0x00000001330cf200, 0x00000001329b3a00,
0x00000001322ec400, 0x0000000132307200
}

Java Threads: ( => current thread )
  0x000000013200dc00 JavaThread "main" [_thread_blocked, id=6403, stack(0x000000016bbd8000,0x000000016bddb000)]
  0x000000013200f800 JavaThread "Reference Handler" daemon [_thread_blocked, id=17155, stack(0x000000016ca2c000,0x000000016cc2f000)]
  0x000000013200d400 JavaThread "Finalizer" daemon [_thread_blocked, id=16643, stack(0x000000016cc38000,0x000000016ce3b000)]
  0x0000000132016600 JavaThread "Signal Dispatcher" daemon [_thread_blocked, id=42243, stack(0x000000016cf5c000,0x000000016d15f000)]
  0x0000000132016c00 JavaThread "Service Thread" daemon [_thread_blocked, id=22787, stack(0x000000016d168000,0x000000016d36b000)]
  0x0000000132018a00 JavaThread "Monitor Deflation Thread" daemon [_thread_blocked, id=41475, stack(0x000000016d374000,0x000000016d577000)]
  0x0000000132019000 JavaThread "C2 CompilerThread0" daemon [_thread_blocked, id=41219, stack(0x000000016d580000,0x000000016d783000)]
  0x0000000132809e00 JavaThread "C1 CompilerThread0" daemon [_thread_blocked, id=40963, stack(0x000000016d78c000,0x000000016d98f000)]
  0x000000013280a400 JavaThread "Sweeper thread" daemon [_thread_blocked, id=23811, stack(0x000000016d998000,0x000000016db9b000)]
  0x000000013280aa00 JavaThread "Common-Cleaner" daemon [_thread_blocked, id=24067, stack(0x000000016dba4000,0x000000016dda7000)]
  0x00000001330bf600 JavaThread "Notification Thread" daemon [_thread_blocked, id=24323, stack(0x000000016ddb0000,0x000000016dfb3000)]
  0x000000013280c800 JavaThread "QuantumRenderer-0" daemon [_thread_blocked, id=24835, stack(0x000000016e1c8000,0x000000016e3cb000)]
=>0x0000000132012600 JavaThread "InvokeLaterDispatcher" daemon [_thread_in_native, id=34571, stack(0x000000016e3d4000,0x000000016e5d7000)]
  0x000000013293f400 JavaThread "JavaFX Application Thread" [_thread_in_vm, id=259, stack(0x000000016b350000,0x000000016bb4c000)]
  0x00000001330cf200 JavaThread "JavaFX-Launcher" [_thread_blocked, id=78867, stack(0x000000016e878000,0x000000016ea7b000)]
  0x00000001329b3a00 JavaThread "Prism Font Disposer" daemon [_thread_blocked, id=73031, stack(0x000000016f4c0000,0x000000016f6c3000)]
  0x00000001322ec400 JavaThread "Cleaner-0" daemon [_thread_blocked, id=72195, stack(0x000000016f6cc000,0x000000016f8cf000)]
  0x0000000132307200 JavaThread "PulseTimer-CVDisplayLink thread" daemon [_thread_in_native, id=63495, stack(0x000000016e5e0000,0x000000016e663000)]

Other Threads:
  0x0000000131e07870 VMThread "VM Thread" [stack: 0x000000016c820000,0x000000016ca23000] [id=15363]
  0x000000013382b040 WatcherThread [stack: 0x000000016dfbc000,0x000000016e1bf000] [id=40195]
  0x0000000133807540 GCTaskThread "GC Thread#0" [stack: 0x000000016bde4000,0x000000016bfe7000] [id=19971]
  0x000000013383f880 GCTaskThread "GC Thread#1" [stack: 0x000000016ea84000,0x000000016ec87000] [id=55043]
  0x000000013383fd20 GCTaskThread "GC Thread#2" [stack: 0x000000016ec90000,0x000000016ee93000] [id=55299]
  0x0000000133840590 GCTaskThread "GC Thread#3" [stack: 0x000000016ee9c000,0x000000016f09f000] [id=75523]
  0x0000000131e32f20 GCTaskThread "GC Thread#4" [stack: 0x000000016f0a8000,0x000000016f2ab000] [id=55555]
  0x0000000133840e00 GCTaskThread "GC Thread#5" [stack: 0x000000016f2b4000,0x000000016f4b7000] [id=56067]
  0x0000000131f79550 GCTaskThread "GC Thread#6" [stack: 0x000000016f964000,0x000000016fb67000] [id=65803]
  0x0000000131f799d0 GCTaskThread "GC Thread#7" [stack: 0x000000016fb70000,0x000000016fd73000] [id=65291]
  0x0000000133807bf0 ConcurrentGCThread "G1 Main Marker" [stack: 0x000000016bff0000,0x000000016c1f3000] [id=12547]
  0x0000000133808470 ConcurrentGCThread "G1 Conc#0" [stack: 0x000000016c1fc000,0x000000016c3ff000] [id=19203]
  0x000000013380a2e0 ConcurrentGCThread "G1 Refine#0" [stack: 0x000000016c408000,0x000000016c60b000] [id=13315]
  0x0000000131f78fd0 ConcurrentGCThread "G1 Refine#1" [stack: 0x000000016fd7c000,0x000000016ff7f000] [id=62467]
  0x000000013380ab80 ConcurrentGCThread "G1 Service" [stack: 0x000000016c614000,0x000000016c817000] [id=13827]

Threads with active compile tasks:

VM state: not at safepoint (normal execution)

VM Mutex/Monitor currently owned by a thread: None

Heap address: 0x0000000780000000, size: 2048 MB, Compressed Oops mode: Zero based, Oop shift amount: 3

CDS archive(s) mapped at: [0x0000000800000000-0x0000000800bd8000-0x0000000800bd8000), size 12419072, SharedBaseAddress: 0x0000000800000000, ArchiveRelocationMode: 0.
Compressed class space mapped at: 0x0000000800c00000-0x0000000840c00000, reserved size: 1073741824
Narrow klass base: 0x0000000800000000, Narrow klass shift: 0, Narrow klass range: 0x100000000

GC Precious Log:
 CPUs: 8 total, 8 available
 Memory: 8192M
 Large Page Support: Disabled
 NUMA Support: Disabled
 Compressed Oops: Enabled (Zero based)
 Heap Region Size: 1M
 Heap Min Capacity: 8M
 Heap Initial Capacity: 128M
 Heap Max Capacity: 2G
 Pre-touch: Disabled
 Parallel Workers: 8
 Concurrent Workers: 2
 Concurrent Refinement Workers: 8
 Periodic GC: Disabled

Heap:
 garbage-first heap   total 133120K, used 84742K [0x0000000780000000, 0x0000000800000000)
  region size 1024K, 71 young (72704K), 6 survivors (6144K)
 Metaspace       used 18839K, committed 19200K, reserved 1073152K
  class space    used 2690K, committed 2880K, reserved 1048576K

Heap Regions: E=young(eden), S=young(survivor), O=old, HS=humongous(starts), HC=humongous(continues), CS=collection set, F=free, OA=open archive, CA=closed archive, TAMS=top-at-mark-start (previous, next)
|   0|0x0000000780000000, 0x0000000780100000, 0x0000000780100000|100%| O|  |TAMS 0x0000000780000000, 0x0000000780000000| Untracked 
|   1|0x0000000780100000, 0x0000000780200000, 0x0000000780200000|100%|HS|  |TAMS 0x0000000780100000, 0x0000000780100000| Complete 
|   2|0x0000000780200000, 0x0000000780300000, 0x0000000780300000|100%|HC|  |TAMS 0x0000000780200000, 0x0000000780200000| Complete 
|   3|0x0000000780300000, 0x0000000780400000, 0x0000000780400000|100%|HC|  |TAMS 0x0000000780300000, 0x0000000780300000| Complete 
|   4|0x0000000780400000, 0x0000000780500000, 0x0000000780500000|100%|HC|  |TAMS 0x0000000780400000, 0x0000000780400000| Complete 
|   5|0x0000000780500000, 0x0000000780600000, 0x0000000780600000|100%|HC|  |TAMS 0x0000000780500000, 0x0000000780500000| Complete 
|   6|0x0000000780600000, 0x0000000780700000, 0x0000000780700000|100%|HC|  |TAMS 0x0000000780600000, 0x0000000780600000| Complete 
|   7|0x0000000780700000, 0x0000000780700000, 0x0000000780800000|  0%| F|  |TAMS 0x0000000780700000, 0x0000000780700000| Untracked 
|   8|0x0000000780800000, 0x0000000780800000, 0x0000000780900000|  0%| F|  |TAMS 0x0000000780800000, 0x0000000780800000| Untracked 
|   9|0x0000000780900000, 0x0000000780a00000, 0x0000000780a00000|100%|HS|  |TAMS 0x0000000780900000, 0x0000000780900000| Complete 
|  10|0x0000000780a00000, 0x0000000780b00000, 0x0000000780b00000|100%|HC|  |TAMS 0x0000000780a00000, 0x0000000780a00000| Complete 
|  11|0x0000000780b00000, 0x0000000780c00000, 0x0000000780c00000|100%|HS|  |TAMS 0x0000000780b00000, 0x0000000780b00000| Complete 
|  12|0x0000000780c00000, 0x0000000780d00000, 0x0000000780d00000|100%|HC|  |TAMS 0x0000000780c00000, 0x0000000780c00000| Complete 
|  13|0x0000000780d00000, 0x0000000780dc9a00, 0x0000000780e00000| 78%| O|  |TAMS 0x0000000780d00000, 0x0000000780d00000| Untracked 
|  14|0x0000000780e00000, 0x0000000780e00000, 0x0000000780f00000|  0%| F|  |TAMS 0x0000000780e00000, 0x0000000780e00000| Untracked 
|  15|0x0000000780f00000, 0x0000000780f00000, 0x0000000781000000|  0%| F|  |TAMS 0x0000000780f00000, 0x0000000780f00000| Untracked 
|  16|0x0000000781000000, 0x0000000781000000, 0x0000000781100000|  0%| F|  |TAMS 0x0000000781000000, 0x0000000781000000| Untracked 
|  17|0x0000000781100000, 0x0000000781100000, 0x0000000781200000|  0%| F|  |TAMS 0x0000000781100000, 0x0000000781100000| Untracked 
|  18|0x0000000781200000, 0x0000000781200000, 0x0000000781300000|  0%| F|  |TAMS 0x0000000781200000, 0x0000000781200000| Untracked 
|  19|0x0000000781300000, 0x0000000781300000, 0x0000000781400000|  0%| F|  |TAMS 0x0000000781300000, 0x0000000781300000| Untracked 
|  20|0x0000000781400000, 0x0000000781400000, 0x0000000781500000|  0%| F|  |TAMS 0x0000000781400000, 0x0000000781400000| Untracked 
|  21|0x0000000781500000, 0x0000000781500000, 0x0000000781600000|  0%| F|  |TAMS 0x0000000781500000, 0x0000000781500000| Untracked 
|  22|0x0000000781600000, 0x0000000781600000, 0x0000000781700000|  0%| F|  |TAMS 0x0000000781600000, 0x0000000781600000| Untracked 
|  23|0x0000000781700000, 0x0000000781700000, 0x0000000781800000|  0%| F|  |TAMS 0x0000000781700000, 0x0000000781700000| Untracked 
|  24|0x0000000781800000, 0x0000000781800000, 0x0000000781900000|  0%| F|  |TAMS 0x0000000781800000, 0x0000000781800000| Untracked 
|  25|0x0000000781900000, 0x0000000781900000, 0x0000000781a00000|  0%| F|  |TAMS 0x0000000781900000, 0x0000000781900000| Untracked 
|  26|0x0000000781a00000, 0x0000000781a00000, 0x0000000781b00000|  0%| F|  |TAMS 0x0000000781a00000, 0x0000000781a00000| Untracked 
|  27|0x0000000781b00000, 0x0000000781b00000, 0x0000000781c00000|  0%| F|  |TAMS 0x0000000781b00000, 0x0000000781b00000| Untracked 
|  28|0x0000000781c00000, 0x0000000781c00000, 0x0000000781d00000|  0%| F|  |TAMS 0x0000000781c00000, 0x0000000781c00000| Untracked 
|  29|0x0000000781d00000, 0x0000000781d00000, 0x0000000781e00000|  0%| F|  |TAMS 0x0000000781d00000, 0x0000000781d00000| Untracked 
|  30|0x0000000781e00000, 0x0000000781e00000, 0x0000000781f00000|  0%| F|  |TAMS 0x0000000781e00000, 0x0000000781e00000| Untracked 
|  31|0x0000000781f00000, 0x0000000781f00000, 0x0000000782000000|  0%| F|  |TAMS 0x0000000781f00000, 0x0000000781f00000| Untracked 
|  32|0x0000000782000000, 0x0000000782000000, 0x0000000782100000|  0%| F|  |TAMS 0x0000000782000000, 0x0000000782000000| Untracked 
|  33|0x0000000782100000, 0x0000000782100000, 0x0000000782200000|  0%| F|  |TAMS 0x0000000782100000, 0x0000000782100000| Untracked 
|  34|0x0000000782200000, 0x0000000782200000, 0x0000000782300000|  0%| F|  |TAMS 0x0000000782200000, 0x0000000782200000| Untracked 
|  35|0x0000000782300000, 0x0000000782300000, 0x0000000782400000|  0%| F|  |TAMS 0x0000000782300000, 0x0000000782300000| Untracked 
|  36|0x0000000782400000, 0x0000000782400000, 0x0000000782500000|  0%| F|  |TAMS 0x0000000782400000, 0x0000000782400000| Untracked 
|  37|0x0000000782500000, 0x0000000782500000, 0x0000000782600000|  0%| F|  |TAMS 0x0000000782500000, 0x0000000782500000| Untracked 
|  38|0x0000000782600000, 0x0000000782600000, 0x0000000782700000|  0%| F|  |TAMS 0x0000000782600000, 0x0000000782600000| Untracked 
|  39|0x0000000782700000, 0x0000000782700000, 0x0000000782800000|  0%| F|  |TAMS 0x0000000782700000, 0x0000000782700000| Untracked 
|  40|0x0000000782800000, 0x0000000782800000, 0x0000000782900000|  0%| F|  |TAMS 0x0000000782800000, 0x0000000782800000| Untracked 
|  41|0x0000000782900000, 0x0000000782900000, 0x0000000782a00000|  0%| F|  |TAMS 0x0000000782900000, 0x0000000782900000| Untracked 
|  42|0x0000000782a00000, 0x0000000782a00000, 0x0000000782b00000|  0%| F|  |TAMS 0x0000000782a00000, 0x0000000782a00000| Untracked 
|  43|0x0000000782b00000, 0x0000000782b00000, 0x0000000782c00000|  0%| F|  |TAMS 0x0000000782b00000, 0x0000000782b00000| Untracked 
|  44|0x0000000782c00000, 0x0000000782c00000, 0x0000000782d00000|  0%| F|  |TAMS 0x0000000782c00000, 0x0000000782c00000| Untracked 
|  45|0x0000000782d00000, 0x0000000782d00000, 0x0000000782e00000|  0%| F|  |TAMS 0x0000000782d00000, 0x0000000782d00000| Untracked 
|  46|0x0000000782e00000, 0x0000000782e00000, 0x0000000782f00000|  0%| F|  |TAMS 0x0000000782e00000, 0x0000000782e00000| Untracked 
|  47|0x0000000782f00000, 0x0000000782f00000, 0x0000000783000000|  0%| F|  |TAMS 0x0000000782f00000, 0x0000000782f00000| Untracked 
|  48|0x0000000783000000, 0x0000000783000000, 0x0000000783100000|  0%| F|  |TAMS 0x0000000783000000, 0x0000000783000000| Untracked 
|  49|0x0000000783100000, 0x0000000783100000, 0x0000000783200000|  0%| F|  |TAMS 0x0000000783100000, 0x0000000783100000| Untracked 
|  50|0x0000000783200000, 0x0000000783200000, 0x0000000783300000|  0%| F|  |TAMS 0x0000000783200000, 0x0000000783200000| Untracked 
|  51|0x0000000783300000, 0x0000000783300000, 0x0000000783400000|  0%| F|  |TAMS 0x0000000783300000, 0x0000000783300000| Untracked 
|  52|0x0000000783400000, 0x0000000783400000, 0x0000000783500000|  0%| F|  |TAMS 0x0000000783400000, 0x0000000783400000| Untracked 
|  53|0x0000000783500000, 0x0000000783500000, 0x0000000783600000|  0%| F|  |TAMS 0x0000000783500000, 0x0000000783500000| Untracked 
|  54|0x0000000783600000, 0x0000000783600000, 0x0000000783700000|  0%| F|  |TAMS 0x0000000783600000, 0x0000000783600000| Untracked 
|  55|0x0000000783700000, 0x0000000783700000, 0x0000000783800000|  0%| F|  |TAMS 0x0000000783700000, 0x0000000783700000| Untracked 
|  56|0x0000000783800000, 0x0000000783800000, 0x0000000783900000|  0%| F|  |TAMS 0x0000000783800000, 0x0000000783800000| Untracked 
|  57|0x0000000783900000, 0x00000007839b4da0, 0x0000000783a00000| 70%| E|  |TAMS 0x0000000783900000, 0x0000000783900000| Complete 
|  58|0x0000000783a00000, 0x0000000783b00000, 0x0000000783b00000|100%| E|CS|TAMS 0x0000000783a00000, 0x0000000783a00000| Complete 
|  59|0x0000000783b00000, 0x0000000783c00000, 0x0000000783c00000|100%| E|CS|TAMS 0x0000000783b00000, 0x0000000783b00000| Complete 
|  60|0x0000000783c00000, 0x0000000783d00000, 0x0000000783d00000|100%| E|CS|TAMS 0x0000000783c00000, 0x0000000783c00000| Complete 
|  61|0x0000000783d00000, 0x0000000783e00000, 0x0000000783e00000|100%| E|CS|TAMS 0x0000000783d00000, 0x0000000783d00000| Complete 
|  62|0x0000000783e00000, 0x0000000783f00000, 0x0000000783f00000|100%| E|CS|TAMS 0x0000000783e00000, 0x0000000783e00000| Complete 
|  63|0x0000000783f00000, 0x0000000784000000, 0x0000000784000000|100%| E|CS|TAMS 0x0000000783f00000, 0x0000000783f00000| Complete 
|  64|0x0000000784000000, 0x0000000784100000, 0x0000000784100000|100%| E|CS|TAMS 0x0000000784000000, 0x0000000784000000| Complete 
|  65|0x0000000784100000, 0x0000000784200000, 0x0000000784200000|100%| E|CS|TAMS 0x0000000784100000, 0x0000000784100000| Complete 
|  66|0x0000000784200000, 0x0000000784300000, 0x0000000784300000|100%| E|CS|TAMS 0x0000000784200000, 0x0000000784200000| Complete 
|  67|0x0000000784300000, 0x0000000784400000, 0x0000000784400000|100%| E|CS|TAMS 0x0000000784300000, 0x0000000784300000| Complete 
|  68|0x0000000784400000, 0x0000000784500000, 0x0000000784500000|100%| E|CS|TAMS 0x0000000784400000, 0x0000000784400000| Complete 
|  69|0x0000000784500000, 0x0000000784600000, 0x0000000784600000|100%| E|CS|TAMS 0x0000000784500000, 0x0000000784500000| Complete 
|  70|0x0000000784600000, 0x0000000784700000, 0x0000000784700000|100%| E|CS|TAMS 0x0000000784600000, 0x0000000784600000| Complete 
|  71|0x0000000784700000, 0x0000000784800000, 0x0000000784800000|100%| E|CS|TAMS 0x0000000784700000, 0x0000000784700000| Complete 
|  72|0x0000000784800000, 0x0000000784900000, 0x0000000784900000|100%| E|CS|TAMS 0x0000000784800000, 0x0000000784800000| Complete 
|  73|0x0000000784900000, 0x0000000784a00000, 0x0000000784a00000|100%| E|CS|TAMS 0x0000000784900000, 0x0000000784900000| Complete 
|  74|0x0000000784a00000, 0x0000000784b00000, 0x0000000784b00000|100%| E|CS|TAMS 0x0000000784a00000, 0x0000000784a00000| Complete 
|  75|0x0000000784b00000, 0x0000000784c00000, 0x0000000784c00000|100%| E|CS|TAMS 0x0000000784b00000, 0x0000000784b00000| Complete 
|  76|0x0000000784c00000, 0x0000000784d00000, 0x0000000784d00000|100%| E|CS|TAMS 0x0000000784c00000, 0x0000000784c00000| Complete 
|  77|0x0000000784d00000, 0x0000000784e00000, 0x0000000784e00000|100%| E|CS|TAMS 0x0000000784d00000, 0x0000000784d00000| Complete 
|  78|0x0000000784e00000, 0x0000000784f00000, 0x0000000784f00000|100%| E|CS|TAMS 0x0000000784e00000, 0x0000000784e00000| Complete 
|  79|0x0000000784f00000, 0x0000000785000000, 0x0000000785000000|100%| E|CS|TAMS 0x0000000784f00000, 0x0000000784f00000| Complete 
|  80|0x0000000785000000, 0x0000000785100000, 0x0000000785100000|100%| S|CS|TAMS 0x0000000785000000, 0x0000000785000000| Complete 
|  81|0x0000000785100000, 0x0000000785200000, 0x0000000785200000|100%| S|CS|TAMS 0x0000000785100000, 0x0000000785100000| Complete 
|  82|0x0000000785200000, 0x0000000785300000, 0x0000000785300000|100%| S|CS|TAMS 0x0000000785200000, 0x0000000785200000| Complete 
|  83|0x0000000785300000, 0x0000000785400000, 0x0000000785400000|100%| S|CS|TAMS 0x0000000785300000, 0x0000000785300000| Complete 
|  84|0x0000000785400000, 0x0000000785500000, 0x0000000785500000|100%| S|CS|TAMS 0x0000000785400000, 0x0000000785400000| Complete 
|  85|0x0000000785500000, 0x0000000785600000, 0x0000000785600000|100%| S|CS|TAMS 0x0000000785500000, 0x0000000785500000| Complete 
|  86|0x0000000785600000, 0x0000000785700000, 0x0000000785700000|100%| E|CS|TAMS 0x0000000785600000, 0x0000000785600000| Complete 
|  87|0x0000000785700000, 0x0000000785800000, 0x0000000785800000|100%| E|CS|TAMS 0x0000000785700000, 0x0000000785700000| Complete 
|  88|0x0000000785800000, 0x0000000785900000, 0x0000000785900000|100%| E|CS|TAMS 0x0000000785800000, 0x0000000785800000| Complete 
|  89|0x0000000785900000, 0x0000000785a00000, 0x0000000785a00000|100%| E|CS|TAMS 0x0000000785900000, 0x0000000785900000| Complete 
|  90|0x0000000785a00000, 0x0000000785b00000, 0x0000000785b00000|100%| E|CS|TAMS 0x0000000785a00000, 0x0000000785a00000| Complete 
|  91|0x0000000785b00000, 0x0000000785c00000, 0x0000000785c00000|100%| E|CS|TAMS 0x0000000785b00000, 0x0000000785b00000| Complete 
|  92|0x0000000785c00000, 0x0000000785d00000, 0x0000000785d00000|100%| E|CS|TAMS 0x0000000785c00000, 0x0000000785c00000| Complete 
|  93|0x0000000785d00000, 0x0000000785e00000, 0x0000000785e00000|100%| E|CS|TAMS 0x0000000785d00000, 0x0000000785d00000| Complete 
|  94|0x0000000785e00000, 0x0000000785f00000, 0x0000000785f00000|100%| E|CS|TAMS 0x0000000785e00000, 0x0000000785e00000| Complete 
|  95|0x0000000785f00000, 0x0000000786000000, 0x0000000786000000|100%| E|CS|TAMS 0x0000000785f00000, 0x0000000785f00000| Complete 
|  96|0x0000000786000000, 0x0000000786100000, 0x0000000786100000|100%| E|CS|TAMS 0x0000000786000000, 0x0000000786000000| Complete 
|  97|0x0000000786100000, 0x0000000786200000, 0x0000000786200000|100%| E|CS|TAMS 0x0000000786100000, 0x0000000786100000| Complete 
|  98|0x0000000786200000, 0x0000000786300000, 0x0000000786300000|100%| E|CS|TAMS 0x0000000786200000, 0x0000000786200000| Complete 
|  99|0x0000000786300000, 0x0000000786400000, 0x0000000786400000|100%| E|CS|TAMS 0x0000000786300000, 0x0000000786300000| Complete 
| 100|0x0000000786400000, 0x0000000786500000, 0x0000000786500000|100%| E|CS|TAMS 0x0000000786400000, 0x0000000786400000| Complete 
| 101|0x0000000786500000, 0x0000000786600000, 0x0000000786600000|100%| E|CS|TAMS 0x0000000786500000, 0x0000000786500000| Complete 
| 102|0x0000000786600000, 0x0000000786700000, 0x0000000786700000|100%| E|CS|TAMS 0x0000000786600000, 0x0000000786600000| Complete 
| 103|0x0000000786700000, 0x0000000786800000, 0x0000000786800000|100%| E|CS|TAMS 0x0000000786700000, 0x0000000786700000| Complete 
| 104|0x0000000786800000, 0x0000000786900000, 0x0000000786900000|100%| E|CS|TAMS 0x0000000786800000, 0x0000000786800000| Complete 
| 105|0x0000000786900000, 0x0000000786a00000, 0x0000000786a00000|100%| E|CS|TAMS 0x0000000786900000, 0x0000000786900000| Complete 
| 106|0x0000000786a00000, 0x0000000786b00000, 0x0000000786b00000|100%| E|CS|TAMS 0x0000000786a00000, 0x0000000786a00000| Complete 
| 107|0x0000000786b00000, 0x0000000786c00000, 0x0000000786c00000|100%| E|CS|TAMS 0x0000000786b00000, 0x0000000786b00000| Complete 
| 108|0x0000000786c00000, 0x0000000786d00000, 0x0000000786d00000|100%| E|CS|TAMS 0x0000000786c00000, 0x0000000786c00000| Complete 
| 109|0x0000000786d00000, 0x0000000786e00000, 0x0000000786e00000|100%| E|CS|TAMS 0x0000000786d00000, 0x0000000786d00000| Complete 
| 110|0x0000000786e00000, 0x0000000786f00000, 0x0000000786f00000|100%| E|CS|TAMS 0x0000000786e00000, 0x0000000786e00000| Complete 
| 111|0x0000000786f00000, 0x0000000787000000, 0x0000000787000000|100%| E|CS|TAMS 0x0000000786f00000, 0x0000000786f00000| Complete 
| 112|0x0000000787000000, 0x0000000787100000, 0x0000000787100000|100%| E|CS|TAMS 0x0000000787000000, 0x0000000787000000| Complete 
| 113|0x0000000787100000, 0x0000000787200000, 0x0000000787200000|100%| E|CS|TAMS 0x0000000787100000, 0x0000000787100000| Complete 
| 114|0x0000000787200000, 0x0000000787300000, 0x0000000787300000|100%| E|CS|TAMS 0x0000000787200000, 0x0000000787200000| Complete 
| 115|0x0000000787300000, 0x0000000787400000, 0x0000000787400000|100%| E|CS|TAMS 0x0000000787300000, 0x0000000787300000| Complete 
| 116|0x0000000787400000, 0x0000000787500000, 0x0000000787500000|100%| E|CS|TAMS 0x0000000787400000, 0x0000000787400000| Complete 
| 117|0x0000000787500000, 0x0000000787600000, 0x0000000787600000|100%| E|CS|TAMS 0x0000000787500000, 0x0000000787500000| Complete 
| 118|0x0000000787600000, 0x0000000787700000, 0x0000000787700000|100%| E|CS|TAMS 0x0000000787600000, 0x0000000787600000| Complete 
| 119|0x0000000787700000, 0x0000000787800000, 0x0000000787800000|100%| E|CS|TAMS 0x0000000787700000, 0x0000000787700000| Complete 
| 120|0x0000000787800000, 0x0000000787900000, 0x0000000787900000|100%| E|CS|TAMS 0x0000000787800000, 0x0000000787800000| Complete 
| 121|0x0000000787900000, 0x0000000787a00000, 0x0000000787a00000|100%| E|CS|TAMS 0x0000000787900000, 0x0000000787900000| Complete 
| 122|0x0000000787a00000, 0x0000000787b00000, 0x0000000787b00000|100%| E|CS|TAMS 0x0000000787a00000, 0x0000000787a00000| Complete 
| 123|0x0000000787b00000, 0x0000000787c00000, 0x0000000787c00000|100%| E|CS|TAMS 0x0000000787b00000, 0x0000000787b00000| Complete 
| 124|0x0000000787c00000, 0x0000000787d00000, 0x0000000787d00000|100%| E|CS|TAMS 0x0000000787c00000, 0x0000000787c00000| Complete 
| 125|0x0000000787d00000, 0x0000000787e00000, 0x0000000787e00000|100%| E|CS|TAMS 0x0000000787d00000, 0x0000000787d00000| Complete 
| 126|0x0000000787e00000, 0x0000000787f00000, 0x0000000787f00000|100%| E|CS|TAMS 0x0000000787e00000, 0x0000000787e00000| Complete 
| 127|0x0000000787f00000, 0x0000000788000000, 0x0000000788000000|100%| E|CS|TAMS 0x0000000787f00000, 0x0000000787f00000| Complete 
|2046|0x00000007ffe00000, 0x00000007ffe78000, 0x00000007fff00000| 46%|OA|  |TAMS 0x00000007ffe00000, 0x00000007ffe00000| Untracked 
|2047|0x00000007fff00000, 0x00000007fff80000, 0x0000000800000000| 50%|CA|  |TAMS 0x00000007fff00000, 0x00000007fff00000| Untracked 

Card table byte_map: [0x0000000104ba0000,0x0000000104fa0000] _byte_map_base: 0x0000000100fa0000

Marking Bits (Prev, Next): (CMBitMap*) 0x000000013303a410, (CMBitMap*) 0x000000013303a450
 Prev Bits: [0x000000011cff8000, 0x000000011eff8000)
 Next Bits: [0x000000011eff8000, 0x0000000120ff8000)

Polling page: 0x0000000104340000

Metaspace:

Usage:
  Non-class:     15.77 MB used.
      Class:      2.63 MB used.
       Both:     18.40 MB used.

Virtual space:
  Non-class space:       24.00 MB reserved,      15.94 MB ( 66%) committed,  3 nodes.
      Class space:        1.00 GB reserved,       2.81 MB ( <1%) committed,  1 nodes.
             Both:        1.02 GB reserved,      18.75 MB (  2%) committed. 

Chunk freelists:
   Non-Class:  3.50 MB
       Class:  1.17 MB
        Both:  4.67 MB

MaxMetaspaceSize: unlimited
CompressedClassSpaceSize: 1.00 GB
Initial GC threshold: 21.00 MB
Current GC threshold: 21.00 MB
CDS: on
MetaspaceReclaimPolicy: balanced
 - commit_granule_bytes: 65536.
 - commit_granule_words: 8192.
 - virtual_space_node_default_size: 1048576.
 - enlarge_chunks_in_place: 1.
 - new_chunks_are_fully_committed: 0.
 - uncommit_free_chunks: 1.
 - use_allocation_guard: 0.
 - handle_deallocations: 1.


Internal statistics:

num_allocs_failed_limit: 0.
num_arena_births: 336.
num_arena_deaths: 0.
num_vsnodes_births: 4.
num_vsnodes_deaths: 0.
num_space_committed: 300.
num_space_uncommitted: 0.
num_chunks_returned_to_freelist: 0.
num_chunks_taken_from_freelist: 1058.
num_chunk_merges: 0.
num_chunk_splits: 677.
num_chunks_enlarged: 457.
num_purges: 0.
num_inconsistent_stats: 0.

CodeHeap 'non-profiled nmethods': size=120032Kb used=2164Kb max_used=2164Kb free=117867Kb
 bounds [0x0000000115ac0000, 0x0000000115d30000, 0x000000011cff8000]
CodeHeap 'profiled nmethods': size=120016Kb used=10151Kb max_used=10151Kb free=109864Kb
 bounds [0x000000010e58c000, 0x000000010ef7c000, 0x0000000115ac0000]
CodeHeap 'non-nmethods': size=5712Kb used=1408Kb max_used=1567Kb free=4303Kb
 bounds [0x000000010dff8000, 0x000000010e268000, 0x000000010e58c000]
 total_blobs=5352 nmethods=4563 adapters=704
 compilation: enabled
              stopped_count=0, restarted_count=0
 full_count=0

Compilation events (20 events):
Event: 14.148 Thread 0x0000000132809e00 4744       3       javafx.scene.Scene::buildEventDispatchChain (48 bytes)
Event: 14.151 Thread 0x0000000132809e00 nmethod 4744 0x000000010ef6e090 code [0x000000010ef6e3c0, 0x000000010ef6f808]
Event: 14.152 Thread 0x0000000132809e00 4745       3       com.sun.javafx.scene.KeyboardShortcutsHandler::dispatchCapturingEvent (223 bytes)
Event: 14.155 Thread 0x0000000132809e00 nmethod 4745 0x000000010ef6fc90 code [0x000000010ef6ff00, 0x000000010ef708e8]
Event: 14.156 Thread 0x0000000132809e00 4748       3       com.sun.javafx.event.EventHandlerManager::dispatchBubblingEvent (23 bytes)
Event: 14.156 Thread 0x0000000132809e00 nmethod 4748 0x000000010ef70b10 code [0x000000010ef70d00, 0x000000010ef71088]
Event: 14.156 Thread 0x0000000132809e00 4747       3       javafx.scene.Node::buildEventDispatchChain (100 bytes)
Event: 14.157 Thread 0x0000000132809e00 nmethod 4747 0x000000010ef71210 code [0x000000010ef71640, 0x000000010ef73128]
Event: 14.157 Thread 0x0000000132809e00 4746       3       javafx.scene.input.PickResult::<init> (53 bytes)
Event: 14.160 Thread 0x0000000132809e00 nmethod 4746 0x000000010ef73890 code [0x000000010ef73ac0, 0x000000010ef74308]
Event: 14.205 Thread 0x0000000132809e00 4749       3       com.sun.javafx.event.EventDispatchChainImpl::reset (44 bytes)
Event: 14.206 Thread 0x0000000132809e00 nmethod 4749 0x000000010ef74510 code [0x000000010ef746c0, 0x000000010ef74aa8]
Event: 15.065 Thread 0x0000000132019000 4751       4       java.util.ArrayList$Itr::checkForComodification (23 bytes)
Event: 15.065 Thread 0x0000000132809e00 4750       3       java.util.ArrayList::remove (26 bytes)
Event: 15.066 Thread 0x0000000132019000 nmethod 4751 0x0000000115cdc890 code [0x0000000115cdca40, 0x0000000115cdcb40]
Event: 15.066 Thread 0x0000000132019000 4753       4       java.util.ArrayList$Itr::next (66 bytes)
Event: 15.066 Thread 0x0000000132809e00 nmethod 4750 0x000000010ef74c10 code [0x000000010ef74e00, 0x000000010ef75188]
Event: 15.066 Thread 0x0000000132809e00 4752   !   3       java.util.ArrayList$Itr::remove (68 bytes)
Event: 15.067 Thread 0x0000000132809e00 nmethod 4752 0x000000010ef75390 code [0x000000010ef755c0, 0x000000010ef75ae8]
Event: 15.068 Thread 0x0000000132019000 nmethod 4753 0x0000000115cdcc10 code [0x0000000115cdcdc0, 0x0000000115cdcf80]

GC Heap History (4 events):
Event: 0.833 GC heap before
{Heap before GC invocations=0 (full 0):
 garbage-first heap   total 133120K, used 23520K [0x0000000780000000, 0x0000000800000000)
  region size 1024K, 23 young (23552K), 0 survivors (0K)
 Metaspace       used 5984K, committed 6144K, reserved 1056768K
  class space    used 759K, committed 832K, reserved 1048576K
}
Event: 0.839 GC heap after
{Heap after GC invocations=1 (full 0):
 garbage-first heap   total 133120K, used 4631K [0x0000000780000000, 0x0000000800000000)
  region size 1024K, 3 young (3072K), 3 survivors (3072K)
 Metaspace       used 5984K, committed 6144K, reserved 1056768K
  class space    used 759K, committed 832K, reserved 1048576K
}
Event: 5.895 GC heap before
{Heap before GC invocations=1 (full 0):
 garbage-first heap   total 133120K, used 56855K [0x0000000780000000, 0x0000000800000000)
  region size 1024K, 42 young (43008K), 3 survivors (3072K)
 Metaspace       used 14781K, committed 15040K, reserved 1064960K
  class space    used 2045K, committed 2176K, reserved 1048576K
}
Event: 5.905 GC heap after
{Heap after GC invocations=2 (full 0):
 garbage-first heap   total 133120K, used 19206K [0x0000000780000000, 0x0000000800000000)
  region size 1024K, 6 young (6144K), 6 survivors (6144K)
 Metaspace       used 14781K, committed 15040K, reserved 1064960K
  class space    used 2045K, committed 2176K, reserved 1048576K
}

Deoptimization events (20 events):
Event: 7.905 Thread 0x000000013293f400 DEOPT PACKING pc=0x000000010ea04590 sp=0x000000016bb45ca0
Event: 7.905 Thread 0x000000013293f400 DEOPT UNPACKING pc=0x000000010e036b7c sp=0x000000016bb45980 mode 0
Event: 7.905 Thread 0x000000013293f400 DEOPT PACKING pc=0x000000010ea04d54 sp=0x000000016bb45d80
Event: 7.905 Thread 0x000000013293f400 DEOPT UNPACKING pc=0x000000010e036b7c sp=0x000000016bb45a50 mode 0
Event: 9.922 Thread 0x000000013293f400 Uncommon trap: trap_request=0xfffffff4 fr.pc=0x0000000115c852c0 relative=0x0000000000000bc0
Event: 9.922 Thread 0x000000013293f400 Uncommon trap: reason=null_check action=make_not_entrant pc=0x0000000115c852c0 method=com.sun.javafx.fxml.BeanAdapter.coerce(Ljava/lang/Object;Ljava/lang/Class;)Ljava/lang/Object; @ 28 c2
Event: 9.922 Thread 0x000000013293f400 DEOPT PACKING pc=0x0000000115c852c0 sp=0x000000016bb46000
Event: 9.922 Thread 0x000000013293f400 DEOPT UNPACKING pc=0x000000010e036d1c sp=0x000000016bb45fa0 mode 2
Event: 9.994 Thread 0x000000013280c800 DEOPT PACKING pc=0x000000010eea9350 sp=0x000000016e3c75f0
Event: 9.994 Thread 0x000000013280c800 DEOPT UNPACKING pc=0x000000010e036b7c sp=0x000000016e3c7290 mode 0
Event: 10.255 Thread 0x000000013293f400 Uncommon trap: trap_request=0xfffffff4 fr.pc=0x0000000115cb32d0 relative=0x0000000000005c10
Event: 10.255 Thread 0x000000013293f400 Uncommon trap: reason=null_check action=make_not_entrant pc=0x0000000115cb32d0 method=javafx.fxml.FXMLLoader$Element.processValue(Ljava/lang/Class;Ljava/lang/String;Ljava/lang/String;)Z @ 51 c2
Event: 10.255 Thread 0x000000013293f400 DEOPT PACKING pc=0x0000000115cb32d0 sp=0x000000016bb46310
Event: 10.255 Thread 0x000000013293f400 DEOPT UNPACKING pc=0x000000010e036d1c sp=0x000000016bb46240 mode 2
Event: 10.270 Thread 0x000000013280c800 DEOPT PACKING pc=0x000000010eea9350 sp=0x000000016e3c75f0
Event: 10.270 Thread 0x000000013280c800 DEOPT UNPACKING pc=0x000000010e036b7c sp=0x000000016e3c7290 mode 0
Event: 14.205 Thread 0x000000013293f400 Uncommon trap: trap_request=0xffffff45 fr.pc=0x0000000115b94db0 relative=0x0000000000000070
Event: 14.205 Thread 0x000000013293f400 Uncommon trap: reason=unstable_if action=reinterpret pc=0x0000000115b94db0 method=java.lang.Math.round(F)I @ 23 c2
Event: 14.205 Thread 0x000000013293f400 DEOPT PACKING pc=0x0000000115b94db0 sp=0x000000016bb48580
Event: 14.205 Thread 0x000000013293f400 DEOPT UNPACKING pc=0x000000010e036d1c sp=0x000000016bb48500 mode 2

Classes unloaded (0 events):
No events

Classes redefined (0 events):
No events

Internal exceptions (20 events):
Event: 10.092 Thread 0x000000013293f400 Exception <a 'java/io/FileNotFoundException'{0x00000007842c2fe0}> (0x00000007842c2fe0) 
thrown [src/hotspot/share/prims/jni.cpp, line 516]
Event: 10.092 Thread 0x000000013293f400 Exception <a 'java/io/FileNotFoundException'{0x00000007842d09f0}> (0x00000007842d09f0) 
thrown [src/hotspot/share/prims/jni.cpp, line 516]
Event: 10.092 Thread 0x000000013293f400 Exception <a 'java/io/FileNotFoundException'{0x00000007842de400}> (0x00000007842de400) 
thrown [src/hotspot/share/prims/jni.cpp, line 516]
Event: 10.092 Thread 0x000000013293f400 Exception <a 'java/io/FileNotFoundException'{0x0000000784101ec8}> (0x0000000784101ec8) 
thrown [src/hotspot/share/prims/jni.cpp, line 516]
Event: 10.093 Thread 0x000000013293f400 Exception <a 'java/io/FileNotFoundException'{0x00000007841151e0}> (0x00000007841151e0) 
thrown [src/hotspot/share/prims/jni.cpp, line 516]
Event: 10.098 Thread 0x000000013293f400 Exception <a 'java/lang/NullPointerException'{0x0000000783f9c7f0}> (0x0000000783f9c7f0) 
thrown [src/hotspot/share/interpreter/linkResolver.cpp, line 1350]
Event: 10.255 Thread 0x000000013293f400 Implicit null exception at 0x0000000115cad8c8 to 0x0000000115cb32bc
Event: 10.256 Thread 0x000000013293f400 Exception <a 'java/io/FileNotFoundException'{0x0000000783ea8b88}> (0x0000000783ea8b88) 
thrown [src/hotspot/share/prims/jni.cpp, line 516]
Event: 10.257 Thread 0x000000013293f400 Exception <a 'java/io/FileNotFoundException'{0x0000000783eb6598}> (0x0000000783eb6598) 
thrown [src/hotspot/share/prims/jni.cpp, line 516]
Event: 10.257 Thread 0x000000013293f400 Exception <a 'java/io/FileNotFoundException'{0x0000000783ec4010}> (0x0000000783ec4010) 
thrown [src/hotspot/share/prims/jni.cpp, line 516]
Event: 10.257 Thread 0x000000013293f400 Exception <a 'java/io/FileNotFoundException'{0x0000000783ed1a18}> (0x0000000783ed1a18) 
thrown [src/hotspot/share/prims/jni.cpp, line 516]
Event: 10.257 Thread 0x000000013293f400 Exception <a 'java/io/FileNotFoundException'{0x0000000783eea688}> (0x0000000783eea688) 
thrown [src/hotspot/share/prims/jni.cpp, line 516]
Event: 10.258 Thread 0x000000013293f400 Exception <a 'java/io/FileNotFoundException'{0x0000000783d08728}> (0x0000000783d08728) 
thrown [src/hotspot/share/prims/jni.cpp, line 516]
Event: 10.258 Thread 0x000000013293f400 Exception <a 'java/io/FileNotFoundException'{0x0000000783d16138}> (0x0000000783d16138) 
thrown [src/hotspot/share/prims/jni.cpp, line 516]
Event: 10.258 Thread 0x000000013293f400 Exception <a 'java/io/FileNotFoundException'{0x0000000783d23b48}> (0x0000000783d23b48) 
thrown [src/hotspot/share/prims/jni.cpp, line 516]
Event: 10.258 Thread 0x000000013293f400 Exception <a 'java/io/FileNotFoundException'{0x0000000783d31558}> (0x0000000783d31558) 
thrown [src/hotspot/share/prims/jni.cpp, line 516]
Event: 10.259 Thread 0x000000013293f400 Exception <a 'java/io/FileNotFoundException'{0x0000000783d3ef68}> (0x0000000783d3ef68) 
thrown [src/hotspot/share/prims/jni.cpp, line 516]
Event: 10.259 Thread 0x000000013293f400 Exception <a 'java/io/FileNotFoundException'{0x0000000783d62228}> (0x0000000783d62228) 
thrown [src/hotspot/share/prims/jni.cpp, line 516]
Event: 10.259 Thread 0x000000013293f400 Exception <a 'java/io/FileNotFoundException'{0x0000000783d75540}> (0x0000000783d75540) 
thrown [src/hotspot/share/prims/jni.cpp, line 516]
Event: 10.265 Thread 0x000000013293f400 Exception <a 'java/lang/NullPointerException'{0x0000000783bfca30}> (0x0000000783bfca30) 
thrown [src/hotspot/share/interpreter/linkResolver.cpp, line 1350]

VM Operations (20 events):
Event: 7.220 Executing VM operation: ICBufferFull
Event: 7.220 Executing VM operation: ICBufferFull done
Event: 7.663 Executing VM operation: ICBufferFull
Event: 7.663 Executing VM operation: ICBufferFull done
Event: 8.309 Executing VM operation: ICBufferFull
Event: 8.309 Executing VM operation: ICBufferFull done
Event: 8.472 Executing VM operation: HandshakeAllThreads
Event: 8.472 Executing VM operation: HandshakeAllThreads done
Event: 8.475 Executing VM operation: ICBufferFull
Event: 8.475 Executing VM operation: ICBufferFull done
Event: 9.480 Executing VM operation: Cleanup
Event: 9.480 Executing VM operation: Cleanup done
Event: 10.482 Executing VM operation: Cleanup
Event: 10.482 Executing VM operation: Cleanup done
Event: 11.487 Executing VM operation: Cleanup
Event: 11.487 Executing VM operation: Cleanup done
Event: 13.490 Executing VM operation: Cleanup
Event: 13.490 Executing VM operation: Cleanup done
Event: 14.495 Executing VM operation: Cleanup
Event: 14.496 Executing VM operation: Cleanup done

Events (20 events):
Event: 9.092 Protecting memory [0x000000016e5e0000,0x000000016e5ec000] with protection modes 3
Event: 9.092 Thread 0x0000000135843200 Thread exited: 0x0000000135843200
Event: 9.675 Protecting memory [0x000000016e5e0000,0x000000016e5ec000] with protection modes 0
Event: 9.675 Thread 0x0000000136020c00 Thread added: 0x0000000136020c00
Event: 10.925 Protecting memory [0x000000016e5e0000,0x000000016e5ec000] with protection modes 3
Event: 10.925 Thread 0x0000000136020c00 Thread exited: 0x0000000136020c00
Event: 12.809 Protecting memory [0x000000016e5e0000,0x000000016e5ec000] with protection modes 0
Event: 12.809 Thread 0x0000000132a14a00 Thread added: 0x0000000132a14a00
Event: 13.092 Protecting memory [0x000000016e5e0000,0x000000016e5ec000] with protection modes 3
Event: 13.092 Thread 0x0000000132a14a00 Thread exited: 0x0000000132a14a00
Event: 13.675 Protecting memory [0x000000016e5e0000,0x000000016e5ec000] with protection modes 0
Event: 13.675 Thread 0x0000000132a14a00 Thread added: 0x0000000132a14a00
Event: 13.975 Protecting memory [0x000000016e5e0000,0x000000016e5ec000] with protection modes 3
Event: 13.975 Thread 0x0000000132a14a00 Thread exited: 0x0000000132a14a00
Event: 14.109 Protecting memory [0x000000016e5e0000,0x000000016e5ec000] with protection modes 0
Event: 14.109 Thread 0x00000001331f7e00 Thread added: 0x00000001331f7e00
Event: 14.392 Protecting memory [0x000000016e5e0000,0x000000016e5ec000] with protection modes 3
Event: 14.392 Thread 0x00000001331f7e00 Thread exited: 0x00000001331f7e00
Event: 15.058 Protecting memory [0x000000016e5e0000,0x000000016e5ec000] with protection modes 0
Event: 15.058 Thread 0x0000000132307200 Thread added: 0x0000000132307200


Dynamic libraries:
0x00000001042f0000 	/Users/jonathan/Library/Java/JavaVirtualMachines/corretto-17.0.4.1/Contents/Home/lib/libjli.dylib
0x00000001c9962000 	/System/Library/Frameworks/Cocoa.framework/Versions/A/Cocoa
0x00000001b5edb000 	/System/Library/Frameworks/AppKit.framework/Versions/C/AppKit
0x00000001b9411000 	/System/Library/Frameworks/CoreData.framework/Versions/A/CoreData
0x00000001b4238000 	/System/Library/Frameworks/Foundation.framework/Versions/C/Foundation
0x00000001bdd5d000 	/usr/lib/libSystem.B.dylib
0x00000001b6d92000 	/System/Library/PrivateFrameworks/UIFoundation.framework/Versions/A/UIFoundation
0x00000001c3c5b000 	/System/Library/PrivateFrameworks/RemoteViewServices.framework/Versions/A/RemoteViewServices
0x00000001bc274000 	/System/Library/PrivateFrameworks/XCTTargetBootstrap.framework/Versions/A/XCTTargetBootstrap
0x00000001bfa5e000 	/System/Library/PrivateFrameworks/InternationalSupport.framework/Versions/A/InternationalSupport
0x00000001bfae7000 	/System/Library/PrivateFrameworks/UserActivity.framework/Versions/A/UserActivity
0x00000001bef8c000 	/usr/lib/libspindump.dylib
0x00000001b7002000 	/System/Library/Frameworks/UniformTypeIdentifiers.framework/Versions/A/UniformTypeIdentifiers
0x00000001ba801000 	/usr/lib/libapp_launch_measurement.dylib
0x00000001b9d79000 	/System/Library/PrivateFrameworks/CoreAnalytics.framework/Versions/A/CoreAnalytics
0x00000001ba804000 	/System/Library/PrivateFrameworks/CoreAutoLayout.framework/Versions/A/CoreAutoLayout
0x00000001bbb77000 	/System/Library/Frameworks/Metal.framework/Versions/A/Metal
0x00000001bc8c6000 	/usr/lib/liblangid.dylib
0x00000001bc278000 	/System/Library/PrivateFrameworks/CoreSVG.framework/Versions/A/CoreSVG
0x00000001b84c9000 	/System/Library/PrivateFrameworks/SkyLight.framework/Versions/A/SkyLight
0x00000001b8896000 	/System/Library/Frameworks/CoreGraphics.framework/Versions/A/CoreGraphics
0x00000001c42d9000 	/System/Library/Frameworks/Accelerate.framework/Versions/A/Accelerate
0x00000001bea00000 	/System/Library/PrivateFrameworks/IconServices.framework/Versions/A/IconServices
0x00000001bbb59000 	/System/Library/Frameworks/IOSurface.framework/Versions/A/IOSurface
0x00000001b9da9000 	/usr/lib/libDiagnosticMessagesClient.dylib
0x00000001bdcad000 	/usr/lib/libz.1.dylib
0x00000001c7722000 	/System/Library/Frameworks/ApplicationServices.framework/Versions/A/ApplicationServices
0x00000001bc25c000 	/System/Library/PrivateFrameworks/DFRFoundation.framework/Versions/A/DFRFoundation
0x00000001b577c000 	/usr/lib/libicucore.A.dylib
0x00000001c085f000 	/System/Library/Frameworks/AudioToolbox.framework/Versions/A/AudioToolbox
0x00000001bfa6a000 	/System/Library/PrivateFrameworks/DataDetectorsCore.framework/Versions/A/DataDetectorsCore
0x00000001d5bb8000 	/System/Library/PrivateFrameworks/TextInput.framework/Versions/A/TextInput
0x00000001b8440000 	/usr/lib/libMobileGestalt.dylib
0x00000001bbf2c000 	/System/Library/Frameworks/Carbon.framework/Versions/A/Frameworks/HIToolbox.framework/Versions/A/HIToolbox
0x00000001ba20a000 	/System/Library/Frameworks/QuartzCore.framework/Versions/A/QuartzCore
0x00000001b53f9000 	/System/Library/Frameworks/Security.framework/Versions/A/Security
0x00000001c3c9b000 	/System/Library/Frameworks/Carbon.framework/Versions/A/Frameworks/SpeechRecognition.framework/Versions/A/SpeechRecognition
0x00000001ba558000 	/System/Library/PrivateFrameworks/CoreUI.framework/Versions/A/CoreUI
0x00000001b4cca000 	/System/Library/Frameworks/CoreAudio.framework/Versions/A/CoreAudio
0x00000001b9e9d000 	/System/Library/Frameworks/DiskArbitration.framework/Versions/A/DiskArbitration
0x00000001bf371000 	/System/Library/PrivateFrameworks/MultitouchSupport.framework/Versions/A/MultitouchSupport
0x00000001b843e000 	/usr/lib/libenergytrace.dylib
0x00000001b5da5000 	/System/Library/Frameworks/IOKit.framework/Versions/A/IOKit
0x00000001c4084000 	/System/Library/Frameworks/CoreServices.framework/Versions/A/CoreServices
0x00000001ba791000 	/System/Library/PrivateFrameworks/PerformanceAnalysis.framework/Versions/A/PerformanceAnalysis
0x0000000214765000 	/System/Library/Frameworks/OpenGL.framework/Versions/A/OpenGL
0x00000001bd317000 	/System/Library/PrivateFrameworks/MobileKeyBag.framework/Versions/A/MobileKeyBag
0x00000001b3182000 	/usr/lib/libobjc.A.dylib
0x00000001b8ea6000 	/System/Library/Frameworks/ColorSync.framework/Versions/A/ColorSync
0x00000001b3344000 	/System/Library/Frameworks/CoreFoundation.framework/Versions/A/CoreFoundation
0x00000001bc4f9000 	/System/Library/Frameworks/CoreImage.framework/Versions/A/CoreImage
0x00000001b4aed000 	/System/Library/Frameworks/CoreText.framework/Versions/A/CoreText
0x00000001bc2a8000 	/System/Library/Frameworks/ImageIO.framework/Versions/A/ImageIO
0x00000001bdd63000 	/System/Library/PrivateFrameworks/SoftLinking.framework/Versions/A/SoftLinking
0x00000001ba84e000 	/usr/lib/libxml2.2.dylib
0x00000001b3242000 	/usr/lib/libc++.1.dylib
0x00000001bdffc000 	/usr/lib/libcompression.dylib
0x00000001bf9b7000 	/System/Library/PrivateFrameworks/TextureIO.framework/Versions/A/TextureIO
0x00000001be71a000 	/usr/lib/libate.dylib
0x00000001bdd57000 	/usr/lib/system/libcache.dylib
0x00000001bdd15000 	/usr/lib/system/libcommonCrypto.dylib
0x00000001bdd3e000 	/usr/lib/system/libcompiler_rt.dylib
0x00000001bdd35000 	/usr/lib/system/libcopyfile.dylib
0x00000001b3096000 	/usr/lib/system/libcorecrypto.dylib
0x00000001b313b000 	/usr/lib/system/libdispatch.dylib
0x00000001b3303000 	/usr/lib/system/libdyld.dylib
0x00000001bdd4d000 	/usr/lib/system/libkeymgr.dylib
0x00000001bdcf7000 	/usr/lib/system/libmacho.dylib
0x00000001bd3f7000 	/usr/lib/system/libquarantine.dylib
0x00000001bdd4a000 	/usr/lib/system/libremovefile.dylib
0x00000001b8495000 	/usr/lib/system/libsystem_asl.dylib
0x00000001b3040000 	/usr/lib/system/libsystem_blocks.dylib
0x00000001b31c1000 	/usr/lib/system/libsystem_c.dylib
0x00000001bdd42000 	/usr/lib/system/libsystem_collections.dylib
0x00000001bc8b6000 	/usr/lib/system/libsystem_configuration.dylib
0x00000001bbb3a000 	/usr/lib/system/libsystem_containermanager.dylib
0x00000001bda5e000 	/usr/lib/system/libsystem_coreservices.dylib
0x00000001b5a27000 	/usr/lib/system/libsystem_darwin.dylib
0x00000001bdd4e000 	/usr/lib/system/libsystem_dnssd.dylib
0x00000001b31be000 	/usr/lib/system/libsystem_featureflags.dylib
0x00000001b3318000 	/usr/lib/system/libsystem_info.dylib
0x00000001bdcbf000 	/usr/lib/system/libsystem_m.dylib
0x00000001b3110000 	/usr/lib/system/libsystem_malloc.dylib
0x00000001b8426000 	/usr/lib/system/libsystem_networkextension.dylib
0x00000001b5e7b000 	/usr/lib/system/libsystem_notify.dylib
0x00000001c3f61000 	/usr/lib/system/libsystem_product_info_filter.dylib
0x00000001bc8bb000 	/usr/lib/system/libsystem_sandbox.dylib
0x00000001bdd47000 	/usr/lib/system/libsystem_secinit.dylib
0x00000001b32c0000 	/usr/lib/system/libsystem_kernel.dylib
0x00000001b3310000 	/usr/lib/system/libsystem_platform.dylib
0x00000001b32f6000 	/usr/lib/system/libsystem_pthread.dylib
0x00000001b9bd2000 	/usr/lib/system/libsystem_symptoms.dylib
0x00000001b307c000 	/usr/lib/system/libsystem_trace.dylib
0x00000001bdd22000 	/usr/lib/system/libunwind.dylib
0x00000001b3042000 	/usr/lib/system/libxpc.dylib
0x00000001b32a6000 	/usr/lib/libc++abi.dylib
0x00000001bdd2d000 	/usr/lib/liboah.dylib
0x00000001be5e2000 	/usr/lib/liblzma.5.dylib
0x00000001b3f2c000 	/System/Library/Frameworks/SystemConfiguration.framework/Versions/A/SystemConfiguration
0x00000001bdd5f000 	/usr/lib/libfakelink.dylib
0x00000001b7f6d000 	/System/Library/Frameworks/CFNetwork.framework/Versions/A/CFNetwork
0x00000001bdea6000 	/usr/lib/libarchive.2.dylib
0x00000001bc8c2000 	/System/Library/PrivateFrameworks/AppleSystemInfo.framework/Versions/A/AppleSystemInfo
0x00000001bd422000 	/usr/lib/libbsm.0.dylib
0x00000001b74a5000 	/usr/lib/libnetwork.dylib
0x00000001bdcfd000 	/usr/lib/system/libkxld.dylib
0x00000001bd039000 	/System/Library/PrivateFrameworks/IOMobileFramebuffer.framework/Versions/A/IOMobileFramebuffer
0x0000000230596000 	/usr/lib/libCoreEntitlements.dylib
0x00000001bda40000 	/System/Library/PrivateFrameworks/AppleFSCompression.framework/Versions/A/AppleFSCompression
0x00000001bd40a000 	/usr/lib/libcoretls.dylib
0x00000001be5fb000 	/usr/lib/libcoretls_cfhelpers.dylib
0x00000001bdff7000 	/usr/lib/libpam.2.dylib
0x00000001b97fa000 	/usr/lib/libsqlite3.dylib
0x00000001be663000 	/usr/lib/libxar.1.dylib
0x00000001bda51000 	/usr/lib/libbz2.1.0.dylib
0x00000001bdd64000 	/usr/lib/libpcap.A.dylib
0x00000001b9bc9000 	/usr/lib/libdns_services.dylib
0x00000001bdfca000 	/usr/lib/libapple_nghttp2.dylib
0x00000001bdda1000 	/usr/lib/libiconv.2.dylib
0x00000001bdcf6000 	/usr/lib/libcharset.1.dylib
0x00000001ba7cd000 	/System/Library/Frameworks/CoreServices.framework/Versions/A/Frameworks/FSEvents.framework/Versions/A/FSEvents
0x00000001b5a32000 	/System/Library/Frameworks/CoreServices.framework/Versions/A/Frameworks/CarbonCore.framework/Versions/A/CarbonCore
0x00000001b9e00000 	/System/Library/Frameworks/CoreServices.framework/Versions/A/Frameworks/Metadata.framework/Versions/A/Metadata
0x00000001bda64000 	/System/Library/Frameworks/CoreServices.framework/Versions/A/Frameworks/OSServices.framework/Versions/A/OSServices
0x00000001bdf2c000 	/System/Library/Frameworks/CoreServices.framework/Versions/A/Frameworks/SearchKit.framework/Versions/A/SearchKit
0x00000001b9b57000 	/System/Library/Frameworks/CoreServices.framework/Versions/A/Frameworks/AE.framework/Versions/A/AE
0x00000001b3888000 	/System/Library/Frameworks/CoreServices.framework/Versions/A/Frameworks/LaunchServices.framework/Versions/A/LaunchServices
0x00000001be58b000 	/System/Library/Frameworks/CoreServices.framework/Versions/A/Frameworks/DictionaryServices.framework/Versions/A/DictionaryServices
0x00000001ba7da000 	/System/Library/Frameworks/CoreServices.framework/Versions/A/Frameworks/SharedFileList.framework/Versions/A/SharedFileList
0x00000001bd3fa000 	/usr/lib/libCheckFix.dylib
0x00000001b84ad000 	/System/Library/PrivateFrameworks/TCC.framework/Versions/A/TCC
0x00000001bc8c8000 	/System/Library/PrivateFrameworks/CoreNLP.framework/Versions/A/CoreNLP
0x00000001b9dac000 	/System/Library/PrivateFrameworks/MetadataUtilities.framework/Versions/A/MetadataUtilities
0x00000001b3fe5000 	/usr/lib/libmecabra.dylib
0x00000001bd433000 	/usr/lib/libmecab.dylib
0x00000001b3fb1000 	/usr/lib/libCRFSuite.dylib
0x00000001bd491000 	/usr/lib/libgermantok.dylib
0x00000001bdfa3000 	/usr/lib/libThaiTokenizer.dylib
0x00000001b9ea5000 	/System/Library/Frameworks/Accelerate.framework/Versions/A/Frameworks/vImage.framework/Versions/A/vImage
0x00000001c405b000 	/System/Library/Frameworks/Accelerate.framework/Versions/A/Frameworks/vecLib.framework/Versions/A/vecLib
0x00000001be6a7000 	/System/Library/Frameworks/Accelerate.framework/Versions/A/Frameworks/vecLib.framework/Versions/A/libvMisc.dylib
0x00000001bcf43000 	/System/Library/Frameworks/Accelerate.framework/Versions/A/Frameworks/vecLib.framework/Versions/A/libvDSP.dylib
0x00000001b3c0b000 	/System/Library/Frameworks/Accelerate.framework/Versions/A/Frameworks/vecLib.framework/Versions/A/libBLAS.dylib
0x00000001be0cb000 	/System/Library/Frameworks/Accelerate.framework/Versions/A/Frameworks/vecLib.framework/Versions/A/libLAPACK.dylib
0x00000001bd494000 	/System/Library/Frameworks/Accelerate.framework/Versions/A/Frameworks/vecLib.framework/Versions/A/libLinearAlgebra.dylib
0x00000001bdfe2000 	/System/Library/Frameworks/Accelerate.framework/Versions/A/Frameworks/vecLib.framework/Versions/A/libSparseBLAS.dylib
0x00000001be0c6000 	/System/Library/Frameworks/Accelerate.framework/Versions/A/Frameworks/vecLib.framework/Versions/A/libQuadrature.dylib
0x00000001bc9bf000 	/System/Library/Frameworks/Accelerate.framework/Versions/A/Frameworks/vecLib.framework/Versions/A/libBNNS.dylib
0x00000001b3ec9000 	/System/Library/Frameworks/Accelerate.framework/Versions/A/Frameworks/vecLib.framework/Versions/A/libSparse.dylib
0x00000001bc9b7000 	/System/Library/PrivateFrameworks/LinguisticData.framework/Versions/A/LinguisticData
0x00000001b3e7f000 	/System/Library/PrivateFrameworks/Lexicon.framework/Versions/A/Lexicon
0x00000001be69f000 	/usr/lib/libChineseTokenizer.dylib
0x00000001b4626000 	/System/Library/PrivateFrameworks/LanguageModeling.framework/Versions/A/LanguageModeling
0x00000001bdfa5000 	/System/Library/PrivateFrameworks/AppleSauce.framework/Versions/A/AppleSauce
0x00000001bd026000 	/System/Library/PrivateFrameworks/CoreEmoji.framework/Versions/A/CoreEmoji
0x00000001bde94000 	/usr/lib/libcmph.dylib
0x00000001ba7ad000 	/System/Library/Frameworks/OpenDirectory.framework/Versions/A/Frameworks/CFOpenDirectory.framework/Versions/A/CFOpenDirectory
0x00000001ba79d000 	/System/Library/Frameworks/OpenDirectory.framework/Versions/A/OpenDirectory
0x00000001be5fd000 	/System/Library/PrivateFrameworks/APFS.framework/Versions/A/APFS
0x00000001bd352000 	/System/Library/Frameworks/SecurityFoundation.framework/Versions/A/SecurityFoundation
0x00000001be671000 	/usr/lib/libutil.dylib
0x00000001b5d67000 	/System/Library/PrivateFrameworks/CoreServicesStore.framework/Versions/A/CoreServicesStore
0x00000001be675000 	/usr/lib/libxslt.1.dylib
0x00000001bd3e6000 	/System/Library/PrivateFrameworks/BackgroundTaskManagement.framework/Versions/A/BackgroundTaskManagement
0x00000001bf8d8000 	/System/Library/Frameworks/ImageIO.framework/Versions/A/Resources/libRadiance.dylib
0x00000001bf8e1000 	/System/Library/Frameworks/ImageIO.framework/Versions/A/Resources/libJPEG.dylib
0x00000001bf833000 	/System/Library/Frameworks/ImageIO.framework/Versions/A/Resources/libPng.dylib
0x00000001bf855000 	/System/Library/Frameworks/ImageIO.framework/Versions/A/Resources/libTIFF.dylib
0x00000001bf93c000 	/System/Library/Frameworks/ImageIO.framework/Versions/A/Resources/libGIF.dylib
0x00000001bf281000 	/System/Library/Frameworks/ImageIO.framework/Versions/A/Resources/libJP2.dylib
0x00000001be9c6000 	/usr/lib/libexpat.1.dylib
0x00000001bf23c000 	/System/Library/PrivateFrameworks/AppleJPEG.framework/Versions/A/AppleJPEG
0x00000001bbdeb000 	/System/Library/PrivateFrameworks/FontServices.framework/libFontParser.dylib
0x00000001b9afc000 	/System/Library/PrivateFrameworks/RunningBoardServices.framework/Versions/A/RunningBoardServices
0x00000001c9fd8000 	/System/Library/PrivateFrameworks/IOSurfaceAccelerator.framework/Versions/A/IOSurfaceAccelerator
0x00000001bf36d000 	/System/Library/PrivateFrameworks/WatchdogClient.framework/Versions/A/WatchdogClient
0x00000001b472a000 	/System/Library/Frameworks/CoreDisplay.framework/Versions/A/CoreDisplay
0x00000001bbcd9000 	/System/Library/Frameworks/CoreMedia.framework/Versions/A/CoreMedia
0x00000001bbb6d000 	/System/Library/PrivateFrameworks/IOAccelerator.framework/Versions/A/IOAccelerator
0x00000001ba93b000 	/System/Library/Frameworks/CoreVideo.framework/Versions/A/CoreVideo
0x00000001bdff5000 	/System/Library/Frameworks/MetalPerformanceShaders.framework/Versions/A/MetalPerformanceShaders
0x00000001bf3aa000 	/System/Library/Frameworks/VideoToolbox.framework/Versions/A/VideoToolbox
0x00000001b9a40000 	/System/Library/PrivateFrameworks/BaseBoard.framework/Versions/A/BaseBoard
0x00000001b97df000 	/System/Library/PrivateFrameworks/ProtocolBuffer.framework/Versions/A/ProtocolBuffer
0x00000001bf8d3000 	/System/Library/PrivateFrameworks/GPUWrangler.framework/Versions/A/GPUWrangler
0x00000001bf8b2000 	/System/Library/PrivateFrameworks/IOPresentment.framework/Versions/A/IOPresentment
0x00000001bf8db000 	/System/Library/PrivateFrameworks/DSExternalDisplay.framework/Versions/A/DSExternalDisplay
0x0000000214758000 	/System/Library/Frameworks/OpenGL.framework/Versions/A/Libraries/libCoreFSCache.dylib
0x000000021df43000 	/System/Library/PrivateFrameworks/GPUCompiler.framework/Versions/31001/Libraries/libGPUCompilerUtils.dylib
0x00000001bf941000 	/System/Library/PrivateFrameworks/CMCaptureCore.framework/Versions/A/CMCaptureCore
0x00000001bef7a000 	/System/Library/PrivateFrameworks/AppServerSupport.framework/Versions/A/AppServerSupport
0x00000001c111a000 	/System/Library/PrivateFrameworks/perfdata.framework/Versions/A/perfdata
0x00000001b484a000 	/System/Library/PrivateFrameworks/AudioToolboxCore.framework/Versions/A/AudioToolboxCore
0x00000001bbcb1000 	/System/Library/PrivateFrameworks/caulk.framework/Versions/A/caulk
0x00000001c0a0f000 	/usr/lib/libAudioStatistics.dylib
0x00000001d232c000 	/System/Library/PrivateFrameworks/SystemPolicy.framework/Versions/A/SystemPolicy
0x00000001c0c6f000 	/usr/lib/libSMC.dylib
0x00000001c9844000 	/System/Library/Frameworks/CoreMIDI.framework/Versions/A/CoreMIDI
0x00000001bf801000 	/usr/lib/libAudioToolboxUtility.dylib
0x00000001ce759000 	/System/Library/PrivateFrameworks/OSAServicesClient.framework/Versions/A/OSAServicesClient
0x00000001c1127000 	/usr/lib/libperfcheck.dylib
0x00000001d2e33000 	/usr/lib/libmis.dylib
0x00000002147b9000 	/System/Library/Frameworks/OpenGL.framework/Versions/A/Libraries/libGLU.dylib
0x0000000214778000 	/System/Library/Frameworks/OpenGL.framework/Versions/A/Libraries/libGFXShared.dylib
0x0000000214962000 	/System/Library/Frameworks/OpenGL.framework/Versions/A/Libraries/libGL.dylib
0x0000000214781000 	/System/Library/Frameworks/OpenGL.framework/Versions/A/Libraries/libGLImage.dylib
0x0000000214775000 	/System/Library/Frameworks/OpenGL.framework/Versions/A/Libraries/libCVMSPluginSupport.dylib
0x000000021475f000 	/System/Library/Frameworks/OpenGL.framework/Versions/A/Libraries/libCoreVMClient.dylib
0x00000001bc843000 	/System/Library/Frameworks/MetalPerformanceShaders.framework/Versions/A/Frameworks/MPSCore.framework/Versions/A/MPSCore
0x00000001bd9b3000 	/System/Library/Frameworks/MetalPerformanceShaders.framework/Versions/A/Frameworks/MPSImage.framework/Versions/A/MPSImage
0x00000001bd4a9000 	/System/Library/Frameworks/MetalPerformanceShaders.framework/Versions/A/Frameworks/MPSNeuralNetwork.framework/Versions/A/MPSNeuralNetwork
0x00000001bd8e6000 	/System/Library/Frameworks/MetalPerformanceShaders.framework/Versions/A/Frameworks/MPSMatrix.framework/Versions/A/MPSMatrix
0x00000001bd6c1000 	/System/Library/Frameworks/MetalPerformanceShaders.framework/Versions/A/Frameworks/MPSRayIntersector.framework/Versions/A/MPSRayIntersector
0x00000001bd917000 	/System/Library/Frameworks/MetalPerformanceShaders.framework/Versions/A/Frameworks/MPSNDArray.framework/Versions/A/MPSNDArray
0x0000000216490000 	/System/Library/Frameworks/MetalPerformanceShaders.framework/Versions/A/Frameworks/MPSFunctions.framework/Versions/A/MPSFunctions
0x00000001b3ae9000 	/System/Library/PrivateFrameworks/MetalTools.framework/Versions/A/MetalTools
0x00000001bc8c0000 	/System/Library/PrivateFrameworks/AggregateDictionary.framework/Versions/A/AggregateDictionary
0x00000001be7ac000 	/usr/lib/libIOReport.dylib
0x00000001c882b000 	/System/Library/PrivateFrameworks/ASEProcessing.framework/Versions/A/ASEProcessing
0x00000001beb1f000 	/System/Library/PrivateFrameworks/FaceCore.framework/Versions/A/FaceCore
0x00000001beb11000 	/System/Library/PrivateFrameworks/GraphVisualizer.framework/Versions/A/GraphVisualizer
0x000000021de5a000 	/System/Library/PrivateFrameworks/FontServices.framework/Versions/A/FontServices
0x00000001bef34000 	/System/Library/PrivateFrameworks/OTSVG.framework/Versions/A/OTSVG
0x00000001ba509000 	/System/Library/Frameworks/ApplicationServices.framework/Versions/A/Frameworks/ATS.framework/Versions/A/Resources/libFontRegistry.dylib
0x00000001bef83000 	/System/Library/PrivateFrameworks/FontServices.framework/libhvf.dylib
0x000000021de5b000 	/System/Library/PrivateFrameworks/FontServices.framework/libXTFontStaticRegistryData.dylib
0x0000000214b04000 	/System/Library/Frameworks/OpenCL.framework/Versions/A/OpenCL
0x00000001be97a000 	/System/Library/PrivateFrameworks/AppleVA.framework/Versions/A/AppleVA
0x00000001c0a37000 	/System/Library/Frameworks/ApplicationServices.framework/Versions/A/Frameworks/ATS.framework/Versions/A/ATS
0x00000001b8fa3000 	/System/Library/Frameworks/ApplicationServices.framework/Versions/A/Frameworks/HIServices.framework/Versions/A/HIServices
0x00000001bf94b000 	/System/Library/Frameworks/ApplicationServices.framework/Versions/A/Frameworks/PrintCore.framework/Versions/A/PrintCore
0x00000001c0dc2000 	/System/Library/Frameworks/ApplicationServices.framework/Versions/A/Frameworks/QD.framework/Versions/A/QD
0x00000001c0dba000 	/System/Library/Frameworks/ApplicationServices.framework/Versions/A/Frameworks/ColorSyncLegacy.framework/Versions/A/ColorSyncLegacy
0x00000001c0a23000 	/System/Library/Frameworks/ApplicationServices.framework/Versions/A/Frameworks/SpeechSynthesis.framework/Versions/A/SpeechSynthesis
0x00000001bf90c000 	/System/Library/Frameworks/ApplicationServices.framework/Versions/A/Frameworks/ATSUI.framework/Versions/A/ATSUI
0x00000001c0d4f000 	/usr/lib/libcups.2.dylib
0x00000001c1135000 	/System/Library/Frameworks/Kerberos.framework/Versions/A/Kerberos
0x00000001c1146000 	/System/Library/Frameworks/GSS.framework/Versions/A/GSS
0x00000001c0aa6000 	/usr/lib/libresolv.9.dylib
0x00000001bef91000 	/System/Library/PrivateFrameworks/Heimdal.framework/Versions/A/Heimdal
0x00000001c7a9a000 	/System/Library/Frameworks/Kerberos.framework/Versions/A/Libraries/libHeimdalProxy.dylib
0x00000001b9bdb000 	/System/Library/Frameworks/Network.framework/Versions/A/Network
0x00000001be9e1000 	/usr/lib/libheimdal-asn1.dylib
0x00000001c118c000 	/System/Library/PrivateFrameworks/CommonAuth.framework/Versions/A/CommonAuth
0x00000001c099d000 	/System/Library/PrivateFrameworks/AudioSession.framework/Versions/A/AudioSession
0x00000001bea72000 	/System/Library/PrivateFrameworks/MediaExperience.framework/Versions/A/MediaExperience
0x00000001c0825000 	/System/Library/PrivateFrameworks/AudioSession.framework/libSessionUtility.dylib
0x00000001c0dce000 	/System/Library/PrivateFrameworks/AudioResourceArbitration.framework/Versions/A/AudioResourceArbitration
0x00000001c4ed9000 	/System/Library/PrivateFrameworks/PowerLog.framework/Versions/A/PowerLog
0x00000001be9ea000 	/System/Library/PrivateFrameworks/IconFoundation.framework/Versions/A/IconFoundation
0x00000001c3c87000 	/System/Library/PrivateFrameworks/SpeechRecognitionCore.framework/Versions/A/SpeechRecognitionCore
0x0000000105568000 	/Users/jonathan/Library/Java/JavaVirtualMachines/corretto-17.0.4.1/Contents/Home/lib/server/libjvm.dylib
0x0000000104354000 	/Users/jonathan/Library/Java/JavaVirtualMachines/corretto-17.0.4.1/Contents/Home/lib/libjimage.dylib
0x0000000104594000 	/Users/jonathan/Library/Java/JavaVirtualMachines/corretto-17.0.4.1/Contents/Home/lib/libjava.dylib
0x0000000105428000 	/Users/jonathan/Library/Java/JavaVirtualMachines/corretto-17.0.4.1/Contents/Home/lib/libnio.dylib
0x000000010546c000 	/Users/jonathan/Library/Java/JavaVirtualMachines/corretto-17.0.4.1/Contents/Home/lib/libnet.dylib
0x00000001054b8000 	/Users/jonathan/Library/Java/JavaVirtualMachines/corretto-17.0.4.1/Contents/Home/lib/libzip.dylib
0x0000000105408000 	/Users/jonathan/.openjfx/cache/17.0.1/libprism_es2.dylib
0x00000001b5d2a000 	/System/Library/PrivateFrameworks/CoreServicesInternal.framework/Versions/A/CoreServicesInternal
0x000000021496c000 	/System/Library/Frameworks/OpenGL.framework/Versions/A/Resources/GLEngine.bundle/GLEngine
0x00000002147f3000 	/System/Library/Frameworks/OpenGL.framework/Versions/A/Libraries/libGLProgrammability.dylib
0x0000000125448000 	/System/Library/Extensions/AppleMetalOpenGLRenderer.bundle/Contents/MacOS/AppleMetalOpenGLRenderer
0x0000000214adb000 	/System/Library/Frameworks/OpenGL.framework/Versions/A/Resources/GLRendererFloat.bundle/GLRendererFloat
0x0000000214b7c000 	/System/Library/Extensions/AGXMetal13_3.bundle/Contents/MacOS/AGXMetal13_3
0x00000001d2e4f000 	/System/Library/PrivateFrameworks/GPURawCounter.framework/Versions/A/GPURawCounter
0x00000001cd8dd000 	/System/Library/PrivateFrameworks/IOGPU.framework/Versions/A/IOGPU
0x0000000126064000 	/Users/jonathan/.openjfx/cache/17.0.1/libglass.dylib
0x00000001c512d000 	/System/Library/Frameworks/FileProvider.framework/Versions/A/FileProvider
0x00000001b99a8000 	/System/Library/Frameworks/Accounts.framework/Versions/A/Accounts
0x00000001c52ad000 	/System/Library/PrivateFrameworks/GenerationalStorage.framework/Versions/A/GenerationalStorage
0x00000001c5e63000 	/System/Library/PrivateFrameworks/CoreSymbolication.framework/Versions/A/CoreSymbolication
0x00000001c4ecd000 	/System/Library/PrivateFrameworks/SymptomDiagnosticReporter.framework/Versions/A/SymptomDiagnosticReporter
0x00000001b7016000 	/System/Library/PrivateFrameworks/DesktopServicesPriv.framework/Versions/A/DesktopServicesPriv
0x00000001b5e8a000 	/usr/lib/libsandbox.1.dylib
0x00000001ba9c8000 	/System/Library/PrivateFrameworks/UserManagement.framework/Versions/A/UserManagement
0x00000001c5e24000 	/System/Library/PrivateFrameworks/DebugSymbols.framework/Versions/A/DebugSymbols
0x00000001c0dad000 	/System/Library/PrivateFrameworks/NetAuth.framework/Versions/A/NetAuth
0x00000001c1cb0000 	/System/Library/PrivateFrameworks/Sharing.framework/Versions/A/Sharing
0x00000001ba998000 	/System/Library/PrivateFrameworks/login.framework/Versions/A/Frameworks/loginsupport.framework/Versions/A/loginsupport
0x00000001c6fdc000 	/System/Library/PrivateFrameworks/Apple80211.framework/Versions/A/Apple80211
0x00000001bda97000 	/System/Library/PrivateFrameworks/AuthKit.framework/Versions/A/AuthKit
0x00000001bd125000 	/System/Library/PrivateFrameworks/CoreUtils.framework/Versions/A/CoreUtils
0x00000001bd045000 	/System/Library/Frameworks/CoreWLAN.framework/Versions/A/CoreWLAN
0x00000001c1e1a000 	/System/Library/Frameworks/IOBluetooth.framework/Versions/A/IOBluetooth
0x00000001c703c000 	/System/Library/PrivateFrameworks/CoreWiFi.framework/Versions/A/CoreWiFi
0x00000001c5a0b000 	/System/Library/PrivateFrameworks/FrontBoardServices.framework/Versions/A/FrontBoardServices
0x00000001c5aa3000 	/System/Library/PrivateFrameworks/BoardServices.framework/Versions/A/BoardServices
0x00000001bd340000 	/System/Library/PrivateFrameworks/AssertionServices.framework/Versions/A/AssertionServices
0x00000001c71aa000 	/System/Library/PrivateFrameworks/BackBoardServices.framework/Versions/A/BackBoardServices
0x00000001c121f000 	/System/Library/PrivateFrameworks/CorePhoneNumbers.framework/Versions/A/CorePhoneNumbers
0x00000001c4ffd000 	/System/Library/PrivateFrameworks/DiskManagement.framework/Versions/A/DiskManagement
0x00000001c4f00000 	/System/Library/PrivateFrameworks/AppleIDAuthSupport.framework/Versions/A/AppleIDAuthSupport
0x000000021877a000 	/System/Library/PrivateFrameworks/AAAFoundation.framework/Versions/A/AAAFoundation
0x00000001c11fe000 	/System/Library/PrivateFrameworks/KeychainCircle.framework/Versions/A/KeychainCircle
0x00000001c4fc9000 	/System/Library/PrivateFrameworks/MediaKit.framework/Versions/A/MediaKit
0x00000001c4f0d000 	/System/Library/Frameworks/DiscRecording.framework/Versions/A/DiscRecording
0x00000001be8f6000 	/usr/lib/libCoreStorage.dylib
0x00000001c74a6000 	/usr/lib/libcsfde.dylib
0x00000001c1eef000 	/System/Library/PrivateFrameworks/ProtectedCloudStorage.framework/Versions/A/ProtectedCloudStorage
0x00000001c749e000 	/System/Library/PrivateFrameworks/EFILogin.framework/Versions/A/EFILogin
0x00000001c52d4000 	/System/Library/PrivateFrameworks/OctagonTrust.framework/Versions/A/OctagonTrust
0x000000021d0a6000 	/System/Library/PrivateFrameworks/CoreUtilsExtras.framework/Versions/A/CoreUtilsExtras
0x00000001c4e42000 	/System/Library/Frameworks/CoreBluetooth.framework/Versions/A/CoreBluetooth
0x00000001c7b1f000 	/System/Library/Frameworks/AudioUnit.framework/Versions/A/AudioUnit
0x00000001be8ee000 	/usr/lib/libMatch.1.dylib
0x00000001d7145000 	/System/Library/Frameworks/Accelerate.framework/Versions/A/Frameworks/vImage.framework/Versions/A/Libraries/libCGInterfaces.dylib
0x00000001273f4000 	/usr/lib/libobjc-trampolines.dylib
0x00000001ba695000 	/System/Library/PrivateFrameworks/ViewBridge.framework/Versions/A/ViewBridge
0x0000000127f98000 	/Users/jonathan/.openjfx/cache/17.0.1/libjavafx_font.dylib
0x00000001bf03f000 	/System/Library/PrivateFrameworks/login.framework/Versions/A/login
0x0000000230710000 	/usr/lib/libRosetta.dylib


VM Arguments:
jvm_args: --module-path=/Users/jonathan/.m2/repository/org/openjfx/javafx-base/17.0.1/javafx-base-17.0.1-mac-aarch64.jar:/Users/jonathan/.m2/repository/org/openjfx/javafx-base/17.0.1/javafx-base-17.0.1.jar:/Users/jonathan/.m2/repository/org/openjfx/javafx-controls/17.0.1/javafx-controls-17.0.1-mac-aarch64.jar:/Users/jonathan/.m2/repository/org/openjfx/javafx-controls/17.0.1/javafx-controls-17.0.1.jar:/Users/jonathan/.m2/repository/org/openjfx/javafx-fxml/17.0.1/javafx-fxml-17.0.1-mac-aarch64.jar:/Users/jonathan/.m2/repository/org/openjfx/javafx-fxml/17.0.1/javafx-fxml-17.0.1.jar:/Users/jonathan/.m2/repository/org/openjfx/javafx-graphics/17.0.1/javafx-graphics-17.0.1-mac-aarch64.jar:/Users/jonathan/.m2/repository/org/openjfx/javafx-graphics/17.0.1/javafx-graphics-17.0.1.jar --add-modules=javafx.base,javafx.controls,javafx.fxml,javafx.graphics 
java_command: FXBaseTestScreen
java_class_path (initial): /Users/jonathan/Documents/CavesAndCarnevores/target/classes:/Users/jonathan/.m2/repository/com/fasterxml/jackson/core/jackson-annotations/2.13.4/jackson-annotations-2.13.4.jar:/Users/jonathan/.m2/repository/com/fasterxml/jackson/core/jackson-core/2.13.4/jackson-core-2.13.4.jar:/Users/jonathan/.m2/repository/com/fasterxml/jackson/core/jackson-databind/2.13.4/jackson-databind-2.13.4.jar:/Users/jonathan/.m2/repository/commons-io/commons-io/2.1/commons-io-2.1.jar:/Users/jonathan/.m2/repository/org/json/json/20220320/json-20220320.jar
Launcher Type: SUN_STANDARD

[Global flags]
     intx CICompilerCount                          = 4                                         {product} {ergonomic}
     uint ConcGCThreads                            = 2                                         {product} {ergonomic}
     uint G1ConcRefinementThreads                  = 8                                         {product} {ergonomic}
   size_t G1HeapRegionSize                         = 1048576                                   {product} {ergonomic}
    uintx GCDrainStackTargetSize                   = 64                                        {product} {ergonomic}
   size_t InitialHeapSize                          = 134217728                                 {product} {ergonomic}
   size_t MarkStackSize                            = 4194304                                   {product} {ergonomic}
   size_t MaxHeapSize                              = 2147483648                                {product} {ergonomic}
   size_t MaxNewSize                               = 1287651328                                {product} {ergonomic}
   size_t MinHeapDeltaBytes                        = 1048576                                   {product} {ergonomic}
   size_t MinHeapSize                              = 8388608                                   {product} {ergonomic}
    uintx NonNMethodCodeHeapSize                   = 5839564                                {pd product} {ergonomic}
    uintx NonProfiledCodeHeapSize                  = 122909338                              {pd product} {ergonomic}
    uintx ProfiledCodeHeapSize                     = 122909338                              {pd product} {ergonomic}
    uintx ReservedCodeCacheSize                    = 251658240                              {pd product} {ergonomic}
     bool SegmentedCodeCache                       = true                                      {product} {ergonomic}
   size_t SoftMaxHeapSize                          = 2147483648                             {manageable} {ergonomic}
     bool UseCompressedClassPointers               = true                           {product lp64_product} {ergonomic}
     bool UseCompressedOops                        = true                           {product lp64_product} {ergonomic}
     bool UseG1GC                                  = true                                      {product} {ergonomic}
     bool UseNUMA                                  = false                                     {product} {ergonomic}
     bool UseNUMAInterleaving                      = false                                     {product} {ergonomic}

Logging:
Log output configuration:
 #0: stdout all=warning uptime,level,tags
 #1: stderr all=off uptime,level,tags

Environment Variables:
PATH=/usr/local/bin:/usr/bin:/bin:/usr/sbin:/sbin
SHELL=/bin/zsh
LC_CTYPE=en_SE.UTF-8
TMPDIR=/var/folders/p5/jq56pr1j0lv2mqrz1z8nftch0000gn/T/

Signal Handlers:
   SIGSEGV: _ZL13crash_handleriP9__siginfoPv in libjvm.dylib, mask=11100110000111110111111111111111, flags=SA_RESTART|SA_SIGINFO
    SIGBUS: _ZL13crash_handleriP9__siginfoPv in libjvm.dylib, mask=11100110000111110111111111111111, flags=SA_RESTART|SA_SIGINFO
    SIGFPE: _ZL13crash_handleriP9__siginfoPv in libjvm.dylib, mask=11100110000111110111111111111111, flags=SA_RESTART|SA_SIGINFO
   SIGPIPE: _ZL17javaSignalHandleriP9__siginfoPv in libjvm.dylib, mask=11100110000111110111111111111111, flags=SA_RESTART|SA_SIGINFO
   SIGXFSZ: _ZL17javaSignalHandleriP9__siginfoPv in libjvm.dylib, mask=11100110000111110111111111111111, flags=SA_RESTART|SA_SIGINFO
    SIGILL: _ZL13crash_handleriP9__siginfoPv in libjvm.dylib, mask=11100110000111110111111111111111, flags=SA_RESTART|SA_SIGINFO
   SIGUSR2: _ZL10SR_handleriP9__siginfoP17__darwin_ucontext in libjvm.dylib, mask=00100000000000000000000000000000, flags=SA_RESTART|SA_SIGINFO
    SIGHUP: _ZL11UserHandleriPvS_ in libjvm.dylib, mask=11100110000111110111111111111111, flags=SA_RESTART|SA_SIGINFO
    SIGINT: _ZL11UserHandleriPvS_ in libjvm.dylib, mask=11100110000111110111111111111111, flags=SA_RESTART|SA_SIGINFO
   SIGTERM: _ZL11UserHandleriPvS_ in libjvm.dylib, mask=11100110000111110111111111111111, flags=SA_RESTART|SA_SIGINFO
   SIGQUIT: _ZL11UserHandleriPvS_ in libjvm.dylib, mask=11100110000111110111111111111111, flags=SA_RESTART|SA_SIGINFO
  *** Handler was modified!
  *** Expected: _ZL17javaSignalHandleriP9__siginfoPv in libjvm.dylib, mask=11100110100111111111111111111111, flags=SA_RESTART|SA_SIGINFO
   SIGTRAP: _ZL13crash_handleriP9__siginfoPv in libjvm.dylib, mask=11100110000111110111111111111111, flags=SA_RESTART|SA_SIGINFO


---------------  S Y S T E M  ---------------

OS:
uname: Darwin 21.3.0 Darwin Kernel Version 21.3.0: Wed Jan  5 21:37:58 PST 2022; root:xnu-8019.80.24~20/RELEASE_ARM64_T8101 arm64
OS uptime: 32 days 1:31 hours
rlimit (soft/hard): STACK 8176k/65520k , CORE 0k/infinity , NPROC 1333/2000 , NOFILE 10240/infinity , AS infinity/infinity , CPU infinity/infinity , DATA infinity/infinity , FSIZE infinity/infinity , MEMLOCK infinity/infinity , RSS infinity/infinity
load average: 1.92 1.77 1.81

CPU: total 8 (initial active 8) 0x61:0x0:0x1b588bb3:0, fp, simd, crc, lse

Memory: 16k page, physical 8388608k(93824k free), swap 4194304k(1008896k free)

vm_info: OpenJDK 64-Bit Server VM (17.0.4.1+9-LTS) for bsd-aarch64 JRE (17.0.4.1+9-LTS), built on Aug 12 2022 17:23:37 by "ec2user" with clang Apple LLVM 13.0.0 (clang-1300.0.29.30)

END.
