#
# A fatal error has been detected by the Java Runtime Environment:
#
#  SIGBUS (0xa) at pc=0x000000010eee94f0, pid=4995, tid=29711
#
# JRE version: OpenJDK Runtime Environment Corretto-17.0.4.9.1 (17.0.4.1+9) (build 17.0.4.1+9-LTS)
# Java VM: OpenJDK 64-Bit Server VM Corretto-17.0.4.9.1 (17.0.4.1+9-LTS, mixed mode, sharing, tiered, compressed oops, compressed class ptrs, g1 gc, bsd-aarch64)
# Problematic frame:
# v  ~StubRoutines::SafeFetchN
#
# No core dump will be written. Core dumps have been disabled. To enable core dumping, try "ulimit -c unlimited" before starting Java again
#
# If you would like to submit a bug report, please visit:
#   https://github.com/corretto/corretto-17/issues/
# The crash happened outside the Java Virtual Machine in native code.
# See problematic frame for where to report the bug.
#

---------------  S U M M A R Y ------------

Command Line: --module-path=/Users/jonathan/.m2/repository/org/openjfx/javafx-base/17.0.1/javafx-base-17.0.1-mac-aarch64.jar:/Users/jonathan/.m2/repository/org/openjfx/javafx-base/17.0.1/javafx-base-17.0.1.jar:/Users/jonathan/.m2/repository/org/openjfx/javafx-controls/17.0.1/javafx-controls-17.0.1-mac-aarch64.jar:/Users/jonathan/.m2/repository/org/openjfx/javafx-controls/17.0.1/javafx-controls-17.0.1.jar:/Users/jonathan/.m2/repository/org/openjfx/javafx-fxml/17.0.1/javafx-fxml-17.0.1-mac-aarch64.jar:/Users/jonathan/.m2/repository/org/openjfx/javafx-fxml/17.0.1/javafx-fxml-17.0.1.jar:/Users/jonathan/.m2/repository/org/openjfx/javafx-graphics/17.0.1/javafx-graphics-17.0.1-mac-aarch64.jar:/Users/jonathan/.m2/repository/org/openjfx/javafx-graphics/17.0.1/javafx-graphics-17.0.1.jar --add-modules=javafx.base,javafx.controls,javafx.fxml,javafx.graphics FXBaseTestScreen

Host: "MacBookAir10,1" arm64, 8 cores, 8G, Darwin 21.3.0, macOS 12.2.1 (21D62)
Time: Wed Sep 14 16:25:23 2022 CEST elapsed time: 9.660534 seconds (0d 0h 0m 9s)

---------------  T H R E A D  ---------------

Current thread (0x0000000122b54000):  JavaThread "InvokeLaterDispatcher" daemon [_thread_in_native, id=29711, stack(0x000000016d734000,0x000000016d937000)]

Stack: [0x000000016d734000,0x000000016d937000],  sp=0x000000016d936790,  free space=2057k
Native frames: (J=compiled Java code, j=interpreted, Vv=VM code, C=native code)
v  ~StubRoutines::SafeFetchN
V  [libjvm.dylib+0x7b8240]  _ZN10OopStorage7releaseEPKP7oopDesc+0x20
V  [libjvm.dylib+0x4c92e0]  jni_DeleteGlobalRef+0xd8
C  [libglass.dylib+0xab08]  -[GlassRunnable dealloc]+0x34
C  [Foundation+0x84c7c]  -[_NSThreadPerformInfo dealloc]+0x30
C  [Foundation+0x51578]  -[NSObject(NSThreadPerformAdditions) performSelectorOnMainThread:withObject:waitUntilDone:]+0x88
C  0x2f0000010eef18ac
j  com.sun.glass.ui.mac.MacApplication.submitForLaterInvocation(Ljava/lang/Runnable;)V+2 javafx.graphics
j  com.sun.glass.ui.InvokeLaterDispatcher.run()V+82 javafx.graphics
v  ~StubRoutines::call_stub
V  [libjvm.dylib+0x46e49c]  _ZN9JavaCalls11call_helperEP9JavaValueRK12methodHandleP17JavaCallArgumentsP10JavaThread+0x390
V  [libjvm.dylib+0x46d508]  _ZN9JavaCalls12call_virtualEP9JavaValueP5KlassP6SymbolS5_P17JavaCallArgumentsP10JavaThread+0xf8
V  [libjvm.dylib+0x46d5d0]  _ZN9JavaCalls12call_virtualEP9JavaValue6HandleP5KlassP6SymbolS6_P10JavaThread+0x64
V  [libjvm.dylib+0x5227d4]  _ZL12thread_entryP10JavaThreadS0_+0xc4
V  [libjvm.dylib+0x9a3054]  _ZN10JavaThread17thread_main_innerEv+0x14c
V  [libjvm.dylib+0x9a16e0]  _ZN6Thread8call_runEv+0x128
V  [libjvm.dylib+0x7bf218]  _ZL19thread_native_entryP6Thread+0x158
C  [libsystem_pthread.dylib+0x7240]  _pthread_start+0x94

Java frames: (J=compiled Java code, j=interpreted, Vv=VM code)
j  com.sun.glass.ui.mac.MacApplication._submitForLaterInvocation(Ljava/lang/Runnable;)V+0 javafx.graphics
j  com.sun.glass.ui.mac.MacApplication.submitForLaterInvocation(Ljava/lang/Runnable;)V+2 javafx.graphics
j  com.sun.glass.ui.InvokeLaterDispatcher.run()V+82 javafx.graphics
v  ~StubRoutines::call_stub

siginfo: si_signo: 10 (SIGBUS), si_code: 1 (BUS_ADRALN), si_addr: 0x000000010eee94f0

Register to memory mapping:

 x0=0x0000000120f06648 is a global jni handle
 x1=0x0 is NULL
 x2=0x0000000786d012f0 is an oop: com.sun.glass.ui.InvokeLaterDispatcher$Future 
{0x0000000786d012f0} - klass: 'com/sun/glass/ui/InvokeLaterDispatcher$Future'
 - ---- fields (total size 3 words):
 - private 'done' 'Z' @12  true
 - private final 'runnable' 'Ljava/lang/Runnable;' @16  a 'com/sun/javafx/tk/quantum/QuantumToolkit$$Lambda$94+0x0000000800c38678'{0x0000000786879e70} (f0d0f3ce)
 - final synthetic 'this$0' 'Lcom/sun/glass/ui/InvokeLaterDispatcher;' @20  a 'com/sun/glass/ui/InvokeLaterDispatcher'{0x000000078681fff8} (f0d03fff)
 x3=0x0 is NULL
 x4=0x00000000000130a8 is an unknown value
 x5=0x0 is NULL
 x6=0x0 is NULL
 x7=0x0000000000000003 is an unknown value
 x8=0x000000010eee94ec is at begin+0 in a stub
StubRoutines::SafeFetchN [0x000000010eee94ec, 0x000000010eee94f8] (12 bytes)
 x9=0x0 is NULL
x10=0x2010000030300000 is an unknown value
x11=0x0000000000000007 is an unknown value
x12=0x0000000000000007 is an unknown value
x13=0x0000600000d044e0 points into unknown readable memory: 0xbb6600018d555738 | 38 57 55 8d 01 00 66 bb
x14=0x0000000000000001 is an unknown value
x15=0x0000000122245f98: OBJC_CLASS_$_GlassRunnable+0 in /Users/jonathan/.openjfx/cache/17.0.1/libglass.dylib at 0x0000000122200000
x16=0x000000018c5c4094: pthread_getspecific+0 in /usr/lib/system/libsystem_pthread.dylib at 0x000000018c5c2000
x17=0x000060000080e1b0 points into unknown readable memory: 0xfffffffffffffffe | fe ff ff ff ff ff ff ff
x18=0x0 is NULL
x19=0x000060000080c770 points into unknown readable memory: 0x00006000021093a0 | a0 93 10 02 00 60 00 00
x20=0x0000000120f06440 points into unknown readable memory: 0x901e7dbc19181020 | 20 10 18 19 bc 7d 1e 90
x21=0x0000000120f06648 is a global jni handle
x22=0x0000000122b54000 is a thread
x23=0x0000000000000001 is an unknown value
x24=0x0000000120f06600 is a global jni handle
x25=0x00000001070bcae8: _ZN12StubRoutines17_safefetchN_entryE+0 in /Users/jonathan/Library/Java/JavaVirtualMachines/corretto-17.0.4.1/Contents/Home/lib/server/libjvm.dylib at 0x0000000106458000
x26=0x0000000120514ca8 is pointing into metadata
x27=0x0 is NULL
x28=0x0000000122b54000 is a thread


Registers:
 x0=0x0000000120f06648  x1=0x0000000000000000  x2=0x0000000786d012f0  x3=0x0000000000000000
 x4=0x00000000000130a8  x5=0x0000000000000000  x6=0x0000000000000000  x7=0x0000000000000003
 x8=0x000000010eee94ec  x9=0x0000000000000000 x10=0x2010000030300000 x11=0x0000000000000007
x12=0x0000000000000007 x13=0x0000600000d044e0 x14=0x0000000000000001 x15=0x0000000122245f98
x16=0x000000018c5c4094 x17=0x000060000080e1b0 x18=0x0000000000000000 x19=0x000060000080c770
x20=0x0000000120f06440 x21=0x0000000120f06648 x22=0x0000000122b54000 x23=0x0000000000000001
x24=0x0000000120f06600 x25=0x00000001070bcae8 x26=0x0000000120514ca8 x27=0x0000000000000000
x28=0x0000000122b54000  fp=0x000000016d9367d0  lr=0x0000000106c0f01c  sp=0x000000016d936790
pc=0x000000010eee94f0 cpsr=0x0000000060001000
Top of Stack: (sp=0x000000016d936790)
0x000000016d936790:   0000000120514ca8 0000000000000001
0x000000016d9367a0:   0000000121175f38 0000000000000000
0x000000016d9367b0:   0000000121175ea8 0000000120f06600
0x000000016d9367c0:   0000000120f06600 000060000080c770
0x000000016d9367d0:   000000016d936810 0000000106c10240
0x000000016d9367e0:   0000000000000001 0000000120f06600
0x000000016d9367f0:   0000000121175ea8 0000000120f06600
0x000000016d936800:   0000000000000001 0000000121175c00
0x000000016d936810:   000000016d936850 00000001069212e0
0x000000016d936820:   000000016d936998 000060000211c5e0
0x000000016d936830:   000060000211c5c0 00000001d6b3e9e3
0x000000016d936840:   0000000000000000 000060000211c5c0
0x000000016d936850:   000000016d936880 000000012220ab08
0x000000016d936860:   a39c8ccce5960023 0000000000000000
0x000000016d936870:   0000000000000000 0000600003627140
0x000000016d936880:   000000016d9368c0 000000018d588c7c
0x000000016d936890:   000000016d936998 000060000211c5e0
0x000000016d9368a0:   000060000211c5c0 a39c8ccce5960023
0x000000016d9368b0:   0000000000000000 0000000000000000
0x000000016d9368c0:   000000016d936900 280900018d555578
0x000000016d9368d0:   000000016d936998 000000010eef07c0
0x000000016d9368e0:   0000000000000000 00000001070c44a8
0x000000016d9368f0:   000000016d936910 000000010eeef730
0x000000016d936900:   000000016d936970 2f0000010eef18ac
0x000000016d936910:   000000016d936910 000000080098fc45
0x000000016d936920:   000000016d936920 0000000000000000
0x000000016d936930:   000000016d936998 0000000120514ca8
0x000000016d936940:   000000078680c2b0 0000000000000000
0x000000016d936950:   0000000000000000 00000001204ec8f0
0x000000016d936960:   0000000000000000 000000016d936970
0x000000016d936970:   000000016d9369f0 000000010eeedfc8
0x000000016d936980:   0000000000000000 0000000000000000 

Instructions: (pc=0x000000010eee94f0)
0x000000010eee93f0:   f2a0e109 f2c00029 6d425935 1e640886
0x000000010eee9400:   0c402d31 1e6408c7 1f5654d0 1e6c1017
0x000000010eee9410:   1f5050d0 1f504cd0 1f5048d0 1e650af6
0x000000010eee9420:   1f50d8f6 1f5694d6 1f5158f6 1e762880
0x000000010eee9430:   36000501 1e614000 14000026 2e251ca5
0x000000010eee9440:   d2923009 f2a0e109 f2c00029 6d425d36
0x000000010eee9450:   1e600806 0c402d32 1f5758c7 1e6c101a
0x000000010eee9460:   1f4754c7 1e650805 1f4750c7 d2866668
0x000000010eee9470:   f2a7fa68 1f474cc7 1e6608c0 1f4748c7
0x000000010eee9480:   1e6e1019 eb08007f 540000ac 1f479400
0x000000010eee9490:   1f460340 1e603b20 1400000e d2a7fd29
0x000000010eee94a0:   eb09007f 540000ac 51480069 d3607d29
0x000000010eee94b0:   9e670121 14000002 1e6a5001 1f679417
0x000000010eee94c0:   1f668742 1e613b23 1e773857 1e773860
0x000000010eee94d0:   a8c17ff3 910003bf a8c17bfd d65f03c0
0x000000010eee94e0:   b9400001 aa0103e0 d65f03c0 f9400001
0x000000010eee94f0:   aa0103e0 d65f03c0 00000000 00000000
0x000000010eee9500:   00000000 00000000 00000000 00000000
0x000000010eee9510:   00000000 00000000 00000000 00000000
0x000000010eee9520:   00000000 00000000 00000000 00000000
0x000000010eee9530:   00000000 00000000 00000000 00000000
0x000000010eee9540:   00000000 00000000 00000000 00000000
0x000000010eee9550:   00000000 00000000 00000000 00000000
0x000000010eee9560:   00000000 00000000 00000000 00000000
0x000000010eee9570:   00000000 00000000 00000000 00000000
0x000000010eee9580:   00000000 00000000 00000000 00000000
0x000000010eee9590:   00000000 00000000 00000000 00000000
0x000000010eee95a0:   00000000 00000000 00000000 00000000
0x000000010eee95b0:   00000000 00000000 00000000 00000000
0x000000010eee95c0:   00000000 00000000 00000000 00000000
0x000000010eee95d0:   00000000 00000000 00000000 00000000
0x000000010eee95e0:   00000000 00000000 00000000 00000000 


Stack slot to memory mapping:
stack at sp + 0 slots: 0x0000000120514ca8 is pointing into metadata
stack at sp + 1 slots: 0x0000000000000001 is an unknown value
stack at sp + 2 slots: 0x0000000121175f38 points into unknown readable memory: 0x0000000000000006 | 06 00 00 00 00 00 00 00
stack at sp + 3 slots: 0x0 is NULL
stack at sp + 4 slots: 0x0000000121175ea8 points into unknown readable memory: 0x00000001070768d0 | d0 68 07 07 01 00 00 00
stack at sp + 5 slots: 0x0000000120f06600 is a global jni handle
stack at sp + 6 slots: 0x0000000120f06600 is a global jni handle
stack at sp + 7 slots: 0x000060000080c770 points into unknown readable memory: 0x00006000021093a0 | a0 93 10 02 00 60 00 00

StubRoutines::SafeFetchN [0x000000010eee94ec, 0x000000010eee94f8] (12 bytes)
[MachCode]
  0x000000010eee94ec: 0100 40f9 | e003 01aa | c003 5fd6 
[/MachCode]

---------------  P R O C E S S  ---------------

Threads class SMR info:
_java_thread_list=0x00006000023ae740, length=18, elements={
0x0000000122808a00, 0x00000001228b6a00, 0x00000001228b9200, 0x0000000121816000,
0x000000012181c200, 0x000000012181c800, 0x000000012181ce00, 0x000000012181d400,
0x000000012181da00, 0x000000012181ea00, 0x000000012100d400, 0x0000000121820800,
0x0000000122b54000, 0x0000000121175c00, 0x0000000121896400, 0x000000012700b400,
0x000000012131c200, 0x000000013e013000
}

Java Threads: ( => current thread )
  0x0000000122808a00 JavaThread "main" [_thread_blocked, id=10243, stack(0x000000016aeac000,0x000000016b0af000)]
  0x00000001228b6a00 JavaThread "Reference Handler" daemon [_thread_blocked, id=16643, stack(0x000000016bd00000,0x000000016bf03000)]
  0x00000001228b9200 JavaThread "Finalizer" daemon [_thread_blocked, id=17667, stack(0x000000016bf0c000,0x000000016c10f000)]
  0x0000000121816000 JavaThread "Signal Dispatcher" daemon [_thread_blocked, id=42243, stack(0x000000016c2bc000,0x000000016c4bf000)]
  0x000000012181c200 JavaThread "Service Thread" daemon [_thread_blocked, id=41987, stack(0x000000016c4c8000,0x000000016c6cb000)]
  0x000000012181c800 JavaThread "Monitor Deflation Thread" daemon [_thread_blocked, id=41731, stack(0x000000016c6d4000,0x000000016c8d7000)]
  0x000000012181ce00 JavaThread "C2 CompilerThread0" daemon [_thread_blocked, id=23299, stack(0x000000016c8e0000,0x000000016cae3000)]
  0x000000012181d400 JavaThread "C1 CompilerThread0" daemon [_thread_blocked, id=23811, stack(0x000000016caec000,0x000000016ccef000)]
  0x000000012181da00 JavaThread "Sweeper thread" daemon [_thread_blocked, id=24067, stack(0x000000016ccf8000,0x000000016cefb000)]
  0x000000012181ea00 JavaThread "Common-Cleaner" daemon [_thread_blocked, id=24579, stack(0x000000016cf04000,0x000000016d107000)]
  0x000000012100d400 JavaThread "Notification Thread" daemon [_thread_blocked, id=24835, stack(0x000000016d110000,0x000000016d313000)]
  0x0000000121820800 JavaThread "QuantumRenderer-0" daemon [_thread_blocked, id=40195, stack(0x000000016d528000,0x000000016d72b000)]
=>0x0000000122b54000 JavaThread "InvokeLaterDispatcher" daemon [_thread_in_native, id=29711, stack(0x000000016d734000,0x000000016d937000)]
  0x0000000121175c00 JavaThread "JavaFX Application Thread" [_thread_in_vm, id=259, stack(0x000000016a624000,0x000000016ae20000)]
  0x0000000121896400 JavaThread "JavaFX-Launcher" [_thread_blocked, id=50179, stack(0x000000016dbd8000,0x000000016dddb000)]
  0x000000012700b400 JavaThread "Prism Font Disposer" daemon [_thread_blocked, id=68879, stack(0x000000016e820000,0x000000016ea23000)]
  0x000000012131c200 JavaThread "Cleaner-0" daemon [_thread_blocked, id=64547, stack(0x000000016ea2c000,0x000000016ec2f000)]
  0x000000013e013000 JavaThread "PulseTimer-CVDisplayLink thread" daemon [_thread_in_native, id=59303, stack(0x000000016d940000,0x000000016d9c3000)]

Other Threads:
  0x000000012200d7c0 VMThread "VM Thread" [stack: 0x000000016baf4000,0x000000016bcf7000] [id=18435]
  0x0000000120e23430 WatcherThread [stack: 0x000000016d31c000,0x000000016d51f000] [id=40707]
  0x0000000122006640 GCTaskThread "GC Thread#0" [stack: 0x000000016b0b8000,0x000000016b2bb000] [id=20483]
  0x0000000120f2c810 GCTaskThread "GC Thread#1" [stack: 0x000000016dde4000,0x000000016dfe7000] [id=73475]
  0x0000000120f2cc90 GCTaskThread "GC Thread#2" [stack: 0x000000016dff0000,0x000000016e1f3000] [id=52995]
  0x00000001220458c0 GCTaskThread "GC Thread#3" [stack: 0x000000016e1fc000,0x000000016e3ff000] [id=72963]
  0x00000001220461b0 GCTaskThread "GC Thread#4" [stack: 0x000000016e408000,0x000000016e60b000] [id=72451]
  0x0000000120f2d110 GCTaskThread "GC Thread#5" [stack: 0x000000016e614000,0x000000016e817000] [id=71939]
  0x0000000122006cf0 ConcurrentGCThread "G1 Main Marker" [stack: 0x000000016b2c4000,0x000000016b4c7000] [id=13059]
  0x0000000122007570 ConcurrentGCThread "G1 Conc#0" [stack: 0x000000016b4d0000,0x000000016b6d3000] [id=13827]
  0x00000001220093e0 ConcurrentGCThread "G1 Refine#0" [stack: 0x000000016b6dc000,0x000000016b8df000] [id=19715]
  0x0000000122009c80 ConcurrentGCThread "G1 Service" [stack: 0x000000016b8e8000,0x000000016baeb000] [id=14851]

Threads with active compile tasks:

VM state: not at safepoint (normal execution)

VM Mutex/Monitor currently owned by a thread: None

Heap address: 0x0000000780000000, size: 2048 MB, Compressed Oops mode: Zero based, Oop shift amount: 3

CDS archive(s) mapped at: [0x0000000800000000-0x0000000800bd8000-0x0000000800bd8000), size 12419072, SharedBaseAddress: 0x0000000800000000, ArchiveRelocationMode: 0.
Compressed class space mapped at: 0x0000000800c00000-0x0000000840c00000, reserved size: 1073741824
Narrow klass base: 0x0000000800000000, Narrow klass shift: 0, Narrow klass range: 0x100000000

GC Precious Log:
 CPUs: 8 total, 8 available
 Memory: 8192M
 Large Page Support: Disabled
 NUMA Support: Disabled
 Compressed Oops: Enabled (Zero based)
 Heap Region Size: 1M
 Heap Min Capacity: 8M
 Heap Initial Capacity: 128M
 Heap Max Capacity: 2G
 Pre-touch: Disabled
 Parallel Workers: 8
 Concurrent Workers: 2
 Concurrent Refinement Workers: 8
 Periodic GC: Disabled

Heap:
 garbage-first heap   total 133120K, used 48919K [0x0000000780000000, 0x0000000800000000)
  region size 1024K, 30 young (30720K), 3 survivors (3072K)
 Metaspace       used 13752K, committed 14016K, reserved 1064960K
  class space    used 1886K, committed 1984K, reserved 1048576K

Heap Regions: E=young(eden), S=young(survivor), O=old, HS=humongous(starts), HC=humongous(continues), CS=collection set, F=free, OA=open archive, CA=closed archive, TAMS=top-at-mark-start (previous, next)
|   0|0x0000000780000000, 0x00000007800cde00, 0x0000000780100000| 80%| O|  |TAMS 0x0000000780000000, 0x0000000780000000| Untracked 
|   1|0x0000000780100000, 0x0000000780200000, 0x0000000780200000|100%|HS|  |TAMS 0x0000000780100000, 0x0000000780100000| Complete 
|   2|0x0000000780200000, 0x0000000780300000, 0x0000000780300000|100%|HC|  |TAMS 0x0000000780200000, 0x0000000780200000| Complete 
|   3|0x0000000780300000, 0x0000000780400000, 0x0000000780400000|100%|HC|  |TAMS 0x0000000780300000, 0x0000000780300000| Complete 
|   4|0x0000000780400000, 0x0000000780500000, 0x0000000780500000|100%|HC|  |TAMS 0x0000000780400000, 0x0000000780400000| Complete 
|   5|0x0000000780500000, 0x0000000780600000, 0x0000000780600000|100%|HC|  |TAMS 0x0000000780500000, 0x0000000780500000| Complete 
|   6|0x0000000780600000, 0x0000000780700000, 0x0000000780700000|100%|HC|  |TAMS 0x0000000780600000, 0x0000000780600000| Complete 
|   7|0x0000000780700000, 0x0000000780800000, 0x0000000780800000|100%|HC|  |TAMS 0x0000000780700000, 0x0000000780700000| Complete 
|   8|0x0000000780800000, 0x0000000780900000, 0x0000000780900000|100%|HC|  |TAMS 0x0000000780800000, 0x0000000780800000| Complete 
|   9|0x0000000780900000, 0x0000000780a00000, 0x0000000780a00000|100%|HS|  |TAMS 0x0000000780900000, 0x0000000780900000| Complete 
|  10|0x0000000780a00000, 0x0000000780b00000, 0x0000000780b00000|100%|HS|  |TAMS 0x0000000780a00000, 0x0000000780a00000| Complete 
|  11|0x0000000780b00000, 0x0000000780c00000, 0x0000000780c00000|100%|HC|  |TAMS 0x0000000780b00000, 0x0000000780b00000| Complete 
|  12|0x0000000780c00000, 0x0000000780d00000, 0x0000000780d00000|100%|HS|  |TAMS 0x0000000780c00000, 0x0000000780c00000| Complete 
|  13|0x0000000780d00000, 0x0000000780e00000, 0x0000000780e00000|100%|HC|  |TAMS 0x0000000780d00000, 0x0000000780d00000| Complete 
|  14|0x0000000780e00000, 0x0000000780f00000, 0x0000000780f00000|100%|HC|  |TAMS 0x0000000780e00000, 0x0000000780e00000| Complete 
|  15|0x0000000780f00000, 0x0000000781000000, 0x0000000781000000|100%|HS|  |TAMS 0x0000000780f00000, 0x0000000780f00000| Complete 
|  16|0x0000000781000000, 0x0000000781100000, 0x0000000781100000|100%|HC|  |TAMS 0x0000000781000000, 0x0000000781000000| Complete 
|  17|0x0000000781100000, 0x0000000781200000, 0x0000000781200000|100%|HC|  |TAMS 0x0000000781100000, 0x0000000781100000| Complete 
|  18|0x0000000781200000, 0x0000000781200000, 0x0000000781300000|  0%| F|  |TAMS 0x0000000781200000, 0x0000000781200000| Untracked 
|  19|0x0000000781300000, 0x0000000781300000, 0x0000000781400000|  0%| F|  |TAMS 0x0000000781300000, 0x0000000781300000| Untracked 
|  20|0x0000000781400000, 0x0000000781400000, 0x0000000781500000|  0%| F|  |TAMS 0x0000000781400000, 0x0000000781400000| Untracked 
|  21|0x0000000781500000, 0x0000000781500000, 0x0000000781600000|  0%| F|  |TAMS 0x0000000781500000, 0x0000000781500000| Untracked 
|  22|0x0000000781600000, 0x0000000781600000, 0x0000000781700000|  0%| F|  |TAMS 0x0000000781600000, 0x0000000781600000| Untracked 
|  23|0x0000000781700000, 0x0000000781700000, 0x0000000781800000|  0%| F|  |TAMS 0x0000000781700000, 0x0000000781700000| Untracked 
|  24|0x0000000781800000, 0x0000000781800000, 0x0000000781900000|  0%| F|  |TAMS 0x0000000781800000, 0x0000000781800000| Untracked 
|  25|0x0000000781900000, 0x0000000781900000, 0x0000000781a00000|  0%| F|  |TAMS 0x0000000781900000, 0x0000000781900000| Untracked 
|  26|0x0000000781a00000, 0x0000000781a00000, 0x0000000781b00000|  0%| F|  |TAMS 0x0000000781a00000, 0x0000000781a00000| Untracked 
|  27|0x0000000781b00000, 0x0000000781b00000, 0x0000000781c00000|  0%| F|  |TAMS 0x0000000781b00000, 0x0000000781b00000| Untracked 
|  28|0x0000000781c00000, 0x0000000781c00000, 0x0000000781d00000|  0%| F|  |TAMS 0x0000000781c00000, 0x0000000781c00000| Untracked 
|  29|0x0000000781d00000, 0x0000000781d00000, 0x0000000781e00000|  0%| F|  |TAMS 0x0000000781d00000, 0x0000000781d00000| Untracked 
|  30|0x0000000781e00000, 0x0000000781e00000, 0x0000000781f00000|  0%| F|  |TAMS 0x0000000781e00000, 0x0000000781e00000| Untracked 
|  31|0x0000000781f00000, 0x0000000781f00000, 0x0000000782000000|  0%| F|  |TAMS 0x0000000781f00000, 0x0000000781f00000| Untracked 
|  32|0x0000000782000000, 0x0000000782000000, 0x0000000782100000|  0%| F|  |TAMS 0x0000000782000000, 0x0000000782000000| Untracked 
|  33|0x0000000782100000, 0x0000000782100000, 0x0000000782200000|  0%| F|  |TAMS 0x0000000782100000, 0x0000000782100000| Untracked 
|  34|0x0000000782200000, 0x0000000782200000, 0x0000000782300000|  0%| F|  |TAMS 0x0000000782200000, 0x0000000782200000| Untracked 
|  35|0x0000000782300000, 0x0000000782300000, 0x0000000782400000|  0%| F|  |TAMS 0x0000000782300000, 0x0000000782300000| Untracked 
|  36|0x0000000782400000, 0x0000000782400000, 0x0000000782500000|  0%| F|  |TAMS 0x0000000782400000, 0x0000000782400000| Untracked 
|  37|0x0000000782500000, 0x0000000782500000, 0x0000000782600000|  0%| F|  |TAMS 0x0000000782500000, 0x0000000782500000| Untracked 
|  38|0x0000000782600000, 0x0000000782600000, 0x0000000782700000|  0%| F|  |TAMS 0x0000000782600000, 0x0000000782600000| Untracked 
|  39|0x0000000782700000, 0x0000000782700000, 0x0000000782800000|  0%| F|  |TAMS 0x0000000782700000, 0x0000000782700000| Untracked 
|  40|0x0000000782800000, 0x0000000782800000, 0x0000000782900000|  0%| F|  |TAMS 0x0000000782800000, 0x0000000782800000| Untracked 
|  41|0x0000000782900000, 0x0000000782900000, 0x0000000782a00000|  0%| F|  |TAMS 0x0000000782900000, 0x0000000782900000| Untracked 
|  42|0x0000000782a00000, 0x0000000782a00000, 0x0000000782b00000|  0%| F|  |TAMS 0x0000000782a00000, 0x0000000782a00000| Untracked 
|  43|0x0000000782b00000, 0x0000000782b00000, 0x0000000782c00000|  0%| F|  |TAMS 0x0000000782b00000, 0x0000000782b00000| Untracked 
|  44|0x0000000782c00000, 0x0000000782c00000, 0x0000000782d00000|  0%| F|  |TAMS 0x0000000782c00000, 0x0000000782c00000| Untracked 
|  45|0x0000000782d00000, 0x0000000782d00000, 0x0000000782e00000|  0%| F|  |TAMS 0x0000000782d00000, 0x0000000782d00000| Untracked 
|  46|0x0000000782e00000, 0x0000000782e00000, 0x0000000782f00000|  0%| F|  |TAMS 0x0000000782e00000, 0x0000000782e00000| Untracked 
|  47|0x0000000782f00000, 0x0000000782f00000, 0x0000000783000000|  0%| F|  |TAMS 0x0000000782f00000, 0x0000000782f00000| Untracked 
|  48|0x0000000783000000, 0x0000000783000000, 0x0000000783100000|  0%| F|  |TAMS 0x0000000783000000, 0x0000000783000000| Untracked 
|  49|0x0000000783100000, 0x0000000783100000, 0x0000000783200000|  0%| F|  |TAMS 0x0000000783100000, 0x0000000783100000| Untracked 
|  50|0x0000000783200000, 0x0000000783200000, 0x0000000783300000|  0%| F|  |TAMS 0x0000000783200000, 0x0000000783200000| Untracked 
|  51|0x0000000783300000, 0x0000000783300000, 0x0000000783400000|  0%| F|  |TAMS 0x0000000783300000, 0x0000000783300000| Untracked 
|  52|0x0000000783400000, 0x0000000783400000, 0x0000000783500000|  0%| F|  |TAMS 0x0000000783400000, 0x0000000783400000| Untracked 
|  53|0x0000000783500000, 0x0000000783500000, 0x0000000783600000|  0%| F|  |TAMS 0x0000000783500000, 0x0000000783500000| Untracked 
|  54|0x0000000783600000, 0x0000000783600000, 0x0000000783700000|  0%| F|  |TAMS 0x0000000783600000, 0x0000000783600000| Untracked 
|  55|0x0000000783700000, 0x0000000783700000, 0x0000000783800000|  0%| F|  |TAMS 0x0000000783700000, 0x0000000783700000| Untracked 
|  56|0x0000000783800000, 0x0000000783800000, 0x0000000783900000|  0%| F|  |TAMS 0x0000000783800000, 0x0000000783800000| Untracked 
|  57|0x0000000783900000, 0x0000000783900000, 0x0000000783a00000|  0%| F|  |TAMS 0x0000000783900000, 0x0000000783900000| Untracked 
|  58|0x0000000783a00000, 0x0000000783a00000, 0x0000000783b00000|  0%| F|  |TAMS 0x0000000783a00000, 0x0000000783a00000| Untracked 
|  59|0x0000000783b00000, 0x0000000783b00000, 0x0000000783c00000|  0%| F|  |TAMS 0x0000000783b00000, 0x0000000783b00000| Untracked 
|  60|0x0000000783c00000, 0x0000000783c00000, 0x0000000783d00000|  0%| F|  |TAMS 0x0000000783c00000, 0x0000000783c00000| Untracked 
|  61|0x0000000783d00000, 0x0000000783d00000, 0x0000000783e00000|  0%| F|  |TAMS 0x0000000783d00000, 0x0000000783d00000| Untracked 
|  62|0x0000000783e00000, 0x0000000783e00000, 0x0000000783f00000|  0%| F|  |TAMS 0x0000000783e00000, 0x0000000783e00000| Untracked 
|  63|0x0000000783f00000, 0x0000000783f00000, 0x0000000784000000|  0%| F|  |TAMS 0x0000000783f00000, 0x0000000783f00000| Untracked 
|  64|0x0000000784000000, 0x0000000784000000, 0x0000000784100000|  0%| F|  |TAMS 0x0000000784000000, 0x0000000784000000| Untracked 
|  65|0x0000000784100000, 0x0000000784100000, 0x0000000784200000|  0%| F|  |TAMS 0x0000000784100000, 0x0000000784100000| Untracked 
|  66|0x0000000784200000, 0x0000000784200000, 0x0000000784300000|  0%| F|  |TAMS 0x0000000784200000, 0x0000000784200000| Untracked 
|  67|0x0000000784300000, 0x0000000784300000, 0x0000000784400000|  0%| F|  |TAMS 0x0000000784300000, 0x0000000784300000| Untracked 
|  68|0x0000000784400000, 0x0000000784400000, 0x0000000784500000|  0%| F|  |TAMS 0x0000000784400000, 0x0000000784400000| Untracked 
|  69|0x0000000784500000, 0x0000000784500000, 0x0000000784600000|  0%| F|  |TAMS 0x0000000784500000, 0x0000000784500000| Untracked 
|  70|0x0000000784600000, 0x0000000784600000, 0x0000000784700000|  0%| F|  |TAMS 0x0000000784600000, 0x0000000784600000| Untracked 
|  71|0x0000000784700000, 0x0000000784700000, 0x0000000784800000|  0%| F|  |TAMS 0x0000000784700000, 0x0000000784700000| Untracked 
|  72|0x0000000784800000, 0x0000000784800000, 0x0000000784900000|  0%| F|  |TAMS 0x0000000784800000, 0x0000000784800000| Untracked 
|  73|0x0000000784900000, 0x0000000784900000, 0x0000000784a00000|  0%| F|  |TAMS 0x0000000784900000, 0x0000000784900000| Untracked 
|  74|0x0000000784a00000, 0x0000000784a00000, 0x0000000784b00000|  0%| F|  |TAMS 0x0000000784a00000, 0x0000000784a00000| Untracked 
|  75|0x0000000784b00000, 0x0000000784b00000, 0x0000000784c00000|  0%| F|  |TAMS 0x0000000784b00000, 0x0000000784b00000| Untracked 
|  76|0x0000000784c00000, 0x0000000784c00000, 0x0000000784d00000|  0%| F|  |TAMS 0x0000000784c00000, 0x0000000784c00000| Untracked 
|  77|0x0000000784d00000, 0x0000000784d00000, 0x0000000784e00000|  0%| F|  |TAMS 0x0000000784d00000, 0x0000000784d00000| Untracked 
|  78|0x0000000784e00000, 0x0000000784e00000, 0x0000000784f00000|  0%| F|  |TAMS 0x0000000784e00000, 0x0000000784e00000| Untracked 
|  79|0x0000000784f00000, 0x0000000784f00000, 0x0000000785000000|  0%| F|  |TAMS 0x0000000784f00000, 0x0000000784f00000| Untracked 
|  80|0x0000000785000000, 0x0000000785000000, 0x0000000785100000|  0%| F|  |TAMS 0x0000000785000000, 0x0000000785000000| Untracked 
|  81|0x0000000785100000, 0x0000000785100000, 0x0000000785200000|  0%| F|  |TAMS 0x0000000785100000, 0x0000000785100000| Untracked 
|  82|0x0000000785200000, 0x0000000785200000, 0x0000000785300000|  0%| F|  |TAMS 0x0000000785200000, 0x0000000785200000| Untracked 
|  83|0x0000000785300000, 0x0000000785300000, 0x0000000785400000|  0%| F|  |TAMS 0x0000000785300000, 0x0000000785300000| Untracked 
|  84|0x0000000785400000, 0x0000000785400000, 0x0000000785500000|  0%| F|  |TAMS 0x0000000785400000, 0x0000000785400000| Untracked 
|  85|0x0000000785500000, 0x0000000785500000, 0x0000000785600000|  0%| F|  |TAMS 0x0000000785500000, 0x0000000785500000| Untracked 
|  86|0x0000000785600000, 0x0000000785600000, 0x0000000785700000|  0%| F|  |TAMS 0x0000000785600000, 0x0000000785600000| Untracked 
|  87|0x0000000785700000, 0x0000000785700000, 0x0000000785800000|  0%| F|  |TAMS 0x0000000785700000, 0x0000000785700000| Untracked 
|  88|0x0000000785800000, 0x0000000785800000, 0x0000000785900000|  0%| F|  |TAMS 0x0000000785800000, 0x0000000785800000| Untracked 
|  89|0x0000000785900000, 0x0000000785900000, 0x0000000785a00000|  0%| F|  |TAMS 0x0000000785900000, 0x0000000785900000| Untracked 
|  90|0x0000000785a00000, 0x0000000785a00000, 0x0000000785b00000|  0%| F|  |TAMS 0x0000000785a00000, 0x0000000785a00000| Untracked 
|  91|0x0000000785b00000, 0x0000000785b00000, 0x0000000785c00000|  0%| F|  |TAMS 0x0000000785b00000, 0x0000000785b00000| Untracked 
|  92|0x0000000785c00000, 0x0000000785c00000, 0x0000000785d00000|  0%| F|  |TAMS 0x0000000785c00000, 0x0000000785c00000| Untracked 
|  93|0x0000000785d00000, 0x0000000785d00000, 0x0000000785e00000|  0%| F|  |TAMS 0x0000000785d00000, 0x0000000785d00000| Untracked 
|  94|0x0000000785e00000, 0x0000000785e00000, 0x0000000785f00000|  0%| F|  |TAMS 0x0000000785e00000, 0x0000000785e00000| Untracked 
|  95|0x0000000785f00000, 0x0000000785f00000, 0x0000000786000000|  0%| F|  |TAMS 0x0000000785f00000, 0x0000000785f00000| Untracked 
|  96|0x0000000786000000, 0x0000000786000000, 0x0000000786100000|  0%| F|  |TAMS 0x0000000786000000, 0x0000000786000000| Untracked 
|  97|0x0000000786100000, 0x0000000786100000, 0x0000000786200000|  0%| F|  |TAMS 0x0000000786100000, 0x0000000786100000| Untracked 
|  98|0x0000000786200000, 0x0000000786291470, 0x0000000786300000| 56%| E|  |TAMS 0x0000000786200000, 0x0000000786200000| Complete 
|  99|0x0000000786300000, 0x0000000786400000, 0x0000000786400000|100%| E|CS|TAMS 0x0000000786300000, 0x0000000786300000| Complete 
| 100|0x0000000786400000, 0x0000000786500000, 0x0000000786500000|100%| E|CS|TAMS 0x0000000786400000, 0x0000000786400000| Complete 
| 101|0x0000000786500000, 0x0000000786600000, 0x0000000786600000|100%| E|CS|TAMS 0x0000000786500000, 0x0000000786500000| Complete 
| 102|0x0000000786600000, 0x0000000786700000, 0x0000000786700000|100%| S|CS|TAMS 0x0000000786600000, 0x0000000786600000| Complete 
| 103|0x0000000786700000, 0x0000000786800000, 0x0000000786800000|100%| S|CS|TAMS 0x0000000786700000, 0x0000000786700000| Complete 
| 104|0x0000000786800000, 0x0000000786900000, 0x0000000786900000|100%| S|CS|TAMS 0x0000000786800000, 0x0000000786800000| Complete 
| 105|0x0000000786900000, 0x0000000786a00000, 0x0000000786a00000|100%| E|CS|TAMS 0x0000000786900000, 0x0000000786900000| Complete 
| 106|0x0000000786a00000, 0x0000000786b00000, 0x0000000786b00000|100%| E|CS|TAMS 0x0000000786a00000, 0x0000000786a00000| Complete 
| 107|0x0000000786b00000, 0x0000000786c00000, 0x0000000786c00000|100%| E|CS|TAMS 0x0000000786b00000, 0x0000000786b00000| Complete 
| 108|0x0000000786c00000, 0x0000000786d00000, 0x0000000786d00000|100%| E|CS|TAMS 0x0000000786c00000, 0x0000000786c00000| Complete 
| 109|0x0000000786d00000, 0x0000000786e00000, 0x0000000786e00000|100%| E|CS|TAMS 0x0000000786d00000, 0x0000000786d00000| Complete 
| 110|0x0000000786e00000, 0x0000000786f00000, 0x0000000786f00000|100%| E|CS|TAMS 0x0000000786e00000, 0x0000000786e00000| Complete 
| 111|0x0000000786f00000, 0x0000000787000000, 0x0000000787000000|100%| E|CS|TAMS 0x0000000786f00000, 0x0000000786f00000| Complete 
| 112|0x0000000787000000, 0x0000000787100000, 0x0000000787100000|100%| E|CS|TAMS 0x0000000787000000, 0x0000000787000000| Complete 
| 113|0x0000000787100000, 0x0000000787200000, 0x0000000787200000|100%| E|CS|TAMS 0x0000000787100000, 0x0000000787100000| Complete 
| 114|0x0000000787200000, 0x0000000787300000, 0x0000000787300000|100%| E|CS|TAMS 0x0000000787200000, 0x0000000787200000| Complete 
| 115|0x0000000787300000, 0x0000000787400000, 0x0000000787400000|100%| E|CS|TAMS 0x0000000787300000, 0x0000000787300000| Complete 
| 116|0x0000000787400000, 0x0000000787500000, 0x0000000787500000|100%| E|CS|TAMS 0x0000000787400000, 0x0000000787400000| Complete 
| 117|0x0000000787500000, 0x0000000787600000, 0x0000000787600000|100%| E|CS|TAMS 0x0000000787500000, 0x0000000787500000| Complete 
| 118|0x0000000787600000, 0x0000000787700000, 0x0000000787700000|100%| E|CS|TAMS 0x0000000787600000, 0x0000000787600000| Complete 
| 119|0x0000000787700000, 0x0000000787800000, 0x0000000787800000|100%| E|CS|TAMS 0x0000000787700000, 0x0000000787700000| Complete 
| 120|0x0000000787800000, 0x0000000787900000, 0x0000000787900000|100%| E|CS|TAMS 0x0000000787800000, 0x0000000787800000| Complete 
| 121|0x0000000787900000, 0x0000000787a00000, 0x0000000787a00000|100%| E|CS|TAMS 0x0000000787900000, 0x0000000787900000| Complete 
| 122|0x0000000787a00000, 0x0000000787b00000, 0x0000000787b00000|100%| E|CS|TAMS 0x0000000787a00000, 0x0000000787a00000| Complete 
| 123|0x0000000787b00000, 0x0000000787c00000, 0x0000000787c00000|100%| E|CS|TAMS 0x0000000787b00000, 0x0000000787b00000| Complete 
| 124|0x0000000787c00000, 0x0000000787d00000, 0x0000000787d00000|100%| E|CS|TAMS 0x0000000787c00000, 0x0000000787c00000| Complete 
| 125|0x0000000787d00000, 0x0000000787e00000, 0x0000000787e00000|100%| E|CS|TAMS 0x0000000787d00000, 0x0000000787d00000| Complete 
| 126|0x0000000787e00000, 0x0000000787f00000, 0x0000000787f00000|100%| E|CS|TAMS 0x0000000787e00000, 0x0000000787e00000| Complete 
| 127|0x0000000787f00000, 0x0000000788000000, 0x0000000788000000|100%| E|CS|TAMS 0x0000000787f00000, 0x0000000787f00000| Complete 
|2046|0x00000007ffe00000, 0x00000007ffe78000, 0x00000007fff00000| 46%|OA|  |TAMS 0x00000007ffe00000, 0x00000007ffe00000| Untracked 
|2047|0x00000007fff00000, 0x00000007fff80000, 0x0000000800000000| 50%|CA|  |TAMS 0x00000007fff00000, 0x00000007fff00000| Untracked 

Card table byte_map: [0x000000010593c000,0x0000000105d3c000] _byte_map_base: 0x0000000101d3c000

Marking Bits (Prev, Next): (CMBitMap*) 0x0000000122829c10, (CMBitMap*) 0x0000000122829c50
 Prev Bits: [0x000000011dee8000, 0x000000011fee8000)
 Next Bits: [0x0000000123000000, 0x0000000125000000)

Polling page: 0x000000010516c000

Metaspace:

Usage:
  Non-class:     11.59 MB used.
      Class:      1.84 MB used.
       Both:     13.43 MB used.

Virtual space:
  Non-class space:       16.00 MB reserved,      11.75 MB ( 73%) committed,  2 nodes.
      Class space:        1.00 GB reserved,       1.94 MB ( <1%) committed,  1 nodes.
             Both:        1.02 GB reserved,      13.69 MB (  1%) committed. 

Chunk freelists:
   Non-Class:  3.92 MB
       Class:  1.97 MB
        Both:  5.89 MB

MaxMetaspaceSize: unlimited
CompressedClassSpaceSize: 1.00 GB
Initial GC threshold: 21.00 MB
Current GC threshold: 21.00 MB
CDS: on
MetaspaceReclaimPolicy: balanced
 - commit_granule_bytes: 65536.
 - commit_granule_words: 8192.
 - virtual_space_node_default_size: 1048576.
 - enlarge_chunks_in_place: 1.
 - new_chunks_are_fully_committed: 0.
 - uncommit_free_chunks: 1.
 - use_allocation_guard: 0.
 - handle_deallocations: 1.


Internal statistics:

num_allocs_failed_limit: 0.
num_arena_births: 204.
num_arena_deaths: 0.
num_vsnodes_births: 3.
num_vsnodes_deaths: 0.
num_space_committed: 219.
num_space_uncommitted: 0.
num_chunks_returned_to_freelist: 0.
num_chunks_taken_from_freelist: 640.
num_chunk_merges: 0.
num_chunk_splits: 440.
num_chunks_enlarged: 341.
num_purges: 0.
num_inconsistent_stats: 0.

CodeHeap 'non-profiled nmethods': size=120032Kb used=1002Kb max_used=1002Kb free=119029Kb
 bounds [0x00000001169b0000, 0x0000000116c20000, 0x000000011dee8000]
CodeHeap 'profiled nmethods': size=120016Kb used=4572Kb max_used=4572Kb free=115443Kb
 bounds [0x000000010f47c000, 0x000000010f8fc000, 0x00000001169b0000]
CodeHeap 'non-nmethods': size=5712Kb used=1386Kb max_used=1441Kb free=4325Kb
 bounds [0x000000010eee8000, 0x000000010f158000, 0x000000010f47c000]
 total_blobs=3160 nmethods=2394 adapters=682
 compilation: enabled
              stopped_count=0, restarted_count=0
 full_count=0

Compilation events (20 events):
Event: 9.566 Thread 0x000000012181d400 nmethod 2521 0x000000010f8ef610 code [0x000000010f8ef7c0, 0x000000010f8efb18]
Event: 9.567 Thread 0x000000012181ce00 2522       4       com.sun.javafx.geom.Order1::YforT (17 bytes)
Event: 9.568 Thread 0x000000012181ce00 nmethod 2522 0x0000000116aa9590 code [0x0000000116aa9700, 0x0000000116aa97a0]
Event: 9.568 Thread 0x000000012181ce00 2523       4       com.sun.javafx.geom.Edge::compareTo (118 bytes)
Event: 9.571 Thread 0x000000012181d400 2525       3       com.sun.scenario.effect.ImageData::validate (24 bytes)
Event: 9.571 Thread 0x000000012181d400 nmethod 2525 0x000000010f8efd10 code [0x000000010f8eff00, 0x000000010f8f0188]
Event: 9.571 Thread 0x000000012181d400 2526       3       com.sun.scenario.effect.impl.prism.ps.PPSRenderer::isImageDataCompatible (39 bytes)
Event: 9.571 Thread 0x000000012181d400 nmethod 2526 0x000000010f8f0290 code [0x000000010f8f04c0, 0x000000010f8f0da8]
Event: 9.572 Thread 0x000000012181d400 2529       3       com.sun.prism.impl.ps.BaseShaderGraphics::<init> (22 bytes)
Event: 9.572 Thread 0x000000012181ce00 nmethod 2523 0x0000000116aa9890 code [0x0000000116aa9a80, 0x0000000116aa9ea0]
Event: 9.572 Thread 0x000000012181ce00 2524       4       com.sun.javafx.font.CompositeStrike::getStrikeSlot (165 bytes)
Event: 9.572 Thread 0x000000012181d400 nmethod 2529 0x000000010f8f1010 code [0x000000010f8f11c0, 0x000000010f8f1418]
Event: 9.572 Thread 0x000000012181d400 2527       3       com.sun.scenario.effect.ImageData::unref (103 bytes)
Event: 9.572 Thread 0x000000012181ce00 nmethod 2524 0x0000000116aaa110 code [0x0000000116aaa2c0, 0x0000000116aaa3c0]
Event: 9.572 Thread 0x000000012181d400 nmethod 2527 0x000000010f8f1510 code [0x000000010f8f1780, 0x000000010f8f2218]
Event: 9.572 Thread 0x000000012181d400 2528       3       com.sun.javafx.geom.transform.Affine3D::setTransform (75 bytes)
Event: 9.573 Thread 0x000000012181d400 nmethod 2528 0x000000010f8f2510 code [0x000000010f8f26c0, 0x000000010f8f2898]
Event: 9.592 Thread 0x000000012181d400 2531       1       java.lang.Thread::isInterrupted (5 bytes)
Event: 9.592 Thread 0x000000012181d400 nmethod 2531 0x0000000116aaa810 code [0x0000000116aaa980, 0x0000000116aaaa68]
Event: 9.659 Thread 0x000000012181d400 2532       3       java.util.concurrent.locks.AbstractQueuedSynchronizer::release (19 bytes)

GC Heap History (2 events):
Event: 0.340 GC heap before
{Heap before GC invocations=0 (full 0):
 garbage-first heap   total 133120K, used 23520K [0x0000000780000000, 0x0000000800000000)
  region size 1024K, 23 young (23552K), 0 survivors (0K)
 Metaspace       used 6107K, committed 6336K, reserved 1056768K
  class space    used 777K, committed 896K, reserved 1048576K
}
Event: 0.346 GC heap after
{Heap after GC invocations=1 (full 0):
 garbage-first heap   total 133120K, used 4887K [0x0000000780000000, 0x0000000800000000)
  region size 1024K, 3 young (3072K), 3 survivors (3072K)
 Metaspace       used 6107K, committed 6336K, reserved 1056768K
  class space    used 777K, committed 896K, reserved 1048576K
}

Deoptimization events (20 events):
Event: 5.859 Thread 0x0000000121175c00 DEOPT PACKING pc=0x0000000116a7fcb0 sp=0x000000016ae1a580
Event: 5.859 Thread 0x0000000121175c00 DEOPT UNPACKING pc=0x000000010ef26d1c sp=0x000000016ae1a510 mode 2
Event: 5.859 Thread 0x0000000121175c00 Uncommon trap: trap_request=0xffffffde fr.pc=0x0000000116a7fcb0 relative=0x00000000000000f0
Event: 5.859 Thread 0x0000000121175c00 Uncommon trap: reason=class_check action=maybe_recompile pc=0x0000000116a7fcb0 method=jdk.internal.misc.Unsafe.allocateUninitializedArray(Ljava/lang/Class;I)Ljava/lang/Object; @ 51 c2
Event: 5.859 Thread 0x0000000121175c00 DEOPT PACKING pc=0x0000000116a7fcb0 sp=0x000000016ae1a580
Event: 5.859 Thread 0x0000000121175c00 DEOPT UNPACKING pc=0x000000010ef26d1c sp=0x000000016ae1a510 mode 2
Event: 5.859 Thread 0x0000000121175c00 Uncommon trap: trap_request=0xffffffde fr.pc=0x0000000116a7fcb0 relative=0x00000000000000f0
Event: 5.859 Thread 0x0000000121175c00 Uncommon trap: reason=class_check action=maybe_recompile pc=0x0000000116a7fcb0 method=jdk.internal.misc.Unsafe.allocateUninitializedArray(Ljava/lang/Class;I)Ljava/lang/Object; @ 51 c2
Event: 5.859 Thread 0x0000000121175c00 DEOPT PACKING pc=0x0000000116a7fcb0 sp=0x000000016ae1a3e0
Event: 5.859 Thread 0x0000000121175c00 DEOPT UNPACKING pc=0x000000010ef26d1c sp=0x000000016ae1a370 mode 2
Event: 5.861 Thread 0x0000000121820800 DEOPT PACKING pc=0x000000010f801f24 sp=0x000000016d729550
Event: 5.861 Thread 0x0000000121820800 DEOPT UNPACKING pc=0x000000010ef26b7c sp=0x000000016d729220 mode 0
Event: 6.065 Thread 0x0000000121820800 DEOPT PACKING pc=0x000000010f801f24 sp=0x000000016d729560
Event: 6.065 Thread 0x0000000121820800 DEOPT UNPACKING pc=0x000000010ef26b7c sp=0x000000016d729230 mode 0
Event: 6.085 Thread 0x0000000121820800 DEOPT PACKING pc=0x000000010f801fbc sp=0x000000016d729560
Event: 6.085 Thread 0x0000000121820800 DEOPT UNPACKING pc=0x000000010ef26b7c sp=0x000000016d729230 mode 0
Event: 6.804 Thread 0x0000000121820800 DEOPT PACKING pc=0x000000010f845ae0 sp=0x000000016d729890
Event: 6.804 Thread 0x0000000121820800 DEOPT UNPACKING pc=0x000000010ef26b7c sp=0x000000016d729550 mode 0
Event: 6.804 Thread 0x0000000121820800 DEOPT PACKING pc=0x000000010f845ae0 sp=0x000000016d729890
Event: 6.804 Thread 0x0000000121820800 DEOPT UNPACKING pc=0x000000010ef26b7c sp=0x000000016d729550 mode 0

Classes unloaded (0 events):
No events

Classes redefined (0 events):
No events

Internal exceptions (20 events):
Event: 0.617 Thread 0x0000000121175c00 Exception <a 'java/io/FileNotFoundException'{0x00000007879065c0}> (0x00000007879065c0) 
thrown [src/hotspot/share/prims/jni.cpp, line 516]
Event: 0.660 Thread 0x0000000121175c00 Implicit null exception at 0x00000001169f0d78 to 0x00000001169f0e08
Event: 0.662 Thread 0x0000000121175c00 Exception <a 'java/io/FileNotFoundException'{0x0000000787633590}> (0x0000000787633590) 
thrown [src/hotspot/share/prims/jni.cpp, line 516]
Event: 0.666 Thread 0x0000000121175c00 Exception <a 'java/io/FileNotFoundException'{0x0000000787676c60}> (0x0000000787676c60) 
thrown [src/hotspot/share/prims/jni.cpp, line 516]
Event: 0.678 Thread 0x0000000121175c00 Exception <a 'java/lang/NoSuchMethodError'{0x00000007876f9730}: 'java.lang.Object java.lang.invoke.DirectMethodHandle$Holder.invokeStatic(java.lang.Object, int, java.lang.Object)'> (0x00000007876f9730) 
thrown [src/hotspot/share/interpreter/linkResolver.cpp, line 759]
Event: 0.680 Thread 0x0000000121175c00 Exception <a 'java/lang/ClassNotFoundException'{0x000000078750dab0}: sun/util/logging/resources/spi/loggingProvider> (0x000000078750dab0) 
thrown [src/hotspot/share/classfile/systemDictionary.cpp, line 256]
Event: 0.705 Thread 0x0000000121175c00 Implicit null exception at 0x00000001169f88d4 to 0x00000001169f8be4
Event: 0.705 Thread 0x0000000121175c00 Implicit null exception at 0x00000001169f65d4 to 0x00000001169f68ac
Event: 0.835 Thread 0x0000000121175c00 Exception <a 'java/lang/NoSuchMethodError'{0x00000007870b1ff8}: 'java.lang.Object java.lang.invoke.DirectMethodHandle$Holder.invokeInterface(java.lang.Object, java.lang.Object, java.lang.Object)'> (0x00000007870b1ff8) 
thrown [src/hotspot/share/interpreter/linkResolver.cpp, line 759]
Event: 0.835 Thread 0x0000000121175c00 Exception <a 'java/lang/IncompatibleClassChangeError'{0x00000007870b5980}: Found class java.lang.Object, but interface was expected> (0x00000007870b5980) 
thrown [src/hotspot/share/interpreter/linkResolver.cpp, line 826]
Event: 0.875 Thread 0x0000000121175c00 Exception <a 'java/lang/NoSuchMethodError'{0x0000000786e94af8}: 'java.lang.Object java.lang.invoke.DirectMethodHandle$Holder.newInvokeSpecial(java.lang.Object, java.lang.Object, int)'> (0x0000000786e94af8) 
thrown [src/hotspot/share/interpreter/linkResolver.cpp, line 759]
Event: 0.931 Thread 0x0000000121820800 Exception <a 'java/lang/NoSuchMethodError'{0x0000000786c494c8}: 'int java.lang.invoke.DirectMethodHandle$Holder.invokeStaticInit(java.lang.Object, java.lang.Object)'> (0x0000000786c494c8) 
thrown [src/hotspot/share/interpreter/linkResolver.cpp, line 759]
Event: 0.955 Thread 0x0000000121820800 Exception <a 'java/lang/NoSuchMethodError'{0x0000000786cdeb98}: 'java.lang.Object java.lang.invoke.DirectMethodHandle$Holder.invokeStaticInit(java.lang.Object, int)'> (0x0000000786cdeb98) 
thrown [src/hotspot/share/interpreter/linkResolver.cpp, line 759]
Event: 5.749 Thread 0x0000000121175c00 Exception <a 'java/lang/NoSuchMethodError'{0x00000007864b7768}: 'java.lang.Object java.lang.invoke.DirectMethodHandle$Holder.newInvokeSpecial(java.lang.Object, java.lang.Object, int, int, int, int, int, java.lang.Object)'> (0x00000007864b7768) 
thrown [src/hotspot/share/interpreter/linkResolver.cpp, line 759]
Event: 5.750 Thread 0x0000000121175c00 Exception <a 'java/lang/NoSuchMethodError'{0x00000007864ca748}: 'java.lang.Object java.lang.invoke.DirectMethodHandle$Holder.newInvokeSpecial(java.lang.Object, java.lang.Object, java.lang.Object, int, int, int, int, int)'> (0x00000007864ca748) 
thrown [src/hotspot/share/interpreter/linkResolver.cpp, line 759]
Event: 5.751 Thread 0x0000000121175c00 Exception <a 'java/lang/NoSuchMethodError'{0x00000007864d1fa8}: 'java.lang.Object java.lang.invoke.Invokers$Holder.linkToTargetMethod(java.lang.Object, java.lang.Object, int, int, int, int, int, java.lang.Object)'> (0x00000007864d1fa8) 
thrown [src/hotspot/share/interpreter/linkResolver.cpp, line 759]
Event: 5.760 Thread 0x0000000121175c00 Exception <a 'java/lang/NoSuchMethodError'{0x00000007864ea0d0}: 'long java.lang.invoke.DirectMethodHandle$Holder.invokeStatic(java.lang.Object, java.lang.Object, java.lang.Object)'> (0x00000007864ea0d0) 
thrown [src/hotspot/share/interpreter/linkResolver.cpp, line 759]
Event: 5.760 Thread 0x0000000121175c00 Exception <a 'java/lang/NoSuchMethodError'{0x00000007864ed878}: 'long java.lang.invoke.DirectMethodHandle$Holder.invokeStaticInit(java.lang.Object, java.lang.Object, java.lang.Object)'> (0x00000007864ed878) 
thrown [src/hotspot/share/interpreter/linkResolver.cpp, line 759]
Event: 5.761 Thread 0x0000000121175c00 Exception <a 'java/lang/NoSuchMethodError'{0x0000000786306088}: 'java.lang.Object java.lang.invoke.DirectMethodHandle$Holder.newInvokeSpecial(java.lang.Object, java.lang.Object, long)'> (0x0000000786306088) 
thrown [src/hotspot/share/interpreter/linkResolver.cpp, line 759]
Event: 5.761 Thread 0x0000000121175c00 Exception <a 'java/lang/NoSuchMethodError'{0x0000000786309950}: 'java.lang.Object java.lang.invoke.Invokers$Holder.linkToTargetMethod(java.lang.Object, long, java.lang.Object)'> (0x0000000786309950) 
thrown [src/hotspot/share/interpreter/linkResolver.cpp, line 759]

VM Operations (20 events):
Event: 0.407 Executing VM operation: HandshakeAllThreads
Event: 0.407 Executing VM operation: HandshakeAllThreads done
Event: 0.691 Executing VM operation: HandshakeAllThreads
Event: 0.691 Executing VM operation: HandshakeAllThreads done
Event: 0.752 Executing VM operation: ICBufferFull
Event: 0.752 Executing VM operation: ICBufferFull done
Event: 1.757 Executing VM operation: Cleanup
Event: 1.758 Executing VM operation: Cleanup done
Event: 3.768 Executing VM operation: Cleanup
Event: 3.768 Executing VM operation: Cleanup done
Event: 4.773 Executing VM operation: Cleanup
Event: 4.773 Executing VM operation: Cleanup done
Event: 5.776 Executing VM operation: Cleanup
Event: 5.776 Executing VM operation: Cleanup done
Event: 6.781 Executing VM operation: Cleanup
Event: 6.781 Executing VM operation: Cleanup done
Event: 7.782 Executing VM operation: Cleanup
Event: 7.783 Executing VM operation: Cleanup done
Event: 8.785 Executing VM operation: Cleanup
Event: 8.785 Executing VM operation: Cleanup done

Events (20 events):
Event: 3.987 loading class java/util/EnumMap$EnumMapIterator done
Event: 3.987 loading class java/util/EnumMap$ValueIterator done
Event: 5.291 Protecting memory [0x000000016d940000,0x000000016d94c000] with protection modes 0
Event: 5.291 Thread 0x000000013fa78000 Thread added: 0x000000013fa78000
Event: 5.575 Protecting memory [0x000000016d940000,0x000000016d94c000] with protection modes 3
Event: 5.575 Thread 0x000000013fa78000 Thread exited: 0x000000013fa78000
Event: 5.759 Protecting memory [0x000000016d940000,0x000000016d94c000] with protection modes 0
Event: 5.759 Thread 0x0000000122f1b400 Thread added: 0x0000000122f1b400
Event: 6.342 Protecting memory [0x000000016d940000,0x000000016d94c000] with protection modes 3
Event: 6.342 Thread 0x0000000122f1b400 Thread exited: 0x0000000122f1b400
Event: 6.792 Protecting memory [0x000000016d940000,0x000000016d94c000] with protection modes 0
Event: 6.792 Thread 0x000000013e024a00 Thread added: 0x000000013e024a00
Event: 7.092 Protecting memory [0x000000016d940000,0x000000016d94c000] with protection modes 3
Event: 7.092 Thread 0x000000013e024a00 Thread exited: 0x000000013e024a00
Event: 7.709 Protecting memory [0x000000016d940000,0x000000016d94c000] with protection modes 0
Event: 7.709 Thread 0x000000013e013000 Thread added: 0x000000013e013000
Event: 8.175 Protecting memory [0x000000016d940000,0x000000016d94c000] with protection modes 3
Event: 8.176 Thread 0x000000013e013000 Thread exited: 0x000000013e013000
Event: 9.242 Protecting memory [0x000000016d940000,0x000000016d94c000] with protection modes 0
Event: 9.242 Thread 0x000000013e013000 Thread added: 0x000000013e013000


Dynamic libraries:
0x000000010511c000 	/Users/jonathan/Library/Java/JavaVirtualMachines/corretto-17.0.4.1/Contents/Home/lib/libjli.dylib
0x00000001a2c2e000 	/System/Library/Frameworks/Cocoa.framework/Versions/A/Cocoa
0x000000018f1a7000 	/System/Library/Frameworks/AppKit.framework/Versions/C/AppKit
0x00000001926dd000 	/System/Library/Frameworks/CoreData.framework/Versions/A/CoreData
0x000000018d504000 	/System/Library/Frameworks/Foundation.framework/Versions/C/Foundation
0x0000000197029000 	/usr/lib/libSystem.B.dylib
0x000000019005e000 	/System/Library/PrivateFrameworks/UIFoundation.framework/Versions/A/UIFoundation
0x000000019cf27000 	/System/Library/PrivateFrameworks/RemoteViewServices.framework/Versions/A/RemoteViewServices
0x0000000195540000 	/System/Library/PrivateFrameworks/XCTTargetBootstrap.framework/Versions/A/XCTTargetBootstrap
0x0000000198d2a000 	/System/Library/PrivateFrameworks/InternationalSupport.framework/Versions/A/InternationalSupport
0x0000000198db3000 	/System/Library/PrivateFrameworks/UserActivity.framework/Versions/A/UserActivity
0x0000000198258000 	/usr/lib/libspindump.dylib
0x00000001902ce000 	/System/Library/Frameworks/UniformTypeIdentifiers.framework/Versions/A/UniformTypeIdentifiers
0x0000000193acd000 	/usr/lib/libapp_launch_measurement.dylib
0x0000000193045000 	/System/Library/PrivateFrameworks/CoreAnalytics.framework/Versions/A/CoreAnalytics
0x0000000193ad0000 	/System/Library/PrivateFrameworks/CoreAutoLayout.framework/Versions/A/CoreAutoLayout
0x0000000194e43000 	/System/Library/Frameworks/Metal.framework/Versions/A/Metal
0x0000000195b92000 	/usr/lib/liblangid.dylib
0x0000000195544000 	/System/Library/PrivateFrameworks/CoreSVG.framework/Versions/A/CoreSVG
0x0000000191795000 	/System/Library/PrivateFrameworks/SkyLight.framework/Versions/A/SkyLight
0x0000000191b62000 	/System/Library/Frameworks/CoreGraphics.framework/Versions/A/CoreGraphics
0x000000019d5a5000 	/System/Library/Frameworks/Accelerate.framework/Versions/A/Accelerate
0x0000000197ccc000 	/System/Library/PrivateFrameworks/IconServices.framework/Versions/A/IconServices
0x0000000194e25000 	/System/Library/Frameworks/IOSurface.framework/Versions/A/IOSurface
0x0000000193075000 	/usr/lib/libDiagnosticMessagesClient.dylib
0x0000000196f79000 	/usr/lib/libz.1.dylib
0x00000001a09ee000 	/System/Library/Frameworks/ApplicationServices.framework/Versions/A/ApplicationServices
0x0000000195528000 	/System/Library/PrivateFrameworks/DFRFoundation.framework/Versions/A/DFRFoundation
0x000000018ea48000 	/usr/lib/libicucore.A.dylib
0x0000000199b2b000 	/System/Library/Frameworks/AudioToolbox.framework/Versions/A/AudioToolbox
0x0000000198d36000 	/System/Library/PrivateFrameworks/DataDetectorsCore.framework/Versions/A/DataDetectorsCore
0x00000001aee84000 	/System/Library/PrivateFrameworks/TextInput.framework/Versions/A/TextInput
0x000000019170c000 	/usr/lib/libMobileGestalt.dylib
0x00000001951f8000 	/System/Library/Frameworks/Carbon.framework/Versions/A/Frameworks/HIToolbox.framework/Versions/A/HIToolbox
0x00000001934d6000 	/System/Library/Frameworks/QuartzCore.framework/Versions/A/QuartzCore
0x000000018e6c5000 	/System/Library/Frameworks/Security.framework/Versions/A/Security
0x000000019cf67000 	/System/Library/Frameworks/Carbon.framework/Versions/A/Frameworks/SpeechRecognition.framework/Versions/A/SpeechRecognition
0x0000000193824000 	/System/Library/PrivateFrameworks/CoreUI.framework/Versions/A/CoreUI
0x000000018df96000 	/System/Library/Frameworks/CoreAudio.framework/Versions/A/CoreAudio
0x0000000193169000 	/System/Library/Frameworks/DiskArbitration.framework/Versions/A/DiskArbitration
0x000000019863d000 	/System/Library/PrivateFrameworks/MultitouchSupport.framework/Versions/A/MultitouchSupport
0x000000019170a000 	/usr/lib/libenergytrace.dylib
0x000000018f071000 	/System/Library/Frameworks/IOKit.framework/Versions/A/IOKit
0x000000019d350000 	/System/Library/Frameworks/CoreServices.framework/Versions/A/CoreServices
0x0000000193a5d000 	/System/Library/PrivateFrameworks/PerformanceAnalysis.framework/Versions/A/PerformanceAnalysis
0x00000001eda31000 	/System/Library/Frameworks/OpenGL.framework/Versions/A/OpenGL
0x00000001965e3000 	/System/Library/PrivateFrameworks/MobileKeyBag.framework/Versions/A/MobileKeyBag
0x000000018c44e000 	/usr/lib/libobjc.A.dylib
0x0000000192172000 	/System/Library/Frameworks/ColorSync.framework/Versions/A/ColorSync
0x000000018c610000 	/System/Library/Frameworks/CoreFoundation.framework/Versions/A/CoreFoundation
0x00000001957c5000 	/System/Library/Frameworks/CoreImage.framework/Versions/A/CoreImage
0x000000018ddb9000 	/System/Library/Frameworks/CoreText.framework/Versions/A/CoreText
0x0000000195574000 	/System/Library/Frameworks/ImageIO.framework/Versions/A/ImageIO
0x000000019702f000 	/System/Library/PrivateFrameworks/SoftLinking.framework/Versions/A/SoftLinking
0x0000000193b1a000 	/usr/lib/libxml2.2.dylib
0x000000018c50e000 	/usr/lib/libc++.1.dylib
0x00000001972c8000 	/usr/lib/libcompression.dylib
0x0000000198c83000 	/System/Library/PrivateFrameworks/TextureIO.framework/Versions/A/TextureIO
0x00000001979e6000 	/usr/lib/libate.dylib
0x0000000197023000 	/usr/lib/system/libcache.dylib
0x0000000196fe1000 	/usr/lib/system/libcommonCrypto.dylib
0x000000019700a000 	/usr/lib/system/libcompiler_rt.dylib
0x0000000197001000 	/usr/lib/system/libcopyfile.dylib
0x000000018c362000 	/usr/lib/system/libcorecrypto.dylib
0x000000018c407000 	/usr/lib/system/libdispatch.dylib
0x000000018c5cf000 	/usr/lib/system/libdyld.dylib
0x0000000197019000 	/usr/lib/system/libkeymgr.dylib
0x0000000196fc3000 	/usr/lib/system/libmacho.dylib
0x00000001966c3000 	/usr/lib/system/libquarantine.dylib
0x0000000197016000 	/usr/lib/system/libremovefile.dylib
0x0000000191761000 	/usr/lib/system/libsystem_asl.dylib
0x000000018c30c000 	/usr/lib/system/libsystem_blocks.dylib
0x000000018c48d000 	/usr/lib/system/libsystem_c.dylib
0x000000019700e000 	/usr/lib/system/libsystem_collections.dylib
0x0000000195b82000 	/usr/lib/system/libsystem_configuration.dylib
0x0000000194e06000 	/usr/lib/system/libsystem_containermanager.dylib
0x0000000196d2a000 	/usr/lib/system/libsystem_coreservices.dylib
0x000000018ecf3000 	/usr/lib/system/libsystem_darwin.dylib
0x000000019701a000 	/usr/lib/system/libsystem_dnssd.dylib
0x000000018c48a000 	/usr/lib/system/libsystem_featureflags.dylib
0x000000018c5e4000 	/usr/lib/system/libsystem_info.dylib
0x0000000196f8b000 	/usr/lib/system/libsystem_m.dylib
0x000000018c3dc000 	/usr/lib/system/libsystem_malloc.dylib
0x00000001916f2000 	/usr/lib/system/libsystem_networkextension.dylib
0x000000018f147000 	/usr/lib/system/libsystem_notify.dylib
0x000000019d22d000 	/usr/lib/system/libsystem_product_info_filter.dylib
0x0000000195b87000 	/usr/lib/system/libsystem_sandbox.dylib
0x0000000197013000 	/usr/lib/system/libsystem_secinit.dylib
0x000000018c58c000 	/usr/lib/system/libsystem_kernel.dylib
0x000000018c5dc000 	/usr/lib/system/libsystem_platform.dylib
0x000000018c5c2000 	/usr/lib/system/libsystem_pthread.dylib
0x0000000192e9e000 	/usr/lib/system/libsystem_symptoms.dylib
0x000000018c348000 	/usr/lib/system/libsystem_trace.dylib
0x0000000196fee000 	/usr/lib/system/libunwind.dylib
0x000000018c30e000 	/usr/lib/system/libxpc.dylib
0x000000018c572000 	/usr/lib/libc++abi.dylib
0x0000000196ff9000 	/usr/lib/liboah.dylib
0x00000001978ae000 	/usr/lib/liblzma.5.dylib
0x000000018d1f8000 	/System/Library/Frameworks/SystemConfiguration.framework/Versions/A/SystemConfiguration
0x000000019702b000 	/usr/lib/libfakelink.dylib
0x0000000191239000 	/System/Library/Frameworks/CFNetwork.framework/Versions/A/CFNetwork
0x0000000197172000 	/usr/lib/libarchive.2.dylib
0x0000000195b8e000 	/System/Library/PrivateFrameworks/AppleSystemInfo.framework/Versions/A/AppleSystemInfo
0x00000001966ee000 	/usr/lib/libbsm.0.dylib
0x0000000190771000 	/usr/lib/libnetwork.dylib
0x0000000196fc9000 	/usr/lib/system/libkxld.dylib
0x0000000196305000 	/System/Library/PrivateFrameworks/IOMobileFramebuffer.framework/Versions/A/IOMobileFramebuffer
0x0000000209862000 	/usr/lib/libCoreEntitlements.dylib
0x0000000196d0c000 	/System/Library/PrivateFrameworks/AppleFSCompression.framework/Versions/A/AppleFSCompression
0x00000001966d6000 	/usr/lib/libcoretls.dylib
0x00000001978c7000 	/usr/lib/libcoretls_cfhelpers.dylib
0x00000001972c3000 	/usr/lib/libpam.2.dylib
0x0000000192ac6000 	/usr/lib/libsqlite3.dylib
0x000000019792f000 	/usr/lib/libxar.1.dylib
0x0000000196d1d000 	/usr/lib/libbz2.1.0.dylib
0x0000000197030000 	/usr/lib/libpcap.A.dylib
0x0000000192e95000 	/usr/lib/libdns_services.dylib
0x0000000197296000 	/usr/lib/libapple_nghttp2.dylib
0x000000019706d000 	/usr/lib/libiconv.2.dylib
0x0000000196fc2000 	/usr/lib/libcharset.1.dylib
0x0000000193a99000 	/System/Library/Frameworks/CoreServices.framework/Versions/A/Frameworks/FSEvents.framework/Versions/A/FSEvents
0x000000018ecfe000 	/System/Library/Frameworks/CoreServices.framework/Versions/A/Frameworks/CarbonCore.framework/Versions/A/CarbonCore
0x00000001930cc000 	/System/Library/Frameworks/CoreServices.framework/Versions/A/Frameworks/Metadata.framework/Versions/A/Metadata
0x0000000196d30000 	/System/Library/Frameworks/CoreServices.framework/Versions/A/Frameworks/OSServices.framework/Versions/A/OSServices
0x00000001971f8000 	/System/Library/Frameworks/CoreServices.framework/Versions/A/Frameworks/SearchKit.framework/Versions/A/SearchKit
0x0000000192e23000 	/System/Library/Frameworks/CoreServices.framework/Versions/A/Frameworks/AE.framework/Versions/A/AE
0x000000018cb54000 	/System/Library/Frameworks/CoreServices.framework/Versions/A/Frameworks/LaunchServices.framework/Versions/A/LaunchServices
0x0000000197857000 	/System/Library/Frameworks/CoreServices.framework/Versions/A/Frameworks/DictionaryServices.framework/Versions/A/DictionaryServices
0x0000000193aa6000 	/System/Library/Frameworks/CoreServices.framework/Versions/A/Frameworks/SharedFileList.framework/Versions/A/SharedFileList
0x00000001966c6000 	/usr/lib/libCheckFix.dylib
0x0000000191779000 	/System/Library/PrivateFrameworks/TCC.framework/Versions/A/TCC
0x0000000195b94000 	/System/Library/PrivateFrameworks/CoreNLP.framework/Versions/A/CoreNLP
0x0000000193078000 	/System/Library/PrivateFrameworks/MetadataUtilities.framework/Versions/A/MetadataUtilities
0x000000018d2b1000 	/usr/lib/libmecabra.dylib
0x00000001966ff000 	/usr/lib/libmecab.dylib
0x000000018d27d000 	/usr/lib/libCRFSuite.dylib
0x000000019675d000 	/usr/lib/libgermantok.dylib
0x000000019726f000 	/usr/lib/libThaiTokenizer.dylib
0x0000000193171000 	/System/Library/Frameworks/Accelerate.framework/Versions/A/Frameworks/vImage.framework/Versions/A/vImage
0x000000019d327000 	/System/Library/Frameworks/Accelerate.framework/Versions/A/Frameworks/vecLib.framework/Versions/A/vecLib
0x0000000197973000 	/System/Library/Frameworks/Accelerate.framework/Versions/A/Frameworks/vecLib.framework/Versions/A/libvMisc.dylib
0x000000019620f000 	/System/Library/Frameworks/Accelerate.framework/Versions/A/Frameworks/vecLib.framework/Versions/A/libvDSP.dylib
0x000000018ced7000 	/System/Library/Frameworks/Accelerate.framework/Versions/A/Frameworks/vecLib.framework/Versions/A/libBLAS.dylib
0x0000000197397000 	/System/Library/Frameworks/Accelerate.framework/Versions/A/Frameworks/vecLib.framework/Versions/A/libLAPACK.dylib
0x0000000196760000 	/System/Library/Frameworks/Accelerate.framework/Versions/A/Frameworks/vecLib.framework/Versions/A/libLinearAlgebra.dylib
0x00000001972ae000 	/System/Library/Frameworks/Accelerate.framework/Versions/A/Frameworks/vecLib.framework/Versions/A/libSparseBLAS.dylib
0x0000000197392000 	/System/Library/Frameworks/Accelerate.framework/Versions/A/Frameworks/vecLib.framework/Versions/A/libQuadrature.dylib
0x0000000195c8b000 	/System/Library/Frameworks/Accelerate.framework/Versions/A/Frameworks/vecLib.framework/Versions/A/libBNNS.dylib
0x000000018d195000 	/System/Library/Frameworks/Accelerate.framework/Versions/A/Frameworks/vecLib.framework/Versions/A/libSparse.dylib
0x0000000195c83000 	/System/Library/PrivateFrameworks/LinguisticData.framework/Versions/A/LinguisticData
0x000000018d14b000 	/System/Library/PrivateFrameworks/Lexicon.framework/Versions/A/Lexicon
0x000000019796b000 	/usr/lib/libChineseTokenizer.dylib
0x000000018d8f2000 	/System/Library/PrivateFrameworks/LanguageModeling.framework/Versions/A/LanguageModeling
0x0000000197271000 	/System/Library/PrivateFrameworks/AppleSauce.framework/Versions/A/AppleSauce
0x00000001962f2000 	/System/Library/PrivateFrameworks/CoreEmoji.framework/Versions/A/CoreEmoji
0x0000000197160000 	/usr/lib/libcmph.dylib
0x0000000193a79000 	/System/Library/Frameworks/OpenDirectory.framework/Versions/A/Frameworks/CFOpenDirectory.framework/Versions/A/CFOpenDirectory
0x0000000193a69000 	/System/Library/Frameworks/OpenDirectory.framework/Versions/A/OpenDirectory
0x00000001978c9000 	/System/Library/PrivateFrameworks/APFS.framework/Versions/A/APFS
0x000000019661e000 	/System/Library/Frameworks/SecurityFoundation.framework/Versions/A/SecurityFoundation
0x000000019793d000 	/usr/lib/libutil.dylib
0x000000018f033000 	/System/Library/PrivateFrameworks/CoreServicesStore.framework/Versions/A/CoreServicesStore
0x0000000197941000 	/usr/lib/libxslt.1.dylib
0x00000001966b2000 	/System/Library/PrivateFrameworks/BackgroundTaskManagement.framework/Versions/A/BackgroundTaskManagement
0x0000000198ba4000 	/System/Library/Frameworks/ImageIO.framework/Versions/A/Resources/libRadiance.dylib
0x0000000198bad000 	/System/Library/Frameworks/ImageIO.framework/Versions/A/Resources/libJPEG.dylib
0x0000000198aff000 	/System/Library/Frameworks/ImageIO.framework/Versions/A/Resources/libPng.dylib
0x0000000198b21000 	/System/Library/Frameworks/ImageIO.framework/Versions/A/Resources/libTIFF.dylib
0x0000000198c08000 	/System/Library/Frameworks/ImageIO.framework/Versions/A/Resources/libGIF.dylib
0x000000019854d000 	/System/Library/Frameworks/ImageIO.framework/Versions/A/Resources/libJP2.dylib
0x0000000197c92000 	/usr/lib/libexpat.1.dylib
0x0000000198508000 	/System/Library/PrivateFrameworks/AppleJPEG.framework/Versions/A/AppleJPEG
0x00000001950b7000 	/System/Library/PrivateFrameworks/FontServices.framework/libFontParser.dylib
0x0000000192dc8000 	/System/Library/PrivateFrameworks/RunningBoardServices.framework/Versions/A/RunningBoardServices
0x00000001a32a4000 	/System/Library/PrivateFrameworks/IOSurfaceAccelerator.framework/Versions/A/IOSurfaceAccelerator
0x0000000198639000 	/System/Library/PrivateFrameworks/WatchdogClient.framework/Versions/A/WatchdogClient
0x000000018d9f6000 	/System/Library/Frameworks/CoreDisplay.framework/Versions/A/CoreDisplay
0x0000000194fa5000 	/System/Library/Frameworks/CoreMedia.framework/Versions/A/CoreMedia
0x0000000194e39000 	/System/Library/PrivateFrameworks/IOAccelerator.framework/Versions/A/IOAccelerator
0x0000000193c07000 	/System/Library/Frameworks/CoreVideo.framework/Versions/A/CoreVideo
0x00000001972c1000 	/System/Library/Frameworks/MetalPerformanceShaders.framework/Versions/A/MetalPerformanceShaders
0x0000000198676000 	/System/Library/Frameworks/VideoToolbox.framework/Versions/A/VideoToolbox
0x0000000192d0c000 	/System/Library/PrivateFrameworks/BaseBoard.framework/Versions/A/BaseBoard
0x0000000192aab000 	/System/Library/PrivateFrameworks/ProtocolBuffer.framework/Versions/A/ProtocolBuffer
0x0000000198b9f000 	/System/Library/PrivateFrameworks/GPUWrangler.framework/Versions/A/GPUWrangler
0x0000000198b7e000 	/System/Library/PrivateFrameworks/IOPresentment.framework/Versions/A/IOPresentment
0x0000000198ba7000 	/System/Library/PrivateFrameworks/DSExternalDisplay.framework/Versions/A/DSExternalDisplay
0x00000001eda24000 	/System/Library/Frameworks/OpenGL.framework/Versions/A/Libraries/libCoreFSCache.dylib
0x00000001f720f000 	/System/Library/PrivateFrameworks/GPUCompiler.framework/Versions/31001/Libraries/libGPUCompilerUtils.dylib
0x0000000198c0d000 	/System/Library/PrivateFrameworks/CMCaptureCore.framework/Versions/A/CMCaptureCore
0x0000000198246000 	/System/Library/PrivateFrameworks/AppServerSupport.framework/Versions/A/AppServerSupport
0x000000019a3e6000 	/System/Library/PrivateFrameworks/perfdata.framework/Versions/A/perfdata
0x000000018db16000 	/System/Library/PrivateFrameworks/AudioToolboxCore.framework/Versions/A/AudioToolboxCore
0x0000000194f7d000 	/System/Library/PrivateFrameworks/caulk.framework/Versions/A/caulk
0x0000000199cdb000 	/usr/lib/libAudioStatistics.dylib
0x00000001ab5f8000 	/System/Library/PrivateFrameworks/SystemPolicy.framework/Versions/A/SystemPolicy
0x0000000199f3b000 	/usr/lib/libSMC.dylib
0x00000001a2b10000 	/System/Library/Frameworks/CoreMIDI.framework/Versions/A/CoreMIDI
0x0000000198acd000 	/usr/lib/libAudioToolboxUtility.dylib
0x00000001a7a25000 	/System/Library/PrivateFrameworks/OSAServicesClient.framework/Versions/A/OSAServicesClient
0x000000019a3f3000 	/usr/lib/libperfcheck.dylib
0x00000001ac0ff000 	/usr/lib/libmis.dylib
0x00000001eda85000 	/System/Library/Frameworks/OpenGL.framework/Versions/A/Libraries/libGLU.dylib
0x00000001eda44000 	/System/Library/Frameworks/OpenGL.framework/Versions/A/Libraries/libGFXShared.dylib
0x00000001edc2e000 	/System/Library/Frameworks/OpenGL.framework/Versions/A/Libraries/libGL.dylib
0x00000001eda4d000 	/System/Library/Frameworks/OpenGL.framework/Versions/A/Libraries/libGLImage.dylib
0x00000001eda41000 	/System/Library/Frameworks/OpenGL.framework/Versions/A/Libraries/libCVMSPluginSupport.dylib
0x00000001eda2b000 	/System/Library/Frameworks/OpenGL.framework/Versions/A/Libraries/libCoreVMClient.dylib
0x0000000195b0f000 	/System/Library/Frameworks/MetalPerformanceShaders.framework/Versions/A/Frameworks/MPSCore.framework/Versions/A/MPSCore
0x0000000196c7f000 	/System/Library/Frameworks/MetalPerformanceShaders.framework/Versions/A/Frameworks/MPSImage.framework/Versions/A/MPSImage
0x0000000196775000 	/System/Library/Frameworks/MetalPerformanceShaders.framework/Versions/A/Frameworks/MPSNeuralNetwork.framework/Versions/A/MPSNeuralNetwork
0x0000000196bb2000 	/System/Library/Frameworks/MetalPerformanceShaders.framework/Versions/A/Frameworks/MPSMatrix.framework/Versions/A/MPSMatrix
0x000000019698d000 	/System/Library/Frameworks/MetalPerformanceShaders.framework/Versions/A/Frameworks/MPSRayIntersector.framework/Versions/A/MPSRayIntersector
0x0000000196be3000 	/System/Library/Frameworks/MetalPerformanceShaders.framework/Versions/A/Frameworks/MPSNDArray.framework/Versions/A/MPSNDArray
0x00000001ef75c000 	/System/Library/Frameworks/MetalPerformanceShaders.framework/Versions/A/Frameworks/MPSFunctions.framework/Versions/A/MPSFunctions
0x000000018cdb5000 	/System/Library/PrivateFrameworks/MetalTools.framework/Versions/A/MetalTools
0x0000000195b8c000 	/System/Library/PrivateFrameworks/AggregateDictionary.framework/Versions/A/AggregateDictionary
0x0000000197a78000 	/usr/lib/libIOReport.dylib
0x00000001a1af7000 	/System/Library/PrivateFrameworks/ASEProcessing.framework/Versions/A/ASEProcessing
0x0000000197deb000 	/System/Library/PrivateFrameworks/FaceCore.framework/Versions/A/FaceCore
0x0000000197ddd000 	/System/Library/PrivateFrameworks/GraphVisualizer.framework/Versions/A/GraphVisualizer
0x00000001f7126000 	/System/Library/PrivateFrameworks/FontServices.framework/Versions/A/FontServices
0x0000000198200000 	/System/Library/PrivateFrameworks/OTSVG.framework/Versions/A/OTSVG
0x00000001937d5000 	/System/Library/Frameworks/ApplicationServices.framework/Versions/A/Frameworks/ATS.framework/Versions/A/Resources/libFontRegistry.dylib
0x000000019824f000 	/System/Library/PrivateFrameworks/FontServices.framework/libhvf.dylib
0x00000001f7127000 	/System/Library/PrivateFrameworks/FontServices.framework/libXTFontStaticRegistryData.dylib
0x00000001eddd0000 	/System/Library/Frameworks/OpenCL.framework/Versions/A/OpenCL
0x0000000197c46000 	/System/Library/PrivateFrameworks/AppleVA.framework/Versions/A/AppleVA
0x0000000199d03000 	/System/Library/Frameworks/ApplicationServices.framework/Versions/A/Frameworks/ATS.framework/Versions/A/ATS
0x000000019226f000 	/System/Library/Frameworks/ApplicationServices.framework/Versions/A/Frameworks/HIServices.framework/Versions/A/HIServices
0x0000000198c17000 	/System/Library/Frameworks/ApplicationServices.framework/Versions/A/Frameworks/PrintCore.framework/Versions/A/PrintCore
0x000000019a08e000 	/System/Library/Frameworks/ApplicationServices.framework/Versions/A/Frameworks/QD.framework/Versions/A/QD
0x000000019a086000 	/System/Library/Frameworks/ApplicationServices.framework/Versions/A/Frameworks/ColorSyncLegacy.framework/Versions/A/ColorSyncLegacy
0x0000000199cef000 	/System/Library/Frameworks/ApplicationServices.framework/Versions/A/Frameworks/SpeechSynthesis.framework/Versions/A/SpeechSynthesis
0x0000000198bd8000 	/System/Library/Frameworks/ApplicationServices.framework/Versions/A/Frameworks/ATSUI.framework/Versions/A/ATSUI
0x000000019a01b000 	/usr/lib/libcups.2.dylib
0x000000019a401000 	/System/Library/Frameworks/Kerberos.framework/Versions/A/Kerberos
0x000000019a412000 	/System/Library/Frameworks/GSS.framework/Versions/A/GSS
0x0000000199d72000 	/usr/lib/libresolv.9.dylib
0x000000019825d000 	/System/Library/PrivateFrameworks/Heimdal.framework/Versions/A/Heimdal
0x00000001a0d66000 	/System/Library/Frameworks/Kerberos.framework/Versions/A/Libraries/libHeimdalProxy.dylib
0x0000000192ea7000 	/System/Library/Frameworks/Network.framework/Versions/A/Network
0x0000000197cad000 	/usr/lib/libheimdal-asn1.dylib
0x000000019a458000 	/System/Library/PrivateFrameworks/CommonAuth.framework/Versions/A/CommonAuth
0x0000000199c69000 	/System/Library/PrivateFrameworks/AudioSession.framework/Versions/A/AudioSession
0x0000000197d3e000 	/System/Library/PrivateFrameworks/MediaExperience.framework/Versions/A/MediaExperience
0x0000000199af1000 	/System/Library/PrivateFrameworks/AudioSession.framework/libSessionUtility.dylib
0x000000019a09a000 	/System/Library/PrivateFrameworks/AudioResourceArbitration.framework/Versions/A/AudioResourceArbitration
0x000000019e1a5000 	/System/Library/PrivateFrameworks/PowerLog.framework/Versions/A/PowerLog
0x0000000197cb6000 	/System/Library/PrivateFrameworks/IconFoundation.framework/Versions/A/IconFoundation
0x000000019cf53000 	/System/Library/PrivateFrameworks/SpeechRecognitionCore.framework/Versions/A/SpeechRecognitionCore
0x0000000106458000 	/Users/jonathan/Library/Java/JavaVirtualMachines/corretto-17.0.4.1/Contents/Home/lib/server/libjvm.dylib
0x0000000105180000 	/Users/jonathan/Library/Java/JavaVirtualMachines/corretto-17.0.4.1/Contents/Home/lib/libjimage.dylib
0x0000000105208000 	/Users/jonathan/Library/Java/JavaVirtualMachines/corretto-17.0.4.1/Contents/Home/lib/libjava.dylib
0x000000010615c000 	/Users/jonathan/Library/Java/JavaVirtualMachines/corretto-17.0.4.1/Contents/Home/lib/libnio.dylib
0x00000001061a0000 	/Users/jonathan/Library/Java/JavaVirtualMachines/corretto-17.0.4.1/Contents/Home/lib/libnet.dylib
0x0000000106300000 	/Users/jonathan/Library/Java/JavaVirtualMachines/corretto-17.0.4.1/Contents/Home/lib/libzip.dylib
0x000000010613c000 	/Users/jonathan/.openjfx/cache/17.0.1/libprism_es2.dylib
0x000000018eff6000 	/System/Library/PrivateFrameworks/CoreServicesInternal.framework/Versions/A/CoreServicesInternal
0x00000001edc38000 	/System/Library/Frameworks/OpenGL.framework/Versions/A/Resources/GLEngine.bundle/GLEngine
0x00000001edabf000 	/System/Library/Frameworks/OpenGL.framework/Versions/A/Libraries/libGLProgrammability.dylib
0x00000001063a8000 	/System/Library/Extensions/AppleMetalOpenGLRenderer.bundle/Contents/MacOS/AppleMetalOpenGLRenderer
0x00000001edda7000 	/System/Library/Frameworks/OpenGL.framework/Versions/A/Resources/GLRendererFloat.bundle/GLRendererFloat
0x00000001ede48000 	/System/Library/Extensions/AGXMetal13_3.bundle/Contents/MacOS/AGXMetal13_3
0x00000001ac11b000 	/System/Library/PrivateFrameworks/GPURawCounter.framework/Versions/A/GPURawCounter
0x00000001a6ba9000 	/System/Library/PrivateFrameworks/IOGPU.framework/Versions/A/IOGPU
0x0000000122200000 	/Users/jonathan/.openjfx/cache/17.0.1/libglass.dylib
0x000000019e3f9000 	/System/Library/Frameworks/FileProvider.framework/Versions/A/FileProvider
0x0000000192c74000 	/System/Library/Frameworks/Accounts.framework/Versions/A/Accounts
0x000000019e579000 	/System/Library/PrivateFrameworks/GenerationalStorage.framework/Versions/A/GenerationalStorage
0x000000019f12f000 	/System/Library/PrivateFrameworks/CoreSymbolication.framework/Versions/A/CoreSymbolication
0x000000019e199000 	/System/Library/PrivateFrameworks/SymptomDiagnosticReporter.framework/Versions/A/SymptomDiagnosticReporter
0x00000001902e2000 	/System/Library/PrivateFrameworks/DesktopServicesPriv.framework/Versions/A/DesktopServicesPriv
0x000000018f156000 	/usr/lib/libsandbox.1.dylib
0x0000000193c94000 	/System/Library/PrivateFrameworks/UserManagement.framework/Versions/A/UserManagement
0x000000019f0f0000 	/System/Library/PrivateFrameworks/DebugSymbols.framework/Versions/A/DebugSymbols
0x000000019a079000 	/System/Library/PrivateFrameworks/NetAuth.framework/Versions/A/NetAuth
0x000000019af7c000 	/System/Library/PrivateFrameworks/Sharing.framework/Versions/A/Sharing
0x0000000193c64000 	/System/Library/PrivateFrameworks/login.framework/Versions/A/Frameworks/loginsupport.framework/Versions/A/loginsupport
0x00000001a02a8000 	/System/Library/PrivateFrameworks/Apple80211.framework/Versions/A/Apple80211
0x0000000196d63000 	/System/Library/PrivateFrameworks/AuthKit.framework/Versions/A/AuthKit
0x00000001963f1000 	/System/Library/PrivateFrameworks/CoreUtils.framework/Versions/A/CoreUtils
0x0000000196311000 	/System/Library/Frameworks/CoreWLAN.framework/Versions/A/CoreWLAN
0x000000019b0e6000 	/System/Library/Frameworks/IOBluetooth.framework/Versions/A/IOBluetooth
0x00000001a0308000 	/System/Library/PrivateFrameworks/CoreWiFi.framework/Versions/A/CoreWiFi
0x000000019ecd7000 	/System/Library/PrivateFrameworks/FrontBoardServices.framework/Versions/A/FrontBoardServices
0x000000019ed6f000 	/System/Library/PrivateFrameworks/BoardServices.framework/Versions/A/BoardServices
0x000000019660c000 	/System/Library/PrivateFrameworks/AssertionServices.framework/Versions/A/AssertionServices
0x00000001a0476000 	/System/Library/PrivateFrameworks/BackBoardServices.framework/Versions/A/BackBoardServices
0x000000019a4eb000 	/System/Library/PrivateFrameworks/CorePhoneNumbers.framework/Versions/A/CorePhoneNumbers
0x000000019e2c9000 	/System/Library/PrivateFrameworks/DiskManagement.framework/Versions/A/DiskManagement
0x000000019e1cc000 	/System/Library/PrivateFrameworks/AppleIDAuthSupport.framework/Versions/A/AppleIDAuthSupport
0x00000001f1a46000 	/System/Library/PrivateFrameworks/AAAFoundation.framework/Versions/A/AAAFoundation
0x000000019a4ca000 	/System/Library/PrivateFrameworks/KeychainCircle.framework/Versions/A/KeychainCircle
0x000000019e295000 	/System/Library/PrivateFrameworks/MediaKit.framework/Versions/A/MediaKit
0x000000019e1d9000 	/System/Library/Frameworks/DiscRecording.framework/Versions/A/DiscRecording
0x0000000197bc2000 	/usr/lib/libCoreStorage.dylib
0x00000001a0772000 	/usr/lib/libcsfde.dylib
0x000000019b1bb000 	/System/Library/PrivateFrameworks/ProtectedCloudStorage.framework/Versions/A/ProtectedCloudStorage
0x00000001a076a000 	/System/Library/PrivateFrameworks/EFILogin.framework/Versions/A/EFILogin
0x000000019e5a0000 	/System/Library/PrivateFrameworks/OctagonTrust.framework/Versions/A/OctagonTrust
0x00000001f6372000 	/System/Library/PrivateFrameworks/CoreUtilsExtras.framework/Versions/A/CoreUtilsExtras
0x000000019e10e000 	/System/Library/Frameworks/CoreBluetooth.framework/Versions/A/CoreBluetooth
0x00000001a0deb000 	/System/Library/Frameworks/AudioUnit.framework/Versions/A/AudioUnit
0x0000000197bba000 	/usr/lib/libMatch.1.dylib
0x00000001b0411000 	/System/Library/Frameworks/Accelerate.framework/Versions/A/Frameworks/vImage.framework/Versions/A/Libraries/libCGInterfaces.dylib
0x00000001227e0000 	/usr/lib/libobjc-trampolines.dylib
0x0000000193961000 	/System/Library/PrivateFrameworks/ViewBridge.framework/Versions/A/ViewBridge
0x000000013bdc4000 	/Users/jonathan/.openjfx/cache/17.0.1/libjavafx_font.dylib
0x000000019830b000 	/System/Library/PrivateFrameworks/login.framework/Versions/A/login
0x00000002099dc000 	/usr/lib/libRosetta.dylib


VM Arguments:
jvm_args: --module-path=/Users/jonathan/.m2/repository/org/openjfx/javafx-base/17.0.1/javafx-base-17.0.1-mac-aarch64.jar:/Users/jonathan/.m2/repository/org/openjfx/javafx-base/17.0.1/javafx-base-17.0.1.jar:/Users/jonathan/.m2/repository/org/openjfx/javafx-controls/17.0.1/javafx-controls-17.0.1-mac-aarch64.jar:/Users/jonathan/.m2/repository/org/openjfx/javafx-controls/17.0.1/javafx-controls-17.0.1.jar:/Users/jonathan/.m2/repository/org/openjfx/javafx-fxml/17.0.1/javafx-fxml-17.0.1-mac-aarch64.jar:/Users/jonathan/.m2/repository/org/openjfx/javafx-fxml/17.0.1/javafx-fxml-17.0.1.jar:/Users/jonathan/.m2/repository/org/openjfx/javafx-graphics/17.0.1/javafx-graphics-17.0.1-mac-aarch64.jar:/Users/jonathan/.m2/repository/org/openjfx/javafx-graphics/17.0.1/javafx-graphics-17.0.1.jar --add-modules=javafx.base,javafx.controls,javafx.fxml,javafx.graphics 
java_command: FXBaseTestScreen
java_class_path (initial): /Users/jonathan/Documents/CavesAndCarnevores/target/classes:/Users/jonathan/.m2/repository/commons-io/commons-io/2.1/commons-io-2.1.jar:/Users/jonathan/.m2/repository/org/json/json/20160810/json-20160810.jar
Launcher Type: SUN_STANDARD

[Global flags]
     intx CICompilerCount                          = 4                                         {product} {ergonomic}
     uint ConcGCThreads                            = 2                                         {product} {ergonomic}
     uint G1ConcRefinementThreads                  = 8                                         {product} {ergonomic}
   size_t G1HeapRegionSize                         = 1048576                                   {product} {ergonomic}
    uintx GCDrainStackTargetSize                   = 64                                        {product} {ergonomic}
   size_t InitialHeapSize                          = 134217728                                 {product} {ergonomic}
   size_t MarkStackSize                            = 4194304                                   {product} {ergonomic}
   size_t MaxHeapSize                              = 2147483648                                {product} {ergonomic}
   size_t MaxNewSize                               = 1287651328                                {product} {ergonomic}
   size_t MinHeapDeltaBytes                        = 1048576                                   {product} {ergonomic}
   size_t MinHeapSize                              = 8388608                                   {product} {ergonomic}
    uintx NonNMethodCodeHeapSize                   = 5839564                                {pd product} {ergonomic}
    uintx NonProfiledCodeHeapSize                  = 122909338                              {pd product} {ergonomic}
    uintx ProfiledCodeHeapSize                     = 122909338                              {pd product} {ergonomic}
    uintx ReservedCodeCacheSize                    = 251658240                              {pd product} {ergonomic}
     bool SegmentedCodeCache                       = true                                      {product} {ergonomic}
   size_t SoftMaxHeapSize                          = 2147483648                             {manageable} {ergonomic}
     bool UseCompressedClassPointers               = true                           {product lp64_product} {ergonomic}
     bool UseCompressedOops                        = true                           {product lp64_product} {ergonomic}
     bool UseG1GC                                  = true                                      {product} {ergonomic}
     bool UseNUMA                                  = false                                     {product} {ergonomic}
     bool UseNUMAInterleaving                      = false                                     {product} {ergonomic}

Logging:
Log output configuration:
 #0: stdout all=warning uptime,level,tags
 #1: stderr all=off uptime,level,tags

Environment Variables:
PATH=/usr/local/bin:/usr/bin:/bin:/usr/sbin:/sbin
SHELL=/bin/zsh
LC_CTYPE=en_SE.UTF-8
TMPDIR=/var/folders/p5/jq56pr1j0lv2mqrz1z8nftch0000gn/T/

Signal Handlers:
   SIGSEGV: _ZL13crash_handleriP9__siginfoPv in libjvm.dylib, mask=11100110000111110111111111111111, flags=SA_RESTART|SA_SIGINFO
    SIGBUS: _ZL13crash_handleriP9__siginfoPv in libjvm.dylib, mask=11100110000111110111111111111111, flags=SA_RESTART|SA_SIGINFO
    SIGFPE: _ZL13crash_handleriP9__siginfoPv in libjvm.dylib, mask=11100110000111110111111111111111, flags=SA_RESTART|SA_SIGINFO
   SIGPIPE: _ZL17javaSignalHandleriP9__siginfoPv in libjvm.dylib, mask=11100110000111110111111111111111, flags=SA_RESTART|SA_SIGINFO
   SIGXFSZ: _ZL17javaSignalHandleriP9__siginfoPv in libjvm.dylib, mask=11100110000111110111111111111111, flags=SA_RESTART|SA_SIGINFO
    SIGILL: _ZL13crash_handleriP9__siginfoPv in libjvm.dylib, mask=11100110000111110111111111111111, flags=SA_RESTART|SA_SIGINFO
   SIGUSR2: _ZL10SR_handleriP9__siginfoP17__darwin_ucontext in libjvm.dylib, mask=00100000000000000000000000000000, flags=SA_RESTART|SA_SIGINFO
    SIGHUP: _ZL11UserHandleriPvS_ in libjvm.dylib, mask=11100110000111110111111111111111, flags=SA_RESTART|SA_SIGINFO
    SIGINT: _ZL11UserHandleriPvS_ in libjvm.dylib, mask=11100110000111110111111111111111, flags=SA_RESTART|SA_SIGINFO
   SIGTERM: _ZL11UserHandleriPvS_ in libjvm.dylib, mask=11100110000111110111111111111111, flags=SA_RESTART|SA_SIGINFO
   SIGQUIT: _ZL11UserHandleriPvS_ in libjvm.dylib, mask=11100110000111110111111111111111, flags=SA_RESTART|SA_SIGINFO
  *** Handler was modified!
  *** Expected: _ZL17javaSignalHandleriP9__siginfoPv in libjvm.dylib, mask=11100110100111111111111111111111, flags=SA_RESTART|SA_SIGINFO
   SIGTRAP: _ZL13crash_handleriP9__siginfoPv in libjvm.dylib, mask=11100110000111110111111111111111, flags=SA_RESTART|SA_SIGINFO


---------------  S Y S T E M  ---------------

OS:
uname: Darwin 21.3.0 Darwin Kernel Version 21.3.0: Wed Jan  5 21:37:58 PST 2022; root:xnu-8019.80.24~20/RELEASE_ARM64_T8101 arm64
OS uptime: 1 days 1:17 hours
rlimit (soft/hard): STACK 8176k/65520k , CORE 0k/infinity , NPROC 1333/2000 , NOFILE 10240/infinity , AS infinity/infinity , CPU infinity/infinity , DATA infinity/infinity , FSIZE infinity/infinity , MEMLOCK infinity/infinity , RSS infinity/infinity
load average: 2.20 1.88 1.89

CPU: total 8 (initial active 8) 0x61:0x0:0x1b588bb3:0, fp, simd, crc, lse

Memory: 16k page, physical 8388608k(209184k free), swap 1048576k(871936k free)

vm_info: OpenJDK 64-Bit Server VM (17.0.4.1+9-LTS) for bsd-aarch64 JRE (17.0.4.1+9-LTS), built on Aug 12 2022 17:23:37 by "ec2user" with clang Apple LLVM 13.0.0 (clang-1300.0.29.30)

END.
